[ 2018-06-05T11:46:36+08:00 ] ::1 /ssyp/
INFO: [ app_init ] --START--
INFO: Run Behavior\BuildLiteBehavior [ RunTime:0.000012s ]
INFO: [ app_init ] --END-- [ RunTime:0.000430s ]
INFO: [ app_begin ] --START--
INFO: Run Behavior\ReadHtmlCacheBehavior [ RunTime:0.000628s ]
INFO: [ app_begin ] --END-- [ RunTime:0.000666s ]
SQL: SHOW COLUMNS FROM `ssyp_config` [ RunTime:0.0098s ]
SQL: SELECT `turn` FROM `ssyp_config` WHERE ( id=1 ) LIMIT 1   [ RunTime:0.0003s ]
SQL: SHOW COLUMNS FROM `ssyp_seller` [ RunTime:0.0086s ]
SQL: SELECT `id`,`seller_logo` FROM `ssyp_seller` LIMIT 0,4   [ RunTime:0.0002s ]
SQL: SHOW COLUMNS FROM `ssyp_product` [ RunTime:0.0093s ]
SQL: SELECT `id`,`wx_image`,`pro_price` FROM `ssyp_product` LIMIT 0,4   [ RunTime:0.0002s ]
SQL: SHOW COLUMNS FROM `ssyp_category` [ RunTime:0.0090s ]
SQL: SELECT `id`,`c_name`,`c_icons` FROM `ssyp_category` WHERE ( fid=0 )  [ RunTime:0.0004s ]
INFO: [ view_parse ] --START--
INFO: [ template_filter ] --START--
INFO: Run Behavior\ContentReplaceBehavior [ RunTime:0.000090s ]
INFO: [ template_filter ] --END-- [ RunTime:0.000120s ]
NOTIC: [8] Undefined index: name D:\PHPstudy\WWW\ssyp\Apps\Runtime\Cache\Home\400c995c330f1f6ecac6b9102849eb7e.php 第 113 行.
INFO: Run Behavior\ParseTemplateBehavior [ RunTime:0.008148s ]
INFO: [ view_parse ] --END-- [ RunTime:0.008182s ]
INFO: [ view_filter ] --START--
INFO: Run Behavior\WriteHtmlCacheBehavior [ RunTime:0.000367s ]
INFO: [ view_filter ] --END-- [ RunTime:0.000392s ]
INFO: [ app_end ] --START--
INFO: Run Behavior\ShowPageTraceBehavior [ RunTime:0.000561s ]
INFO: [ app_end ] --END-- [ RunTime:0.000587s ]

[ 2018-06-05T17:00:04+08:00 ] ::1 /ssyp/
INFO: [ app_init ] --START--
INFO: Run Behavior\BuildLiteBehavior [ RunTime:0.000037s ]
INFO: [ app_init ] --END-- [ RunTime:0.000719s ]
INFO: [ app_begin ] --START--
INFO: Run Behavior\ReadHtmlCacheBehavior [ RunTime:0.000732s ]
INFO: [ app_begin ] --END-- [ RunTime:0.000794s ]
SQL: SHOW COLUMNS FROM `ssyp_config` [ RunTime:0.0234s ]
SQL: SELECT `turn` FROM `ssyp_config` WHERE ( id=1 ) LIMIT 1   [ RunTime:0.0004s ]
SQL: SHOW COLUMNS FROM `ssyp_seller` [ RunTime:0.0277s ]
SQL: SELECT `id`,`seller_logo` FROM `ssyp_seller` LIMIT 0,4   [ RunTime:0.0011s ]
SQL: SHOW COLUMNS FROM `ssyp_product` [ RunTime:0.0219s ]
SQL: SELECT `id`,`wx_image`,`pro_price` FROM `ssyp_product` LIMIT 0,4   [ RunTime:0.0003s ]
SQL: SHOW COLUMNS FROM `ssyp_category` [ RunTime:0.0178s ]
SQL: SELECT `id`,`c_name`,`c_icons` FROM `ssyp_category` WHERE ( fid=0 )  [ RunTime:0.0004s ]
INFO: [ view_parse ] --START--
INFO: [ template_filter ] --START--
INFO: Run Behavior\ContentReplaceBehavior [ RunTime:0.000087s ]
INFO: [ template_filter ] --END-- [ RunTime:0.000132s ]
NOTIC: [8] Undefined index: name D:\PHPstudy\WWW\ssyp\Apps\Runtime\Cache\Home\400c995c330f1f6ecac6b9102849eb7e.php 第 113 行.
INFO: Run Behavior\ParseTemplateBehavior [ RunTime:0.009655s ]
INFO: [ view_parse ] --END-- [ RunTime:0.009712s ]
INFO: [ view_filter ] --START--
INFO: Run Behavior\WriteHtmlCacheBehavior [ RunTime:0.000496s ]
INFO: [ view_filter ] --END-- [ RunTime:0.000525s ]
INFO: [ app_end ] --START--
INFO: Run Behavior\ShowPageTraceBehavior [ RunTime:0.000632s ]
INFO: [ app_end ] --END-- [ RunTime:0.000661s ]

