[ 2018-03-13T15:55:46+08:00 ] 127.0.0.1 /ssyp/index.php/api/order/mineOrder/user_id/1
INFO: [ app_init ] --START--
INFO: Run Behavior\BuildLiteBehavior [ RunTime:0.000009s ]
INFO: [ app_init ] --END-- [ RunTime:0.000480s ]
INFO: [ app_begin ] --START--
INFO: Run Behavior\ReadHtmlCacheBehavior [ RunTime:0.000556s ]
INFO: [ app_begin ] --END-- [ RunTime:0.000587s ]
SQL: SHOW COLUMNS FROM `ssyp_orders` [ RunTime:0.0092s ]
SQL: SELECT * FROM `ssyp_orders` WHERE ( pub_user=1 )  [ RunTime:0.0004s ]
ERR: 1146:Table 'ssyp.ssyp_ordprp' doesn't exist
 [ SQL语句 ] : SHOW COLUMNS FROM `ssyp_ordprp`
ERR: 1146:Table 'ssyp.ssyp_ordprp' doesn't exist
 [ SQL语句 ] : SHOW COLUMNS FROM `ssyp_ordprp`

[ 2018-03-13T15:56:35+08:00 ] 127.0.0.1 /ssyp/index.php/api/order/mineOrder/user_id/1
INFO: [ app_init ] --START--
INFO: Run Behavior\BuildLiteBehavior [ RunTime:0.000014s ]
INFO: [ app_init ] --END-- [ RunTime:0.000557s ]
INFO: [ app_begin ] --START--
INFO: Run Behavior\ReadHtmlCacheBehavior [ RunTime:0.000615s ]
INFO: [ app_begin ] --END-- [ RunTime:0.000650s ]
SQL: SHOW COLUMNS FROM `ssyp_orders` [ RunTime:0.0083s ]
SQL: SELECT * FROM `ssyp_orders` WHERE ( pub_user=1 )  [ RunTime:0.0005s ]
SQL: SHOW COLUMNS FROM `ssyp_ordpro` [ RunTime:0.0097s ]
SQL: SELECT `pro_id` FROM `ssyp_ordpro` WHERE ( ord_id=1 )  [ RunTime:0.0003s ]
SQL: SHOW COLUMNS FROM `ssyp_product` [ RunTime:0.0089s ]
SQL: SELECT `id`,`name`,`wx_image` FROM `ssyp_product` WHERE ( id=5 ) LIMIT 1   [ RunTime:0.0005s ]
INFO: [ app_end ] --START--
INFO: Run Behavior\ShowPageTraceBehavior [ RunTime:0.000908s ]
INFO: [ app_end ] --END-- [ RunTime:0.000944s ]

[ 2018-03-13T15:57:12+08:00 ] 127.0.0.1 /ssyp/index.php/api/order/mineOrder/user_id/1
INFO: [ app_init ] --START--
INFO: Run Behavior\BuildLiteBehavior [ RunTime:0.000008s ]
INFO: [ app_init ] --END-- [ RunTime:0.000418s ]
INFO: [ app_begin ] --START--
INFO: Run Behavior\ReadHtmlCacheBehavior [ RunTime:0.000752s ]
INFO: [ app_begin ] --END-- [ RunTime:0.000783s ]
SQL: SHOW COLUMNS FROM `ssyp_orders` [ RunTime:0.0086s ]
SQL: SELECT * FROM `ssyp_orders` WHERE ( pub_user=1 )  [ RunTime:0.0004s ]
SQL: SHOW COLUMNS FROM `ssyp_ordpro` [ RunTime:0.0077s ]
SQL: SELECT `pro_id` FROM `ssyp_ordpro` WHERE ( ord_id=1 )  [ RunTime:0.0002s ]
SQL: SHOW COLUMNS FROM `ssyp_product` [ RunTime:0.0086s ]
SQL: SELECT `id`,`name`,`wx_image` FROM `ssyp_product` WHERE ( id=5 ) LIMIT 1   [ RunTime:0.0005s ]
INFO: [ app_end ] --START--
INFO: Run Behavior\ShowPageTraceBehavior [ RunTime:0.000911s ]
INFO: [ app_end ] --END-- [ RunTime:0.000952s ]

[ 2018-03-13T15:57:42+08:00 ] 127.0.0.1 /ssyp/index.php/api/order/mineOrder/user_id/1
INFO: [ app_init ] --START--
INFO: Run Behavior\BuildLiteBehavior [ RunTime:0.000008s ]
INFO: [ app_init ] --END-- [ RunTime:0.000425s ]
INFO: [ app_begin ] --START--
INFO: Run Behavior\ReadHtmlCacheBehavior [ RunTime:0.000566s ]
INFO: [ app_begin ] --END-- [ RunTime:0.000601s ]
SQL: SHOW COLUMNS FROM `ssyp_orders` [ RunTime:0.0086s ]
SQL: SELECT * FROM `ssyp_orders` WHERE ( pub_user=1 )  [ RunTime:0.0004s ]
SQL: SHOW COLUMNS FROM `ssyp_ordpro` [ RunTime:0.0083s ]
SQL: SELECT `pro_id` FROM `ssyp_ordpro` WHERE ( ord_id=1 )  [ RunTime:0.0003s ]
SQL: SHOW COLUMNS FROM `ssyp_product` [ RunTime:0.0097s ]
SQL: SELECT `id`,`name`,`wx_image` FROM `ssyp_product` WHERE ( id=5 ) LIMIT 1   [ RunTime:0.0004s ]
INFO: [ app_end ] --START--
INFO: Run Behavior\ShowPageTraceBehavior [ RunTime:0.000732s ]
INFO: [ app_end ] --END-- [ RunTime:0.000765s ]

[ 2018-03-13T15:57:43+08:00 ] 127.0.0.1 /ssyp/index.php/api/order/mineOrder/user_id/1
INFO: [ app_init ] --START--
INFO: Run Behavior\BuildLiteBehavior [ RunTime:0.000014s ]
INFO: [ app_init ] --END-- [ RunTime:0.000574s ]
INFO: [ app_begin ] --START--
INFO: Run Behavior\ReadHtmlCacheBehavior [ RunTime:0.000581s ]
INFO: [ app_begin ] --END-- [ RunTime:0.000614s ]
SQL: SHOW COLUMNS FROM `ssyp_orders` [ RunTime:0.0081s ]
SQL: SELECT * FROM `ssyp_orders` WHERE ( pub_user=1 )  [ RunTime:0.0004s ]
SQL: SHOW COLUMNS FROM `ssyp_ordpro` [ RunTime:0.0083s ]
SQL: SELECT `pro_id` FROM `ssyp_ordpro` WHERE ( ord_id=1 )  [ RunTime:0.0003s ]
SQL: SHOW COLUMNS FROM `ssyp_product` [ RunTime:0.0079s ]
SQL: SELECT `id`,`name`,`wx_image` FROM `ssyp_product` WHERE ( id=5 ) LIMIT 1   [ RunTime:0.0003s ]
INFO: [ app_end ] --START--
INFO: Run Behavior\ShowPageTraceBehavior [ RunTime:0.000750s ]
INFO: [ app_end ] --END-- [ RunTime:0.000789s ]

[ 2018-03-13T15:57:51+08:00 ] 127.0.0.1 /ssyp/index.php/api/order/mineOrder/user_id/1
INFO: [ app_init ] --START--
INFO: Run Behavior\BuildLiteBehavior [ RunTime:0.000013s ]
INFO: [ app_init ] --END-- [ RunTime:0.000771s ]
INFO: [ app_begin ] --START--
INFO: Run Behavior\ReadHtmlCacheBehavior [ RunTime:0.000813s ]
INFO: [ app_begin ] --END-- [ RunTime:0.000870s ]
SQL: SHOW COLUMNS FROM `ssyp_orders` [ RunTime:0.0096s ]
SQL: SELECT * FROM `ssyp_orders` WHERE ( pub_user=1 )  [ RunTime:0.0004s ]
SQL: SHOW COLUMNS FROM `ssyp_ordpro` [ RunTime:0.0078s ]
SQL: SELECT `pro_id` FROM `ssyp_ordpro` WHERE ( ord_id=1 )  [ RunTime:0.0003s ]
SQL: SHOW COLUMNS FROM `ssyp_product` [ RunTime:0.0090s ]
SQL: SELECT `id`,`name`,`wx_image` FROM `ssyp_product` WHERE ( id=5 ) LIMIT 1   [ RunTime:0.0003s ]
INFO: [ app_end ] --START--
INFO: Run Behavior\ShowPageTraceBehavior [ RunTime:0.000658s ]
INFO: [ app_end ] --END-- [ RunTime:0.000690s ]

[ 2018-03-13T16:15:03+08:00 ] 127.0.0.1 /ssyp/index.php/api/Order/mineOrder
INFO: [ app_init ] --START--
INFO: Run Behavior\BuildLiteBehavior [ RunTime:0.000009s ]
INFO: [ app_init ] --END-- [ RunTime:0.000477s ]
INFO: [ app_begin ] --START--
INFO: Run Behavior\ReadHtmlCacheBehavior [ RunTime:0.000545s ]
INFO: [ app_begin ] --END-- [ RunTime:0.000587s ]
NOTIC: [8] Undefined index: type D:\PHPstudy\WWW\ssyp\Apps\Api\Controller\OrderController.class.php 第 308 行.
NOTIC: [8] Undefined index: user_id D:\PHPstudy\WWW\ssyp\Apps\Api\Controller\OrderController.class.php 第 312 行.
SQL: SHOW COLUMNS FROM `ssyp_orders` [ RunTime:0.0099s ]
ERR: 1064:You have an error in your SQL syntax; check the manual that corresponds to your MySQL server version for the right syntax to use near ')' at line 1
 [ SQL语句 ] : SELECT * FROM `ssyp_orders` WHERE ( pub_user= ) 
ERR: 1064:You have an error in your SQL syntax; check the manual that corresponds to your MySQL server version for the right syntax to use near ')' at line 1
 [ SQL语句 ] : SELECT * FROM `ssyp_orders` WHERE ( pub_user= ) 

[ 2018-03-13T16:15:26+08:00 ] 127.0.0.1 /ssyp/index.php/api/Order/mineOrder/user_id/1
INFO: [ app_init ] --START--
INFO: Run Behavior\BuildLiteBehavior [ RunTime:0.000010s ]
INFO: [ app_init ] --END-- [ RunTime:0.000638s ]
INFO: [ app_begin ] --START--
INFO: Run Behavior\ReadHtmlCacheBehavior [ RunTime:0.000497s ]
INFO: [ app_begin ] --END-- [ RunTime:0.000538s ]
NOTIC: [8] Undefined index: type D:\PHPstudy\WWW\ssyp\Apps\Api\Controller\OrderController.class.php 第 308 行.
SQL: SHOW COLUMNS FROM `ssyp_orders` [ RunTime:0.0103s ]
SQL: SELECT * FROM `ssyp_orders` WHERE ( pub_user=1 )  [ RunTime:0.0004s ]
SQL: SHOW COLUMNS FROM `ssyp_ordpro` [ RunTime:0.0085s ]
SQL: SELECT `pro_id` FROM `ssyp_ordpro` WHERE ( ord_id=1 )  [ RunTime:0.0003s ]
SQL: SHOW COLUMNS FROM `ssyp_product` [ RunTime:0.0110s ]
SQL: SELECT `id`,`name`,`wx_image` FROM `ssyp_product` WHERE ( id=5 ) LIMIT 1   [ RunTime:0.0003s ]
INFO: [ app_end ] --START--
INFO: Run Behavior\ShowPageTraceBehavior [ RunTime:0.000661s ]
INFO: [ app_end ] --END-- [ RunTime:0.000692s ]

[ 2018-03-13T16:17:34+08:00 ] 127.0.0.1 /ssyp/index.php/api/Order/mineOrder/user_id/1/type/1
INFO: [ app_init ] --START--
INFO: Run Behavior\BuildLiteBehavior [ RunTime:0.000011s ]
INFO: [ app_init ] --END-- [ RunTime:0.000585s ]
INFO: [ app_begin ] --START--
INFO: Run Behavior\ReadHtmlCacheBehavior [ RunTime:0.000490s ]
INFO: [ app_begin ] --END-- [ RunTime:0.000522s ]
SQL: SHOW COLUMNS FROM `ssyp_orders` [ RunTime:0.0105s ]
SQL: SELECT * FROM `ssyp_orders` WHERE ( pub_user=1 )  [ RunTime:0.0005s ]
SQL: SHOW COLUMNS FROM `ssyp_ordpro` [ RunTime:0.0078s ]
SQL: SELECT `pro_id` FROM `ssyp_ordpro` WHERE ( ord_id=1 )  [ RunTime:0.0004s ]
SQL: SHOW COLUMNS FROM `ssyp_product` [ RunTime:0.0101s ]
SQL: SELECT `id`,`name`,`wx_image` FROM `ssyp_product` WHERE ( id=5 ) LIMIT 1   [ RunTime:0.0003s ]
INFO: [ app_end ] --START--
INFO: Run Behavior\ShowPageTraceBehavior [ RunTime:0.000639s ]
INFO: [ app_end ] --END-- [ RunTime:0.000672s ]

[ 2018-03-13T16:17:54+08:00 ] 127.0.0.1 /ssyp/index.php/api/Order/mineOrder/user_id/1/type/2
INFO: [ app_init ] --START--
INFO: Run Behavior\BuildLiteBehavior [ RunTime:0.000008s ]
INFO: [ app_init ] --END-- [ RunTime:0.000385s ]
INFO: [ app_begin ] --START--
INFO: Run Behavior\ReadHtmlCacheBehavior [ RunTime:0.000431s ]
INFO: [ app_begin ] --END-- [ RunTime:0.000460s ]
SQL: SHOW COLUMNS FROM `ssyp_orders` [ RunTime:0.0114s ]
SQL: SELECT * FROM `ssyp_orders` WHERE ( pub_user=1 )  [ RunTime:0.0005s ]
SQL: SHOW COLUMNS FROM `ssyp_ordpro` [ RunTime:0.0099s ]
SQL: SELECT `pro_id` FROM `ssyp_ordpro` WHERE ( ord_id=1 )  [ RunTime:0.0003s ]
SQL: SHOW COLUMNS FROM `ssyp_product` [ RunTime:0.0084s ]
SQL: SELECT `id`,`name`,`wx_image` FROM `ssyp_product` WHERE ( id=5 ) LIMIT 1   [ RunTime:0.0003s ]
INFO: [ app_end ] --START--
INFO: Run Behavior\ShowPageTraceBehavior [ RunTime:0.000623s ]
INFO: [ app_end ] --END-- [ RunTime:0.000655s ]

[ 2018-03-13T16:18:01+08:00 ] 127.0.0.1 /ssyp/index.php/api/Order/mineOrder/user_id/1/type/3
INFO: [ app_init ] --START--
INFO: Run Behavior\BuildLiteBehavior [ RunTime:0.000020s ]
INFO: [ app_init ] --END-- [ RunTime:0.000735s ]
INFO: [ app_begin ] --START--
INFO: Run Behavior\ReadHtmlCacheBehavior [ RunTime:0.000547s ]
INFO: [ app_begin ] --END-- [ RunTime:0.000590s ]
SQL: SHOW COLUMNS FROM `ssyp_orders` [ RunTime:0.0118s ]
SQL: SELECT * FROM `ssyp_orders` WHERE ( pub_user=1 )  [ RunTime:0.0005s ]
SQL: SHOW COLUMNS FROM `ssyp_ordpro` [ RunTime:0.0099s ]
SQL: SELECT `pro_id` FROM `ssyp_ordpro` WHERE ( ord_id=1 )  [ RunTime:0.0005s ]
SQL: SHOW COLUMNS FROM `ssyp_product` [ RunTime:0.0096s ]
SQL: SELECT `id`,`name`,`wx_image` FROM `ssyp_product` WHERE ( id=5 ) LIMIT 1   [ RunTime:0.0003s ]
INFO: [ app_end ] --START--
INFO: Run Behavior\ShowPageTraceBehavior [ RunTime:0.000540s ]
INFO: [ app_end ] --END-- [ RunTime:0.000571s ]

[ 2018-03-13T16:18:35+08:00 ] 127.0.0.1 /ssyp/index.php/api/Order/mineOrder/user_id/1/type/3
INFO: [ app_init ] --START--
INFO: Run Behavior\BuildLiteBehavior [ RunTime:0.000013s ]
INFO: [ app_init ] --END-- [ RunTime:0.000765s ]
INFO: [ app_begin ] --START--
INFO: Run Behavior\ReadHtmlCacheBehavior [ RunTime:0.000875s ]
INFO: [ app_begin ] --END-- [ RunTime:0.000935s ]
SQL: SHOW COLUMNS FROM `ssyp_orders` [ RunTime:0.0078s ]
SQL: SELECT * FROM `ssyp_orders` WHERE `status` = 3 AND `pub_user` = 1  [ RunTime:0.0004s ]
SQL: SHOW COLUMNS FROM `ssyp_ordpro` [ RunTime:0.0077s ]
SQL: SELECT `pro_id` FROM `ssyp_ordpro` WHERE ( ord_id=1 )  [ RunTime:0.0003s ]
SQL: SHOW COLUMNS FROM `ssyp_product` [ RunTime:0.0084s ]
SQL: SELECT `id`,`name`,`wx_image` FROM `ssyp_product` WHERE ( id=5 ) LIMIT 1   [ RunTime:0.0004s ]
INFO: [ app_end ] --START--
INFO: Run Behavior\ShowPageTraceBehavior [ RunTime:0.000619s ]
INFO: [ app_end ] --END-- [ RunTime:0.000650s ]

[ 2018-03-13T16:18:36+08:00 ] 127.0.0.1 /ssyp/index.php/api/Order/mineOrder/user_id/1/type/3
INFO: [ app_init ] --START--
INFO: Run Behavior\BuildLiteBehavior [ RunTime:0.000014s ]
INFO: [ app_init ] --END-- [ RunTime:0.000758s ]
INFO: [ app_begin ] --START--
INFO: Run Behavior\ReadHtmlCacheBehavior [ RunTime:0.000869s ]
INFO: [ app_begin ] --END-- [ RunTime:0.000932s ]
SQL: SHOW COLUMNS FROM `ssyp_orders` [ RunTime:0.0118s ]
SQL: SELECT * FROM `ssyp_orders` WHERE `status` = 3 AND `pub_user` = 1  [ RunTime:0.0005s ]
SQL: SHOW COLUMNS FROM `ssyp_ordpro` [ RunTime:0.0079s ]
SQL: SELECT `pro_id` FROM `ssyp_ordpro` WHERE ( ord_id=1 )  [ RunTime:0.0003s ]
SQL: SHOW COLUMNS FROM `ssyp_product` [ RunTime:0.0085s ]
SQL: SELECT `id`,`name`,`wx_image` FROM `ssyp_product` WHERE ( id=5 ) LIMIT 1   [ RunTime:0.0003s ]
INFO: [ app_end ] --START--
INFO: Run Behavior\ShowPageTraceBehavior [ RunTime:0.000600s ]
INFO: [ app_end ] --END-- [ RunTime:0.000632s ]

[ 2018-03-13T16:18:38+08:00 ] 127.0.0.1 /ssyp/index.php/api/Order/mineOrder/user_id/1/type/3
INFO: [ app_init ] --START--
INFO: Run Behavior\BuildLiteBehavior [ RunTime:0.000007s ]
INFO: [ app_init ] --END-- [ RunTime:0.000352s ]
INFO: [ app_begin ] --START--
INFO: Run Behavior\ReadHtmlCacheBehavior [ RunTime:0.000485s ]
INFO: [ app_begin ] --END-- [ RunTime:0.000518s ]
SQL: SHOW COLUMNS FROM `ssyp_orders` [ RunTime:0.0089s ]
SQL: SELECT * FROM `ssyp_orders` WHERE `status` = 3 AND `pub_user` = 1  [ RunTime:0.0004s ]
SQL: SHOW COLUMNS FROM `ssyp_ordpro` [ RunTime:0.0079s ]
SQL: SELECT `pro_id` FROM `ssyp_ordpro` WHERE ( ord_id=1 )  [ RunTime:0.0003s ]
SQL: SHOW COLUMNS FROM `ssyp_product` [ RunTime:0.0084s ]
SQL: SELECT `id`,`name`,`wx_image` FROM `ssyp_product` WHERE ( id=5 ) LIMIT 1   [ RunTime:0.0003s ]
INFO: [ app_end ] --START--
INFO: Run Behavior\ShowPageTraceBehavior [ RunTime:0.000643s ]
INFO: [ app_end ] --END-- [ RunTime:0.000674s ]

[ 2018-03-13T16:18:41+08:00 ] 127.0.0.1 /ssyp/index.php/api/Order/mineOrder/user_id/1/type/3
INFO: [ app_init ] --START--
INFO: Run Behavior\BuildLiteBehavior [ RunTime:0.000009s ]
INFO: [ app_init ] --END-- [ RunTime:0.000371s ]
INFO: [ app_begin ] --START--
INFO: Run Behavior\ReadHtmlCacheBehavior [ RunTime:0.000477s ]
INFO: [ app_begin ] --END-- [ RunTime:0.000509s ]
SQL: SHOW COLUMNS FROM `ssyp_orders` [ RunTime:0.0098s ]
SQL: SELECT * FROM `ssyp_orders` WHERE `status` = 3 AND `pub_user` = 1  [ RunTime:0.0005s ]
SQL: SHOW COLUMNS FROM `ssyp_ordpro` [ RunTime:0.0084s ]
SQL: SELECT `pro_id` FROM `ssyp_ordpro` WHERE ( ord_id=1 )  [ RunTime:0.0003s ]
SQL: SHOW COLUMNS FROM `ssyp_product` [ RunTime:0.0096s ]
SQL: SELECT `id`,`name`,`wx_image` FROM `ssyp_product` WHERE ( id=5 ) LIMIT 1   [ RunTime:0.0003s ]
INFO: [ app_end ] --START--
INFO: Run Behavior\ShowPageTraceBehavior [ RunTime:0.000594s ]
INFO: [ app_end ] --END-- [ RunTime:0.000626s ]

[ 2018-03-13T16:18:45+08:00 ] 127.0.0.1 /ssyp/index.php/api/Order/mineOrder/user_id/1/type/1
INFO: [ app_init ] --START--
INFO: Run Behavior\BuildLiteBehavior [ RunTime:0.000010s ]
INFO: [ app_init ] --END-- [ RunTime:0.000454s ]
INFO: [ app_begin ] --START--
INFO: Run Behavior\ReadHtmlCacheBehavior [ RunTime:0.000550s ]
INFO: [ app_begin ] --END-- [ RunTime:0.000587s ]
SQL: SHOW COLUMNS FROM `ssyp_orders` [ RunTime:0.0116s ]
SQL: SELECT * FROM `ssyp_orders` WHERE `status` = 1 AND `pub_user` = 1  [ RunTime:0.0005s ]
INFO: [ app_end ] --START--
INFO: Run Behavior\ShowPageTraceBehavior [ RunTime:0.000650s ]
INFO: [ app_end ] --END-- [ RunTime:0.000687s ]

[ 2018-03-13T16:24:08+08:00 ] 127.0.0.1 /ssyp/index.php/api/product/productList
INFO: [ app_init ] --START--
INFO: Run Behavior\BuildLiteBehavior [ RunTime:0.000020s ]
INFO: [ app_init ] --END-- [ RunTime:0.000421s ]
INFO: [ app_begin ] --START--
INFO: Run Behavior\ReadHtmlCacheBehavior [ RunTime:0.000445s ]
INFO: [ app_begin ] --END-- [ RunTime:0.000478s ]
NOTIC: [8] Undefined index: type D:\PHPstudy\WWW\ssyp\Apps\Api\Controller\ProductController.class.php 第 167 行.
NOTIC: [8] Undefined index: category D:\PHPstudy\WWW\ssyp\Apps\Api\Controller\ProductController.class.php 第 168 行.
SQL: SHOW COLUMNS FROM `ssyp_product` [ RunTime:0.0120s ]
NOTIC: [8] Undefined variable: where D:\PHPstudy\WWW\ssyp\Apps\Api\Controller\ProductController.class.php 第 177 行.
SQL: SELECT * FROM `ssyp_product`  [ RunTime:0.0006s ]
SQL: SHOW COLUMNS FROM `ssyp_seller` [ RunTime:0.0085s ]
INFO: [ app_end ] --START--
INFO: Run Behavior\ShowPageTraceBehavior [ RunTime:0.000694s ]
INFO: [ app_end ] --END-- [ RunTime:0.000726s ]

[ 2018-03-13T16:26:48+08:00 ] 127.0.0.1 /ssyp/index.php/api/product/productList
INFO: [ app_init ] --START--
INFO: Run Behavior\BuildLiteBehavior [ RunTime:0.000008s ]
INFO: [ app_init ] --END-- [ RunTime:0.000419s ]
INFO: [ app_begin ] --START--
INFO: Run Behavior\ReadHtmlCacheBehavior [ RunTime:0.000468s ]
INFO: [ app_begin ] --END-- [ RunTime:0.000498s ]
NOTIC: [8] Undefined index: type D:\PHPstudy\WWW\ssyp\Apps\Api\Controller\ProductController.class.php 第 167 行.
NOTIC: [8] Undefined index: category D:\PHPstudy\WWW\ssyp\Apps\Api\Controller\ProductController.class.php 第 168 行.
SQL: SHOW COLUMNS FROM `ssyp_product` [ RunTime:0.0088s ]
NOTIC: [8] Undefined variable: where D:\PHPstudy\WWW\ssyp\Apps\Api\Controller\ProductController.class.php 第 177 行.
SQL: SELECT * FROM `ssyp_product`  [ RunTime:0.0005s ]
SQL: SHOW COLUMNS FROM `ssyp_seller` [ RunTime:0.0086s ]
INFO: [ app_end ] --START--
INFO: Run Behavior\ShowPageTraceBehavior [ RunTime:0.000633s ]
INFO: [ app_end ] --END-- [ RunTime:0.000664s ]

[ 2018-03-13T16:28:05+08:00 ] 127.0.0.1 /ssyp/index.php/api/product/productList
INFO: [ app_init ] --START--
INFO: Run Behavior\BuildLiteBehavior [ RunTime:0.000008s ]
INFO: [ app_init ] --END-- [ RunTime:0.000393s ]
INFO: [ app_begin ] --START--
INFO: Run Behavior\ReadHtmlCacheBehavior [ RunTime:0.000453s ]
INFO: [ app_begin ] --END-- [ RunTime:0.000483s ]
NOTIC: [8] Undefined index: type D:\PHPstudy\WWW\ssyp\Apps\Api\Controller\ProductController.class.php 第 167 行.
NOTIC: [8] Undefined index: category D:\PHPstudy\WWW\ssyp\Apps\Api\Controller\ProductController.class.php 第 168 行.
SQL: SHOW COLUMNS FROM `ssyp_product` [ RunTime:0.0087s ]
NOTIC: [8] Undefined variable: where D:\PHPstudy\WWW\ssyp\Apps\Api\Controller\ProductController.class.php 第 177 行.
SQL: SELECT * FROM `ssyp_product`  [ RunTime:0.0006s ]
SQL: SHOW COLUMNS FROM `ssyp_seller` [ RunTime:0.0081s ]
SQL: SELECT `seller_name` FROM `ssyp_seller` WHERE ( id=0 ) LIMIT 1   [ RunTime:0.0003s ]
SQL: SELECT `seller_name` FROM `ssyp_seller` WHERE ( id=0 ) LIMIT 1   [ RunTime:0.0003s ]
SQL: SELECT `seller_name` FROM `ssyp_seller` WHERE ( id=0 ) LIMIT 1   [ RunTime:0.0002s ]
SQL: SELECT `seller_name` FROM `ssyp_seller` WHERE ( id=0 ) LIMIT 1   [ RunTime:0.0002s ]
SQL: SELECT `seller_name` FROM `ssyp_seller` WHERE ( id=3 ) LIMIT 1   [ RunTime:0.0002s ]
INFO: [ app_end ] --START--
INFO: Run Behavior\ShowPageTraceBehavior [ RunTime:0.000677s ]
INFO: [ app_end ] --END-- [ RunTime:0.000710s ]

[ 2018-03-13T16:48:22+08:00 ] 127.0.0.1 /ssyp/index.php/api/product/productList
INFO: [ app_init ] --START--
INFO: Run Behavior\BuildLiteBehavior [ RunTime:0.000013s ]
INFO: [ app_init ] --END-- [ RunTime:0.000484s ]
INFO: [ app_begin ] --START--
INFO: Run Behavior\ReadHtmlCacheBehavior [ RunTime:0.000646s ]
INFO: [ app_begin ] --END-- [ RunTime:0.000700s ]
NOTIC: [8] Undefined index: name D:\PHPstudy\WWW\ssyp\Apps\Api\Controller\ProductController.class.php 第 167 行.
NOTIC: [8] Undefined index: type D:\PHPstudy\WWW\ssyp\Apps\Api\Controller\ProductController.class.php 第 171 行.
NOTIC: [8] Undefined index: category D:\PHPstudy\WWW\ssyp\Apps\Api\Controller\ProductController.class.php 第 172 行.
SQL: SHOW COLUMNS FROM `ssyp_product` [ RunTime:0.0094s ]
NOTIC: [8] Undefined variable: where D:\PHPstudy\WWW\ssyp\Apps\Api\Controller\ProductController.class.php 第 181 行.
SQL: SELECT * FROM `ssyp_product`  [ RunTime:0.0005s ]
SQL: SHOW COLUMNS FROM `ssyp_seller` [ RunTime:0.0089s ]
NOTIC: [8] Undefined offset: 0 D:\PHPstudy\WWW\ssyp\ThinkPHP\Library\Think\Model.class.php 第 222 行.
SQL: SELECT `seller_name` FROM `ssyp_seller` WHERE ( id=0 ) LIMIT 1   [ RunTime:0.0002s ]
NOTIC: [8] Undefined offset: 0 D:\PHPstudy\WWW\ssyp\ThinkPHP\Library\Think\Model.class.php 第 222 行.
SQL: SELECT `seller_name` FROM `ssyp_seller` WHERE ( id=0 ) LIMIT 1   [ RunTime:0.0002s ]
NOTIC: [8] Undefined offset: 0 D:\PHPstudy\WWW\ssyp\ThinkPHP\Library\Think\Model.class.php 第 222 行.
SQL: SELECT `seller_name` FROM `ssyp_seller` WHERE ( id=0 ) LIMIT 1   [ RunTime:0.0002s ]
NOTIC: [8] Undefined offset: 0 D:\PHPstudy\WWW\ssyp\ThinkPHP\Library\Think\Model.class.php 第 222 行.
SQL: SELECT `seller_name` FROM `ssyp_seller` WHERE ( id=0 ) LIMIT 1   [ RunTime:0.0002s ]
NOTIC: [8] Undefined offset: 0 D:\PHPstudy\WWW\ssyp\ThinkPHP\Library\Think\Model.class.php 第 222 行.
SQL: SELECT `seller_name` FROM `ssyp_seller` WHERE ( id=3 ) LIMIT 1   [ RunTime:0.0002s ]
INFO: [ app_end ] --START--
INFO: Run Behavior\ShowPageTraceBehavior [ RunTime:0.000915s ]
INFO: [ app_end ] --END-- [ RunTime:0.000951s ]

[ 2018-03-13T16:48:33+08:00 ] 127.0.0.1 /ssyp/index.php/api/product/productList/type/new
INFO: [ app_init ] --START--
INFO: Run Behavior\BuildLiteBehavior [ RunTime:0.000009s ]
INFO: [ app_init ] --END-- [ RunTime:0.000403s ]
INFO: [ app_begin ] --START--
INFO: Run Behavior\ReadHtmlCacheBehavior [ RunTime:0.000546s ]
INFO: [ app_begin ] --END-- [ RunTime:0.000577s ]
NOTIC: [8] Undefined index: name D:\PHPstudy\WWW\ssyp\Apps\Api\Controller\ProductController.class.php 第 167 行.
NOTIC: [8] Undefined index: category D:\PHPstudy\WWW\ssyp\Apps\Api\Controller\ProductController.class.php 第 172 行.
SQL: SHOW COLUMNS FROM `ssyp_product` [ RunTime:0.0148s ]
NOTIC: [8] Undefined variable: where D:\PHPstudy\WWW\ssyp\Apps\Api\Controller\ProductController.class.php 第 181 行.
SQL: SELECT * FROM `ssyp_product`  [ RunTime:0.0005s ]
SQL: SHOW COLUMNS FROM `ssyp_seller` [ RunTime:0.0083s ]
NOTIC: [8] Undefined offset: 0 D:\PHPstudy\WWW\ssyp\ThinkPHP\Library\Think\Model.class.php 第 222 行.
SQL: SELECT `seller_name` FROM `ssyp_seller` WHERE ( id=0 ) LIMIT 1   [ RunTime:0.0002s ]
NOTIC: [8] Undefined offset: 0 D:\PHPstudy\WWW\ssyp\ThinkPHP\Library\Think\Model.class.php 第 222 行.
SQL: SELECT `seller_name` FROM `ssyp_seller` WHERE ( id=0 ) LIMIT 1   [ RunTime:0.0002s ]
NOTIC: [8] Undefined offset: 0 D:\PHPstudy\WWW\ssyp\ThinkPHP\Library\Think\Model.class.php 第 222 行.
SQL: SELECT `seller_name` FROM `ssyp_seller` WHERE ( id=0 ) LIMIT 1   [ RunTime:0.0002s ]
NOTIC: [8] Undefined offset: 0 D:\PHPstudy\WWW\ssyp\ThinkPHP\Library\Think\Model.class.php 第 222 行.
SQL: SELECT `seller_name` FROM `ssyp_seller` WHERE ( id=0 ) LIMIT 1   [ RunTime:0.0001s ]
NOTIC: [8] Undefined offset: 0 D:\PHPstudy\WWW\ssyp\ThinkPHP\Library\Think\Model.class.php 第 222 行.
SQL: SELECT `seller_name` FROM `ssyp_seller` WHERE ( id=3 ) LIMIT 1   [ RunTime:0.0002s ]
INFO: [ app_end ] --START--
INFO: Run Behavior\ShowPageTraceBehavior [ RunTime:0.001114s ]
INFO: [ app_end ] --END-- [ RunTime:0.001169s ]

[ 2018-03-13T16:48:48+08:00 ] 127.0.0.1 /ssyp/index.php/api/product/productList/type/sale
INFO: [ app_init ] --START--
INFO: Run Behavior\BuildLiteBehavior [ RunTime:0.000010s ]
INFO: [ app_init ] --END-- [ RunTime:0.000442s ]
INFO: [ app_begin ] --START--
INFO: Run Behavior\ReadHtmlCacheBehavior [ RunTime:0.000553s ]
INFO: [ app_begin ] --END-- [ RunTime:0.000583s ]
NOTIC: [8] Undefined index: name D:\PHPstudy\WWW\ssyp\Apps\Api\Controller\ProductController.class.php 第 167 行.
NOTIC: [8] Undefined index: category D:\PHPstudy\WWW\ssyp\Apps\Api\Controller\ProductController.class.php 第 172 行.
SQL: SHOW COLUMNS FROM `ssyp_product` [ RunTime:0.0104s ]
NOTIC: [8] Undefined variable: where D:\PHPstudy\WWW\ssyp\Apps\Api\Controller\ProductController.class.php 第 181 行.
SQL: SELECT * FROM `ssyp_product`  [ RunTime:0.0005s ]
SQL: SHOW COLUMNS FROM `ssyp_seller` [ RunTime:0.0079s ]
NOTIC: [8] Undefined offset: 0 D:\PHPstudy\WWW\ssyp\ThinkPHP\Library\Think\Model.class.php 第 222 行.
SQL: SELECT `seller_name` FROM `ssyp_seller` WHERE ( id=0 ) LIMIT 1   [ RunTime:0.0003s ]
NOTIC: [8] Undefined offset: 0 D:\PHPstudy\WWW\ssyp\ThinkPHP\Library\Think\Model.class.php 第 222 行.
SQL: SELECT `seller_name` FROM `ssyp_seller` WHERE ( id=0 ) LIMIT 1   [ RunTime:0.0002s ]
NOTIC: [8] Undefined offset: 0 D:\PHPstudy\WWW\ssyp\ThinkPHP\Library\Think\Model.class.php 第 222 行.
SQL: SELECT `seller_name` FROM `ssyp_seller` WHERE ( id=0 ) LIMIT 1   [ RunTime:0.0002s ]
NOTIC: [8] Undefined offset: 0 D:\PHPstudy\WWW\ssyp\ThinkPHP\Library\Think\Model.class.php 第 222 行.
SQL: SELECT `seller_name` FROM `ssyp_seller` WHERE ( id=0 ) LIMIT 1   [ RunTime:0.0002s ]
NOTIC: [8] Undefined offset: 0 D:\PHPstudy\WWW\ssyp\ThinkPHP\Library\Think\Model.class.php 第 222 行.
SQL: SELECT `seller_name` FROM `ssyp_seller` WHERE ( id=3 ) LIMIT 1   [ RunTime:0.0002s ]
INFO: [ app_end ] --START--
INFO: Run Behavior\ShowPageTraceBehavior [ RunTime:0.001057s ]
INFO: [ app_end ] --END-- [ RunTime:0.001097s ]

[ 2018-03-13T16:49:30+08:00 ] 127.0.0.1 /ssyp/index.php/api/product/productList/type/sale
INFO: [ app_init ] --START--
INFO: Run Behavior\BuildLiteBehavior [ RunTime:0.000008s ]
INFO: [ app_init ] --END-- [ RunTime:0.000419s ]
INFO: [ app_begin ] --START--
INFO: Run Behavior\ReadHtmlCacheBehavior [ RunTime:0.000519s ]
INFO: [ app_begin ] --END-- [ RunTime:0.000549s ]
NOTIC: [8] Undefined index: name D:\PHPstudy\WWW\ssyp\Apps\Api\Controller\ProductController.class.php 第 167 行.
NOTIC: [8] Undefined index: category D:\PHPstudy\WWW\ssyp\Apps\Api\Controller\ProductController.class.php 第 172 行.
SQL: SHOW COLUMNS FROM `ssyp_product` [ RunTime:0.0079s ]
NOTIC: [8] Undefined variable: where D:\PHPstudy\WWW\ssyp\Apps\Api\Controller\ProductController.class.php 第 181 行.
SQL: SELECT * FROM `ssyp_product`  [ RunTime:0.0005s ]
SQL: SHOW COLUMNS FROM `ssyp_seller` [ RunTime:0.0077s ]
NOTIC: [8] Undefined offset: 0 D:\PHPstudy\WWW\ssyp\ThinkPHP\Library\Think\Model.class.php 第 222 行.
SQL: SELECT `seller_name` FROM `ssyp_seller` WHERE ( id=0 ) LIMIT 1   [ RunTime:0.0003s ]
NOTIC: [8] Undefined offset: 0 D:\PHPstudy\WWW\ssyp\ThinkPHP\Library\Think\Model.class.php 第 222 行.
SQL: SELECT `seller_name` FROM `ssyp_seller` WHERE ( id=0 ) LIMIT 1   [ RunTime:0.0002s ]
NOTIC: [8] Undefined offset: 0 D:\PHPstudy\WWW\ssyp\ThinkPHP\Library\Think\Model.class.php 第 222 行.
SQL: SELECT `seller_name` FROM `ssyp_seller` WHERE ( id=0 ) LIMIT 1   [ RunTime:0.0002s ]
NOTIC: [8] Undefined offset: 0 D:\PHPstudy\WWW\ssyp\ThinkPHP\Library\Think\Model.class.php 第 222 行.
SQL: SELECT `seller_name` FROM `ssyp_seller` WHERE ( id=0 ) LIMIT 1   [ RunTime:0.0002s ]
NOTIC: [8] Undefined offset: 0 D:\PHPstudy\WWW\ssyp\ThinkPHP\Library\Think\Model.class.php 第 222 行.
SQL: SELECT `seller_name` FROM `ssyp_seller` WHERE ( id=3 ) LIMIT 1   [ RunTime:0.0002s ]
INFO: [ app_end ] --START--
INFO: Run Behavior\ShowPageTraceBehavior [ RunTime:0.000645s ]
INFO: [ app_end ] --END-- [ RunTime:0.000674s ]

[ 2018-03-13T16:50:21+08:00 ] 127.0.0.1 /ssyp/index.php/api/product/productList/type/sale
INFO: [ app_init ] --START--
INFO: Run Behavior\BuildLiteBehavior [ RunTime:0.000009s ]
INFO: [ app_init ] --END-- [ RunTime:0.000447s ]
INFO: [ app_begin ] --START--
INFO: Run Behavior\ReadHtmlCacheBehavior [ RunTime:0.000561s ]
INFO: [ app_begin ] --END-- [ RunTime:0.000595s ]
NOTIC: [8] Undefined index: name D:\PHPstudy\WWW\ssyp\Apps\Api\Controller\ProductController.class.php 第 167 行.
NOTIC: [8] Undefined index: category D:\PHPstudy\WWW\ssyp\Apps\Api\Controller\ProductController.class.php 第 172 行.
SQL: SHOW COLUMNS FROM `ssyp_product` [ RunTime:0.0090s ]
NOTIC: [8] Undefined variable: where D:\PHPstudy\WWW\ssyp\Apps\Api\Controller\ProductController.class.php 第 181 行.
SQL: SELECT * FROM `ssyp_product`  [ RunTime:0.0006s ]
SQL: SHOW COLUMNS FROM `ssyp_seller` [ RunTime:0.0116s ]
ERR: 1054:Unknown column 'sell_num' in 'order clause'
 [ SQL语句 ] : SELECT `seller_name` FROM `ssyp_seller` WHERE ( id=0 ) ORDER BY `sell_num`,`id` desc LIMIT 1  
ERR: 1054:Unknown column 'sell_num' in 'order clause'
 [ SQL语句 ] : SELECT `seller_name` FROM `ssyp_seller` WHERE ( id=0 ) ORDER BY `sell_num`,`id` desc LIMIT 1  

[ 2018-03-13T16:51:28+08:00 ] 127.0.0.1 /ssyp/index.php/api/product/productList/type/sale
INFO: [ app_init ] --START--
INFO: Run Behavior\BuildLiteBehavior [ RunTime:0.000012s ]
INFO: [ app_init ] --END-- [ RunTime:0.000516s ]
INFO: [ app_begin ] --START--
INFO: Run Behavior\ReadHtmlCacheBehavior [ RunTime:0.000573s ]
INFO: [ app_begin ] --END-- [ RunTime:0.000616s ]
NOTIC: [8] Undefined index: name D:\PHPstudy\WWW\ssyp\Apps\Api\Controller\ProductController.class.php 第 167 行.
NOTIC: [8] Undefined index: category D:\PHPstudy\WWW\ssyp\Apps\Api\Controller\ProductController.class.php 第 172 行.
SQL: SHOW COLUMNS FROM `ssyp_product` [ RunTime:0.0084s ]
NOTIC: [8] Undefined variable: where D:\PHPstudy\WWW\ssyp\Apps\Api\Controller\ProductController.class.php 第 181 行.
SQL: SELECT * FROM `ssyp_product`  [ RunTime:0.0006s ]
SQL: SHOW COLUMNS FROM `ssyp_seller` [ RunTime:0.0096s ]
ERR: 1054:Unknown column 'order' in 'order clause'
 [ SQL语句 ] : SELECT `seller_name` FROM `ssyp_seller` WHERE ( id=0 ) ORDER BY `order`,`sell_num` desc LIMIT 1  
ERR: 1054:Unknown column 'order' in 'order clause'
 [ SQL语句 ] : SELECT `seller_name` FROM `ssyp_seller` WHERE ( id=0 ) ORDER BY `order`,`sell_num` desc LIMIT 1  

[ 2018-03-13T16:51:50+08:00 ] 127.0.0.1 /ssyp/index.php/api/product/productList/type/sale
INFO: [ app_init ] --START--
INFO: Run Behavior\BuildLiteBehavior [ RunTime:0.000023s ]
INFO: [ app_init ] --END-- [ RunTime:0.000997s ]
INFO: [ app_begin ] --START--
INFO: Run Behavior\ReadHtmlCacheBehavior [ RunTime:0.001060s ]
INFO: [ app_begin ] --END-- [ RunTime:0.001131s ]
NOTIC: [8] Undefined index: name D:\PHPstudy\WWW\ssyp\Apps\Api\Controller\ProductController.class.php 第 167 行.
NOTIC: [8] Undefined index: category D:\PHPstudy\WWW\ssyp\Apps\Api\Controller\ProductController.class.php 第 172 行.
SQL: SHOW COLUMNS FROM `ssyp_product` [ RunTime:0.0149s ]
NOTIC: [8] Undefined variable: where D:\PHPstudy\WWW\ssyp\Apps\Api\Controller\ProductController.class.php 第 181 行.
SQL: SELECT * FROM `ssyp_product`  [ RunTime:0.0010s ]
SQL: SHOW COLUMNS FROM `ssyp_seller` [ RunTime:0.0131s ]
ERR: 1054:Unknown column 'sell_num' in 'order clause'
 [ SQL语句 ] : SELECT `seller_name` FROM `ssyp_seller` WHERE ( id=0 ) ORDER BY `sell_num` desc LIMIT 1  
ERR: 1054:Unknown column 'sell_num' in 'order clause'
 [ SQL语句 ] : SELECT `seller_name` FROM `ssyp_seller` WHERE ( id=0 ) ORDER BY `sell_num` desc LIMIT 1  

[ 2018-03-13T16:54:07+08:00 ] ::1 /ssyp/index.php/api/product/productList/type/sale
INFO: [ app_init ] --START--
INFO: Run Behavior\BuildLiteBehavior [ RunTime:0.000015s ]
INFO: [ app_init ] --END-- [ RunTime:0.000858s ]
INFO: [ app_begin ] --START--
INFO: Run Behavior\ReadHtmlCacheBehavior [ RunTime:0.000945s ]
INFO: [ app_begin ] --END-- [ RunTime:0.001009s ]
NOTIC: [8] Undefined index: name D:\PHPstudy\WWW\ssyp\Apps\Api\Controller\ProductController.class.php 第 167 行.
NOTIC: [8] Undefined index: category D:\PHPstudy\WWW\ssyp\Apps\Api\Controller\ProductController.class.php 第 172 行.
SQL: SHOW COLUMNS FROM `ssyp_product` [ RunTime:0.0143s ]
NOTIC: [8] Undefined variable: where D:\PHPstudy\WWW\ssyp\Apps\Api\Controller\ProductController.class.php 第 181 行.
SQL: SELECT * FROM `ssyp_product`  [ RunTime:0.0009s ]
SQL: SHOW COLUMNS FROM `ssyp_seller` [ RunTime:0.0113s ]
SQL: SELECT `seller_name` FROM `ssyp_seller` WHERE ( id=0 ) LIMIT 1   [ RunTime:0.0003s ]
SQL: SELECT `seller_name` FROM `ssyp_seller` WHERE ( id=0 ) LIMIT 1   [ RunTime:0.0002s ]
SQL: SELECT `seller_name` FROM `ssyp_seller` WHERE ( id=0 ) LIMIT 1   [ RunTime:0.0002s ]
SQL: SELECT `seller_name` FROM `ssyp_seller` WHERE ( id=0 ) LIMIT 1   [ RunTime:0.0002s ]
SQL: SELECT `seller_name` FROM `ssyp_seller` WHERE ( id=3 ) LIMIT 1   [ RunTime:0.0002s ]
INFO: [ app_end ] --START--
INFO: Run Behavior\ShowPageTraceBehavior [ RunTime:0.000725s ]
INFO: [ app_end ] --END-- [ RunTime:0.000756s ]

[ 2018-03-13T16:58:03+08:00 ] 127.0.0.1 /ssyp/index.php/api/product/productList/type/sale
INFO: [ app_init ] --START--
INFO: Run Behavior\BuildLiteBehavior [ RunTime:0.000021s ]
INFO: [ app_init ] --END-- [ RunTime:0.000661s ]
INFO: [ app_begin ] --START--
INFO: Run Behavior\ReadHtmlCacheBehavior [ RunTime:0.000632s ]
INFO: [ app_begin ] --END-- [ RunTime:0.000739s ]
NOTIC: [8] Undefined index: name D:\PHPstudy\WWW\ssyp\Apps\Api\Controller\ProductController.class.php 第 167 行.
NOTIC: [8] Undefined index: category D:\PHPstudy\WWW\ssyp\Apps\Api\Controller\ProductController.class.php 第 172 行.
SQL: SHOW COLUMNS FROM `ssyp_product` [ RunTime:0.0115s ]
NOTIC: [8] Undefined variable: where D:\PHPstudy\WWW\ssyp\Apps\Api\Controller\ProductController.class.php 第 181 行.
SQL: SELECT * FROM `ssyp_product` ORDER BY `sell_num` desc  [ RunTime:0.0006s ]
SQL: SHOW COLUMNS FROM `ssyp_seller` [ RunTime:0.0089s ]
SQL: SELECT `seller_name` FROM `ssyp_seller` WHERE ( id=3 ) LIMIT 1   [ RunTime:0.0003s ]
SQL: SELECT `seller_name` FROM `ssyp_seller` WHERE ( id=0 ) LIMIT 1   [ RunTime:0.0002s ]
SQL: SELECT `seller_name` FROM `ssyp_seller` WHERE ( id=0 ) LIMIT 1   [ RunTime:0.0002s ]
SQL: SELECT `seller_name` FROM `ssyp_seller` WHERE ( id=0 ) LIMIT 1   [ RunTime:0.0001s ]
SQL: SELECT `seller_name` FROM `ssyp_seller` WHERE ( id=0 ) LIMIT 1   [ RunTime:0.0001s ]
INFO: [ app_end ] --START--
INFO: Run Behavior\ShowPageTraceBehavior [ RunTime:0.000647s ]
INFO: [ app_end ] --END-- [ RunTime:0.000679s ]

[ 2018-03-13T17:16:05+08:00 ] 127.0.0.1 /ssyp/index.php/api/product/productList/type/new
INFO: [ app_init ] --START--
INFO: Run Behavior\BuildLiteBehavior [ RunTime:0.000028s ]
INFO: [ app_init ] --END-- [ RunTime:0.000631s ]
INFO: [ app_begin ] --START--
INFO: Run Behavior\ReadHtmlCacheBehavior [ RunTime:0.000561s ]
INFO: [ app_begin ] --END-- [ RunTime:0.000594s ]
NOTIC: [8] Undefined index: name D:\PHPstudy\WWW\ssyp\Apps\Api\Controller\ProductController.class.php 第 166 行.
NOTIC: [8] Undefined index: category D:\PHPstudy\WWW\ssyp\Apps\Api\Controller\ProductController.class.php 第 171 行.
SQL: SHOW COLUMNS FROM `ssyp_product` [ RunTime:0.0113s ]
NOTIC: [8] Undefined variable: where D:\PHPstudy\WWW\ssyp\Apps\Api\Controller\ProductController.class.php 第 180 行.
SQL: SELECT * FROM `ssyp_product` ORDER BY `pub_time` desc  [ RunTime:0.0007s ]
SQL: SHOW COLUMNS FROM `ssyp_seller` [ RunTime:0.0082s ]
SQL: SELECT `seller_name` FROM `ssyp_seller` WHERE ( id=3 ) LIMIT 1   [ RunTime:0.0003s ]
INFO: [ app_end ] --START--
INFO: Run Behavior\ShowPageTraceBehavior [ RunTime:0.000670s ]
INFO: [ app_end ] --END-- [ RunTime:0.000703s ]

