[ 2017-12-15T09:38:19+08:00 ] 127.0.0.1 /ssyp/index.php/Admin/Admin/shop
INFO: [ app_init ] --START--
INFO: Run Behavior\BuildLiteBehavior [ RunTime:0.000000s ]
INFO: [ app_init ] --END-- [ RunTime:0.001000s ]
INFO: [ app_begin ] --START--
INFO: Run Behavior\ReadHtmlCacheBehavior [ RunTime:0.001000s ]
INFO: [ app_begin ] --END-- [ RunTime:0.002000s ]

[ 2017-12-15T09:38:19+08:00 ] 127.0.0.1 /ssyp/index.php/Admin/Common/login.html
INFO: [ app_init ] --START--
INFO: Run Behavior\BuildLiteBehavior [ RunTime:0.000000s ]
INFO: [ app_init ] --END-- [ RunTime:0.001000s ]
INFO: [ app_begin ] --START--
INFO: Run Behavior\ReadHtmlCacheBehavior [ RunTime:0.001000s ]
INFO: [ app_begin ] --END-- [ RunTime:0.001000s ]
INFO: [ view_parse ] --START--
INFO: [ template_filter ] --START--
INFO: Run Behavior\ContentReplaceBehavior [ RunTime:0.000000s ]
INFO: [ template_filter ] --END-- [ RunTime:0.000000s ]
INFO: Run Behavior\ParseTemplateBehavior [ RunTime:0.020001s ]
INFO: [ view_parse ] --END-- [ RunTime:0.020001s ]
INFO: [ view_filter ] --START--
INFO: Run Behavior\WriteHtmlCacheBehavior [ RunTime:0.001000s ]
INFO: [ view_filter ] --END-- [ RunTime:0.001000s ]
INFO: [ app_end ] --START--
INFO: Run Behavior\ShowPageTraceBehavior [ RunTime:0.002001s ]
INFO: [ app_end ] --END-- [ RunTime:0.002001s ]

[ 2017-12-15T09:38:46+08:00 ] 127.0.0.1 /ssyp/index.php/Admin/Common/check
INFO: [ app_init ] --START--
INFO: Run Behavior\BuildLiteBehavior [ RunTime:0.000000s ]
INFO: [ app_init ] --END-- [ RunTime:0.000000s ]
INFO: [ app_begin ] --START--
INFO: Run Behavior\ReadHtmlCacheBehavior [ RunTime:0.000000s ]
INFO: [ app_begin ] --END-- [ RunTime:0.000000s ]
SQL: SHOW COLUMNS FROM `xgs_admin` [ RunTime:0.0290s ]
SQL: SELECT `id`,`cat_shop` FROM `xgs_admin` WHERE `phone` = '18647971785' AND `password` = 'e10adc3949ba59abbe56e057f20f883e' LIMIT 1   [ RunTime:0.0000s ]
SQL: UPDATE `xgs_admin` SET `login_ip`='127.0.0.1',`login_time`='1513301926' WHERE ( id="1" ) [ RunTime:0.0010s ]
SQL: UPDATE `xgs_admin` SET `login_number`=login_number+1 WHERE ( id="1" ) [ RunTime:0.0000s ]

[ 2017-12-15T09:38:47+08:00 ] 127.0.0.1 /ssyp/index.php/Admin/Index/index.html
INFO: [ app_init ] --START--
INFO: Run Behavior\BuildLiteBehavior [ RunTime:0.000000s ]
INFO: [ app_init ] --END-- [ RunTime:0.001000s ]
INFO: [ app_begin ] --START--
INFO: Run Behavior\ReadHtmlCacheBehavior [ RunTime:0.001000s ]
INFO: [ app_begin ] --END-- [ RunTime:0.001000s ]
SQL: SHOW COLUMNS FROM `xgs_admin` [ RunTime:0.0040s ]
SQL: SELECT `role_id`,`realname`,`login_number` FROM `xgs_admin` WHERE ( id="1" ) LIMIT 1   [ RunTime:0.0010s ]
SQL: SHOW COLUMNS FROM `xgs_role` [ RunTime:0.0180s ]
SQL: SELECT `power`,`role_name` FROM `xgs_role` WHERE ( id="-1" ) LIMIT 1   [ RunTime:0.0000s ]
SQL: SHOW COLUMNS FROM `xgs_power` [ RunTime:0.0090s ]
SQL: SELECT * FROM `xgs_power` WHERE `fid` > 0  [ RunTime:0.0000s ]
NOTIC: [8] Undefined index: status E:\www\ssyp\Apps\Admin\Controller\BaseController.class.php 第 42 行.
INFO: [ view_parse ] --START--
INFO: [ template_filter ] --START--
INFO: Run Behavior\ContentReplaceBehavior [ RunTime:0.000000s ]
INFO: [ template_filter ] --END-- [ RunTime:0.000000s ]
NOTIC: [8] Undefined variable: title E:\www\ssyp\Apps\Runtime\Cache\Admin\859e94050170c96367cb52465a51a945.php 第 16 行.
NOTIC: [8] Undefined index: headimgurl E:\www\ssyp\Apps\Runtime\Cache\Admin\859e94050170c96367cb52465a51a945.php 第 70 行.
INFO: Run Behavior\ParseTemplateBehavior [ RunTime:0.035002s ]
INFO: [ view_parse ] --END-- [ RunTime:0.035002s ]
INFO: [ view_filter ] --START--
INFO: Run Behavior\WriteHtmlCacheBehavior [ RunTime:0.000000s ]
INFO: [ view_filter ] --END-- [ RunTime:0.000000s ]
INFO: [ app_end ] --START--
INFO: Run Behavior\ShowPageTraceBehavior [ RunTime:0.001000s ]
INFO: [ app_end ] --END-- [ RunTime:0.001000s ]

[ 2017-12-15T09:41:14+08:00 ] 127.0.0.1 /ssyp/index.php/Admin/Product/index
INFO: [ app_init ] --START--
INFO: Run Behavior\BuildLiteBehavior [ RunTime:0.000000s ]
INFO: [ app_init ] --END-- [ RunTime:0.001000s ]
INFO: [ app_begin ] --START--
INFO: Run Behavior\ReadHtmlCacheBehavior [ RunTime:0.001000s ]
INFO: [ app_begin ] --END-- [ RunTime:0.001000s ]
SQL: SHOW COLUMNS FROM `xgs_admin` [ RunTime:0.0030s ]
SQL: SELECT `role_id`,`realname`,`login_number` FROM `xgs_admin` WHERE ( id="1" ) LIMIT 1   [ RunTime:0.0000s ]
SQL: SHOW COLUMNS FROM `xgs_role` [ RunTime:0.0030s ]
SQL: SELECT `power`,`role_name` FROM `xgs_role` WHERE ( id="-1" ) LIMIT 1   [ RunTime:0.0010s ]
SQL: SHOW COLUMNS FROM `xgs_power` [ RunTime:0.0030s ]
SQL: SELECT * FROM `xgs_power` WHERE `fid` > 0  [ RunTime:0.0000s ]
NOTIC: [8] Undefined index: status E:\www\ssyp\Apps\Admin\Controller\BaseController.class.php 第 42 行.
SQL: SHOW COLUMNS FROM `xgs_product` [ RunTime:0.0380s ]
SQL: SELECT COUNT(p.id) AS tp_count FROM xgs_product p left JOIN xgs_category as cs on cs.id = status  LIMIT 1   [ RunTime:0.0130s ]
SQL: SELECT p.*,cs.c_name as status_str FROM xgs_product p left JOIN xgs_category as cs on cs.id = status  ORDER BY p.id desc LIMIT 0,20   [ RunTime:0.0010s ]
SQL: SHOW COLUMNS FROM `xgs_norms` [ RunTime:0.0260s ]
SQL: SHOW COLUMNS FROM `xgs_category` [ RunTime:0.0060s ]
SQL: SELECT * FROM `xgs_category` WHERE ( id in (9) )  [ RunTime:0.0000s ]
SQL: SELECT op.ord_number,o.status FROM xgs_product p INNER JOIN xgs_norms as n on n.pro_id = p.id INNER JOIN xgs_ordpro as op on n.id=op.norms_id INNER JOIN xgs_orders as o on op.ord_id=o.id  WHERE o.pub_time BETWEEN '0 ' AND ' 9999999999' AND p.id = '2'  [ RunTime:0.0190s ]
SQL: SELECT * FROM `xgs_norms` WHERE ( pro_id="2" )  [ RunTime:0.0000s ]
SQL: SELECT * FROM `xgs_category` WHERE ( id in (9) )  [ RunTime:0.0000s ]
SQL: SELECT op.ord_number,o.status FROM xgs_product p INNER JOIN xgs_norms as n on n.pro_id = p.id INNER JOIN xgs_ordpro as op on n.id=op.norms_id INNER JOIN xgs_orders as o on op.ord_id=o.id  WHERE o.pub_time BETWEEN '0 ' AND ' 9999999999' AND p.id = '1'  [ RunTime:0.0000s ]
SQL: SELECT * FROM `xgs_norms` WHERE ( pro_id="1" )  [ RunTime:0.0000s ]
SQL: SELECT op.ord_number,o.status FROM xgs_product p INNER JOIN xgs_norms as n on n.pro_id = p.id INNER JOIN xgs_ordpro as op on n.id=op.norms_id INNER JOIN xgs_orders as o on op.ord_id=o.id  WHERE o.pub_time BETWEEN '0 ' AND ' 9999999999'  [ RunTime:0.0000s ]
SQL: SELECT SUM(number_norms) AS tp_sum FROM xgs_product p INNER JOIN xgs_norms as c on p.id = pro_id  LIMIT 1   [ RunTime:0.0000s ]
INFO: [ view_parse ] --START--
INFO: [ template_filter ] --START--
INFO: Run Behavior\ContentReplaceBehavior [ RunTime:0.000000s ]
INFO: [ template_filter ] --END-- [ RunTime:0.000000s ]
NOTIC: [8] Undefined index: headimgurl E:\www\ssyp\Apps\Runtime\Cache\Admin\ff5284c55541268002e4c7802b5ab64b.php 第 77 行.
NOTIC: [8] Undefined index: p_pub_time_where_1 E:\www\ssyp\Apps\Runtime\Cache\Admin\ff5284c55541268002e4c7802b5ab64b.php 第 142 行.
NOTIC: [8] Undefined index: p_pub_time_where_2 E:\www\ssyp\Apps\Runtime\Cache\Admin\ff5284c55541268002e4c7802b5ab64b.php 第 143 行.
NOTIC: [8] Undefined index: supply_where E:\www\ssyp\Apps\Runtime\Cache\Admin\ff5284c55541268002e4c7802b5ab64b.php 第 151 行.
NOTIC: [8] Undefined index: start E:\www\ssyp\Apps\Runtime\Cache\Admin\ff5284c55541268002e4c7802b5ab64b.php 第 158 行.
NOTIC: [8] Undefined index: end E:\www\ssyp\Apps\Runtime\Cache\Admin\ff5284c55541268002e4c7802b5ab64b.php 第 159 行.
INFO: Run Behavior\ParseTemplateBehavior [ RunTime:0.034002s ]
INFO: [ view_parse ] --END-- [ RunTime:0.034002s ]
INFO: [ view_filter ] --START--
INFO: Run Behavior\WriteHtmlCacheBehavior [ RunTime:0.001000s ]
INFO: [ view_filter ] --END-- [ RunTime:0.001000s ]
INFO: [ app_end ] --START--
INFO: Run Behavior\ShowPageTraceBehavior [ RunTime:0.001000s ]
INFO: [ app_end ] --END-- [ RunTime:0.001000s ]

[ 2017-12-15T09:41:17+08:00 ] 127.0.0.1 /ssyp/index.php/Admin/Orders/index
INFO: [ app_init ] --START--
INFO: Run Behavior\BuildLiteBehavior [ RunTime:0.000000s ]
INFO: [ app_init ] --END-- [ RunTime:0.001000s ]
INFO: [ app_begin ] --START--
INFO: Run Behavior\ReadHtmlCacheBehavior [ RunTime:0.001000s ]
INFO: [ app_begin ] --END-- [ RunTime:0.001000s ]
SQL: SHOW COLUMNS FROM `xgs_admin` [ RunTime:0.0030s ]
SQL: SELECT `role_id`,`realname`,`login_number` FROM `xgs_admin` WHERE ( id="1" ) LIMIT 1   [ RunTime:0.0000s ]
SQL: SHOW COLUMNS FROM `xgs_role` [ RunTime:0.0030s ]
SQL: SELECT `power`,`role_name` FROM `xgs_role` WHERE ( id="-1" ) LIMIT 1   [ RunTime:0.0010s ]
SQL: SHOW COLUMNS FROM `xgs_power` [ RunTime:0.0030s ]
SQL: SELECT * FROM `xgs_power` WHERE `fid` > 0  [ RunTime:0.0000s ]
NOTIC: [8] Undefined index: status E:\www\ssyp\Apps\Admin\Controller\BaseController.class.php 第 42 行.
SQL: SHOW COLUMNS FROM `xgs_orders` [ RunTime:0.0030s ]
SQL: SELECT COUNT(id) AS tp_count FROM xgs_orders o LIMIT 1   [ RunTime:0.0010s ]
SQL: SELECT * FROM `xgs_orders` ORDER BY id desc LIMIT 0,20   [ RunTime:0.0000s ]
SQL: SELECT SUM(ord_money) AS tp_sum FROM `xgs_orders` LIMIT 1   [ RunTime:0.0000s ]
SQL: SELECT SUM(score_money) AS tp_sum FROM `xgs_orders` LIMIT 1   [ RunTime:0.0000s ]
SQL: SELECT SUM(mail_price) AS tp_sum FROM `xgs_orders` LIMIT 1   [ RunTime:0.0010s ]
INFO: [ view_parse ] --START--
INFO: [ template_filter ] --START--
INFO: Run Behavior\ContentReplaceBehavior [ RunTime:0.000000s ]
INFO: [ template_filter ] --END-- [ RunTime:0.000000s ]
NOTIC: [8] Undefined index: headimgurl E:\www\ssyp\Apps\Runtime\Cache\Admin\52faf28ae49279dbf722132b13777e34.php 第 74 行.
NOTIC: [8] Undefined index: id_where E:\www\ssyp\Apps\Runtime\Cache\Admin\52faf28ae49279dbf722132b13777e34.php 第 139 行.
NOTIC: [8] Undefined index: bh_where E:\www\ssyp\Apps\Runtime\Cache\Admin\52faf28ae49279dbf722132b13777e34.php 第 146 行.
NOTIC: [8] Undefined index: pub_time_where_1 E:\www\ssyp\Apps\Runtime\Cache\Admin\52faf28ae49279dbf722132b13777e34.php 第 154 行.
NOTIC: [8] Undefined index: pub_time_where_2 E:\www\ssyp\Apps\Runtime\Cache\Admin\52faf28ae49279dbf722132b13777e34.php 第 155 行.
NOTIC: [8] Undefined index: status_where E:\www\ssyp\Apps\Runtime\Cache\Admin\52faf28ae49279dbf722132b13777e34.php 第 164 行.
NOTIC: [8] Undefined index: status_where E:\www\ssyp\Apps\Runtime\Cache\Admin\52faf28ae49279dbf722132b13777e34.php 第 165 行.
NOTIC: [8] Undefined index: status_where E:\www\ssyp\Apps\Runtime\Cache\Admin\52faf28ae49279dbf722132b13777e34.php 第 166 行.
NOTIC: [8] Undefined index: status_where E:\www\ssyp\Apps\Runtime\Cache\Admin\52faf28ae49279dbf722132b13777e34.php 第 167 行.
NOTIC: [8] Undefined index: status_where E:\www\ssyp\Apps\Runtime\Cache\Admin\52faf28ae49279dbf722132b13777e34.php 第 168 行.
INFO: Run Behavior\ParseTemplateBehavior [ RunTime:0.021001s ]
INFO: [ view_parse ] --END-- [ RunTime:0.021001s ]
INFO: [ view_filter ] --START--
INFO: Run Behavior\WriteHtmlCacheBehavior [ RunTime:0.001000s ]
INFO: [ view_filter ] --END-- [ RunTime:0.001000s ]
INFO: [ app_end ] --START--
INFO: Run Behavior\ShowPageTraceBehavior [ RunTime:0.001000s ]
INFO: [ app_end ] --END-- [ RunTime:0.001000s ]

[ 2017-12-15T09:41:20+08:00 ] 127.0.0.1 /ssyp/index.php/Admin/Money/index
INFO: [ app_init ] --START--
INFO: Run Behavior\BuildLiteBehavior [ RunTime:0.000000s ]
INFO: [ app_init ] --END-- [ RunTime:0.001000s ]
INFO: [ app_begin ] --START--
INFO: Run Behavior\ReadHtmlCacheBehavior [ RunTime:0.001000s ]
INFO: [ app_begin ] --END-- [ RunTime:0.001000s ]
SQL: SHOW COLUMNS FROM `xgs_admin` [ RunTime:0.0040s ]
SQL: SELECT `role_id`,`realname`,`login_number` FROM `xgs_admin` WHERE ( id="1" ) LIMIT 1   [ RunTime:0.0000s ]
SQL: SHOW COLUMNS FROM `xgs_role` [ RunTime:0.0040s ]
SQL: SELECT `power`,`role_name` FROM `xgs_role` WHERE ( id="-1" ) LIMIT 1   [ RunTime:0.0000s ]
SQL: SHOW COLUMNS FROM `xgs_power` [ RunTime:0.0040s ]
SQL: SELECT * FROM `xgs_power` WHERE `fid` > 0  [ RunTime:0.0000s ]
NOTIC: [8] Undefined index: status E:\www\ssyp\Apps\Admin\Controller\BaseController.class.php 第 42 行.
SQL: SHOW COLUMNS FROM `xgs_pay` [ RunTime:0.0200s ]
SQL: SELECT COUNT(id) AS tp_count FROM `xgs_pay` WHERE `status` = 1 LIMIT 1   [ RunTime:0.0010s ]
SQL: SELECT * FROM `xgs_pay` WHERE `status` = 1 ORDER BY id desc LIMIT 0,20   [ RunTime:0.0000s ]
INFO: [ view_parse ] --START--
INFO: [ template_filter ] --START--
INFO: Run Behavior\ContentReplaceBehavior [ RunTime:0.000000s ]
INFO: [ template_filter ] --END-- [ RunTime:0.000000s ]
NOTIC: [8] Undefined index: headimgurl E:\www\ssyp\Apps\Runtime\Cache\Admin\92a58a7463ea6cfbaf4b1428f6e89f30.php 第 77 行.
INFO: Run Behavior\ParseTemplateBehavior [ RunTime:0.024001s ]
INFO: [ view_parse ] --END-- [ RunTime:0.024001s ]
INFO: [ view_filter ] --START--
INFO: Run Behavior\WriteHtmlCacheBehavior [ RunTime:0.000000s ]
INFO: [ view_filter ] --END-- [ RunTime:0.000000s ]
INFO: [ app_end ] --START--
INFO: Run Behavior\ShowPageTraceBehavior [ RunTime:0.001001s ]
INFO: [ app_end ] --END-- [ RunTime:0.001001s ]

[ 2017-12-15T10:26:09+08:00 ] 127.0.0.1 /ssyp/index.php/Admin/Product/index
INFO: [ app_init ] --START--
INFO: Run Behavior\BuildLiteBehavior [ RunTime:0.000000s ]
INFO: [ app_init ] --END-- [ RunTime:0.000000s ]
INFO: [ app_begin ] --START--
INFO: Run Behavior\ReadHtmlCacheBehavior [ RunTime:0.000000s ]
INFO: [ app_begin ] --END-- [ RunTime:0.001000s ]
SQL: SHOW COLUMNS FROM `xgs_admin` [ RunTime:0.0050s ]
SQL: SELECT `role_id`,`realname`,`login_number` FROM `xgs_admin` WHERE ( id="1" ) LIMIT 1   [ RunTime:0.0000s ]
SQL: SHOW COLUMNS FROM `xgs_role` [ RunTime:0.0040s ]
SQL: SELECT `power`,`role_name` FROM `xgs_role` WHERE ( id="-1" ) LIMIT 1   [ RunTime:0.0010s ]
SQL: SHOW COLUMNS FROM `xgs_power` [ RunTime:0.0030s ]
SQL: SELECT * FROM `xgs_power` WHERE `fid` > 0  [ RunTime:0.0000s ]
NOTIC: [8] Undefined index: status E:\www\ssyp\Apps\Admin\Controller\BaseController.class.php 第 42 行.
SQL: SHOW COLUMNS FROM `xgs_product` [ RunTime:0.0040s ]
SQL: SELECT COUNT(p.id) AS tp_count FROM xgs_product p left JOIN xgs_category as cs on cs.id = status  LIMIT 1   [ RunTime:0.0000s ]
SQL: SELECT p.*,cs.c_name as status_str FROM xgs_product p left JOIN xgs_category as cs on cs.id = status  ORDER BY p.id desc LIMIT 0,20   [ RunTime:0.0000s ]
SQL: SHOW COLUMNS FROM `xgs_norms` [ RunTime:0.0030s ]
SQL: SHOW COLUMNS FROM `xgs_category` [ RunTime:0.0040s ]
SQL: SELECT * FROM `xgs_category` WHERE ( id in (9) )  [ RunTime:0.0000s ]
SQL: SELECT op.ord_number,o.status FROM xgs_product p INNER JOIN xgs_norms as n on n.pro_id = p.id INNER JOIN xgs_ordpro as op on n.id=op.norms_id INNER JOIN xgs_orders as o on op.ord_id=o.id  WHERE o.pub_time BETWEEN '0 ' AND ' 9999999999' AND p.id = '2'  [ RunTime:0.0010s ]
SQL: SELECT * FROM `xgs_norms` WHERE ( pro_id="2" )  [ RunTime:0.0000s ]
SQL: SELECT * FROM `xgs_category` WHERE ( id in (9) )  [ RunTime:0.0010s ]
SQL: SELECT op.ord_number,o.status FROM xgs_product p INNER JOIN xgs_norms as n on n.pro_id = p.id INNER JOIN xgs_ordpro as op on n.id=op.norms_id INNER JOIN xgs_orders as o on op.ord_id=o.id  WHERE o.pub_time BETWEEN '0 ' AND ' 9999999999' AND p.id = '1'  [ RunTime:0.0000s ]
SQL: SELECT * FROM `xgs_norms` WHERE ( pro_id="1" )  [ RunTime:0.0000s ]
SQL: SELECT op.ord_number,o.status FROM xgs_product p INNER JOIN xgs_norms as n on n.pro_id = p.id INNER JOIN xgs_ordpro as op on n.id=op.norms_id INNER JOIN xgs_orders as o on op.ord_id=o.id  WHERE o.pub_time BETWEEN '0 ' AND ' 9999999999'  [ RunTime:0.0010s ]
SQL: SELECT SUM(number_norms) AS tp_sum FROM xgs_product p INNER JOIN xgs_norms as c on p.id = pro_id  LIMIT 1   [ RunTime:0.0000s ]
INFO: [ view_parse ] --START--
INFO: [ template_filter ] --START--
INFO: Run Behavior\ContentReplaceBehavior [ RunTime:0.000000s ]
INFO: [ template_filter ] --END-- [ RunTime:0.000000s ]
NOTIC: [8] Undefined index: headimgurl E:\www\ssyp\Apps\Runtime\Cache\Admin\ff5284c55541268002e4c7802b5ab64b.php 第 77 行.
NOTIC: [8] Undefined index: p_pub_time_where_1 E:\www\ssyp\Apps\Runtime\Cache\Admin\ff5284c55541268002e4c7802b5ab64b.php 第 142 行.
NOTIC: [8] Undefined index: p_pub_time_where_2 E:\www\ssyp\Apps\Runtime\Cache\Admin\ff5284c55541268002e4c7802b5ab64b.php 第 143 行.
NOTIC: [8] Undefined index: supply_where E:\www\ssyp\Apps\Runtime\Cache\Admin\ff5284c55541268002e4c7802b5ab64b.php 第 151 行.
NOTIC: [8] Undefined index: start E:\www\ssyp\Apps\Runtime\Cache\Admin\ff5284c55541268002e4c7802b5ab64b.php 第 158 行.
NOTIC: [8] Undefined index: end E:\www\ssyp\Apps\Runtime\Cache\Admin\ff5284c55541268002e4c7802b5ab64b.php 第 159 行.
INFO: Run Behavior\ParseTemplateBehavior [ RunTime:0.015001s ]
INFO: [ view_parse ] --END-- [ RunTime:0.015001s ]
INFO: [ view_filter ] --START--
INFO: Run Behavior\WriteHtmlCacheBehavior [ RunTime:0.000000s ]
INFO: [ view_filter ] --END-- [ RunTime:0.000000s ]
INFO: [ app_end ] --START--
INFO: Run Behavior\ShowPageTraceBehavior [ RunTime:0.001000s ]
INFO: [ app_end ] --END-- [ RunTime:0.001000s ]

[ 2017-12-15T10:26:12+08:00 ] 127.0.0.1 /ssyp/index.php/Admin/Product/update/id/2
INFO: [ app_init ] --START--
INFO: Run Behavior\BuildLiteBehavior [ RunTime:0.000000s ]
INFO: [ app_init ] --END-- [ RunTime:0.000000s ]
INFO: [ app_begin ] --START--
INFO: Run Behavior\ReadHtmlCacheBehavior [ RunTime:0.001000s ]
INFO: [ app_begin ] --END-- [ RunTime:0.001000s ]
SQL: SHOW COLUMNS FROM `xgs_admin` [ RunTime:0.0030s ]
SQL: SELECT `role_id`,`realname`,`login_number` FROM `xgs_admin` WHERE ( id="1" ) LIMIT 1   [ RunTime:0.0010s ]
SQL: SHOW COLUMNS FROM `xgs_role` [ RunTime:0.0030s ]
SQL: SELECT `power`,`role_name` FROM `xgs_role` WHERE ( id="-1" ) LIMIT 1   [ RunTime:0.0000s ]
SQL: SHOW COLUMNS FROM `xgs_power` [ RunTime:0.0040s ]
SQL: SELECT * FROM `xgs_power` WHERE `fid` > 0  [ RunTime:0.0000s ]
NOTIC: [8] Undefined index: status E:\www\ssyp\Apps\Admin\Controller\BaseController.class.php 第 42 行.
SQL: SHOW COLUMNS FROM `xgs_product` [ RunTime:0.0040s ]
SQL: SELECT * FROM `xgs_product` WHERE ( id="2" ) LIMIT 1   [ RunTime:0.0010s ]
SQL: SHOW COLUMNS FROM `xgs_seller` [ RunTime:0.0240s ]
SQL: SELECT `cat_list` FROM `xgs_seller` WHERE ( id="0" ) LIMIT 1   [ RunTime:0.0000s ]
SQL: SHOW COLUMNS FROM `xgs_category` [ RunTime:0.0030s ]
SQL: SELECT `id`,`c_name` FROM `xgs_category` WHERE `fid` = 0 AND `c_status` = 1  [ RunTime:0.0010s ]
SQL: SELECT * FROM `xgs_category` WHERE `c_status` = 2  [ RunTime:0.0000s ]
NOTIC: [2] Invalid argument supplied for foreach() E:\www\ssyp\Apps\Admin\Controller\ProductController.class.php 第 165 行.
NOTIC: [2] Invalid argument supplied for foreach() E:\www\ssyp\Apps\Admin\Controller\ProductController.class.php 第 165 行.
SQL: SHOW COLUMNS FROM `xgs_images` [ RunTime:0.0250s ]
SQL: SELECT * FROM `xgs_images` WHERE ( pro_id="2" )  [ RunTime:0.0000s ]
INFO: [ view_parse ] --START--
INFO: [ template_filter ] --START--
INFO: Run Behavior\ContentReplaceBehavior [ RunTime:0.000000s ]
INFO: [ template_filter ] --END-- [ RunTime:0.000000s ]
NOTIC: [8] Undefined index: headimgurl E:\www\ssyp\Apps\Runtime\Cache\Admin\1bbd7ffe3d3dbbde704dd2b8084d10cc.php 第 86 行.
NOTIC: [8] Undefined index: supply E:\www\ssyp\Apps\Runtime\Cache\Admin\1bbd7ffe3d3dbbde704dd2b8084d10cc.php 第 179 行.
NOTIC: [8] Undefined index: pro_images E:\www\ssyp\Apps\Runtime\Cache\Admin\1bbd7ffe3d3dbbde704dd2b8084d10cc.php 第 401 行.
INFO: Run Behavior\ParseTemplateBehavior [ RunTime:0.040002s ]
INFO: [ view_parse ] --END-- [ RunTime:0.040002s ]
INFO: [ view_filter ] --START--
INFO: Run Behavior\WriteHtmlCacheBehavior [ RunTime:0.000000s ]
INFO: [ view_filter ] --END-- [ RunTime:0.000000s ]
INFO: [ app_end ] --START--
INFO: Run Behavior\ShowPageTraceBehavior [ RunTime:0.000000s ]
INFO: [ app_end ] --END-- [ RunTime:0.000000s ]

[ 2017-12-15T10:31:38+08:00 ] 127.0.0.1 /ssyp/index.php/Admin/Product/update/id/2
INFO: [ app_init ] --START--
INFO: Run Behavior\BuildLiteBehavior [ RunTime:0.000000s ]
INFO: [ app_init ] --END-- [ RunTime:0.000000s ]
INFO: [ app_begin ] --START--
INFO: Run Behavior\ReadHtmlCacheBehavior [ RunTime:0.001000s ]
INFO: [ app_begin ] --END-- [ RunTime:0.001000s ]
SQL: SHOW COLUMNS FROM `xgs_admin` [ RunTime:0.0040s ]
SQL: SELECT `role_id`,`realname`,`login_number` FROM `xgs_admin` WHERE ( id="1" ) LIMIT 1   [ RunTime:0.0010s ]
SQL: SHOW COLUMNS FROM `xgs_role` [ RunTime:0.0040s ]
SQL: SELECT `power`,`role_name` FROM `xgs_role` WHERE ( id="-1" ) LIMIT 1   [ RunTime:0.0000s ]
SQL: SHOW COLUMNS FROM `xgs_power` [ RunTime:0.0040s ]
SQL: SELECT * FROM `xgs_power` WHERE `fid` > 0  [ RunTime:0.0010s ]
NOTIC: [8] Undefined index: status E:\www\ssyp\Apps\Admin\Controller\BaseController.class.php 第 42 行.
SQL: SHOW COLUMNS FROM `xgs_product` [ RunTime:0.0050s ]
SQL: SELECT * FROM `xgs_product` WHERE ( id="2" ) LIMIT 1   [ RunTime:0.0000s ]
SQL: SHOW COLUMNS FROM `xgs_seller` [ RunTime:0.0040s ]
SQL: SELECT `cat_list` FROM `xgs_seller` WHERE ( id="0" ) LIMIT 1   [ RunTime:0.0000s ]
SQL: SHOW COLUMNS FROM `xgs_category` [ RunTime:0.0040s ]
SQL: SELECT `id`,`c_name` FROM `xgs_category` WHERE `fid` = 0 AND `c_status` = 1  [ RunTime:0.0010s ]
SQL: SELECT * FROM `xgs_category` WHERE `c_status` = 2  [ RunTime:0.0000s ]
NOTIC: [2] Invalid argument supplied for foreach() E:\www\ssyp\Apps\Admin\Controller\ProductController.class.php 第 165 行.
NOTIC: [2] Invalid argument supplied for foreach() E:\www\ssyp\Apps\Admin\Controller\ProductController.class.php 第 165 行.
SQL: SHOW COLUMNS FROM `xgs_images` [ RunTime:0.0040s ]
SQL: SELECT * FROM `xgs_images` WHERE ( pro_id="2" )  [ RunTime:0.0000s ]
INFO: [ view_parse ] --START--
INFO: [ template_filter ] --START--
INFO: Run Behavior\ContentReplaceBehavior [ RunTime:0.001000s ]
INFO: [ template_filter ] --END-- [ RunTime:0.001000s ]
NOTIC: [8] Undefined index: headimgurl E:\www\ssyp\Apps\Runtime\Cache\Admin\1bbd7ffe3d3dbbde704dd2b8084d10cc.php 第 86 行.
NOTIC: [8] Undefined index: supply E:\www\ssyp\Apps\Runtime\Cache\Admin\1bbd7ffe3d3dbbde704dd2b8084d10cc.php 第 179 行.
NOTIC: [8] Undefined index: pro_images E:\www\ssyp\Apps\Runtime\Cache\Admin\1bbd7ffe3d3dbbde704dd2b8084d10cc.php 第 401 行.
INFO: Run Behavior\ParseTemplateBehavior [ RunTime:0.018001s ]
INFO: [ view_parse ] --END-- [ RunTime:0.019001s ]
INFO: [ view_filter ] --START--
INFO: Run Behavior\WriteHtmlCacheBehavior [ RunTime:0.001000s ]
INFO: [ view_filter ] --END-- [ RunTime:0.001000s ]
INFO: [ app_end ] --START--
INFO: Run Behavior\ShowPageTraceBehavior [ RunTime:0.001000s ]
INFO: [ app_end ] --END-- [ RunTime:0.001000s ]

