[ 2017-11-24T16:26:03+08:00 ] 127.0.0.1 /ssyp/
INFO: [ app_init ] --START--
INFO: Run Behavior\BuildLiteBehavior [ RunTime:0.000000s ]
INFO: [ app_init ] --END-- [ RunTime:0.002000s ]
INFO: [ app_begin ] --START--
INFO: Run Behavior\ReadHtmlCacheBehavior [ RunTime:0.001000s ]
INFO: [ app_begin ] --END-- [ RunTime:0.001000s ]
SQL: SHOW COLUMNS FROM `xgs_admin` [ RunTime:0.0400s ]
SQL: SELECT `role_id`,`realname`,`login_number` FROM `xgs_admin` WHERE ( id="1" ) LIMIT 1   [ RunTime:0.0010s ]
SQL: SHOW COLUMNS FROM `xgs_role` [ RunTime:0.0360s ]
SQL: SELECT `power`,`role_name` FROM `xgs_role` WHERE ( id="-1" ) LIMIT 1   [ RunTime:0.0010s ]
SQL: SHOW COLUMNS FROM `xgs_power` [ RunTime:0.0180s ]
SQL: SELECT * FROM `xgs_power` WHERE `fid` > 0  [ RunTime:0.0010s ]
NOTIC: [8] Undefined index: status E:\www\ssyp\Apps\Admin\Controller\BaseController.class.php 第 42 行.
INFO: [ view_parse ] --START--
INFO: [ template_filter ] --START--
INFO: Run Behavior\ContentReplaceBehavior [ RunTime:0.000000s ]
INFO: [ template_filter ] --END-- [ RunTime:0.001000s ]
NOTIC: [8] Undefined variable: title E:\www\ssyp\Apps\Runtime\Cache\Admin\859e94050170c96367cb52465a51a945.php 第 16 行.
NOTIC: [8] Undefined index: headimgurl E:\www\ssyp\Apps\Runtime\Cache\Admin\859e94050170c96367cb52465a51a945.php 第 70 行.
INFO: Run Behavior\ParseTemplateBehavior [ RunTime:0.036002s ]
INFO: [ view_parse ] --END-- [ RunTime:0.036002s ]
INFO: [ view_filter ] --START--
INFO: Run Behavior\WriteHtmlCacheBehavior [ RunTime:0.001000s ]
INFO: [ view_filter ] --END-- [ RunTime:0.001000s ]
INFO: [ app_end ] --START--
INFO: Run Behavior\ShowPageTraceBehavior [ RunTime:0.001000s ]
INFO: [ app_end ] --END-- [ RunTime:0.001000s ]

[ 2017-11-24T16:27:30+08:00 ] 127.0.0.1 /ssyp/index.php/Admin/Product/index
INFO: [ app_init ] --START--
INFO: Run Behavior\BuildLiteBehavior [ RunTime:0.000000s ]
INFO: [ app_init ] --END-- [ RunTime:0.001000s ]
INFO: [ app_begin ] --START--
INFO: Run Behavior\ReadHtmlCacheBehavior [ RunTime:0.001000s ]
INFO: [ app_begin ] --END-- [ RunTime:0.001000s ]
SQL: SHOW COLUMNS FROM `xgs_admin` [ RunTime:0.0050s ]
SQL: SELECT `role_id`,`realname`,`login_number` FROM `xgs_admin` WHERE ( id="1" ) LIMIT 1   [ RunTime:0.0000s ]
SQL: SHOW COLUMNS FROM `xgs_role` [ RunTime:0.0050s ]
SQL: SELECT `power`,`role_name` FROM `xgs_role` WHERE ( id="-1" ) LIMIT 1   [ RunTime:0.0000s ]
SQL: SHOW COLUMNS FROM `xgs_power` [ RunTime:0.0050s ]
SQL: SELECT * FROM `xgs_power` WHERE `fid` > 0  [ RunTime:0.0000s ]
NOTIC: [8] Undefined index: status E:\www\ssyp\Apps\Admin\Controller\BaseController.class.php 第 42 行.
SQL: SHOW COLUMNS FROM `xgs_product` [ RunTime:0.0330s ]
SQL: SELECT COUNT(p.id) AS tp_count FROM xgs_product p left JOIN xgs_category as cs on cs.id = status  LIMIT 1   [ RunTime:0.0060s ]
SQL: SELECT p.*,cs.c_name as status_str FROM xgs_product p left JOIN xgs_category as cs on cs.id = status  ORDER BY p.id desc LIMIT 0,20   [ RunTime:0.0010s ]
SQL: SHOW COLUMNS FROM `xgs_norms` [ RunTime:0.0360s ]
SQL: SHOW COLUMNS FROM `xgs_category` [ RunTime:0.0060s ]
SQL: SELECT * FROM `xgs_category` WHERE ( id in (9) )  [ RunTime:0.0000s ]
SQL: SELECT op.ord_number,o.status FROM xgs_product p INNER JOIN xgs_norms as n on n.pro_id = p.id INNER JOIN xgs_ordpro as op on n.id=op.norms_id INNER JOIN xgs_orders as o on op.ord_id=o.id  WHERE o.pub_time BETWEEN '0 ' AND ' 9999999999' AND p.id = '2'  [ RunTime:0.0170s ]
SQL: SELECT * FROM `xgs_norms` WHERE ( pro_id="2" )  [ RunTime:0.0010s ]
SQL: SELECT * FROM `xgs_category` WHERE ( id in (9) )  [ RunTime:0.0000s ]
SQL: SELECT op.ord_number,o.status FROM xgs_product p INNER JOIN xgs_norms as n on n.pro_id = p.id INNER JOIN xgs_ordpro as op on n.id=op.norms_id INNER JOIN xgs_orders as o on op.ord_id=o.id  WHERE o.pub_time BETWEEN '0 ' AND ' 9999999999' AND p.id = '1'  [ RunTime:0.0000s ]
SQL: SELECT * FROM `xgs_norms` WHERE ( pro_id="1" )  [ RunTime:0.0010s ]
SQL: SELECT op.ord_number,o.status FROM xgs_product p INNER JOIN xgs_norms as n on n.pro_id = p.id INNER JOIN xgs_ordpro as op on n.id=op.norms_id INNER JOIN xgs_orders as o on op.ord_id=o.id  WHERE o.pub_time BETWEEN '0 ' AND ' 9999999999'  [ RunTime:0.0000s ]
SQL: SELECT SUM(number_norms) AS tp_sum FROM xgs_product p INNER JOIN xgs_norms as c on p.id = pro_id  LIMIT 1   [ RunTime:0.0000s ]
INFO: [ view_parse ] --START--
INFO: [ template_filter ] --START--
INFO: Run Behavior\ContentReplaceBehavior [ RunTime:0.000000s ]
INFO: [ template_filter ] --END-- [ RunTime:0.000000s ]
NOTIC: [8] Undefined index: headimgurl E:\www\ssyp\Apps\Runtime\Cache\Admin\ff5284c55541268002e4c7802b5ab64b.php 第 77 行.
NOTIC: [8] Undefined index: p_pub_time_where_1 E:\www\ssyp\Apps\Runtime\Cache\Admin\ff5284c55541268002e4c7802b5ab64b.php 第 142 行.
NOTIC: [8] Undefined index: p_pub_time_where_2 E:\www\ssyp\Apps\Runtime\Cache\Admin\ff5284c55541268002e4c7802b5ab64b.php 第 143 行.
NOTIC: [8] Undefined index: supply_where E:\www\ssyp\Apps\Runtime\Cache\Admin\ff5284c55541268002e4c7802b5ab64b.php 第 151 行.
NOTIC: [8] Undefined index: start E:\www\ssyp\Apps\Runtime\Cache\Admin\ff5284c55541268002e4c7802b5ab64b.php 第 158 行.
NOTIC: [8] Undefined index: end E:\www\ssyp\Apps\Runtime\Cache\Admin\ff5284c55541268002e4c7802b5ab64b.php 第 159 行.
INFO: Run Behavior\ParseTemplateBehavior [ RunTime:0.036002s ]
INFO: [ view_parse ] --END-- [ RunTime:0.036002s ]
INFO: [ view_filter ] --START--
INFO: Run Behavior\WriteHtmlCacheBehavior [ RunTime:0.001000s ]
INFO: [ view_filter ] --END-- [ RunTime:0.001000s ]
INFO: [ app_end ] --START--
INFO: Run Behavior\ShowPageTraceBehavior [ RunTime:0.001000s ]
INFO: [ app_end ] --END-- [ RunTime:0.001000s ]

[ 2017-11-24T16:27:33+08:00 ] 127.0.0.1 /ssyp/index.php/Admin/Product/update/id/2
INFO: [ app_init ] --START--
INFO: Run Behavior\BuildLiteBehavior [ RunTime:0.000000s ]
INFO: [ app_init ] --END-- [ RunTime:0.000000s ]
INFO: [ app_begin ] --START--
INFO: Run Behavior\ReadHtmlCacheBehavior [ RunTime:0.001000s ]
INFO: [ app_begin ] --END-- [ RunTime:0.001000s ]
SQL: SHOW COLUMNS FROM `xgs_admin` [ RunTime:0.0030s ]
SQL: SELECT `role_id`,`realname`,`login_number` FROM `xgs_admin` WHERE ( id="1" ) LIMIT 1   [ RunTime:0.0000s ]
SQL: SHOW COLUMNS FROM `xgs_role` [ RunTime:0.0030s ]
SQL: SELECT `power`,`role_name` FROM `xgs_role` WHERE ( id="-1" ) LIMIT 1   [ RunTime:0.0000s ]
SQL: SHOW COLUMNS FROM `xgs_power` [ RunTime:0.0040s ]
SQL: SELECT * FROM `xgs_power` WHERE `fid` > 0  [ RunTime:0.0000s ]
NOTIC: [8] Undefined index: status E:\www\ssyp\Apps\Admin\Controller\BaseController.class.php 第 42 行.
SQL: SHOW COLUMNS FROM `xgs_product` [ RunTime:0.0040s ]
SQL: SELECT * FROM `xgs_product` WHERE ( id="2" ) LIMIT 1   [ RunTime:0.0010s ]
SQL: SHOW COLUMNS FROM `xgs_category` [ RunTime:0.0030s ]
SQL: SELECT `id`,`c_name` FROM `xgs_category` WHERE `fid` = 0 AND `c_status` = 1  [ RunTime:0.0000s ]
SQL: SELECT * FROM `xgs_category` WHERE `c_status` = 2  [ RunTime:0.0010s ]
NOTIC: [2] Invalid argument supplied for foreach() E:\www\ssyp\Apps\Admin\Controller\ProductController.class.php 第 162 行.
NOTIC: [2] Invalid argument supplied for foreach() E:\www\ssyp\Apps\Admin\Controller\ProductController.class.php 第 162 行.
SQL: SHOW COLUMNS FROM `xgs_images` [ RunTime:0.0100s ]
SQL: SELECT * FROM `xgs_images` WHERE ( pro_id="2" )  [ RunTime:0.0000s ]
INFO: [ view_parse ] --START--
INFO: [ template_filter ] --START--
INFO: Run Behavior\ContentReplaceBehavior [ RunTime:0.000000s ]
INFO: [ template_filter ] --END-- [ RunTime:0.000000s ]
NOTIC: [8] Undefined index: headimgurl E:\www\ssyp\Apps\Runtime\Cache\Admin\1bbd7ffe3d3dbbde704dd2b8084d10cc.php 第 86 行.
NOTIC: [8] Undefined index: supply E:\www\ssyp\Apps\Runtime\Cache\Admin\1bbd7ffe3d3dbbde704dd2b8084d10cc.php 第 179 行.
NOTIC: [8] Undefined index: pro_images E:\www\ssyp\Apps\Runtime\Cache\Admin\1bbd7ffe3d3dbbde704dd2b8084d10cc.php 第 401 行.
INFO: Run Behavior\ParseTemplateBehavior [ RunTime:0.039002s ]
INFO: [ view_parse ] --END-- [ RunTime:0.039002s ]
INFO: [ view_filter ] --START--
INFO: Run Behavior\WriteHtmlCacheBehavior [ RunTime:0.001000s ]
INFO: [ view_filter ] --END-- [ RunTime:0.001000s ]
INFO: [ app_end ] --START--
INFO: Run Behavior\ShowPageTraceBehavior [ RunTime:0.001000s ]
INFO: [ app_end ] --END-- [ RunTime:0.001000s ]

[ 2017-11-24T16:34:59+08:00 ] 127.0.0.1 /ssyp/index.php/Admin/Message/index
INFO: [ app_init ] --START--
INFO: Run Behavior\BuildLiteBehavior [ RunTime:0.001000s ]
INFO: [ app_init ] --END-- [ RunTime:0.001000s ]
INFO: [ app_begin ] --START--
INFO: Run Behavior\ReadHtmlCacheBehavior [ RunTime:0.002000s ]
INFO: [ app_begin ] --END-- [ RunTime:0.002000s ]
SQL: SHOW COLUMNS FROM `xgs_admin` [ RunTime:0.0040s ]
SQL: SELECT `role_id`,`realname`,`login_number` FROM `xgs_admin` WHERE ( id="1" ) LIMIT 1   [ RunTime:0.0000s ]
SQL: SHOW COLUMNS FROM `xgs_role` [ RunTime:0.0030s ]
SQL: SELECT `power`,`role_name` FROM `xgs_role` WHERE ( id="-1" ) LIMIT 1   [ RunTime:0.0000s ]
SQL: SHOW COLUMNS FROM `xgs_power` [ RunTime:0.0030s ]
SQL: SELECT * FROM `xgs_power` WHERE `fid` > 0  [ RunTime:0.0000s ]
NOTIC: [8] Undefined index: status E:\www\ssyp\Apps\Admin\Controller\BaseController.class.php 第 42 行.
SQL: SELECT * FROM `xgs_admin` WHERE ( id="1" ) LIMIT 1   [ RunTime:0.0000s ]
SQL: SHOW COLUMNS FROM `xgs_user` [ RunTime:0.0300s ]
SQL: SELECT u.id,`headimgurl`,`nickname`,max(m.id) as max_id FROM xgs_user u INNER JOIN xgs_message as m on substring(m_from,3)=u.id  WHERE ( m_to="a_1" ) GROUP BY u.id ORDER BY max_id desc  [ RunTime:0.0020s ]
INFO: [ view_parse ] --START--
INFO: [ template_filter ] --START--
INFO: Run Behavior\ContentReplaceBehavior [ RunTime:0.000000s ]
INFO: [ template_filter ] --END-- [ RunTime:0.000000s ]
NOTIC: [8] Undefined variable: title E:\www\ssyp\Apps\Runtime\Cache\Admin\70f238bbbf283859345ba44ad510998e.php 第 16 行.
NOTIC: [8] Undefined index: lawyerLogin E:\www\ssyp\Apps\Runtime\Cache\Admin\70f238bbbf283859345ba44ad510998e.php 第 73 行.
NOTIC: [8] Undefined index: lawyerLogin E:\www\ssyp\Apps\Runtime\Cache\Admin\70f238bbbf283859345ba44ad510998e.php 第 74 行.
NOTIC: [8] Undefined index: headimgurl E:\www\ssyp\Apps\Runtime\Cache\Admin\70f238bbbf283859345ba44ad510998e.php 第 140 行.
NOTIC: [8] Undefined variable: type E:\www\ssyp\Apps\Runtime\Cache\Admin\70f238bbbf283859345ba44ad510998e.php 第 273 行.
NOTIC: [8] Undefined variable: type E:\www\ssyp\Apps\Runtime\Cache\Admin\70f238bbbf283859345ba44ad510998e.php 第 311 行.
INFO: Run Behavior\ParseTemplateBehavior [ RunTime:0.049002s ]
INFO: [ view_parse ] --END-- [ RunTime:0.049002s ]
INFO: [ view_filter ] --START--
INFO: Run Behavior\WriteHtmlCacheBehavior [ RunTime:0.000000s ]
INFO: [ view_filter ] --END-- [ RunTime:0.001000s ]
INFO: [ app_end ] --START--
INFO: Run Behavior\ShowPageTraceBehavior [ RunTime:0.001001s ]
INFO: [ app_end ] --END-- [ RunTime:0.001001s ]

[ 2017-11-24T16:34:59+08:00 ] 127.0.0.1 /ssyp/index.php/Admin/Message/getRead
INFO: [ app_init ] --START--
INFO: Run Behavior\BuildLiteBehavior [ RunTime:0.001000s ]
INFO: [ app_init ] --END-- [ RunTime:0.001000s ]
INFO: [ app_begin ] --START--
INFO: Run Behavior\ReadHtmlCacheBehavior [ RunTime:0.001000s ]
INFO: [ app_begin ] --END-- [ RunTime:0.001000s ]
SQL: SHOW COLUMNS FROM `xgs_admin` [ RunTime:0.0030s ]
SQL: SELECT `role_id`,`realname`,`login_number` FROM `xgs_admin` WHERE ( id="1" ) LIMIT 1   [ RunTime:0.0010s ]
SQL: SHOW COLUMNS FROM `xgs_role` [ RunTime:0.0030s ]
SQL: SELECT `power`,`role_name` FROM `xgs_role` WHERE ( id="-1" ) LIMIT 1   [ RunTime:0.0010s ]
SQL: SHOW COLUMNS FROM `xgs_power` [ RunTime:0.0030s ]
SQL: SELECT * FROM `xgs_power` WHERE `fid` > 0  [ RunTime:0.0010s ]
NOTIC: [8] Undefined index: status E:\www\ssyp\Apps\Admin\Controller\BaseController.class.php 第 42 行.
SQL: SHOW COLUMNS FROM `xgs_message` [ RunTime:0.0030s ]
SQL: SELECT count(m.id) as num,u.id,`nickname`,`headimgurl`,CONCAT("u_",u.id) as m_from FROM xgs_message m INNER JOIN xgs_user as u on u.id = substring(m_from,3)  WHERE `isread` = 0 AND `m_to` = 'a_1' GROUP BY u.id  [ RunTime:0.0010s ]

[ 2017-11-24T16:35:01+08:00 ] 127.0.0.1 /ssyp/index.php/Admin/Orders/index
INFO: [ app_init ] --START--
INFO: Run Behavior\BuildLiteBehavior [ RunTime:0.000000s ]
INFO: [ app_init ] --END-- [ RunTime:0.000000s ]
INFO: [ app_begin ] --START--
INFO: Run Behavior\ReadHtmlCacheBehavior [ RunTime:0.001000s ]
INFO: [ app_begin ] --END-- [ RunTime:0.001000s ]
SQL: SHOW COLUMNS FROM `xgs_admin` [ RunTime:0.0030s ]
SQL: SELECT `role_id`,`realname`,`login_number` FROM `xgs_admin` WHERE ( id="1" ) LIMIT 1   [ RunTime:0.0010s ]
SQL: SHOW COLUMNS FROM `xgs_role` [ RunTime:0.0030s ]
SQL: SELECT `power`,`role_name` FROM `xgs_role` WHERE ( id="-1" ) LIMIT 1   [ RunTime:0.0000s ]
SQL: SHOW COLUMNS FROM `xgs_power` [ RunTime:0.0030s ]
SQL: SELECT * FROM `xgs_power` WHERE `fid` > 0  [ RunTime:0.0010s ]
NOTIC: [8] Undefined index: status E:\www\ssyp\Apps\Admin\Controller\BaseController.class.php 第 42 行.
SQL: SHOW COLUMNS FROM `xgs_orders` [ RunTime:0.0030s ]
SQL: SELECT COUNT(id) AS tp_count FROM xgs_orders o LIMIT 1   [ RunTime:0.0000s ]
SQL: SELECT * FROM `xgs_orders` ORDER BY id desc LIMIT 0,20   [ RunTime:0.0000s ]
SQL: SELECT SUM(ord_money) AS tp_sum FROM `xgs_orders` LIMIT 1   [ RunTime:0.0000s ]
SQL: SELECT SUM(score_money) AS tp_sum FROM `xgs_orders` LIMIT 1   [ RunTime:0.0010s ]
SQL: SELECT SUM(mail_price) AS tp_sum FROM `xgs_orders` LIMIT 1   [ RunTime:0.0000s ]
INFO: [ view_parse ] --START--
INFO: [ template_filter ] --START--
INFO: Run Behavior\ContentReplaceBehavior [ RunTime:0.001000s ]
INFO: [ template_filter ] --END-- [ RunTime:0.001000s ]
NOTIC: [8] Undefined index: headimgurl E:\www\ssyp\Apps\Runtime\Cache\Admin\52faf28ae49279dbf722132b13777e34.php 第 74 行.
NOTIC: [8] Undefined index: id_where E:\www\ssyp\Apps\Runtime\Cache\Admin\52faf28ae49279dbf722132b13777e34.php 第 139 行.
NOTIC: [8] Undefined index: bh_where E:\www\ssyp\Apps\Runtime\Cache\Admin\52faf28ae49279dbf722132b13777e34.php 第 146 行.
NOTIC: [8] Undefined index: pub_time_where_1 E:\www\ssyp\Apps\Runtime\Cache\Admin\52faf28ae49279dbf722132b13777e34.php 第 154 行.
NOTIC: [8] Undefined index: pub_time_where_2 E:\www\ssyp\Apps\Runtime\Cache\Admin\52faf28ae49279dbf722132b13777e34.php 第 155 行.
NOTIC: [8] Undefined index: status_where E:\www\ssyp\Apps\Runtime\Cache\Admin\52faf28ae49279dbf722132b13777e34.php 第 164 行.
NOTIC: [8] Undefined index: status_where E:\www\ssyp\Apps\Runtime\Cache\Admin\52faf28ae49279dbf722132b13777e34.php 第 165 行.
NOTIC: [8] Undefined index: status_where E:\www\ssyp\Apps\Runtime\Cache\Admin\52faf28ae49279dbf722132b13777e34.php 第 166 行.
NOTIC: [8] Undefined index: status_where E:\www\ssyp\Apps\Runtime\Cache\Admin\52faf28ae49279dbf722132b13777e34.php 第 167 行.
NOTIC: [8] Undefined index: status_where E:\www\ssyp\Apps\Runtime\Cache\Admin\52faf28ae49279dbf722132b13777e34.php 第 168 行.
INFO: Run Behavior\ParseTemplateBehavior [ RunTime:0.027002s ]
INFO: [ view_parse ] --END-- [ RunTime:0.027002s ]
INFO: [ view_filter ] --START--
INFO: Run Behavior\WriteHtmlCacheBehavior [ RunTime:0.000000s ]
INFO: [ view_filter ] --END-- [ RunTime:0.000000s ]
INFO: [ app_end ] --START--
INFO: Run Behavior\ShowPageTraceBehavior [ RunTime:0.000000s ]
INFO: [ app_end ] --END-- [ RunTime:0.000000s ]

[ 2017-11-24T16:35:18+08:00 ] 127.0.0.1 /ssyp/index.php/Admin/Product/index
INFO: [ app_init ] --START--
INFO: Run Behavior\BuildLiteBehavior [ RunTime:0.000000s ]
INFO: [ app_init ] --END-- [ RunTime:0.001000s ]
INFO: [ app_begin ] --START--
INFO: Run Behavior\ReadHtmlCacheBehavior [ RunTime:0.001000s ]
INFO: [ app_begin ] --END-- [ RunTime:0.001000s ]
SQL: SHOW COLUMNS FROM `xgs_admin` [ RunTime:0.0030s ]
SQL: SELECT `role_id`,`realname`,`login_number` FROM `xgs_admin` WHERE ( id="1" ) LIMIT 1   [ RunTime:0.0000s ]
SQL: SHOW COLUMNS FROM `xgs_role` [ RunTime:0.0030s ]
SQL: SELECT `power`,`role_name` FROM `xgs_role` WHERE ( id="-1" ) LIMIT 1   [ RunTime:0.0010s ]
SQL: SHOW COLUMNS FROM `xgs_power` [ RunTime:0.0030s ]
SQL: SELECT * FROM `xgs_power` WHERE `fid` > 0  [ RunTime:0.0000s ]
NOTIC: [8] Undefined index: status E:\www\ssyp\Apps\Admin\Controller\BaseController.class.php 第 42 行.
SQL: SHOW COLUMNS FROM `xgs_product` [ RunTime:0.0040s ]
SQL: SELECT COUNT(p.id) AS tp_count FROM xgs_product p left JOIN xgs_category as cs on cs.id = status  LIMIT 1   [ RunTime:0.0010s ]
SQL: SELECT p.*,cs.c_name as status_str FROM xgs_product p left JOIN xgs_category as cs on cs.id = status  ORDER BY p.id desc LIMIT 0,20   [ RunTime:0.0000s ]
SQL: SHOW COLUMNS FROM `xgs_norms` [ RunTime:0.0030s ]
SQL: SHOW COLUMNS FROM `xgs_category` [ RunTime:0.0030s ]
SQL: SELECT * FROM `xgs_category` WHERE ( id in (9) )  [ RunTime:0.0000s ]
SQL: SELECT op.ord_number,o.status FROM xgs_product p INNER JOIN xgs_norms as n on n.pro_id = p.id INNER JOIN xgs_ordpro as op on n.id=op.norms_id INNER JOIN xgs_orders as o on op.ord_id=o.id  WHERE o.pub_time BETWEEN '0 ' AND ' 9999999999' AND p.id = '2'  [ RunTime:0.0000s ]
SQL: SELECT * FROM `xgs_norms` WHERE ( pro_id="2" )  [ RunTime:0.0000s ]
SQL: SELECT * FROM `xgs_category` WHERE ( id in (9) )  [ RunTime:0.0010s ]
SQL: SELECT op.ord_number,o.status FROM xgs_product p INNER JOIN xgs_norms as n on n.pro_id = p.id INNER JOIN xgs_ordpro as op on n.id=op.norms_id INNER JOIN xgs_orders as o on op.ord_id=o.id  WHERE o.pub_time BETWEEN '0 ' AND ' 9999999999' AND p.id = '1'  [ RunTime:0.0000s ]
SQL: SELECT * FROM `xgs_norms` WHERE ( pro_id="1" )  [ RunTime:0.0000s ]
SQL: SELECT op.ord_number,o.status FROM xgs_product p INNER JOIN xgs_norms as n on n.pro_id = p.id INNER JOIN xgs_ordpro as op on n.id=op.norms_id INNER JOIN xgs_orders as o on op.ord_id=o.id  WHERE o.pub_time BETWEEN '0 ' AND ' 9999999999'  [ RunTime:0.0010s ]
SQL: SELECT SUM(number_norms) AS tp_sum FROM xgs_product p INNER JOIN xgs_norms as c on p.id = pro_id  LIMIT 1   [ RunTime:0.0000s ]
INFO: [ view_parse ] --START--
INFO: [ template_filter ] --START--
INFO: Run Behavior\ContentReplaceBehavior [ RunTime:0.001000s ]
INFO: [ template_filter ] --END-- [ RunTime:0.001000s ]
NOTIC: [8] Undefined index: headimgurl E:\www\ssyp\Apps\Runtime\Cache\Admin\ff5284c55541268002e4c7802b5ab64b.php 第 77 行.
NOTIC: [8] Undefined index: p_pub_time_where_1 E:\www\ssyp\Apps\Runtime\Cache\Admin\ff5284c55541268002e4c7802b5ab64b.php 第 142 行.
NOTIC: [8] Undefined index: p_pub_time_where_2 E:\www\ssyp\Apps\Runtime\Cache\Admin\ff5284c55541268002e4c7802b5ab64b.php 第 143 行.
NOTIC: [8] Undefined index: supply_where E:\www\ssyp\Apps\Runtime\Cache\Admin\ff5284c55541268002e4c7802b5ab64b.php 第 151 行.
NOTIC: [8] Undefined index: start E:\www\ssyp\Apps\Runtime\Cache\Admin\ff5284c55541268002e4c7802b5ab64b.php 第 158 行.
NOTIC: [8] Undefined index: end E:\www\ssyp\Apps\Runtime\Cache\Admin\ff5284c55541268002e4c7802b5ab64b.php 第 159 行.
INFO: Run Behavior\ParseTemplateBehavior [ RunTime:0.015001s ]
INFO: [ view_parse ] --END-- [ RunTime:0.015001s ]
INFO: [ view_filter ] --START--
INFO: Run Behavior\WriteHtmlCacheBehavior [ RunTime:0.001000s ]
INFO: [ view_filter ] --END-- [ RunTime:0.001000s ]
INFO: [ app_end ] --START--
INFO: Run Behavior\ShowPageTraceBehavior [ RunTime:0.001000s ]
INFO: [ app_end ] --END-- [ RunTime:0.001000s ]

[ 2017-11-24T16:35:20+08:00 ] 127.0.0.1 /ssyp/index.php/Admin/Product/add
INFO: [ app_init ] --START--
INFO: Run Behavior\BuildLiteBehavior [ RunTime:0.000000s ]
INFO: [ app_init ] --END-- [ RunTime:0.000000s ]
INFO: [ app_begin ] --START--
INFO: Run Behavior\ReadHtmlCacheBehavior [ RunTime:0.000000s ]
INFO: [ app_begin ] --END-- [ RunTime:0.001000s ]
SQL: SHOW COLUMNS FROM `xgs_admin` [ RunTime:0.0040s ]
SQL: SELECT `role_id`,`realname`,`login_number` FROM `xgs_admin` WHERE ( id="1" ) LIMIT 1   [ RunTime:0.0000s ]
SQL: SHOW COLUMNS FROM `xgs_role` [ RunTime:0.0030s ]
SQL: SELECT `power`,`role_name` FROM `xgs_role` WHERE ( id="-1" ) LIMIT 1   [ RunTime:0.0000s ]
SQL: SHOW COLUMNS FROM `xgs_power` [ RunTime:0.0030s ]
SQL: SELECT * FROM `xgs_power` WHERE `fid` > 0  [ RunTime:0.0010s ]
NOTIC: [8] Undefined index: status E:\www\ssyp\Apps\Admin\Controller\BaseController.class.php 第 42 行.
SQL: SHOW COLUMNS FROM `xgs_category` [ RunTime:0.0030s ]
SQL: SELECT `id`,`c_name` FROM `xgs_category` WHERE `fid` = 0 AND `c_status` = 1  [ RunTime:0.0000s ]
SQL: SELECT * FROM `xgs_category` WHERE `c_status` = 2  [ RunTime:0.0010s ]
INFO: [ view_parse ] --START--
INFO: [ template_filter ] --START--
INFO: Run Behavior\ContentReplaceBehavior [ RunTime:0.001000s ]
INFO: [ template_filter ] --END-- [ RunTime:0.001000s ]
NOTIC: [8] Undefined index: headimgurl E:\www\ssyp\Apps\Runtime\Cache\Admin\1bbd7ffe3d3dbbde704dd2b8084d10cc.php 第 86 行.
NOTIC: [8] Undefined index: id E:\www\ssyp\Apps\Runtime\Cache\Admin\1bbd7ffe3d3dbbde704dd2b8084d10cc.php 第 154 行.
NOTIC: [8] Undefined variable: first E:\www\ssyp\Apps\Runtime\Cache\Admin\1bbd7ffe3d3dbbde704dd2b8084d10cc.php 第 162 行.
NOTIC: [8] Undefined variable: first E:\www\ssyp\Apps\Runtime\Cache\Admin\1bbd7ffe3d3dbbde704dd2b8084d10cc.php 第 162 行.
NOTIC: [8] Undefined variable: first E:\www\ssyp\Apps\Runtime\Cache\Admin\1bbd7ffe3d3dbbde704dd2b8084d10cc.php 第 162 行.
NOTIC: [8] Undefined variable: c_list E:\www\ssyp\Apps\Runtime\Cache\Admin\1bbd7ffe3d3dbbde704dd2b8084d10cc.php 第 164 行.
NOTIC: [8] Undefined index: name E:\www\ssyp\Apps\Runtime\Cache\Admin\1bbd7ffe3d3dbbde704dd2b8084d10cc.php 第 171 行.
NOTIC: [8] Undefined index: symbol E:\www\ssyp\Apps\Runtime\Cache\Admin\1bbd7ffe3d3dbbde704dd2b8084d10cc.php 第 175 行.
NOTIC: [8] Undefined index: supply E:\www\ssyp\Apps\Runtime\Cache\Admin\1bbd7ffe3d3dbbde704dd2b8084d10cc.php 第 179 行.
NOTIC: [8] Undefined index: pro_comment E:\www\ssyp\Apps\Runtime\Cache\Admin\1bbd7ffe3d3dbbde704dd2b8084d10cc.php 第 204 行.
NOTIC: [8] Undefined index: wx_image E:\www\ssyp\Apps\Runtime\Cache\Admin\1bbd7ffe3d3dbbde704dd2b8084d10cc.php 第 209 行.
NOTIC: [8] Undefined index: wx_image E:\www\ssyp\Apps\Runtime\Cache\Admin\1bbd7ffe3d3dbbde704dd2b8084d10cc.php 第 210 行.
NOTIC: [8] Undefined index: id E:\www\ssyp\Apps\Runtime\Cache\Admin\1bbd7ffe3d3dbbde704dd2b8084d10cc.php 第 210 行.
NOTIC: [8] Undefined variable: img_list E:\www\ssyp\Apps\Runtime\Cache\Admin\1bbd7ffe3d3dbbde704dd2b8084d10cc.php 第 218 行.
NOTIC: [8] Undefined index: wx_image E:\www\ssyp\Apps\Runtime\Cache\Admin\1bbd7ffe3d3dbbde704dd2b8084d10cc.php 第 225 行.
NOTIC: [8] Undefined index: wx_image E:\www\ssyp\Apps\Runtime\Cache\Admin\1bbd7ffe3d3dbbde704dd2b8084d10cc.php 第 226 行.
NOTIC: [8] Undefined index: status E:\www\ssyp\Apps\Runtime\Cache\Admin\1bbd7ffe3d3dbbde704dd2b8084d10cc.php 第 235 行.
NOTIC: [8] Undefined index: status E:\www\ssyp\Apps\Runtime\Cache\Admin\1bbd7ffe3d3dbbde704dd2b8084d10cc.php 第 235 行.
NOTIC: [8] Undefined index: relation E:\www\ssyp\Apps\Runtime\Cache\Admin\1bbd7ffe3d3dbbde704dd2b8084d10cc.php 第 243 行.
NOTIC: [8] Undefined index: pro_detail E:\www\ssyp\Apps\Runtime\Cache\Admin\1bbd7ffe3d3dbbde704dd2b8084d10cc.php 第 249 行.
NOTIC: [8] Undefined index: size_notice E:\www\ssyp\Apps\Runtime\Cache\Admin\1bbd7ffe3d3dbbde704dd2b8084d10cc.php 第 255 行.
NOTIC: [8] Undefined index: wx_describe E:\www\ssyp\Apps\Runtime\Cache\Admin\1bbd7ffe3d3dbbde704dd2b8084d10cc.php 第 270 行.
NOTIC: [8] Undefined index: task_peicai E:\www\ssyp\Apps\Runtime\Cache\Admin\1bbd7ffe3d3dbbde704dd2b8084d10cc.php 第 288 行.
NOTIC: [8] Undefined index: task_peicai E:\www\ssyp\Apps\Runtime\Cache\Admin\1bbd7ffe3d3dbbde704dd2b8084d10cc.php 第 288 行.
NOTIC: [8] Undefined index: task_peicai E:\www\ssyp\Apps\Runtime\Cache\Admin\1bbd7ffe3d3dbbde704dd2b8084d10cc.php 第 288 行.
NOTIC: [8] Undefined index: task_peicai E:\www\ssyp\Apps\Runtime\Cache\Admin\1bbd7ffe3d3dbbde704dd2b8084d10cc.php 第 288 行.
NOTIC: [8] Undefined index: task_peicai E:\www\ssyp\Apps\Runtime\Cache\Admin\1bbd7ffe3d3dbbde704dd2b8084d10cc.php 第 289 行.
NOTIC: [8] Undefined index: task_peicai E:\www\ssyp\Apps\Runtime\Cache\Admin\1bbd7ffe3d3dbbde704dd2b8084d10cc.php 第 289 行.
NOTIC: [8] Undefined index: task_duanlian E:\www\ssyp\Apps\Runtime\Cache\Admin\1bbd7ffe3d3dbbde704dd2b8084d10cc.php 第 297 行.
NOTIC: [8] Undefined index: task_duanlian E:\www\ssyp\Apps\Runtime\Cache\Admin\1bbd7ffe3d3dbbde704dd2b8084d10cc.php 第 297 行.
NOTIC: [8] Undefined index: task_duanlian E:\www\ssyp\Apps\Runtime\Cache\Admin\1bbd7ffe3d3dbbde704dd2b8084d10cc.php 第 297 行.
NOTIC: [8] Undefined index: task_duanlian E:\www\ssyp\Apps\Runtime\Cache\Admin\1bbd7ffe3d3dbbde704dd2b8084d10cc.php 第 297 行.
NOTIC: [8] Undefined index: task_duanlian E:\www\ssyp\Apps\Runtime\Cache\Admin\1bbd7ffe3d3dbbde704dd2b8084d10cc.php 第 298 行.
NOTIC: [8] Undefined index: task_duanlian E:\www\ssyp\Apps\Runtime\Cache\Admin\1bbd7ffe3d3dbbde704dd2b8084d10cc.php 第 298 行.
NOTIC: [8] Undefined index: task_yinyue E:\www\ssyp\Apps\Runtime\Cache\Admin\1bbd7ffe3d3dbbde704dd2b8084d10cc.php 第 305 行.
NOTIC: [8] Undefined index: task_yinyue E:\www\ssyp\Apps\Runtime\Cache\Admin\1bbd7ffe3d3dbbde704dd2b8084d10cc.php 第 305 行.
NOTIC: [8] Undefined index: task_yinyue E:\www\ssyp\Apps\Runtime\Cache\Admin\1bbd7ffe3d3dbbde704dd2b8084d10cc.php 第 305 行.
NOTIC: [8] Undefined index: task_yinyue E:\www\ssyp\Apps\Runtime\Cache\Admin\1bbd7ffe3d3dbbde704dd2b8084d10cc.php 第 305 行.
NOTIC: [8] Undefined index: task_yinyue E:\www\ssyp\Apps\Runtime\Cache\Admin\1bbd7ffe3d3dbbde704dd2b8084d10cc.php 第 306 行.
NOTIC: [8] Undefined index: task_yinyue E:\www\ssyp\Apps\Runtime\Cache\Admin\1bbd7ffe3d3dbbde704dd2b8084d10cc.php 第 306 行.
NOTIC: [8] Undefined index: task_pingcha E:\www\ssyp\Apps\Runtime\Cache\Admin\1bbd7ffe3d3dbbde704dd2b8084d10cc.php 第 313 行.
NOTIC: [8] Undefined index: task_pingcha E:\www\ssyp\Apps\Runtime\Cache\Admin\1bbd7ffe3d3dbbde704dd2b8084d10cc.php 第 313 行.
NOTIC: [8] Undefined index: task_pingcha E:\www\ssyp\Apps\Runtime\Cache\Admin\1bbd7ffe3d3dbbde704dd2b8084d10cc.php 第 313 行.
NOTIC: [8] Undefined index: task_pingcha E:\www\ssyp\Apps\Runtime\Cache\Admin\1bbd7ffe3d3dbbde704dd2b8084d10cc.php 第 313 行.
NOTIC: [8] Undefined index: task_pingcha E:\www\ssyp\Apps\Runtime\Cache\Admin\1bbd7ffe3d3dbbde704dd2b8084d10cc.php 第 314 行.
NOTIC: [8] Undefined index: task_pingcha E:\www\ssyp\Apps\Runtime\Cache\Admin\1bbd7ffe3d3dbbde704dd2b8084d10cc.php 第 314 行.
NOTIC: [8] Undefined index: task_heshui E:\www\ssyp\Apps\Runtime\Cache\Admin\1bbd7ffe3d3dbbde704dd2b8084d10cc.php 第 321 行.
NOTIC: [8] Undefined index: task_heshui E:\www\ssyp\Apps\Runtime\Cache\Admin\1bbd7ffe3d3dbbde704dd2b8084d10cc.php 第 321 行.
NOTIC: [8] Undefined index: task_heshui E:\www\ssyp\Apps\Runtime\Cache\Admin\1bbd7ffe3d3dbbde704dd2b8084d10cc.php 第 321 行.
NOTIC: [8] Undefined index: task_heshui E:\www\ssyp\Apps\Runtime\Cache\Admin\1bbd7ffe3d3dbbde704dd2b8084d10cc.php 第 321 行.
NOTIC: [8] Undefined index: task_heshui E:\www\ssyp\Apps\Runtime\Cache\Admin\1bbd7ffe3d3dbbde704dd2b8084d10cc.php 第 322 行.
NOTIC: [8] Undefined index: task_heshui E:\www\ssyp\Apps\Runtime\Cache\Admin\1bbd7ffe3d3dbbde704dd2b8084d10cc.php 第 322 行.
NOTIC: [8] Undefined index: task_mingxiang E:\www\ssyp\Apps\Runtime\Cache\Admin\1bbd7ffe3d3dbbde704dd2b8084d10cc.php 第 329 行.
NOTIC: [8] Undefined index: task_mingxiang E:\www\ssyp\Apps\Runtime\Cache\Admin\1bbd7ffe3d3dbbde704dd2b8084d10cc.php 第 329 行.
NOTIC: [8] Undefined index: task_mingxiang E:\www\ssyp\Apps\Runtime\Cache\Admin\1bbd7ffe3d3dbbde704dd2b8084d10cc.php 第 329 行.
NOTIC: [8] Undefined index: task_mingxiang E:\www\ssyp\Apps\Runtime\Cache\Admin\1bbd7ffe3d3dbbde704dd2b8084d10cc.php 第 329 行.
NOTIC: [8] Undefined index: task_mingxiang E:\www\ssyp\Apps\Runtime\Cache\Admin\1bbd7ffe3d3dbbde704dd2b8084d10cc.php 第 330 行.
NOTIC: [8] Undefined index: task_mingxiang E:\www\ssyp\Apps\Runtime\Cache\Admin\1bbd7ffe3d3dbbde704dd2b8084d10cc.php 第 330 行.
NOTIC: [8] Undefined index: pro_images E:\www\ssyp\Apps\Runtime\Cache\Admin\1bbd7ffe3d3dbbde704dd2b8084d10cc.php 第 401 行.
INFO: Run Behavior\ParseTemplateBehavior [ RunTime:0.020001s ]
INFO: [ view_parse ] --END-- [ RunTime:0.020001s ]
INFO: [ view_filter ] --START--
INFO: Run Behavior\WriteHtmlCacheBehavior [ RunTime:0.001000s ]
INFO: [ view_filter ] --END-- [ RunTime:0.001000s ]
INFO: [ app_end ] --START--
INFO: Run Behavior\ShowPageTraceBehavior [ RunTime:0.001000s ]
INFO: [ app_end ] --END-- [ RunTime:0.001000s ]

[ 2017-11-24T16:35:22+08:00 ] 127.0.0.1 /ssyp/index.php/Admin/Product/turn
INFO: [ app_init ] --START--
INFO: Run Behavior\BuildLiteBehavior [ RunTime:0.000000s ]
INFO: [ app_init ] --END-- [ RunTime:0.001000s ]
INFO: [ app_begin ] --START--
INFO: Run Behavior\ReadHtmlCacheBehavior [ RunTime:0.001000s ]
INFO: [ app_begin ] --END-- [ RunTime:0.001000s ]
SQL: SHOW COLUMNS FROM `xgs_admin` [ RunTime:0.0030s ]
SQL: SELECT `role_id`,`realname`,`login_number` FROM `xgs_admin` WHERE ( id="1" ) LIMIT 1   [ RunTime:0.0000s ]
SQL: SHOW COLUMNS FROM `xgs_role` [ RunTime:0.0030s ]
SQL: SELECT `power`,`role_name` FROM `xgs_role` WHERE ( id="-1" ) LIMIT 1   [ RunTime:0.0000s ]
SQL: SHOW COLUMNS FROM `xgs_power` [ RunTime:0.0020s ]
SQL: SELECT * FROM `xgs_power` WHERE `fid` > 0  [ RunTime:0.0000s ]
NOTIC: [8] Undefined index: status E:\www\ssyp\Apps\Admin\Controller\BaseController.class.php 第 42 行.
SQL: SHOW COLUMNS FROM `xgs_config` [ RunTime:0.0200s ]
SQL: SELECT * FROM `xgs_config` LIMIT 1   [ RunTime:0.0000s ]
INFO: [ view_parse ] --START--
INFO: [ template_filter ] --START--
INFO: Run Behavior\ContentReplaceBehavior [ RunTime:0.001000s ]
INFO: [ template_filter ] --END-- [ RunTime:0.001000s ]
NOTIC: [8] Undefined index: headimgurl E:\www\ssyp\Apps\Runtime\Cache\Admin\f01bdd4b807163211794f0600d885e53.php 第 85 行.
NOTIC: [8] Undefined index: id E:\www\ssyp\Apps\Runtime\Cache\Admin\f01bdd4b807163211794f0600d885e53.php 第 161 行.
NOTIC: [8] Undefined index: id E:\www\ssyp\Apps\Runtime\Cache\Admin\f01bdd4b807163211794f0600d885e53.php 第 162 行.
NOTIC: [8] Undefined index: id E:\www\ssyp\Apps\Runtime\Cache\Admin\f01bdd4b807163211794f0600d885e53.php 第 161 行.
NOTIC: [8] Undefined index: id E:\www\ssyp\Apps\Runtime\Cache\Admin\f01bdd4b807163211794f0600d885e53.php 第 162 行.
NOTIC: [8] Undefined variable: data E:\www\ssyp\Apps\Runtime\Cache\Admin\f01bdd4b807163211794f0600d885e53.php 第 221 行.
INFO: Run Behavior\ParseTemplateBehavior [ RunTime:0.027002s ]
INFO: [ view_parse ] --END-- [ RunTime:0.027002s ]
INFO: [ view_filter ] --START--
INFO: Run Behavior\WriteHtmlCacheBehavior [ RunTime:0.000000s ]
INFO: [ view_filter ] --END-- [ RunTime:0.000000s ]
INFO: [ app_end ] --START--
INFO: Run Behavior\ShowPageTraceBehavior [ RunTime:0.000000s ]
INFO: [ app_end ] --END-- [ RunTime:0.000000s ]

[ 2017-11-24T16:35:48+08:00 ] 127.0.0.1 /ssyp/index.php/Admin/Admin/shop
INFO: [ app_init ] --START--
INFO: Run Behavior\BuildLiteBehavior [ RunTime:0.000000s ]
INFO: [ app_init ] --END-- [ RunTime:0.001000s ]
INFO: [ app_begin ] --START--
INFO: Run Behavior\ReadHtmlCacheBehavior [ RunTime:0.001000s ]
INFO: [ app_begin ] --END-- [ RunTime:0.001000s ]
SQL: SHOW COLUMNS FROM `xgs_admin` [ RunTime:0.0040s ]
SQL: SELECT `role_id`,`realname`,`login_number` FROM `xgs_admin` WHERE ( id="1" ) LIMIT 1   [ RunTime:0.0000s ]
SQL: SHOW COLUMNS FROM `xgs_role` [ RunTime:0.0030s ]
SQL: SELECT `power`,`role_name` FROM `xgs_role` WHERE ( id="-1" ) LIMIT 1   [ RunTime:0.0000s ]
SQL: SHOW COLUMNS FROM `xgs_power` [ RunTime:0.0030s ]
SQL: SELECT * FROM `xgs_power` WHERE `fid` > 0  [ RunTime:0.0010s ]
NOTIC: [8] Undefined index: status E:\www\ssyp\Apps\Admin\Controller\BaseController.class.php 第 42 行.
ERR: 1146:Table 'ssyp.xgs_seller' doesn't exist
 [ SQL语句 ] : SHOW COLUMNS FROM `xgs_seller`
ERR: 1146:Table 'ssyp.xgs_seller' doesn't exist
 [ SQL语句 ] : SHOW COLUMNS FROM `xgs_seller`

[ 2017-11-24T16:37:09+08:00 ] 127.0.0.1 /ssyp/index.php/Admin/Admin/shop
INFO: [ app_init ] --START--
INFO: Run Behavior\BuildLiteBehavior [ RunTime:0.000000s ]
INFO: [ app_init ] --END-- [ RunTime:0.001000s ]
INFO: [ app_begin ] --START--
INFO: Run Behavior\ReadHtmlCacheBehavior [ RunTime:0.001000s ]
INFO: [ app_begin ] --END-- [ RunTime:0.001000s ]
SQL: SHOW COLUMNS FROM `xgs_admin` [ RunTime:0.0050s ]
SQL: SELECT `role_id`,`realname`,`login_number` FROM `xgs_admin` WHERE ( id="1" ) LIMIT 1   [ RunTime:0.0000s ]
SQL: SHOW COLUMNS FROM `xgs_role` [ RunTime:0.0050s ]
SQL: SELECT `power`,`role_name` FROM `xgs_role` WHERE ( id="-1" ) LIMIT 1   [ RunTime:0.0000s ]
SQL: SHOW COLUMNS FROM `xgs_power` [ RunTime:0.0040s ]
SQL: SELECT * FROM `xgs_power` WHERE `fid` > 0  [ RunTime:0.0000s ]
NOTIC: [8] Undefined index: status E:\www\ssyp\Apps\Admin\Controller\BaseController.class.php 第 42 行.
ERR: 1146:Table 'ssyp.xgs_seller' doesn't exist
 [ SQL语句 ] : SHOW COLUMNS FROM `xgs_seller`
ERR: 1146:Table 'ssyp.xgs_seller' doesn't exist
 [ SQL语句 ] : SHOW COLUMNS FROM `xgs_seller`

[ 2017-11-24T16:37:10+08:00 ] 127.0.0.1 /ssyp/index.php/Admin/Admin/shop
INFO: [ app_init ] --START--
INFO: Run Behavior\BuildLiteBehavior [ RunTime:0.000000s ]
INFO: [ app_init ] --END-- [ RunTime:0.001000s ]
INFO: [ app_begin ] --START--
INFO: Run Behavior\ReadHtmlCacheBehavior [ RunTime:0.001000s ]
INFO: [ app_begin ] --END-- [ RunTime:0.001000s ]
SQL: SHOW COLUMNS FROM `xgs_admin` [ RunTime:0.0040s ]
SQL: SELECT `role_id`,`realname`,`login_number` FROM `xgs_admin` WHERE ( id="1" ) LIMIT 1   [ RunTime:0.0000s ]
SQL: SHOW COLUMNS FROM `xgs_role` [ RunTime:0.0020s ]
SQL: SELECT `power`,`role_name` FROM `xgs_role` WHERE ( id="-1" ) LIMIT 1   [ RunTime:0.0000s ]
SQL: SHOW COLUMNS FROM `xgs_power` [ RunTime:0.0030s ]
SQL: SELECT * FROM `xgs_power` WHERE `fid` > 0  [ RunTime:0.0010s ]
NOTIC: [8] Undefined index: status E:\www\ssyp\Apps\Admin\Controller\BaseController.class.php 第 42 行.
ERR: 1146:Table 'ssyp.xgs_seller' doesn't exist
 [ SQL语句 ] : SHOW COLUMNS FROM `xgs_seller`
ERR: 1146:Table 'ssyp.xgs_seller' doesn't exist
 [ SQL语句 ] : SHOW COLUMNS FROM `xgs_seller`

[ 2017-11-24T16:37:42+08:00 ] 127.0.0.1 /ssyp/index.php/Admin/Admin/shop
INFO: [ app_init ] --START--
INFO: Run Behavior\BuildLiteBehavior [ RunTime:0.000000s ]
INFO: [ app_init ] --END-- [ RunTime:0.001001s ]
INFO: [ app_begin ] --START--
INFO: Run Behavior\ReadHtmlCacheBehavior [ RunTime:0.001000s ]
INFO: [ app_begin ] --END-- [ RunTime:0.001000s ]
SQL: SHOW COLUMNS FROM `xgs_admin` [ RunTime:0.0050s ]
SQL: SELECT `role_id`,`realname`,`login_number` FROM `xgs_admin` WHERE ( id="1" ) LIMIT 1   [ RunTime:0.0010s ]
SQL: SHOW COLUMNS FROM `xgs_role` [ RunTime:0.0030s ]
SQL: SELECT `power`,`role_name` FROM `xgs_role` WHERE ( id="-1" ) LIMIT 1   [ RunTime:0.0000s ]
SQL: SHOW COLUMNS FROM `xgs_power` [ RunTime:0.0040s ]
SQL: SELECT * FROM `xgs_power` WHERE `fid` > 0  [ RunTime:0.0010s ]
NOTIC: [8] Undefined index: status E:\www\ssyp\Apps\Admin\Controller\BaseController.class.php 第 42 行.
SQL: SHOW COLUMNS FROM `xgs_seller` [ RunTime:0.0030s ]
NOTIC: [8] Undefined index: del E:\www\ssyp\Apps\Admin\Controller\AdminController.class.php 第 44 行.
SQL: SELECT * FROM `xgs_seller`  [ RunTime:0.0000s ]
INFO: [ view_parse ] --START--
INFO: [ template_filter ] --START--
INFO: Run Behavior\ContentReplaceBehavior [ RunTime:0.000000s ]
INFO: [ template_filter ] --END-- [ RunTime:0.000000s ]
NOTIC: [8] Undefined variable: title E:\www\ssyp\Apps\Runtime\Cache\Admin\b70604e59b97c688966d9d5f240c6632.php 第 16 行.
NOTIC: [8] Undefined index: headimgurl E:\www\ssyp\Apps\Runtime\Cache\Admin\b70604e59b97c688966d9d5f240c6632.php 第 74 行.
INFO: Run Behavior\ParseTemplateBehavior [ RunTime:0.014001s ]
INFO: [ view_parse ] --END-- [ RunTime:0.014001s ]
INFO: [ view_filter ] --START--
INFO: Run Behavior\WriteHtmlCacheBehavior [ RunTime:0.001000s ]
INFO: [ view_filter ] --END-- [ RunTime:0.001000s ]
INFO: [ app_end ] --START--
INFO: Run Behavior\ShowPageTraceBehavior [ RunTime:0.001000s ]
INFO: [ app_end ] --END-- [ RunTime:0.001000s ]

[ 2017-11-24T16:37:49+08:00 ] 127.0.0.1 /ssyp/index.php/Admin/Admin/shop
INFO: [ app_init ] --START--
INFO: Run Behavior\BuildLiteBehavior [ RunTime:0.000000s ]
INFO: [ app_init ] --END-- [ RunTime:0.001001s ]
INFO: [ app_begin ] --START--
INFO: Run Behavior\ReadHtmlCacheBehavior [ RunTime:0.001000s ]
INFO: [ app_begin ] --END-- [ RunTime:0.001000s ]
SQL: SHOW COLUMNS FROM `xgs_admin` [ RunTime:0.0040s ]
SQL: SELECT `role_id`,`realname`,`login_number` FROM `xgs_admin` WHERE ( id="1" ) LIMIT 1   [ RunTime:0.0010s ]
SQL: SHOW COLUMNS FROM `xgs_role` [ RunTime:0.0030s ]
SQL: SELECT `power`,`role_name` FROM `xgs_role` WHERE ( id="-1" ) LIMIT 1   [ RunTime:0.0000s ]
SQL: SHOW COLUMNS FROM `xgs_power` [ RunTime:0.0030s ]
SQL: SELECT * FROM `xgs_power` WHERE `fid` > 0  [ RunTime:0.0010s ]
NOTIC: [8] Undefined index: status E:\www\ssyp\Apps\Admin\Controller\BaseController.class.php 第 42 行.
SQL: SHOW COLUMNS FROM `xgs_seller` [ RunTime:0.0030s ]
SQL: INSERT INTO `xgs_seller` (`seller_name`,`seller_phone`,`seller_address`,`seller_position`) VALUES ('wert','qwer','qwer','qwer') [ RunTime:0.0030s ]
INFO: [ view_parse ] --START--
INFO: [ template_filter ] --START--
INFO: Run Behavior\ContentReplaceBehavior [ RunTime:0.000000s ]
INFO: [ template_filter ] --END-- [ RunTime:0.000000s ]
INFO: Run Behavior\ParseTemplateBehavior [ RunTime:0.030002s ]
INFO: [ view_parse ] --END-- [ RunTime:0.030002s ]
INFO: [ view_filter ] --START--
INFO: Run Behavior\WriteHtmlCacheBehavior [ RunTime:0.000000s ]
INFO: [ view_filter ] --END-- [ RunTime:0.000000s ]

[ 2017-11-24T16:37:50+08:00 ] 127.0.0.1 /ssyp/index.php/Admin/Admin/shop
INFO: [ app_init ] --START--
INFO: Run Behavior\BuildLiteBehavior [ RunTime:0.000000s ]
INFO: [ app_init ] --END-- [ RunTime:0.001000s ]
INFO: [ app_begin ] --START--
INFO: Run Behavior\ReadHtmlCacheBehavior [ RunTime:0.001000s ]
INFO: [ app_begin ] --END-- [ RunTime:0.001000s ]
SQL: SHOW COLUMNS FROM `xgs_admin` [ RunTime:0.0030s ]
SQL: SELECT `role_id`,`realname`,`login_number` FROM `xgs_admin` WHERE ( id="1" ) LIMIT 1   [ RunTime:0.0000s ]
SQL: SHOW COLUMNS FROM `xgs_role` [ RunTime:0.0030s ]
SQL: SELECT `power`,`role_name` FROM `xgs_role` WHERE ( id="-1" ) LIMIT 1   [ RunTime:0.0000s ]
SQL: SHOW COLUMNS FROM `xgs_power` [ RunTime:0.0030s ]
SQL: SELECT * FROM `xgs_power` WHERE `fid` > 0  [ RunTime:0.0000s ]
NOTIC: [8] Undefined index: status E:\www\ssyp\Apps\Admin\Controller\BaseController.class.php 第 42 行.
SQL: SHOW COLUMNS FROM `xgs_seller` [ RunTime:0.0030s ]
NOTIC: [8] Undefined index: del E:\www\ssyp\Apps\Admin\Controller\AdminController.class.php 第 44 行.
SQL: SELECT * FROM `xgs_seller`  [ RunTime:0.0000s ]
INFO: [ view_parse ] --START--
INFO: [ template_filter ] --START--
INFO: Run Behavior\ContentReplaceBehavior [ RunTime:0.000000s ]
INFO: [ template_filter ] --END-- [ RunTime:0.000000s ]
NOTIC: [8] Undefined variable: title E:\www\ssyp\Apps\Runtime\Cache\Admin\b70604e59b97c688966d9d5f240c6632.php 第 16 行.
NOTIC: [8] Undefined index: headimgurl E:\www\ssyp\Apps\Runtime\Cache\Admin\b70604e59b97c688966d9d5f240c6632.php 第 74 行.
INFO: Run Behavior\ParseTemplateBehavior [ RunTime:0.012001s ]
INFO: [ view_parse ] --END-- [ RunTime:0.012001s ]
INFO: [ view_filter ] --START--
INFO: Run Behavior\WriteHtmlCacheBehavior [ RunTime:0.001000s ]
INFO: [ view_filter ] --END-- [ RunTime:0.001000s ]
INFO: [ app_end ] --START--
INFO: Run Behavior\ShowPageTraceBehavior [ RunTime:0.001000s ]
INFO: [ app_end ] --END-- [ RunTime:0.001000s ]

[ 2017-11-24T16:37:52+08:00 ] 127.0.0.1 /ssyp/index.php/Admin/Admin/index
INFO: [ app_init ] --START--
INFO: Run Behavior\BuildLiteBehavior [ RunTime:0.000000s ]
INFO: [ app_init ] --END-- [ RunTime:0.000000s ]
INFO: [ app_begin ] --START--
INFO: Run Behavior\ReadHtmlCacheBehavior [ RunTime:0.001000s ]
INFO: [ app_begin ] --END-- [ RunTime:0.001000s ]
SQL: SHOW COLUMNS FROM `xgs_admin` [ RunTime:0.0030s ]
SQL: SELECT `role_id`,`realname`,`login_number` FROM `xgs_admin` WHERE ( id="1" ) LIMIT 1   [ RunTime:0.0010s ]
SQL: SHOW COLUMNS FROM `xgs_role` [ RunTime:0.0030s ]
SQL: SELECT `power`,`role_name` FROM `xgs_role` WHERE ( id="-1" ) LIMIT 1   [ RunTime:0.0000s ]
SQL: SHOW COLUMNS FROM `xgs_power` [ RunTime:0.0030s ]
SQL: SELECT * FROM `xgs_power` WHERE `fid` > 0  [ RunTime:0.0010s ]
NOTIC: [8] Undefined index: status E:\www\ssyp\Apps\Admin\Controller\BaseController.class.php 第 42 行.
SQL: SHOW COLUMNS FROM `xgs_admin` [ RunTime:0.0030s ]
SQL: SELECT a.id,`phone`,`seller_name`,`realname`,`role_name`,`role_id`,`cat_shop` FROM xgs_admin a left JOIN xgs_role as r on r.id = role_id left JOIN xgs_seller as s on s.id = cat_shop   [ RunTime:0.0000s ]
INFO: [ view_parse ] --START--
INFO: [ template_filter ] --START--
INFO: Run Behavior\ContentReplaceBehavior [ RunTime:0.001000s ]
INFO: [ template_filter ] --END-- [ RunTime:0.001000s ]
NOTIC: [8] Undefined variable: title E:\www\ssyp\Apps\Runtime\Cache\Admin\3d4d6bb10505c55ffdfbeb84cdc09928.php 第 16 行.
NOTIC: [8] Undefined index: headimgurl E:\www\ssyp\Apps\Runtime\Cache\Admin\3d4d6bb10505c55ffdfbeb84cdc09928.php 第 74 行.
NOTIC: [8] Undefined index: openid E:\www\ssyp\Apps\Runtime\Cache\Admin\3d4d6bb10505c55ffdfbeb84cdc09928.php 第 165 行.
NOTIC: [8] Undefined index: openid E:\www\ssyp\Apps\Runtime\Cache\Admin\3d4d6bb10505c55ffdfbeb84cdc09928.php 第 165 行.
NOTIC: [8] Undefined index: openid E:\www\ssyp\Apps\Runtime\Cache\Admin\3d4d6bb10505c55ffdfbeb84cdc09928.php 第 165 行.
INFO: Run Behavior\ParseTemplateBehavior [ RunTime:0.013001s ]
INFO: [ view_parse ] --END-- [ RunTime:0.013001s ]
INFO: [ view_filter ] --START--
INFO: Run Behavior\WriteHtmlCacheBehavior [ RunTime:0.000000s ]
INFO: [ view_filter ] --END-- [ RunTime:0.000000s ]
INFO: [ app_end ] --START--
INFO: Run Behavior\ShowPageTraceBehavior [ RunTime:0.001000s ]
INFO: [ app_end ] --END-- [ RunTime:0.001000s ]

[ 2017-11-24T16:37:57+08:00 ] 127.0.0.1 /ssyp/index.php/Admin/Admin/update?id=15
INFO: [ app_init ] --START--
INFO: Run Behavior\BuildLiteBehavior [ RunTime:0.000000s ]
INFO: [ app_init ] --END-- [ RunTime:0.000000s ]
INFO: [ app_begin ] --START--
INFO: Run Behavior\ReadHtmlCacheBehavior [ RunTime:0.000000s ]
INFO: [ app_begin ] --END-- [ RunTime:0.000000s ]
SQL: SHOW COLUMNS FROM `xgs_admin` [ RunTime:0.0040s ]
SQL: SELECT `role_id`,`realname`,`login_number` FROM `xgs_admin` WHERE ( id="1" ) LIMIT 1   [ RunTime:0.0000s ]
SQL: SHOW COLUMNS FROM `xgs_role` [ RunTime:0.0030s ]
SQL: SELECT `power`,`role_name` FROM `xgs_role` WHERE ( id="-1" ) LIMIT 1   [ RunTime:0.0010s ]
SQL: SHOW COLUMNS FROM `xgs_power` [ RunTime:0.0030s ]
SQL: SELECT * FROM `xgs_power` WHERE `fid` > 0  [ RunTime:0.0000s ]
NOTIC: [8] Undefined index: status E:\www\ssyp\Apps\Admin\Controller\BaseController.class.php 第 42 行.
SQL: SELECT * FROM `xgs_admin` WHERE ( id="15" ) LIMIT 1   [ RunTime:0.0000s ]
SQL: SELECT * FROM `xgs_role`  [ RunTime:0.0000s ]
SQL: SHOW COLUMNS FROM `xgs_seller` [ RunTime:0.0030s ]
SQL: SELECT * FROM `xgs_seller`  [ RunTime:0.0010s ]
INFO: [ view_parse ] --START--
INFO: [ template_filter ] --START--
INFO: Run Behavior\ContentReplaceBehavior [ RunTime:0.001000s ]
INFO: [ template_filter ] --END-- [ RunTime:0.001000s ]
NOTIC: [8] Undefined index: headimgurl E:\www\ssyp\Apps\Runtime\Cache\Admin\faad21510841bdf99ef5d2497e4ead4d.php 第 85 行.
INFO: Run Behavior\ParseTemplateBehavior [ RunTime:0.013001s ]
INFO: [ view_parse ] --END-- [ RunTime:0.013001s ]
INFO: [ view_filter ] --START--
INFO: Run Behavior\WriteHtmlCacheBehavior [ RunTime:0.000000s ]
INFO: [ view_filter ] --END-- [ RunTime:0.000000s ]
INFO: [ app_end ] --START--
INFO: Run Behavior\ShowPageTraceBehavior [ RunTime:0.000000s ]
INFO: [ app_end ] --END-- [ RunTime:0.001000s ]

