[ 2018-04-10T11:51:39+08:00 ] 127.0.0.1 /ssyp/
INFO: [ app_init ] --START--
INFO: Run Behavior\BuildLiteBehavior [ RunTime:0.000010s ]
INFO: [ app_init ] --END-- [ RunTime:0.002036s ]
INFO: [ app_begin ] --START--
INFO: Run Behavior\ReadHtmlCacheBehavior [ RunTime:0.003461s ]
INFO: [ app_begin ] --END-- [ RunTime:0.003505s ]
SQL: SHOW COLUMNS FROM `ssyp_admin` [ RunTime:0.0150s ]
SQL: SELECT `role_id`,`realname`,`login_number` FROM `ssyp_admin` WHERE ( id="2" ) LIMIT 1   [ RunTime:0.0003s ]
SQL: SHOW COLUMNS FROM `ssyp_role` [ RunTime:0.0158s ]
SQL: SELECT `power`,`role_name` FROM `ssyp_role` WHERE ( id="%s" ) LIMIT 1   [ RunTime:0.0003s ]
SQL: SHOW COLUMNS FROM `ssyp_power` [ RunTime:0.0152s ]
SQL: SELECT `id` FROM `ssyp_power` WHERE `module` = 'Admin' AND `controller` = 'Index' AND `action` = 'index' LIMIT 1   [ RunTime:0.0004s ]
NOTIC: [8] Undefined index: status D:\PHPstudy\WWW\ssyp\Apps\Admin\Controller\BaseController.class.php 第 42 行.
INFO: [ view_parse ] --START--
INFO: [ template_filter ] --START--
INFO: Run Behavior\ContentReplaceBehavior [ RunTime:0.000103s ]
INFO: [ template_filter ] --END-- [ RunTime:0.000150s ]
INFO: Run Behavior\ParseTemplateBehavior [ RunTime:0.022371s ]
INFO: [ view_parse ] --END-- [ RunTime:0.022434s ]
INFO: [ view_filter ] --START--
INFO: Run Behavior\WriteHtmlCacheBehavior [ RunTime:0.002846s ]
INFO: [ view_filter ] --END-- [ RunTime:0.002895s ]
INFO: [ app_end ] --START--
INFO: Run Behavior\ShowPageTraceBehavior [ RunTime:0.003219s ]
INFO: [ app_end ] --END-- [ RunTime:0.003277s ]

[ 2018-04-10T11:51:46+08:00 ] 127.0.0.1 /ssyp/index.php/Admin/Common/logout
INFO: [ app_init ] --START--
INFO: Run Behavior\BuildLiteBehavior [ RunTime:0.000010s ]
INFO: [ app_init ] --END-- [ RunTime:0.001671s ]
INFO: [ app_begin ] --START--
INFO: Run Behavior\ReadHtmlCacheBehavior [ RunTime:0.002482s ]
INFO: [ app_begin ] --END-- [ RunTime:0.002522s ]

[ 2018-04-10T11:51:46+08:00 ] 127.0.0.1 /ssyp/index.php/Admin/Common/login.html
INFO: [ app_init ] --START--
INFO: Run Behavior\BuildLiteBehavior [ RunTime:0.000012s ]
INFO: [ app_init ] --END-- [ RunTime:0.002063s ]
INFO: [ app_begin ] --START--
INFO: Run Behavior\ReadHtmlCacheBehavior [ RunTime:0.003193s ]
INFO: [ app_begin ] --END-- [ RunTime:0.003237s ]
INFO: [ view_parse ] --START--
INFO: [ template_filter ] --START--
INFO: Run Behavior\ContentReplaceBehavior [ RunTime:0.000042s ]
INFO: [ template_filter ] --END-- [ RunTime:0.000084s ]
INFO: Run Behavior\ParseTemplateBehavior [ RunTime:0.015678s ]
INFO: [ view_parse ] --END-- [ RunTime:0.015736s ]
INFO: [ view_filter ] --START--
INFO: Run Behavior\WriteHtmlCacheBehavior [ RunTime:0.002842s ]
INFO: [ view_filter ] --END-- [ RunTime:0.002902s ]
INFO: [ app_end ] --START--
INFO: Run Behavior\ShowPageTraceBehavior [ RunTime:0.002734s ]
INFO: [ app_end ] --END-- [ RunTime:0.002768s ]

[ 2018-04-10T11:52:24+08:00 ] 127.0.0.1 /ssyp/index.php/Admin/Common/check
INFO: [ app_init ] --START--
INFO: Run Behavior\BuildLiteBehavior [ RunTime:0.000012s ]
INFO: [ app_init ] --END-- [ RunTime:0.002302s ]
INFO: [ app_begin ] --START--
INFO: Run Behavior\ReadHtmlCacheBehavior [ RunTime:0.005530s ]
INFO: [ app_begin ] --END-- [ RunTime:0.005615s ]
SQL: SHOW COLUMNS FROM `ssyp_admin` [ RunTime:0.0113s ]
SQL: SELECT `id`,`cat_shop` FROM `ssyp_admin` WHERE `phone` = '18647971785' AND `password` = 'e10adc3949ba59abbe56e057f20f883e' LIMIT 1   [ RunTime:0.0004s ]
SQL: UPDATE `ssyp_admin` SET `login_ip`='127.0.0.1',`login_time`='1523332344' WHERE ( id="1" ) [ RunTime:0.0040s ]
SQL: UPDATE `ssyp_admin` SET `login_number`=login_number+1 WHERE ( id="1" ) [ RunTime:0.0031s ]

[ 2018-04-10T11:52:26+08:00 ] 127.0.0.1 /ssyp/index.php/Admin/Index/index.html
INFO: [ app_init ] --START--
INFO: Run Behavior\BuildLiteBehavior [ RunTime:0.000020s ]
INFO: [ app_init ] --END-- [ RunTime:0.002324s ]
INFO: [ app_begin ] --START--
INFO: Run Behavior\ReadHtmlCacheBehavior [ RunTime:0.003208s ]
INFO: [ app_begin ] --END-- [ RunTime:0.003254s ]
SQL: SHOW COLUMNS FROM `ssyp_admin` [ RunTime:0.0126s ]
SQL: SELECT `role_id`,`realname`,`login_number` FROM `ssyp_admin` WHERE ( id="1" ) LIMIT 1   [ RunTime:0.0004s ]
SQL: SHOW COLUMNS FROM `ssyp_role` [ RunTime:0.0134s ]
SQL: SELECT `power`,`role_name` FROM `ssyp_role` WHERE ( id="-1" ) LIMIT 1   [ RunTime:0.0003s ]
SQL: SHOW COLUMNS FROM `ssyp_power` [ RunTime:0.0148s ]
SQL: SELECT * FROM `ssyp_power` WHERE `fid` > 0  [ RunTime:0.0005s ]
NOTIC: [8] Undefined index: status D:\PHPstudy\WWW\ssyp\Apps\Admin\Controller\BaseController.class.php 第 42 行.
INFO: [ view_parse ] --START--
INFO: [ template_filter ] --START--
INFO: Run Behavior\ContentReplaceBehavior [ RunTime:0.000139s ]
INFO: [ template_filter ] --END-- [ RunTime:0.000225s ]
NOTIC: [8] Undefined index: headimgurl D:\PHPstudy\WWW\ssyp\Apps\Runtime\Cache\Admin\859e94050170c96367cb52465a51a945.php 第 70 行.
INFO: Run Behavior\ParseTemplateBehavior [ RunTime:0.026554s ]
INFO: [ view_parse ] --END-- [ RunTime:0.026593s ]
INFO: [ view_filter ] --START--
INFO: Run Behavior\WriteHtmlCacheBehavior [ RunTime:0.002924s ]
INFO: [ view_filter ] --END-- [ RunTime:0.002954s ]
INFO: [ app_end ] --START--
INFO: Run Behavior\ShowPageTraceBehavior [ RunTime:0.003397s ]
INFO: [ app_end ] --END-- [ RunTime:0.003438s ]

[ 2018-04-10T11:52:29+08:00 ] 127.0.0.1 /ssyp/index.php/Admin/Product/index
INFO: [ app_init ] --START--
INFO: Run Behavior\BuildLiteBehavior [ RunTime:0.000010s ]
INFO: [ app_init ] --END-- [ RunTime:0.001845s ]
INFO: [ app_begin ] --START--
INFO: Run Behavior\ReadHtmlCacheBehavior [ RunTime:0.003079s ]
INFO: [ app_begin ] --END-- [ RunTime:0.003128s ]
SQL: SHOW COLUMNS FROM `ssyp_admin` [ RunTime:0.0127s ]
SQL: SELECT `role_id`,`realname`,`login_number` FROM `ssyp_admin` WHERE ( id="1" ) LIMIT 1   [ RunTime:0.0003s ]
SQL: SHOW COLUMNS FROM `ssyp_role` [ RunTime:0.0106s ]
SQL: SELECT `power`,`role_name` FROM `ssyp_role` WHERE ( id="-1" ) LIMIT 1   [ RunTime:0.0003s ]
SQL: SHOW COLUMNS FROM `ssyp_power` [ RunTime:0.0112s ]
SQL: SELECT * FROM `ssyp_power` WHERE `fid` > 0  [ RunTime:0.0005s ]
NOTIC: [8] Undefined index: status D:\PHPstudy\WWW\ssyp\Apps\Admin\Controller\BaseController.class.php 第 42 行.
NOTIC: [8] Undefined index: pub_time_start D:\PHPstudy\WWW\ssyp\Apps\Admin\Controller\ProductController.class.php 第 7 行.
NOTIC: [8] Undefined index: pub_time_end D:\PHPstudy\WWW\ssyp\Apps\Admin\Controller\ProductController.class.php 第 13 行.
NOTIC: [8] Undefined index: supply D:\PHPstudy\WWW\ssyp\Apps\Admin\Controller\ProductController.class.php 第 18 行.
SQL: SHOW COLUMNS FROM `ssyp_product` [ RunTime:0.0116s ]
SQL: SELECT `role_id`,`cat_shop` FROM `ssyp_admin` WHERE ( id=1 ) LIMIT 1   [ RunTime:0.0003s ]
SQL: SELECT COUNT(p.id) AS tp_count FROM ssyp_product p left JOIN ssyp_category as cs on cs.id = status  LIMIT 1   [ RunTime:0.0002s ]
SQL: SELECT p.*,cs.c_name as status_str FROM ssyp_product p left JOIN ssyp_category as cs on cs.id = status  ORDER BY p.id desc LIMIT 0,20   [ RunTime:0.0008s ]
SQL: SHOW COLUMNS FROM `ssyp_norms` [ RunTime:0.0108s ]
SQL: SHOW COLUMNS FROM `ssyp_category` [ RunTime:0.0130s ]
SQL: SELECT * FROM `ssyp_category` WHERE ( id in (14,15) )  [ RunTime:0.0015s ]
SQL: SELECT op.ord_number,o.status FROM ssyp_product p INNER JOIN ssyp_norms as n on n.pro_id = p.id INNER JOIN ssyp_ordpro as op on n.id=op.norms_id INNER JOIN ssyp_orders as o on op.ord_id=o.id  WHERE o.pub_time BETWEEN '0 ' AND ' 9999999999' AND p.id = '6'  [ RunTime:0.0007s ]
SQL: SELECT * FROM `ssyp_norms` WHERE ( pro_id="6" )  [ RunTime:0.0002s ]
SQL: SELECT * FROM `ssyp_category` WHERE ( id in (10,17) )  [ RunTime:0.0002s ]
SQL: SELECT op.ord_number,o.status FROM ssyp_product p INNER JOIN ssyp_norms as n on n.pro_id = p.id INNER JOIN ssyp_ordpro as op on n.id=op.norms_id INNER JOIN ssyp_orders as o on op.ord_id=o.id  WHERE o.pub_time BETWEEN '0 ' AND ' 9999999999' AND p.id = '5'  [ RunTime:0.0002s ]
SQL: SELECT * FROM `ssyp_norms` WHERE ( pro_id="5" )  [ RunTime:0.0002s ]
SQL: SELECT * FROM `ssyp_category` WHERE ( id in (10,16) )  [ RunTime:0.0002s ]
SQL: SELECT op.ord_number,o.status FROM ssyp_product p INNER JOIN ssyp_norms as n on n.pro_id = p.id INNER JOIN ssyp_ordpro as op on n.id=op.norms_id INNER JOIN ssyp_orders as o on op.ord_id=o.id  WHERE o.pub_time BETWEEN '0 ' AND ' 9999999999' AND p.id = '4'  [ RunTime:0.0002s ]
SQL: SELECT * FROM `ssyp_norms` WHERE ( pro_id="4" )  [ RunTime:0.0002s ]
SQL: SELECT * FROM `ssyp_category` WHERE ( id in (10,16) )  [ RunTime:0.0002s ]
SQL: SELECT op.ord_number,o.status FROM ssyp_product p INNER JOIN ssyp_norms as n on n.pro_id = p.id INNER JOIN ssyp_ordpro as op on n.id=op.norms_id INNER JOIN ssyp_orders as o on op.ord_id=o.id  WHERE o.pub_time BETWEEN '0 ' AND ' 9999999999' AND p.id = '3'  [ RunTime:0.0002s ]
SQL: SELECT * FROM `ssyp_norms` WHERE ( pro_id="3" )  [ RunTime:0.0002s ]
SQL: SELECT * FROM `ssyp_category` WHERE ( id in (9) )  [ RunTime:0.0002s ]
SQL: SELECT op.ord_number,o.status FROM ssyp_product p INNER JOIN ssyp_norms as n on n.pro_id = p.id INNER JOIN ssyp_ordpro as op on n.id=op.norms_id INNER JOIN ssyp_orders as o on op.ord_id=o.id  WHERE o.pub_time BETWEEN '0 ' AND ' 9999999999' AND p.id = '2'  [ RunTime:0.0002s ]
SQL: SELECT * FROM `ssyp_norms` WHERE ( pro_id="2" )  [ RunTime:0.0002s ]
SQL: SELECT * FROM `ssyp_category` WHERE ( id in (9) )  [ RunTime:0.0002s ]
SQL: SELECT op.ord_number,o.status FROM ssyp_product p INNER JOIN ssyp_norms as n on n.pro_id = p.id INNER JOIN ssyp_ordpro as op on n.id=op.norms_id INNER JOIN ssyp_orders as o on op.ord_id=o.id  WHERE o.pub_time BETWEEN '0 ' AND ' 9999999999' AND p.id = '1'  [ RunTime:0.0003s ]
SQL: SELECT * FROM `ssyp_norms` WHERE ( pro_id="1" )  [ RunTime:0.0002s ]
SQL: SELECT op.ord_number,o.status FROM ssyp_product p INNER JOIN ssyp_norms as n on n.pro_id = p.id INNER JOIN ssyp_ordpro as op on n.id=op.norms_id INNER JOIN ssyp_orders as o on op.ord_id=o.id  WHERE o.pub_time BETWEEN '0 ' AND ' 9999999999'  [ RunTime:0.0002s ]
SQL: SELECT SUM(number_norms) AS tp_sum FROM ssyp_product p INNER JOIN ssyp_norms as c on p.id = pro_id  LIMIT 1   [ RunTime:0.0012s ]
INFO: [ view_parse ] --START--
INFO: [ template_filter ] --START--
INFO: Run Behavior\ContentReplaceBehavior [ RunTime:0.000180s ]
INFO: [ template_filter ] --END-- [ RunTime:0.000220s ]
NOTIC: [8] Undefined index: headimgurl D:\PHPstudy\WWW\ssyp\Apps\Runtime\Cache\Admin\ff5284c55541268002e4c7802b5ab64b.php 第 77 行.
NOTIC: [8] Undefined variable: start D:\PHPstudy\WWW\ssyp\Apps\Runtime\Cache\Admin\ff5284c55541268002e4c7802b5ab64b.php 第 141 行.
NOTIC: [8] Undefined variable: end D:\PHPstudy\WWW\ssyp\Apps\Runtime\Cache\Admin\ff5284c55541268002e4c7802b5ab64b.php 第 142 行.
NOTIC: [8] Undefined variable: supply D:\PHPstudy\WWW\ssyp\Apps\Runtime\Cache\Admin\ff5284c55541268002e4c7802b5ab64b.php 第 150 行.
NOTIC: [8] Undefined index: start D:\PHPstudy\WWW\ssyp\Apps\Runtime\Cache\Admin\ff5284c55541268002e4c7802b5ab64b.php 第 157 行.
NOTIC: [8] Undefined index: end D:\PHPstudy\WWW\ssyp\Apps\Runtime\Cache\Admin\ff5284c55541268002e4c7802b5ab64b.php 第 158 行.
INFO: Run Behavior\ParseTemplateBehavior [ RunTime:0.024224s ]
INFO: [ view_parse ] --END-- [ RunTime:0.024261s ]
INFO: [ view_filter ] --START--
INFO: Run Behavior\WriteHtmlCacheBehavior [ RunTime:0.002848s ]
INFO: [ view_filter ] --END-- [ RunTime:0.002874s ]
INFO: [ app_end ] --START--
INFO: Run Behavior\ShowPageTraceBehavior [ RunTime:0.003486s ]
INFO: [ app_end ] --END-- [ RunTime:0.003550s ]

[ 2018-04-10T11:52:32+08:00 ] 127.0.0.1 /ssyp/index.php/Admin/Product/norms/id/6
INFO: [ app_init ] --START--
INFO: Run Behavior\BuildLiteBehavior [ RunTime:0.000010s ]
INFO: [ app_init ] --END-- [ RunTime:0.001895s ]
INFO: [ app_begin ] --START--
INFO: Run Behavior\ReadHtmlCacheBehavior [ RunTime:0.003033s ]
INFO: [ app_begin ] --END-- [ RunTime:0.003076s ]
SQL: SHOW COLUMNS FROM `ssyp_admin` [ RunTime:0.0120s ]
SQL: SELECT `role_id`,`realname`,`login_number` FROM `ssyp_admin` WHERE ( id="1" ) LIMIT 1   [ RunTime:0.0006s ]
SQL: SHOW COLUMNS FROM `ssyp_role` [ RunTime:0.0108s ]
SQL: SELECT `power`,`role_name` FROM `ssyp_role` WHERE ( id="-1" ) LIMIT 1   [ RunTime:0.0003s ]
SQL: SHOW COLUMNS FROM `ssyp_power` [ RunTime:0.0137s ]
SQL: SELECT * FROM `ssyp_power` WHERE `fid` > 0  [ RunTime:0.0004s ]
NOTIC: [8] Undefined index: status D:\PHPstudy\WWW\ssyp\Apps\Admin\Controller\BaseController.class.php 第 42 行.
SQL: SHOW COLUMNS FROM `ssyp_product` [ RunTime:0.0116s ]
SQL: SELECT `id`,`name`,`pro_price`,`discount_price`,`cost_price`,`pro_number` FROM `ssyp_product` WHERE ( id="6" ) LIMIT 1   [ RunTime:0.0003s ]
SQL: SHOW COLUMNS FROM `ssyp_category` [ RunTime:0.0120s ]
SQL: SELECT `id`,`c_name` FROM `ssyp_category` WHERE `fid` = 0 AND `c_status` = 3  [ RunTime:0.0007s ]
SQL: SELECT c_name as name FROM `ssyp_category` WHERE ( fid="21" )  [ RunTime:0.0003s ]
SQL: SELECT c_name as name FROM `ssyp_category` WHERE ( fid="22" )  [ RunTime:0.0002s ]
SQL: SHOW COLUMNS FROM `ssyp_norms` [ RunTime:0.0111s ]
SQL: SELECT * FROM `ssyp_norms` WHERE ( pro_id="6" )  [ RunTime:0.0003s ]
INFO: [ view_parse ] --START--
INFO: [ template_filter ] --START--
INFO: Run Behavior\ContentReplaceBehavior [ RunTime:0.000186s ]
INFO: [ template_filter ] --END-- [ RunTime:0.000240s ]
NOTIC: [8] Undefined index: headimgurl D:\PHPstudy\WWW\ssyp\Apps\Runtime\Cache\Admin\b341b34cca0299a8a66d05a6366752a0.php 第 92 行.
INFO: Run Behavior\ParseTemplateBehavior [ RunTime:0.023229s ]
INFO: [ view_parse ] --END-- [ RunTime:0.023264s ]
INFO: [ view_filter ] --START--
INFO: Run Behavior\WriteHtmlCacheBehavior [ RunTime:0.003261s ]
INFO: [ view_filter ] --END-- [ RunTime:0.003295s ]
INFO: [ app_end ] --START--
INFO: Run Behavior\ShowPageTraceBehavior [ RunTime:0.003232s ]
INFO: [ app_end ] --END-- [ RunTime:0.003269s ]

[ 2018-04-10T11:52:37+08:00 ] 127.0.0.1 /ssyp/index.php/Admin/Product/index
INFO: [ app_init ] --START--
INFO: Run Behavior\BuildLiteBehavior [ RunTime:0.000009s ]
INFO: [ app_init ] --END-- [ RunTime:0.001955s ]
INFO: [ app_begin ] --START--
INFO: Run Behavior\ReadHtmlCacheBehavior [ RunTime:0.003371s ]
INFO: [ app_begin ] --END-- [ RunTime:0.003425s ]
SQL: SHOW COLUMNS FROM `ssyp_admin` [ RunTime:0.0128s ]
SQL: SELECT `role_id`,`realname`,`login_number` FROM `ssyp_admin` WHERE ( id="1" ) LIMIT 1   [ RunTime:0.0004s ]
SQL: SHOW COLUMNS FROM `ssyp_role` [ RunTime:0.0117s ]
SQL: SELECT `power`,`role_name` FROM `ssyp_role` WHERE ( id="-1" ) LIMIT 1   [ RunTime:0.0003s ]
SQL: SHOW COLUMNS FROM `ssyp_power` [ RunTime:0.0126s ]
SQL: SELECT * FROM `ssyp_power` WHERE `fid` > 0  [ RunTime:0.0005s ]
NOTIC: [8] Undefined index: status D:\PHPstudy\WWW\ssyp\Apps\Admin\Controller\BaseController.class.php 第 42 行.
NOTIC: [8] Undefined index: pub_time_start D:\PHPstudy\WWW\ssyp\Apps\Admin\Controller\ProductController.class.php 第 7 行.
NOTIC: [8] Undefined index: pub_time_end D:\PHPstudy\WWW\ssyp\Apps\Admin\Controller\ProductController.class.php 第 13 行.
NOTIC: [8] Undefined index: supply D:\PHPstudy\WWW\ssyp\Apps\Admin\Controller\ProductController.class.php 第 18 行.
SQL: SHOW COLUMNS FROM `ssyp_product` [ RunTime:0.0111s ]
SQL: SELECT `role_id`,`cat_shop` FROM `ssyp_admin` WHERE ( id=1 ) LIMIT 1   [ RunTime:0.0004s ]
SQL: SELECT COUNT(p.id) AS tp_count FROM ssyp_product p left JOIN ssyp_category as cs on cs.id = status  LIMIT 1   [ RunTime:0.0004s ]
SQL: SELECT p.*,cs.c_name as status_str FROM ssyp_product p left JOIN ssyp_category as cs on cs.id = status  ORDER BY p.id desc LIMIT 0,20   [ RunTime:0.0007s ]
SQL: SHOW COLUMNS FROM `ssyp_norms` [ RunTime:0.0115s ]
SQL: SHOW COLUMNS FROM `ssyp_category` [ RunTime:0.0146s ]
SQL: SELECT * FROM `ssyp_category` WHERE ( id in (14,15) )  [ RunTime:0.0004s ]
SQL: SELECT op.ord_number,o.status FROM ssyp_product p INNER JOIN ssyp_norms as n on n.pro_id = p.id INNER JOIN ssyp_ordpro as op on n.id=op.norms_id INNER JOIN ssyp_orders as o on op.ord_id=o.id  WHERE o.pub_time BETWEEN '0 ' AND ' 9999999999' AND p.id = '6'  [ RunTime:0.0003s ]
SQL: SELECT * FROM `ssyp_norms` WHERE ( pro_id="6" )  [ RunTime:0.0002s ]
SQL: SELECT * FROM `ssyp_category` WHERE ( id in (10,17) )  [ RunTime:0.0005s ]
SQL: SELECT op.ord_number,o.status FROM ssyp_product p INNER JOIN ssyp_norms as n on n.pro_id = p.id INNER JOIN ssyp_ordpro as op on n.id=op.norms_id INNER JOIN ssyp_orders as o on op.ord_id=o.id  WHERE o.pub_time BETWEEN '0 ' AND ' 9999999999' AND p.id = '5'  [ RunTime:0.0005s ]
SQL: SELECT * FROM `ssyp_norms` WHERE ( pro_id="5" )  [ RunTime:0.0003s ]
SQL: SELECT * FROM `ssyp_category` WHERE ( id in (10,16) )  [ RunTime:0.0003s ]
SQL: SELECT op.ord_number,o.status FROM ssyp_product p INNER JOIN ssyp_norms as n on n.pro_id = p.id INNER JOIN ssyp_ordpro as op on n.id=op.norms_id INNER JOIN ssyp_orders as o on op.ord_id=o.id  WHERE o.pub_time BETWEEN '0 ' AND ' 9999999999' AND p.id = '4'  [ RunTime:0.0003s ]
SQL: SELECT * FROM `ssyp_norms` WHERE ( pro_id="4" )  [ RunTime:0.0002s ]
SQL: SELECT * FROM `ssyp_category` WHERE ( id in (10,16) )  [ RunTime:0.0003s ]
SQL: SELECT op.ord_number,o.status FROM ssyp_product p INNER JOIN ssyp_norms as n on n.pro_id = p.id INNER JOIN ssyp_ordpro as op on n.id=op.norms_id INNER JOIN ssyp_orders as o on op.ord_id=o.id  WHERE o.pub_time BETWEEN '0 ' AND ' 9999999999' AND p.id = '3'  [ RunTime:0.0003s ]
SQL: SELECT * FROM `ssyp_norms` WHERE ( pro_id="3" )  [ RunTime:0.0003s ]
SQL: SELECT * FROM `ssyp_category` WHERE ( id in (9) )  [ RunTime:0.0002s ]
SQL: SELECT op.ord_number,o.status FROM ssyp_product p INNER JOIN ssyp_norms as n on n.pro_id = p.id INNER JOIN ssyp_ordpro as op on n.id=op.norms_id INNER JOIN ssyp_orders as o on op.ord_id=o.id  WHERE o.pub_time BETWEEN '0 ' AND ' 9999999999' AND p.id = '2'  [ RunTime:0.0002s ]
SQL: SELECT * FROM `ssyp_norms` WHERE ( pro_id="2" )  [ RunTime:0.0002s ]
SQL: SELECT * FROM `ssyp_category` WHERE ( id in (9) )  [ RunTime:0.0002s ]
SQL: SELECT op.ord_number,o.status FROM ssyp_product p INNER JOIN ssyp_norms as n on n.pro_id = p.id INNER JOIN ssyp_ordpro as op on n.id=op.norms_id INNER JOIN ssyp_orders as o on op.ord_id=o.id  WHERE o.pub_time BETWEEN '0 ' AND ' 9999999999' AND p.id = '1'  [ RunTime:0.0002s ]
SQL: SELECT * FROM `ssyp_norms` WHERE ( pro_id="1" )  [ RunTime:0.0002s ]
SQL: SELECT op.ord_number,o.status FROM ssyp_product p INNER JOIN ssyp_norms as n on n.pro_id = p.id INNER JOIN ssyp_ordpro as op on n.id=op.norms_id INNER JOIN ssyp_orders as o on op.ord_id=o.id  WHERE o.pub_time BETWEEN '0 ' AND ' 9999999999'  [ RunTime:0.0002s ]
SQL: SELECT SUM(number_norms) AS tp_sum FROM ssyp_product p INNER JOIN ssyp_norms as c on p.id = pro_id  LIMIT 1   [ RunTime:0.0002s ]
INFO: [ view_parse ] --START--
INFO: [ template_filter ] --START--
INFO: Run Behavior\ContentReplaceBehavior [ RunTime:0.000173s ]
INFO: [ template_filter ] --END-- [ RunTime:0.000211s ]
NOTIC: [8] Undefined index: headimgurl D:\PHPstudy\WWW\ssyp\Apps\Runtime\Cache\Admin\ff5284c55541268002e4c7802b5ab64b.php 第 77 行.
NOTIC: [8] Undefined variable: start D:\PHPstudy\WWW\ssyp\Apps\Runtime\Cache\Admin\ff5284c55541268002e4c7802b5ab64b.php 第 141 行.
NOTIC: [8] Undefined variable: end D:\PHPstudy\WWW\ssyp\Apps\Runtime\Cache\Admin\ff5284c55541268002e4c7802b5ab64b.php 第 142 行.
NOTIC: [8] Undefined variable: supply D:\PHPstudy\WWW\ssyp\Apps\Runtime\Cache\Admin\ff5284c55541268002e4c7802b5ab64b.php 第 150 行.
NOTIC: [8] Undefined index: start D:\PHPstudy\WWW\ssyp\Apps\Runtime\Cache\Admin\ff5284c55541268002e4c7802b5ab64b.php 第 157 行.
NOTIC: [8] Undefined index: end D:\PHPstudy\WWW\ssyp\Apps\Runtime\Cache\Admin\ff5284c55541268002e4c7802b5ab64b.php 第 158 行.
INFO: Run Behavior\ParseTemplateBehavior [ RunTime:0.023158s ]
INFO: [ view_parse ] --END-- [ RunTime:0.023188s ]
INFO: [ view_filter ] --START--
INFO: Run Behavior\WriteHtmlCacheBehavior [ RunTime:0.003132s ]
INFO: [ view_filter ] --END-- [ RunTime:0.003174s ]
INFO: [ app_end ] --START--
INFO: Run Behavior\ShowPageTraceBehavior [ RunTime:0.004210s ]
INFO: [ app_end ] --END-- [ RunTime:0.004355s ]

[ 2018-04-10T11:52:45+08:00 ] 127.0.0.1 /ssyp/index.php/Admin/Product/add
INFO: [ app_init ] --START--
INFO: Run Behavior\BuildLiteBehavior [ RunTime:0.000010s ]
INFO: [ app_init ] --END-- [ RunTime:0.001962s ]
INFO: [ app_begin ] --START--
INFO: Run Behavior\ReadHtmlCacheBehavior [ RunTime:0.003409s ]
INFO: [ app_begin ] --END-- [ RunTime:0.003472s ]
SQL: SHOW COLUMNS FROM `ssyp_admin` [ RunTime:0.0133s ]
SQL: SELECT `role_id`,`realname`,`login_number` FROM `ssyp_admin` WHERE ( id="1" ) LIMIT 1   [ RunTime:0.0004s ]
SQL: SHOW COLUMNS FROM `ssyp_role` [ RunTime:0.0120s ]
SQL: SELECT `power`,`role_name` FROM `ssyp_role` WHERE ( id="-1" ) LIMIT 1   [ RunTime:0.0003s ]
SQL: SHOW COLUMNS FROM `ssyp_power` [ RunTime:0.0125s ]
SQL: SELECT * FROM `ssyp_power` WHERE `fid` > 0  [ RunTime:0.0004s ]
NOTIC: [8] Undefined index: status D:\PHPstudy\WWW\ssyp\Apps\Admin\Controller\BaseController.class.php 第 42 行.
NOTIC: [8] Undefined index: a D:\PHPstudy\WWW\ssyp\Apps\Admin\Controller\ProductController.class.php 第 114 行.
NOTIC: [8] Undefined index: b D:\PHPstudy\WWW\ssyp\Apps\Admin\Controller\ProductController.class.php 第 115 行.
SQL: SHOW COLUMNS FROM `ssyp_seller` [ RunTime:0.0113s ]
SQL: SELECT `cat_list` FROM `ssyp_seller` WHERE ( id="0" ) LIMIT 1   [ RunTime:0.0006s ]
SQL: SHOW COLUMNS FROM `ssyp_category` [ RunTime:0.0115s ]
SQL: SELECT `id`,`c_name` FROM `ssyp_category` WHERE `fid` = 0 AND `c_status` = 1  [ RunTime:0.0003s ]
SQL: SELECT * FROM `ssyp_category` WHERE `c_status` = 2  [ RunTime:0.0002s ]
INFO: [ view_parse ] --START--
INFO: [ template_filter ] --START--
INFO: Run Behavior\ContentReplaceBehavior [ RunTime:0.000257s ]
INFO: [ template_filter ] --END-- [ RunTime:0.000296s ]
NOTIC: [8] Undefined index: headimgurl D:\PHPstudy\WWW\ssyp\Apps\Runtime\Cache\Admin\1bbd7ffe3d3dbbde704dd2b8084d10cc.php 第 86 行.
NOTIC: [8] Undefined index: id D:\PHPstudy\WWW\ssyp\Apps\Runtime\Cache\Admin\1bbd7ffe3d3dbbde704dd2b8084d10cc.php 第 154 行.
NOTIC: [8] Undefined variable: first D:\PHPstudy\WWW\ssyp\Apps\Runtime\Cache\Admin\1bbd7ffe3d3dbbde704dd2b8084d10cc.php 第 162 行.
NOTIC: [8] Undefined variable: first D:\PHPstudy\WWW\ssyp\Apps\Runtime\Cache\Admin\1bbd7ffe3d3dbbde704dd2b8084d10cc.php 第 162 行.
NOTIC: [8] Undefined variable: first D:\PHPstudy\WWW\ssyp\Apps\Runtime\Cache\Admin\1bbd7ffe3d3dbbde704dd2b8084d10cc.php 第 162 行.
NOTIC: [8] Undefined variable: first D:\PHPstudy\WWW\ssyp\Apps\Runtime\Cache\Admin\1bbd7ffe3d3dbbde704dd2b8084d10cc.php 第 162 行.
NOTIC: [8] Undefined variable: c_list D:\PHPstudy\WWW\ssyp\Apps\Runtime\Cache\Admin\1bbd7ffe3d3dbbde704dd2b8084d10cc.php 第 164 行.
NOTIC: [8] Undefined index: name D:\PHPstudy\WWW\ssyp\Apps\Runtime\Cache\Admin\1bbd7ffe3d3dbbde704dd2b8084d10cc.php 第 171 行.
NOTIC: [8] Undefined index: symbol D:\PHPstudy\WWW\ssyp\Apps\Runtime\Cache\Admin\1bbd7ffe3d3dbbde704dd2b8084d10cc.php 第 175 行.
NOTIC: [8] Undefined index: supply D:\PHPstudy\WWW\ssyp\Apps\Runtime\Cache\Admin\1bbd7ffe3d3dbbde704dd2b8084d10cc.php 第 179 行.
NOTIC: [8] Undefined index: pro_comment D:\PHPstudy\WWW\ssyp\Apps\Runtime\Cache\Admin\1bbd7ffe3d3dbbde704dd2b8084d10cc.php 第 204 行.
NOTIC: [8] Undefined index: wx_image D:\PHPstudy\WWW\ssyp\Apps\Runtime\Cache\Admin\1bbd7ffe3d3dbbde704dd2b8084d10cc.php 第 209 行.
NOTIC: [8] Undefined index: wx_image D:\PHPstudy\WWW\ssyp\Apps\Runtime\Cache\Admin\1bbd7ffe3d3dbbde704dd2b8084d10cc.php 第 210 行.
NOTIC: [8] Undefined index: id D:\PHPstudy\WWW\ssyp\Apps\Runtime\Cache\Admin\1bbd7ffe3d3dbbde704dd2b8084d10cc.php 第 210 行.
NOTIC: [8] Undefined variable: img_list D:\PHPstudy\WWW\ssyp\Apps\Runtime\Cache\Admin\1bbd7ffe3d3dbbde704dd2b8084d10cc.php 第 218 行.
NOTIC: [8] Undefined index: wx_image D:\PHPstudy\WWW\ssyp\Apps\Runtime\Cache\Admin\1bbd7ffe3d3dbbde704dd2b8084d10cc.php 第 225 行.
NOTIC: [8] Undefined index: wx_image D:\PHPstudy\WWW\ssyp\Apps\Runtime\Cache\Admin\1bbd7ffe3d3dbbde704dd2b8084d10cc.php 第 226 行.
NOTIC: [8] Undefined index: status D:\PHPstudy\WWW\ssyp\Apps\Runtime\Cache\Admin\1bbd7ffe3d3dbbde704dd2b8084d10cc.php 第 235 行.
NOTIC: [8] Undefined index: status D:\PHPstudy\WWW\ssyp\Apps\Runtime\Cache\Admin\1bbd7ffe3d3dbbde704dd2b8084d10cc.php 第 235 行.
NOTIC: [8] Undefined index: relation D:\PHPstudy\WWW\ssyp\Apps\Runtime\Cache\Admin\1bbd7ffe3d3dbbde704dd2b8084d10cc.php 第 243 行.
NOTIC: [8] Undefined index: pro_detail D:\PHPstudy\WWW\ssyp\Apps\Runtime\Cache\Admin\1bbd7ffe3d3dbbde704dd2b8084d10cc.php 第 249 行.
NOTIC: [8] Undefined index: size_notice D:\PHPstudy\WWW\ssyp\Apps\Runtime\Cache\Admin\1bbd7ffe3d3dbbde704dd2b8084d10cc.php 第 255 行.
NOTIC: [8] Undefined index: wx_describe D:\PHPstudy\WWW\ssyp\Apps\Runtime\Cache\Admin\1bbd7ffe3d3dbbde704dd2b8084d10cc.php 第 270 行.
NOTIC: [8] Undefined index: task_peicai D:\PHPstudy\WWW\ssyp\Apps\Runtime\Cache\Admin\1bbd7ffe3d3dbbde704dd2b8084d10cc.php 第 288 行.
NOTIC: [8] Undefined index: task_peicai D:\PHPstudy\WWW\ssyp\Apps\Runtime\Cache\Admin\1bbd7ffe3d3dbbde704dd2b8084d10cc.php 第 288 行.
NOTIC: [8] Undefined index: task_peicai D:\PHPstudy\WWW\ssyp\Apps\Runtime\Cache\Admin\1bbd7ffe3d3dbbde704dd2b8084d10cc.php 第 288 行.
NOTIC: [8] Undefined index: task_peicai D:\PHPstudy\WWW\ssyp\Apps\Runtime\Cache\Admin\1bbd7ffe3d3dbbde704dd2b8084d10cc.php 第 288 行.
NOTIC: [8] Undefined index: task_peicai D:\PHPstudy\WWW\ssyp\Apps\Runtime\Cache\Admin\1bbd7ffe3d3dbbde704dd2b8084d10cc.php 第 289 行.
NOTIC: [8] Undefined index: task_peicai D:\PHPstudy\WWW\ssyp\Apps\Runtime\Cache\Admin\1bbd7ffe3d3dbbde704dd2b8084d10cc.php 第 289 行.
NOTIC: [8] Undefined index: task_duanlian D:\PHPstudy\WWW\ssyp\Apps\Runtime\Cache\Admin\1bbd7ffe3d3dbbde704dd2b8084d10cc.php 第 297 行.
NOTIC: [8] Undefined index: task_duanlian D:\PHPstudy\WWW\ssyp\Apps\Runtime\Cache\Admin\1bbd7ffe3d3dbbde704dd2b8084d10cc.php 第 297 行.
NOTIC: [8] Undefined index: task_duanlian D:\PHPstudy\WWW\ssyp\Apps\Runtime\Cache\Admin\1bbd7ffe3d3dbbde704dd2b8084d10cc.php 第 297 行.
NOTIC: [8] Undefined index: task_duanlian D:\PHPstudy\WWW\ssyp\Apps\Runtime\Cache\Admin\1bbd7ffe3d3dbbde704dd2b8084d10cc.php 第 297 行.
NOTIC: [8] Undefined index: task_duanlian D:\PHPstudy\WWW\ssyp\Apps\Runtime\Cache\Admin\1bbd7ffe3d3dbbde704dd2b8084d10cc.php 第 298 行.
NOTIC: [8] Undefined index: task_duanlian D:\PHPstudy\WWW\ssyp\Apps\Runtime\Cache\Admin\1bbd7ffe3d3dbbde704dd2b8084d10cc.php 第 298 行.
NOTIC: [8] Undefined index: task_yinyue D:\PHPstudy\WWW\ssyp\Apps\Runtime\Cache\Admin\1bbd7ffe3d3dbbde704dd2b8084d10cc.php 第 305 行.
NOTIC: [8] Undefined index: task_yinyue D:\PHPstudy\WWW\ssyp\Apps\Runtime\Cache\Admin\1bbd7ffe3d3dbbde704dd2b8084d10cc.php 第 305 行.
NOTIC: [8] Undefined index: task_yinyue D:\PHPstudy\WWW\ssyp\Apps\Runtime\Cache\Admin\1bbd7ffe3d3dbbde704dd2b8084d10cc.php 第 305 行.
NOTIC: [8] Undefined index: task_yinyue D:\PHPstudy\WWW\ssyp\Apps\Runtime\Cache\Admin\1bbd7ffe3d3dbbde704dd2b8084d10cc.php 第 305 行.
NOTIC: [8] Undefined index: task_yinyue D:\PHPstudy\WWW\ssyp\Apps\Runtime\Cache\Admin\1bbd7ffe3d3dbbde704dd2b8084d10cc.php 第 306 行.
NOTIC: [8] Undefined index: task_yinyue D:\PHPstudy\WWW\ssyp\Apps\Runtime\Cache\Admin\1bbd7ffe3d3dbbde704dd2b8084d10cc.php 第 306 行.
NOTIC: [8] Undefined index: task_pingcha D:\PHPstudy\WWW\ssyp\Apps\Runtime\Cache\Admin\1bbd7ffe3d3dbbde704dd2b8084d10cc.php 第 313 行.
NOTIC: [8] Undefined index: task_pingcha D:\PHPstudy\WWW\ssyp\Apps\Runtime\Cache\Admin\1bbd7ffe3d3dbbde704dd2b8084d10cc.php 第 313 行.
NOTIC: [8] Undefined index: task_pingcha D:\PHPstudy\WWW\ssyp\Apps\Runtime\Cache\Admin\1bbd7ffe3d3dbbde704dd2b8084d10cc.php 第 313 行.
NOTIC: [8] Undefined index: task_pingcha D:\PHPstudy\WWW\ssyp\Apps\Runtime\Cache\Admin\1bbd7ffe3d3dbbde704dd2b8084d10cc.php 第 313 行.
NOTIC: [8] Undefined index: task_pingcha D:\PHPstudy\WWW\ssyp\Apps\Runtime\Cache\Admin\1bbd7ffe3d3dbbde704dd2b8084d10cc.php 第 314 行.
NOTIC: [8] Undefined index: task_pingcha D:\PHPstudy\WWW\ssyp\Apps\Runtime\Cache\Admin\1bbd7ffe3d3dbbde704dd2b8084d10cc.php 第 314 行.
NOTIC: [8] Undefined index: task_heshui D:\PHPstudy\WWW\ssyp\Apps\Runtime\Cache\Admin\1bbd7ffe3d3dbbde704dd2b8084d10cc.php 第 321 行.
NOTIC: [8] Undefined index: task_heshui D:\PHPstudy\WWW\ssyp\Apps\Runtime\Cache\Admin\1bbd7ffe3d3dbbde704dd2b8084d10cc.php 第 321 行.
NOTIC: [8] Undefined index: task_heshui D:\PHPstudy\WWW\ssyp\Apps\Runtime\Cache\Admin\1bbd7ffe3d3dbbde704dd2b8084d10cc.php 第 321 行.
NOTIC: [8] Undefined index: task_heshui D:\PHPstudy\WWW\ssyp\Apps\Runtime\Cache\Admin\1bbd7ffe3d3dbbde704dd2b8084d10cc.php 第 321 行.
NOTIC: [8] Undefined index: task_heshui D:\PHPstudy\WWW\ssyp\Apps\Runtime\Cache\Admin\1bbd7ffe3d3dbbde704dd2b8084d10cc.php 第 322 行.
NOTIC: [8] Undefined index: task_heshui D:\PHPstudy\WWW\ssyp\Apps\Runtime\Cache\Admin\1bbd7ffe3d3dbbde704dd2b8084d10cc.php 第 322 行.
NOTIC: [8] Undefined index: task_mingxiang D:\PHPstudy\WWW\ssyp\Apps\Runtime\Cache\Admin\1bbd7ffe3d3dbbde704dd2b8084d10cc.php 第 329 行.
NOTIC: [8] Undefined index: task_mingxiang D:\PHPstudy\WWW\ssyp\Apps\Runtime\Cache\Admin\1bbd7ffe3d3dbbde704dd2b8084d10cc.php 第 329 行.
NOTIC: [8] Undefined index: task_mingxiang D:\PHPstudy\WWW\ssyp\Apps\Runtime\Cache\Admin\1bbd7ffe3d3dbbde704dd2b8084d10cc.php 第 329 行.
NOTIC: [8] Undefined index: task_mingxiang D:\PHPstudy\WWW\ssyp\Apps\Runtime\Cache\Admin\1bbd7ffe3d3dbbde704dd2b8084d10cc.php 第 329 行.
NOTIC: [8] Undefined index: task_mingxiang D:\PHPstudy\WWW\ssyp\Apps\Runtime\Cache\Admin\1bbd7ffe3d3dbbde704dd2b8084d10cc.php 第 330 行.
NOTIC: [8] Undefined index: task_mingxiang D:\PHPstudy\WWW\ssyp\Apps\Runtime\Cache\Admin\1bbd7ffe3d3dbbde704dd2b8084d10cc.php 第 330 行.
NOTIC: [8] Undefined index: pro_images D:\PHPstudy\WWW\ssyp\Apps\Runtime\Cache\Admin\1bbd7ffe3d3dbbde704dd2b8084d10cc.php 第 402 行.
INFO: Run Behavior\ParseTemplateBehavior [ RunTime:0.027150s ]
INFO: [ view_parse ] --END-- [ RunTime:0.027192s ]
INFO: [ view_filter ] --START--
INFO: Run Behavior\WriteHtmlCacheBehavior [ RunTime:0.003031s ]
INFO: [ view_filter ] --END-- [ RunTime:0.003061s ]
INFO: [ app_end ] --START--
INFO: Run Behavior\ShowPageTraceBehavior [ RunTime:0.003305s ]
INFO: [ app_end ] --END-- [ RunTime:0.003346s ]

[ 2018-04-10T11:52:58+08:00 ] 127.0.0.1 /ssyp/index.php/Admin/Orders/index
INFO: [ app_init ] --START--
INFO: Run Behavior\BuildLiteBehavior [ RunTime:0.000017s ]
INFO: [ app_init ] --END-- [ RunTime:0.002486s ]
INFO: [ app_begin ] --START--
INFO: Run Behavior\ReadHtmlCacheBehavior [ RunTime:0.003044s ]
INFO: [ app_begin ] --END-- [ RunTime:0.003087s ]
SQL: SHOW COLUMNS FROM `ssyp_admin` [ RunTime:0.0130s ]
SQL: SELECT `role_id`,`realname`,`login_number` FROM `ssyp_admin` WHERE ( id="1" ) LIMIT 1   [ RunTime:0.0004s ]
SQL: SHOW COLUMNS FROM `ssyp_role` [ RunTime:0.0129s ]
SQL: SELECT `power`,`role_name` FROM `ssyp_role` WHERE ( id="-1" ) LIMIT 1   [ RunTime:0.0003s ]
SQL: SHOW COLUMNS FROM `ssyp_power` [ RunTime:0.0125s ]
SQL: SELECT * FROM `ssyp_power` WHERE `fid` > 0  [ RunTime:0.0005s ]
NOTIC: [8] Undefined index: status D:\PHPstudy\WWW\ssyp\Apps\Admin\Controller\BaseController.class.php 第 42 行.
NOTIC: [8] Undefined index: id D:\PHPstudy\WWW\ssyp\Apps\Admin\Controller\OrdersController.class.php 第 97 行.
NOTIC: [8] Undefined index: bh D:\PHPstudy\WWW\ssyp\Apps\Admin\Controller\OrdersController.class.php 第 102 行.
NOTIC: [8] Undefined index: pub_time_start D:\PHPstudy\WWW\ssyp\Apps\Admin\Controller\OrdersController.class.php 第 107 行.
NOTIC: [8] Undefined index: pub_time_end D:\PHPstudy\WWW\ssyp\Apps\Admin\Controller\OrdersController.class.php 第 113 行.
NOTIC: [8] Undefined index: status D:\PHPstudy\WWW\ssyp\Apps\Admin\Controller\OrdersController.class.php 第 118 行.
SQL: SHOW COLUMNS FROM `ssyp_orders` [ RunTime:0.0119s ]
SQL: SELECT COUNT(id) AS tp_count FROM ssyp_orders o LIMIT 1   [ RunTime:0.0004s ]
SQL: SELECT * FROM `ssyp_orders` ORDER BY id desc LIMIT 0,20   [ RunTime:0.0005s ]
SQL: SHOW COLUMNS FROM `ssyp_ordpro` [ RunTime:0.0114s ]
SQL: SELECT op.*,p.name,n.*,`symbol` FROM ssyp_ordpro op INNER JOIN ssyp_norms as n on n.id=norms_id INNER JOIN ssyp_product as p on p.id=n.pro_id  WHERE ( ord_id in (1) )  [ RunTime:0.0006s ]
SQL: SELECT SUM(ord_money) AS tp_sum FROM `ssyp_orders` LIMIT 1   [ RunTime:0.0002s ]
SQL: SELECT SUM(score_money) AS tp_sum FROM `ssyp_orders` LIMIT 1   [ RunTime:0.0002s ]
SQL: SELECT SUM(mail_price) AS tp_sum FROM `ssyp_orders` LIMIT 1   [ RunTime:0.0002s ]
INFO: [ view_parse ] --START--
INFO: [ template_filter ] --START--
INFO: Run Behavior\ContentReplaceBehavior [ RunTime:0.000169s ]
INFO: [ template_filter ] --END-- [ RunTime:0.000209s ]
NOTIC: [8] Undefined index: headimgurl D:\PHPstudy\WWW\ssyp\Apps\Runtime\Cache\Admin\52faf28ae49279dbf722132b13777e34.php 第 74 行.
NOTIC: [8] Undefined variable: id D:\PHPstudy\WWW\ssyp\Apps\Runtime\Cache\Admin\52faf28ae49279dbf722132b13777e34.php 第 137 行.
NOTIC: [8] Undefined variable: bh D:\PHPstudy\WWW\ssyp\Apps\Runtime\Cache\Admin\52faf28ae49279dbf722132b13777e34.php 第 144 行.
NOTIC: [8] Undefined variable: start D:\PHPstudy\WWW\ssyp\Apps\Runtime\Cache\Admin\52faf28ae49279dbf722132b13777e34.php 第 151 行.
NOTIC: [8] Undefined variable: end D:\PHPstudy\WWW\ssyp\Apps\Runtime\Cache\Admin\52faf28ae49279dbf722132b13777e34.php 第 152 行.
NOTIC: [8] Undefined variable: status D:\PHPstudy\WWW\ssyp\Apps\Runtime\Cache\Admin\52faf28ae49279dbf722132b13777e34.php 第 161 行.
NOTIC: [8] Undefined variable: status D:\PHPstudy\WWW\ssyp\Apps\Runtime\Cache\Admin\52faf28ae49279dbf722132b13777e34.php 第 162 行.
NOTIC: [8] Undefined variable: status D:\PHPstudy\WWW\ssyp\Apps\Runtime\Cache\Admin\52faf28ae49279dbf722132b13777e34.php 第 163 行.
NOTIC: [8] Undefined variable: status D:\PHPstudy\WWW\ssyp\Apps\Runtime\Cache\Admin\52faf28ae49279dbf722132b13777e34.php 第 164 行.
NOTIC: [8] Undefined variable: status D:\PHPstudy\WWW\ssyp\Apps\Runtime\Cache\Admin\52faf28ae49279dbf722132b13777e34.php 第 165 行.
INFO: Run Behavior\ParseTemplateBehavior [ RunTime:0.023554s ]
INFO: [ view_parse ] --END-- [ RunTime:0.023584s ]
INFO: [ view_filter ] --START--
INFO: Run Behavior\WriteHtmlCacheBehavior [ RunTime:0.002962s ]
INFO: [ view_filter ] --END-- [ RunTime:0.002987s ]
INFO: [ app_end ] --START--
INFO: Run Behavior\ShowPageTraceBehavior [ RunTime:0.003785s ]
INFO: [ app_end ] --END-- [ RunTime:0.003846s ]

[ 2018-04-10T11:53:09+08:00 ] 127.0.0.1 /ssyp/index.php/Admin/Orders/finish/id/1
INFO: [ app_init ] --START--
INFO: Run Behavior\BuildLiteBehavior [ RunTime:0.000011s ]
INFO: [ app_init ] --END-- [ RunTime:0.001964s ]
INFO: [ app_begin ] --START--
INFO: Run Behavior\ReadHtmlCacheBehavior [ RunTime:0.003189s ]
INFO: [ app_begin ] --END-- [ RunTime:0.003247s ]
SQL: SHOW COLUMNS FROM `ssyp_admin` [ RunTime:0.0114s ]
SQL: SELECT `role_id`,`realname`,`login_number` FROM `ssyp_admin` WHERE ( id="1" ) LIMIT 1   [ RunTime:0.0003s ]
SQL: SHOW COLUMNS FROM `ssyp_role` [ RunTime:0.0125s ]
SQL: SELECT `power`,`role_name` FROM `ssyp_role` WHERE ( id="-1" ) LIMIT 1   [ RunTime:0.0003s ]
SQL: SHOW COLUMNS FROM `ssyp_power` [ RunTime:0.0118s ]
SQL: SELECT * FROM `ssyp_power` WHERE `fid` > 0  [ RunTime:0.0004s ]
NOTIC: [8] Undefined index: status D:\PHPstudy\WWW\ssyp\Apps\Admin\Controller\BaseController.class.php 第 42 行.
SQL: SHOW COLUMNS FROM `ssyp_orders` [ RunTime:0.0109s ]
SQL: SELECT * FROM `ssyp_orders` WHERE `id` = 1 AND `status` = 3 LIMIT 1   [ RunTime:0.0004s ]
SQL: UPDATE `ssyp_orders` SET `status`='9',`confirm_time`='1523332389' WHERE `id` = 1 AND `status` = 3 AND ( `send_time` < 1522468389 AND `send_time` > 0  ) [ RunTime:0.0047s ]
SQL: SELECT `money_share`,`status` FROM `ssyp_orders` WHERE ( id="1" ) LIMIT 1   [ RunTime:0.0002s ]
INFO: [ view_parse ] --START--
INFO: [ template_filter ] --START--
INFO: Run Behavior\ContentReplaceBehavior [ RunTime:0.000033s ]
INFO: [ template_filter ] --END-- [ RunTime:0.000076s ]
INFO: Run Behavior\ParseTemplateBehavior [ RunTime:0.018037s ]
INFO: [ view_parse ] --END-- [ RunTime:0.018075s ]
INFO: [ view_filter ] --START--
INFO: Run Behavior\WriteHtmlCacheBehavior [ RunTime:0.002822s ]
INFO: [ view_filter ] --END-- [ RunTime:0.002848s ]
INFO: [ app_end ] --START--
INFO: Run Behavior\ShowPageTraceBehavior [ RunTime:0.002963s ]
INFO: [ app_end ] --END-- [ RunTime:0.002990s ]

[ 2018-04-10T11:53:10+08:00 ] 127.0.0.1 /ssyp/index.php/Admin/Orders/index
INFO: [ app_init ] --START--
INFO: Run Behavior\BuildLiteBehavior [ RunTime:0.000011s ]
INFO: [ app_init ] --END-- [ RunTime:0.002125s ]
INFO: [ app_begin ] --START--
INFO: Run Behavior\ReadHtmlCacheBehavior [ RunTime:0.003329s ]
INFO: [ app_begin ] --END-- [ RunTime:0.003377s ]
SQL: SHOW COLUMNS FROM `ssyp_admin` [ RunTime:0.0126s ]
SQL: SELECT `role_id`,`realname`,`login_number` FROM `ssyp_admin` WHERE ( id="1" ) LIMIT 1   [ RunTime:0.0003s ]
SQL: SHOW COLUMNS FROM `ssyp_role` [ RunTime:0.0116s ]
SQL: SELECT `power`,`role_name` FROM `ssyp_role` WHERE ( id="-1" ) LIMIT 1   [ RunTime:0.0003s ]
SQL: SHOW COLUMNS FROM `ssyp_power` [ RunTime:0.0129s ]
SQL: SELECT * FROM `ssyp_power` WHERE `fid` > 0  [ RunTime:0.0005s ]
NOTIC: [8] Undefined index: status D:\PHPstudy\WWW\ssyp\Apps\Admin\Controller\BaseController.class.php 第 42 行.
NOTIC: [8] Undefined index: id D:\PHPstudy\WWW\ssyp\Apps\Admin\Controller\OrdersController.class.php 第 97 行.
NOTIC: [8] Undefined index: bh D:\PHPstudy\WWW\ssyp\Apps\Admin\Controller\OrdersController.class.php 第 102 行.
NOTIC: [8] Undefined index: pub_time_start D:\PHPstudy\WWW\ssyp\Apps\Admin\Controller\OrdersController.class.php 第 107 行.
NOTIC: [8] Undefined index: pub_time_end D:\PHPstudy\WWW\ssyp\Apps\Admin\Controller\OrdersController.class.php 第 113 行.
NOTIC: [8] Undefined index: status D:\PHPstudy\WWW\ssyp\Apps\Admin\Controller\OrdersController.class.php 第 118 行.
SQL: SHOW COLUMNS FROM `ssyp_orders` [ RunTime:0.0108s ]
SQL: SELECT COUNT(id) AS tp_count FROM ssyp_orders o LIMIT 1   [ RunTime:0.0003s ]
SQL: SELECT * FROM `ssyp_orders` ORDER BY id desc LIMIT 0,20   [ RunTime:0.0004s ]
SQL: SHOW COLUMNS FROM `ssyp_ordpro` [ RunTime:0.0107s ]
SQL: SELECT op.*,p.name,n.*,`symbol` FROM ssyp_ordpro op INNER JOIN ssyp_norms as n on n.id=norms_id INNER JOIN ssyp_product as p on p.id=n.pro_id  WHERE ( ord_id in (1) )  [ RunTime:0.0004s ]
SQL: SELECT SUM(ord_money) AS tp_sum FROM `ssyp_orders` LIMIT 1   [ RunTime:0.0002s ]
SQL: SELECT SUM(score_money) AS tp_sum FROM `ssyp_orders` LIMIT 1   [ RunTime:0.0002s ]
SQL: SELECT SUM(mail_price) AS tp_sum FROM `ssyp_orders` LIMIT 1   [ RunTime:0.0002s ]
INFO: [ view_parse ] --START--
INFO: [ template_filter ] --START--
INFO: Run Behavior\ContentReplaceBehavior [ RunTime:0.000169s ]
INFO: [ template_filter ] --END-- [ RunTime:0.000208s ]
NOTIC: [8] Undefined index: headimgurl D:\PHPstudy\WWW\ssyp\Apps\Runtime\Cache\Admin\52faf28ae49279dbf722132b13777e34.php 第 74 行.
NOTIC: [8] Undefined variable: id D:\PHPstudy\WWW\ssyp\Apps\Runtime\Cache\Admin\52faf28ae49279dbf722132b13777e34.php 第 137 行.
NOTIC: [8] Undefined variable: bh D:\PHPstudy\WWW\ssyp\Apps\Runtime\Cache\Admin\52faf28ae49279dbf722132b13777e34.php 第 144 行.
NOTIC: [8] Undefined variable: start D:\PHPstudy\WWW\ssyp\Apps\Runtime\Cache\Admin\52faf28ae49279dbf722132b13777e34.php 第 151 行.
NOTIC: [8] Undefined variable: end D:\PHPstudy\WWW\ssyp\Apps\Runtime\Cache\Admin\52faf28ae49279dbf722132b13777e34.php 第 152 行.
NOTIC: [8] Undefined variable: status D:\PHPstudy\WWW\ssyp\Apps\Runtime\Cache\Admin\52faf28ae49279dbf722132b13777e34.php 第 161 行.
NOTIC: [8] Undefined variable: status D:\PHPstudy\WWW\ssyp\Apps\Runtime\Cache\Admin\52faf28ae49279dbf722132b13777e34.php 第 162 行.
NOTIC: [8] Undefined variable: status D:\PHPstudy\WWW\ssyp\Apps\Runtime\Cache\Admin\52faf28ae49279dbf722132b13777e34.php 第 163 行.
NOTIC: [8] Undefined variable: status D:\PHPstudy\WWW\ssyp\Apps\Runtime\Cache\Admin\52faf28ae49279dbf722132b13777e34.php 第 164 行.
NOTIC: [8] Undefined variable: status D:\PHPstudy\WWW\ssyp\Apps\Runtime\Cache\Admin\52faf28ae49279dbf722132b13777e34.php 第 165 行.
INFO: Run Behavior\ParseTemplateBehavior [ RunTime:0.023594s ]
INFO: [ view_parse ] --END-- [ RunTime:0.023623s ]
INFO: [ view_filter ] --START--
INFO: Run Behavior\WriteHtmlCacheBehavior [ RunTime:0.002952s ]
INFO: [ view_filter ] --END-- [ RunTime:0.002979s ]
INFO: [ app_end ] --START--
INFO: Run Behavior\ShowPageTraceBehavior [ RunTime:0.003298s ]
INFO: [ app_end ] --END-- [ RunTime:0.003339s ]

