[ 2018-03-24T17:33:33+08:00 ] ::1 /ssyp/
INFO: [ app_init ] --START--
INFO: Run Behavior\BuildLiteBehavior [ RunTime:0.000059s ]
INFO: [ app_init ] --END-- [ RunTime:0.005275s ]
INFO: [ app_begin ] --START--
INFO: Run Behavior\ReadHtmlCacheBehavior [ RunTime:0.001978s ]
INFO: [ app_begin ] --END-- [ RunTime:0.002034s ]

[ 2018-03-24T17:33:33+08:00 ] ::1 /ssyp/index.php/Admin/Common/login.html
INFO: [ app_init ] --START--
INFO: Run Behavior\BuildLiteBehavior [ RunTime:0.000038s ]
INFO: [ app_init ] --END-- [ RunTime:0.001717s ]
INFO: [ app_begin ] --START--
INFO: Run Behavior\ReadHtmlCacheBehavior [ RunTime:0.001635s ]
INFO: [ app_begin ] --END-- [ RunTime:0.001685s ]
INFO: [ view_parse ] --START--
INFO: [ template_filter ] --START--
INFO: Run Behavior\ContentReplaceBehavior [ RunTime:0.000055s ]
INFO: [ template_filter ] --END-- [ RunTime:0.000123s ]
INFO: Run Behavior\ParseTemplateBehavior [ RunTime:0.014020s ]
INFO: [ view_parse ] --END-- [ RunTime:0.014070s ]
INFO: [ view_filter ] --START--
INFO: Run Behavior\WriteHtmlCacheBehavior [ RunTime:0.001789s ]
INFO: [ view_filter ] --END-- [ RunTime:0.001825s ]
INFO: [ app_end ] --START--
INFO: Run Behavior\ShowPageTraceBehavior [ RunTime:0.001758s ]
INFO: [ app_end ] --END-- [ RunTime:0.001798s ]

[ 2018-03-24T17:34:26+08:00 ] ::1 /ssyp/index.php/Admin/Common/check
INFO: [ app_init ] --START--
INFO: Run Behavior\BuildLiteBehavior [ RunTime:0.000014s ]
INFO: [ app_init ] --END-- [ RunTime:0.001016s ]
INFO: [ app_begin ] --START--
INFO: Run Behavior\ReadHtmlCacheBehavior [ RunTime:0.001534s ]
INFO: [ app_begin ] --END-- [ RunTime:0.001602s ]
SQL: SHOW COLUMNS FROM `ssyp_admin` [ RunTime:0.0197s ]
SQL: SELECT `id`,`cat_shop` FROM `ssyp_admin` WHERE `phone` = '18647971785' AND `password` = 'e10adc3949ba59abbe56e057f20f883e' LIMIT 1   [ RunTime:0.0005s ]
SQL: UPDATE `ssyp_admin` SET `login_ip`='::1',`login_time`='1521884066' WHERE ( id="1" ) [ RunTime:0.0045s ]
SQL: UPDATE `ssyp_admin` SET `login_number`=login_number+1 WHERE ( id="1" ) [ RunTime:0.0059s ]

[ 2018-03-24T17:34:28+08:00 ] ::1 /ssyp/index.php/Admin/Index/index.html
INFO: [ app_init ] --START--
INFO: Run Behavior\BuildLiteBehavior [ RunTime:0.000476s ]
INFO: [ app_init ] --END-- [ RunTime:0.002252s ]
INFO: [ app_begin ] --START--
INFO: Run Behavior\ReadHtmlCacheBehavior [ RunTime:0.001359s ]
INFO: [ app_begin ] --END-- [ RunTime:0.001408s ]
SQL: SHOW COLUMNS FROM `ssyp_admin` [ RunTime:0.0252s ]
SQL: SELECT `role_id`,`realname`,`login_number` FROM `ssyp_admin` WHERE ( id="1" ) LIMIT 1   [ RunTime:0.0004s ]
SQL: SHOW COLUMNS FROM `ssyp_role` [ RunTime:0.0185s ]
SQL: SELECT `power`,`role_name` FROM `ssyp_role` WHERE ( id="-1" ) LIMIT 1   [ RunTime:0.0003s ]
SQL: SHOW COLUMNS FROM `ssyp_power` [ RunTime:0.0143s ]
SQL: SELECT * FROM `ssyp_power` WHERE `fid` > 0  [ RunTime:0.0005s ]
NOTIC: [8] Undefined index: status D:\PHPstudy\WWW\ssyp\Apps\Admin\Controller\BaseController.class.php 第 42 行.
INFO: [ view_parse ] --START--
INFO: [ template_filter ] --START--
INFO: Run Behavior\ContentReplaceBehavior [ RunTime:0.000112s ]
INFO: [ template_filter ] --END-- [ RunTime:0.000156s ]
NOTIC: [8] Undefined index: headimgurl D:\PHPstudy\WWW\ssyp\Apps\Runtime\Cache\Admin\859e94050170c96367cb52465a51a945.php 第 70 行.
INFO: Run Behavior\ParseTemplateBehavior [ RunTime:0.020590s ]
INFO: [ view_parse ] --END-- [ RunTime:0.020637s ]
INFO: [ view_filter ] --START--
INFO: Run Behavior\WriteHtmlCacheBehavior [ RunTime:0.002519s ]
INFO: [ view_filter ] --END-- [ RunTime:0.002635s ]
INFO: [ app_end ] --START--
INFO: Run Behavior\ShowPageTraceBehavior [ RunTime:0.003980s ]
INFO: [ app_end ] --END-- [ RunTime:0.004119s ]

[ 2018-03-24T17:34:48+08:00 ] ::1 /ssyp/index.php/Admin/Coupon/index
INFO: [ app_init ] --START--
INFO: Run Behavior\BuildLiteBehavior [ RunTime:0.000011s ]
INFO: [ app_init ] --END-- [ RunTime:0.001103s ]
INFO: [ app_begin ] --START--
INFO: Run Behavior\ReadHtmlCacheBehavior [ RunTime:0.001057s ]
INFO: [ app_begin ] --END-- [ RunTime:0.001089s ]
SQL: SHOW COLUMNS FROM `ssyp_admin` [ RunTime:0.0106s ]
SQL: SELECT `role_id`,`realname`,`login_number` FROM `ssyp_admin` WHERE ( id="1" ) LIMIT 1   [ RunTime:0.0003s ]
SQL: SHOW COLUMNS FROM `ssyp_role` [ RunTime:0.0107s ]
SQL: SELECT `power`,`role_name` FROM `ssyp_role` WHERE ( id="-1" ) LIMIT 1   [ RunTime:0.0003s ]
SQL: SHOW COLUMNS FROM `ssyp_power` [ RunTime:0.0099s ]
SQL: SELECT * FROM `ssyp_power` WHERE `fid` > 0  [ RunTime:0.0005s ]
NOTIC: [8] Undefined index: status D:\PHPstudy\WWW\ssyp\Apps\Admin\Controller\BaseController.class.php 第 42 行.
SQL: SHOW COLUMNS FROM `ssyp_coupon` [ RunTime:0.0128s ]
SQL: SELECT COUNT(id) AS tp_count FROM `ssyp_coupon` LIMIT 1   [ RunTime:0.0002s ]
SQL: SELECT * FROM `ssyp_coupon` ORDER BY id desc LIMIT 0,20   [ RunTime:0.0003s ]
INFO: [ view_parse ] --START--
INFO: [ template_filter ] --START--
INFO: Run Behavior\ContentReplaceBehavior [ RunTime:0.000158s ]
INFO: [ template_filter ] --END-- [ RunTime:0.000194s ]
NOTIC: [8] Undefined index: headimgurl D:\PHPstudy\WWW\ssyp\Apps\Runtime\Cache\Admin\8686936d28a6b3e64b15b96c436d7ec4.php 第 70 行.
NOTIC: [8] Undefined variable: navigate_admin D:\PHPstudy\WWW\ssyp\Apps\Runtime\Cache\Admin\8686936d28a6b3e64b15b96c436d7ec4.php 第 136 行.
NOTIC: [8] Use of undefined constant type - assumed 'type' D:\PHPstudy\WWW\ssyp\Apps\Runtime\Cache\Admin\8686936d28a6b3e64b15b96c436d7ec4.php 第 186 行.
NOTIC: [8] Undefined variable: coupons D:\PHPstudy\WWW\ssyp\Apps\Runtime\Cache\Admin\8686936d28a6b3e64b15b96c436d7ec4.php 第 186 行.
NOTIC: [8] Use of undefined constant type - assumed 'type' D:\PHPstudy\WWW\ssyp\Apps\Runtime\Cache\Admin\8686936d28a6b3e64b15b96c436d7ec4.php 第 194 行.
NOTIC: [8] Use of undefined constant type - assumed 'type' D:\PHPstudy\WWW\ssyp\Apps\Runtime\Cache\Admin\8686936d28a6b3e64b15b96c436d7ec4.php 第 195 行.
NOTIC: [8] Use of undefined constant id - assumed 'id' D:\PHPstudy\WWW\ssyp\Apps\Runtime\Cache\Admin\8686936d28a6b3e64b15b96c436d7ec4.php 第 196 行.
NOTIC: [8] Use of undefined constant type - assumed 'type' D:\PHPstudy\WWW\ssyp\Apps\Runtime\Cache\Admin\8686936d28a6b3e64b15b96c436d7ec4.php 第 186 行.
NOTIC: [8] Undefined variable: coupons D:\PHPstudy\WWW\ssyp\Apps\Runtime\Cache\Admin\8686936d28a6b3e64b15b96c436d7ec4.php 第 186 行.
NOTIC: [8] Use of undefined constant type - assumed 'type' D:\PHPstudy\WWW\ssyp\Apps\Runtime\Cache\Admin\8686936d28a6b3e64b15b96c436d7ec4.php 第 194 行.
NOTIC: [8] Use of undefined constant type - assumed 'type' D:\PHPstudy\WWW\ssyp\Apps\Runtime\Cache\Admin\8686936d28a6b3e64b15b96c436d7ec4.php 第 195 行.
NOTIC: [8] Use of undefined constant id - assumed 'id' D:\PHPstudy\WWW\ssyp\Apps\Runtime\Cache\Admin\8686936d28a6b3e64b15b96c436d7ec4.php 第 196 行.
INFO: Run Behavior\ParseTemplateBehavior [ RunTime:0.015934s ]
INFO: [ view_parse ] --END-- [ RunTime:0.015976s ]
INFO: [ view_filter ] --START--
INFO: Run Behavior\WriteHtmlCacheBehavior [ RunTime:0.001149s ]
INFO: [ view_filter ] --END-- [ RunTime:0.001182s ]
INFO: [ app_end ] --START--
INFO: Run Behavior\ShowPageTraceBehavior [ RunTime:0.002744s ]
INFO: [ app_end ] --END-- [ RunTime:0.002806s ]

