[ 2018-04-17T09:29:32+08:00 ] ::1 /ssyp/
INFO: [ app_init ] --START--
INFO: Run Behavior\BuildLiteBehavior [ RunTime:0.000020s ]
INFO: [ app_init ] --END-- [ RunTime:0.001216s ]
INFO: [ app_begin ] --START--
INFO: Run Behavior\ReadHtmlCacheBehavior [ RunTime:0.001268s ]
INFO: [ app_begin ] --END-- [ RunTime:0.001310s ]

[ 2018-04-17T09:29:32+08:00 ] ::1 /ssyp/index.php/Admin/Common/login.html
INFO: [ app_init ] --START--
INFO: Run Behavior\BuildLiteBehavior [ RunTime:0.000009s ]
INFO: [ app_init ] --END-- [ RunTime:0.000623s ]
INFO: [ app_begin ] --START--
INFO: Run Behavior\ReadHtmlCacheBehavior [ RunTime:0.000929s ]
INFO: [ app_begin ] --END-- [ RunTime:0.000967s ]
INFO: [ view_parse ] --START--
INFO: [ template_filter ] --START--
INFO: Run Behavior\ContentReplaceBehavior [ RunTime:0.000050s ]
INFO: [ template_filter ] --END-- [ RunTime:0.000116s ]
INFO: Run Behavior\ParseTemplateBehavior [ RunTime:0.009619s ]
INFO: [ view_parse ] --END-- [ RunTime:0.009671s ]
INFO: [ view_filter ] --START--
INFO: Run Behavior\WriteHtmlCacheBehavior [ RunTime:0.001133s ]
INFO: [ view_filter ] --END-- [ RunTime:0.001159s ]
INFO: [ app_end ] --START--
INFO: Run Behavior\ShowPageTraceBehavior [ RunTime:0.001275s ]
INFO: [ app_end ] --END-- [ RunTime:0.001302s ]

[ 2018-04-17T09:29:43+08:00 ] ::1 /ssyp/index.php/Admin/Common/check
INFO: [ app_init ] --START--
INFO: Run Behavior\BuildLiteBehavior [ RunTime:0.000010s ]
INFO: [ app_init ] --END-- [ RunTime:0.000630s ]
INFO: [ app_begin ] --START--
INFO: Run Behavior\ReadHtmlCacheBehavior [ RunTime:0.000935s ]
INFO: [ app_begin ] --END-- [ RunTime:0.000966s ]
SQL: SHOW COLUMNS FROM `ssyp_admin` [ RunTime:0.0140s ]
SQL: SELECT `id`,`cat_shop` FROM `ssyp_admin` WHERE `phone` = '13213062375' AND `password` = 'e10adc3949ba59abbe56e057f20f883e' LIMIT 1   [ RunTime:0.0011s ]
SQL: UPDATE `ssyp_admin` SET `login_ip`='::1',`login_time`='1523928583' WHERE ( id="16" ) [ RunTime:0.0056s ]
SQL: UPDATE `ssyp_admin` SET `login_number`=login_number+1 WHERE ( id="16" ) [ RunTime:0.0035s ]

[ 2018-04-17T09:29:44+08:00 ] ::1 /ssyp/index.php/Admin/Index/index.html
INFO: [ app_init ] --START--
INFO: Run Behavior\BuildLiteBehavior [ RunTime:0.000011s ]
INFO: [ app_init ] --END-- [ RunTime:0.000911s ]
INFO: [ app_begin ] --START--
INFO: Run Behavior\ReadHtmlCacheBehavior [ RunTime:0.002096s ]
INFO: [ app_begin ] --END-- [ RunTime:0.002298s ]
SQL: SHOW COLUMNS FROM `ssyp_admin` [ RunTime:0.0131s ]
SQL: SELECT `role_id`,`realname`,`login_number` FROM `ssyp_admin` WHERE ( id="16" ) LIMIT 1   [ RunTime:0.0004s ]
SQL: SHOW COLUMNS FROM `ssyp_role` [ RunTime:0.0276s ]
SQL: SELECT `power`,`role_name` FROM `ssyp_role` WHERE ( id="13" ) LIMIT 1   [ RunTime:0.0009s ]
SQL: SHOW COLUMNS FROM `ssyp_power` [ RunTime:0.0098s ]
SQL: SELECT `id` FROM `ssyp_power` WHERE `module` = 'Admin' AND `controller` = 'Index' AND `action` = 'index' LIMIT 1   [ RunTime:0.0010s ]
SQL: SELECT * FROM `ssyp_power` WHERE `id` IN ('1','2','3','4','5','6','7','8','11','12','13') AND `fid` > 0  [ RunTime:0.0017s ]
NOTIC: [8] Undefined index: status D:\PHPstudy\WWW\ssyp\Apps\Admin\Controller\BaseController.class.php 第 42 行.
INFO: [ view_parse ] --START--
INFO: [ template_filter ] --START--
INFO: Run Behavior\ContentReplaceBehavior [ RunTime:0.000114s ]
INFO: [ template_filter ] --END-- [ RunTime:0.000156s ]
NOTIC: [8] Undefined index: headimgurl D:\PHPstudy\WWW\ssyp\Apps\Runtime\Cache\Admin\859e94050170c96367cb52465a51a945.php 第 70 行.
INFO: Run Behavior\ParseTemplateBehavior [ RunTime:0.015646s ]
INFO: [ view_parse ] --END-- [ RunTime:0.015760s ]
INFO: [ view_filter ] --START--
INFO: Run Behavior\WriteHtmlCacheBehavior [ RunTime:0.001885s ]
INFO: [ view_filter ] --END-- [ RunTime:0.001954s ]
INFO: [ app_end ] --START--
INFO: Run Behavior\ShowPageTraceBehavior [ RunTime:0.001409s ]
INFO: [ app_end ] --END-- [ RunTime:0.001461s ]

[ 2018-04-17T09:29:55+08:00 ] ::1 /ssyp/index.php/Admin/Product/index
INFO: [ app_init ] --START--
INFO: Run Behavior\BuildLiteBehavior [ RunTime:0.000009s ]
INFO: [ app_init ] --END-- [ RunTime:0.000628s ]
INFO: [ app_begin ] --START--
INFO: Run Behavior\ReadHtmlCacheBehavior [ RunTime:0.001208s ]
INFO: [ app_begin ] --END-- [ RunTime:0.001270s ]
SQL: SHOW COLUMNS FROM `ssyp_admin` [ RunTime:0.0111s ]
SQL: SELECT `role_id`,`realname`,`login_number` FROM `ssyp_admin` WHERE ( id="16" ) LIMIT 1   [ RunTime:0.0006s ]
SQL: SHOW COLUMNS FROM `ssyp_role` [ RunTime:0.0109s ]
SQL: SELECT `power`,`role_name` FROM `ssyp_role` WHERE ( id="13" ) LIMIT 1   [ RunTime:0.0004s ]
SQL: SHOW COLUMNS FROM `ssyp_power` [ RunTime:0.0106s ]
SQL: SELECT `id` FROM `ssyp_power` WHERE `module` = 'Admin' AND `controller` = 'Product' AND `action` = 'index' LIMIT 1   [ RunTime:0.0004s ]
SQL: SELECT * FROM `ssyp_power` WHERE `id` IN ('1','2','3','4','5','6','7','8','11','12','13') AND `fid` > 0  [ RunTime:0.0005s ]
NOTIC: [8] Undefined index: status D:\PHPstudy\WWW\ssyp\Apps\Admin\Controller\BaseController.class.php 第 42 行.
NOTIC: [8] Undefined index: pub_time_start D:\PHPstudy\WWW\ssyp\Apps\Admin\Controller\ProductController.class.php 第 7 行.
NOTIC: [8] Undefined index: pub_time_end D:\PHPstudy\WWW\ssyp\Apps\Admin\Controller\ProductController.class.php 第 13 行.
NOTIC: [8] Undefined index: supply D:\PHPstudy\WWW\ssyp\Apps\Admin\Controller\ProductController.class.php 第 18 行.
SQL: SHOW COLUMNS FROM `ssyp_product` [ RunTime:0.0114s ]
SQL: SELECT `role_id`,`cat_shop` FROM `ssyp_admin` WHERE ( id=16 ) LIMIT 1   [ RunTime:0.0003s ]
SQL: SELECT COUNT(p.id) AS tp_count FROM ssyp_product p left JOIN ssyp_category as cs on cs.id = status  WHERE `p_cat_shop` = '0' LIMIT 1   [ RunTime:0.0048s ]
SQL: SELECT p.*,cs.c_name as status_str FROM ssyp_product p left JOIN ssyp_category as cs on cs.id = status  WHERE `p_cat_shop` = '0' ORDER BY p.id desc LIMIT 0,20   [ RunTime:0.0006s ]
SQL: SHOW COLUMNS FROM `ssyp_norms` [ RunTime:0.0105s ]
SQL: SHOW COLUMNS FROM `ssyp_category` [ RunTime:0.0090s ]
SQL: SELECT * FROM `ssyp_category` WHERE ( id in (14,15) )  [ RunTime:0.0004s ]
SQL: SELECT op.ord_number,o.status FROM ssyp_product p INNER JOIN ssyp_norms as n on n.pro_id = p.id INNER JOIN ssyp_ordpro as op on n.id=op.norms_id INNER JOIN ssyp_orders as o on op.ord_id=o.id  WHERE o.pub_time BETWEEN '0 ' AND ' 9999999999' AND p.id = '6'  [ RunTime:0.0022s ]
SQL: SELECT * FROM `ssyp_norms` WHERE ( pro_id="6" )  [ RunTime:0.0004s ]
SQL: SELECT * FROM `ssyp_category` WHERE ( id in (10,17) )  [ RunTime:0.0004s ]
SQL: SELECT op.ord_number,o.status FROM ssyp_product p INNER JOIN ssyp_norms as n on n.pro_id = p.id INNER JOIN ssyp_ordpro as op on n.id=op.norms_id INNER JOIN ssyp_orders as o on op.ord_id=o.id  WHERE o.pub_time BETWEEN '0 ' AND ' 9999999999' AND p.id = '5'  [ RunTime:0.0003s ]
SQL: SELECT * FROM `ssyp_norms` WHERE ( pro_id="5" )  [ RunTime:0.0002s ]
SQL: SELECT * FROM `ssyp_category` WHERE ( id in (10,16) )  [ RunTime:0.0003s ]
SQL: SELECT op.ord_number,o.status FROM ssyp_product p INNER JOIN ssyp_norms as n on n.pro_id = p.id INNER JOIN ssyp_ordpro as op on n.id=op.norms_id INNER JOIN ssyp_orders as o on op.ord_id=o.id  WHERE o.pub_time BETWEEN '0 ' AND ' 9999999999' AND p.id = '4'  [ RunTime:0.0002s ]
SQL: SELECT * FROM `ssyp_norms` WHERE ( pro_id="4" )  [ RunTime:0.0002s ]
SQL: SELECT * FROM `ssyp_category` WHERE ( id in (10,16) )  [ RunTime:0.0003s ]
SQL: SELECT op.ord_number,o.status FROM ssyp_product p INNER JOIN ssyp_norms as n on n.pro_id = p.id INNER JOIN ssyp_ordpro as op on n.id=op.norms_id INNER JOIN ssyp_orders as o on op.ord_id=o.id  WHERE o.pub_time BETWEEN '0 ' AND ' 9999999999' AND p.id = '3'  [ RunTime:0.0002s ]
SQL: SELECT * FROM `ssyp_norms` WHERE ( pro_id="3" )  [ RunTime:0.0002s ]
SQL: SELECT * FROM `ssyp_category` WHERE ( id in (9) )  [ RunTime:0.0002s ]
SQL: SELECT op.ord_number,o.status FROM ssyp_product p INNER JOIN ssyp_norms as n on n.pro_id = p.id INNER JOIN ssyp_ordpro as op on n.id=op.norms_id INNER JOIN ssyp_orders as o on op.ord_id=o.id  WHERE o.pub_time BETWEEN '0 ' AND ' 9999999999' AND p.id = '2'  [ RunTime:0.0002s ]
SQL: SELECT * FROM `ssyp_norms` WHERE ( pro_id="2" )  [ RunTime:0.0002s ]
SQL: SELECT * FROM `ssyp_category` WHERE ( id in (9) )  [ RunTime:0.0002s ]
SQL: SELECT op.ord_number,o.status FROM ssyp_product p INNER JOIN ssyp_norms as n on n.pro_id = p.id INNER JOIN ssyp_ordpro as op on n.id=op.norms_id INNER JOIN ssyp_orders as o on op.ord_id=o.id  WHERE o.pub_time BETWEEN '0 ' AND ' 9999999999' AND p.id = '1'  [ RunTime:0.0002s ]
SQL: SELECT * FROM `ssyp_norms` WHERE ( pro_id="1" )  [ RunTime:0.0002s ]
SQL: SELECT op.ord_number,o.status FROM ssyp_product p INNER JOIN ssyp_norms as n on n.pro_id = p.id INNER JOIN ssyp_ordpro as op on n.id=op.norms_id INNER JOIN ssyp_orders as o on op.ord_id=o.id  WHERE o.pub_time BETWEEN '0 ' AND ' 9999999999'  [ RunTime:0.0002s ]
SQL: SELECT SUM(number_norms) AS tp_sum FROM ssyp_product p INNER JOIN ssyp_norms as c on p.id = pro_id  WHERE `p_cat_shop` = '0' LIMIT 1   [ RunTime:0.0003s ]
INFO: [ view_parse ] --START--
INFO: [ template_filter ] --START--
INFO: Run Behavior\ContentReplaceBehavior [ RunTime:0.000183s ]
INFO: [ template_filter ] --END-- [ RunTime:0.000225s ]
NOTIC: [8] Undefined index: headimgurl D:\PHPstudy\WWW\ssyp\Apps\Runtime\Cache\Admin\ff5284c55541268002e4c7802b5ab64b.php 第 77 行.
NOTIC: [8] Undefined variable: start D:\PHPstudy\WWW\ssyp\Apps\Runtime\Cache\Admin\ff5284c55541268002e4c7802b5ab64b.php 第 141 行.
NOTIC: [8] Undefined variable: end D:\PHPstudy\WWW\ssyp\Apps\Runtime\Cache\Admin\ff5284c55541268002e4c7802b5ab64b.php 第 142 行.
NOTIC: [8] Undefined variable: supply D:\PHPstudy\WWW\ssyp\Apps\Runtime\Cache\Admin\ff5284c55541268002e4c7802b5ab64b.php 第 150 行.
NOTIC: [8] Undefined index: start D:\PHPstudy\WWW\ssyp\Apps\Runtime\Cache\Admin\ff5284c55541268002e4c7802b5ab64b.php 第 157 行.
NOTIC: [8] Undefined index: end D:\PHPstudy\WWW\ssyp\Apps\Runtime\Cache\Admin\ff5284c55541268002e4c7802b5ab64b.php 第 158 行.
INFO: Run Behavior\ParseTemplateBehavior [ RunTime:0.013337s ]
INFO: [ view_parse ] --END-- [ RunTime:0.013383s ]
INFO: [ view_filter ] --START--
INFO: Run Behavior\WriteHtmlCacheBehavior [ RunTime:0.000787s ]
INFO: [ view_filter ] --END-- [ RunTime:0.000812s ]
INFO: [ app_end ] --START--
INFO: Run Behavior\ShowPageTraceBehavior [ RunTime:0.000991s ]
INFO: [ app_end ] --END-- [ RunTime:0.001022s ]

[ 2018-04-17T09:29:58+08:00 ] ::1 /ssyp/index.php/Admin/Product/add
INFO: [ app_init ] --START--
INFO: Run Behavior\BuildLiteBehavior [ RunTime:0.000013s ]
INFO: [ app_init ] --END-- [ RunTime:0.000738s ]
INFO: [ app_begin ] --START--
INFO: Run Behavior\ReadHtmlCacheBehavior [ RunTime:0.000998s ]
INFO: [ app_begin ] --END-- [ RunTime:0.001055s ]
SQL: SHOW COLUMNS FROM `ssyp_admin` [ RunTime:0.0116s ]
SQL: SELECT `role_id`,`realname`,`login_number` FROM `ssyp_admin` WHERE ( id="16" ) LIMIT 1   [ RunTime:0.0004s ]
SQL: SHOW COLUMNS FROM `ssyp_role` [ RunTime:0.0173s ]
SQL: SELECT `power`,`role_name` FROM `ssyp_role` WHERE ( id="13" ) LIMIT 1   [ RunTime:0.0005s ]
SQL: SHOW COLUMNS FROM `ssyp_power` [ RunTime:0.0118s ]
SQL: SELECT `id` FROM `ssyp_power` WHERE `module` = 'Admin' AND `controller` = 'Product' AND `action` = 'add' LIMIT 1   [ RunTime:0.0004s ]
SQL: SELECT * FROM `ssyp_power` WHERE `id` IN ('1','2','3','4','5','6','7','8','11','12','13') AND `fid` > 0  [ RunTime:0.0005s ]
NOTIC: [8] Undefined index: status D:\PHPstudy\WWW\ssyp\Apps\Admin\Controller\BaseController.class.php 第 42 行.
NOTIC: [8] Undefined index: a D:\PHPstudy\WWW\ssyp\Apps\Admin\Controller\ProductController.class.php 第 114 行.
NOTIC: [8] Undefined index: b D:\PHPstudy\WWW\ssyp\Apps\Admin\Controller\ProductController.class.php 第 115 行.
SQL: SHOW COLUMNS FROM `ssyp_seller` [ RunTime:0.0145s ]
SQL: SELECT `cat_list` FROM `ssyp_seller` WHERE ( id="0" ) LIMIT 1   [ RunTime:0.0004s ]
SQL: SHOW COLUMNS FROM `ssyp_category` [ RunTime:0.0067s ]
SQL: SELECT `id`,`c_name` FROM `ssyp_category` WHERE `fid` = 0 AND `c_status` = 1  [ RunTime:0.0004s ]
SQL: SELECT * FROM `ssyp_category` WHERE `c_status` = 2  [ RunTime:0.0004s ]
INFO: [ view_parse ] --START--
INFO: [ template_filter ] --START--
INFO: Run Behavior\ContentReplaceBehavior [ RunTime:0.000259s ]
INFO: [ template_filter ] --END-- [ RunTime:0.000302s ]
NOTIC: [8] Undefined index: headimgurl D:\PHPstudy\WWW\ssyp\Apps\Runtime\Cache\Admin\1bbd7ffe3d3dbbde704dd2b8084d10cc.php 第 86 行.
NOTIC: [8] Undefined index: id D:\PHPstudy\WWW\ssyp\Apps\Runtime\Cache\Admin\1bbd7ffe3d3dbbde704dd2b8084d10cc.php 第 154 行.
NOTIC: [8] Undefined variable: first D:\PHPstudy\WWW\ssyp\Apps\Runtime\Cache\Admin\1bbd7ffe3d3dbbde704dd2b8084d10cc.php 第 162 行.
NOTIC: [8] Undefined variable: first D:\PHPstudy\WWW\ssyp\Apps\Runtime\Cache\Admin\1bbd7ffe3d3dbbde704dd2b8084d10cc.php 第 162 行.
NOTIC: [8] Undefined variable: first D:\PHPstudy\WWW\ssyp\Apps\Runtime\Cache\Admin\1bbd7ffe3d3dbbde704dd2b8084d10cc.php 第 162 行.
NOTIC: [8] Undefined variable: first D:\PHPstudy\WWW\ssyp\Apps\Runtime\Cache\Admin\1bbd7ffe3d3dbbde704dd2b8084d10cc.php 第 162 行.
NOTIC: [8] Undefined variable: c_list D:\PHPstudy\WWW\ssyp\Apps\Runtime\Cache\Admin\1bbd7ffe3d3dbbde704dd2b8084d10cc.php 第 164 行.
NOTIC: [8] Undefined index: name D:\PHPstudy\WWW\ssyp\Apps\Runtime\Cache\Admin\1bbd7ffe3d3dbbde704dd2b8084d10cc.php 第 171 行.
NOTIC: [8] Undefined index: symbol D:\PHPstudy\WWW\ssyp\Apps\Runtime\Cache\Admin\1bbd7ffe3d3dbbde704dd2b8084d10cc.php 第 175 行.
NOTIC: [8] Undefined index: supply D:\PHPstudy\WWW\ssyp\Apps\Runtime\Cache\Admin\1bbd7ffe3d3dbbde704dd2b8084d10cc.php 第 179 行.
NOTIC: [8] Undefined index: pro_comment D:\PHPstudy\WWW\ssyp\Apps\Runtime\Cache\Admin\1bbd7ffe3d3dbbde704dd2b8084d10cc.php 第 204 行.
NOTIC: [8] Undefined index: wx_image D:\PHPstudy\WWW\ssyp\Apps\Runtime\Cache\Admin\1bbd7ffe3d3dbbde704dd2b8084d10cc.php 第 209 行.
NOTIC: [8] Undefined index: wx_image D:\PHPstudy\WWW\ssyp\Apps\Runtime\Cache\Admin\1bbd7ffe3d3dbbde704dd2b8084d10cc.php 第 210 行.
NOTIC: [8] Undefined index: id D:\PHPstudy\WWW\ssyp\Apps\Runtime\Cache\Admin\1bbd7ffe3d3dbbde704dd2b8084d10cc.php 第 210 行.
NOTIC: [8] Undefined variable: img_list D:\PHPstudy\WWW\ssyp\Apps\Runtime\Cache\Admin\1bbd7ffe3d3dbbde704dd2b8084d10cc.php 第 218 行.
NOTIC: [8] Undefined index: wx_image D:\PHPstudy\WWW\ssyp\Apps\Runtime\Cache\Admin\1bbd7ffe3d3dbbde704dd2b8084d10cc.php 第 225 行.
NOTIC: [8] Undefined index: wx_image D:\PHPstudy\WWW\ssyp\Apps\Runtime\Cache\Admin\1bbd7ffe3d3dbbde704dd2b8084d10cc.php 第 226 行.
NOTIC: [8] Undefined index: status D:\PHPstudy\WWW\ssyp\Apps\Runtime\Cache\Admin\1bbd7ffe3d3dbbde704dd2b8084d10cc.php 第 235 行.
NOTIC: [8] Undefined index: status D:\PHPstudy\WWW\ssyp\Apps\Runtime\Cache\Admin\1bbd7ffe3d3dbbde704dd2b8084d10cc.php 第 235 行.
NOTIC: [8] Undefined index: relation D:\PHPstudy\WWW\ssyp\Apps\Runtime\Cache\Admin\1bbd7ffe3d3dbbde704dd2b8084d10cc.php 第 243 行.
NOTIC: [8] Undefined index: pro_detail D:\PHPstudy\WWW\ssyp\Apps\Runtime\Cache\Admin\1bbd7ffe3d3dbbde704dd2b8084d10cc.php 第 249 行.
NOTIC: [8] Undefined index: size_notice D:\PHPstudy\WWW\ssyp\Apps\Runtime\Cache\Admin\1bbd7ffe3d3dbbde704dd2b8084d10cc.php 第 255 行.
NOTIC: [8] Undefined index: wx_describe D:\PHPstudy\WWW\ssyp\Apps\Runtime\Cache\Admin\1bbd7ffe3d3dbbde704dd2b8084d10cc.php 第 270 行.
NOTIC: [8] Undefined index: task_peicai D:\PHPstudy\WWW\ssyp\Apps\Runtime\Cache\Admin\1bbd7ffe3d3dbbde704dd2b8084d10cc.php 第 288 行.
NOTIC: [8] Undefined index: task_peicai D:\PHPstudy\WWW\ssyp\Apps\Runtime\Cache\Admin\1bbd7ffe3d3dbbde704dd2b8084d10cc.php 第 288 行.
NOTIC: [8] Undefined index: task_peicai D:\PHPstudy\WWW\ssyp\Apps\Runtime\Cache\Admin\1bbd7ffe3d3dbbde704dd2b8084d10cc.php 第 288 行.
NOTIC: [8] Undefined index: task_peicai D:\PHPstudy\WWW\ssyp\Apps\Runtime\Cache\Admin\1bbd7ffe3d3dbbde704dd2b8084d10cc.php 第 288 行.
NOTIC: [8] Undefined index: task_peicai D:\PHPstudy\WWW\ssyp\Apps\Runtime\Cache\Admin\1bbd7ffe3d3dbbde704dd2b8084d10cc.php 第 289 行.
NOTIC: [8] Undefined index: task_peicai D:\PHPstudy\WWW\ssyp\Apps\Runtime\Cache\Admin\1bbd7ffe3d3dbbde704dd2b8084d10cc.php 第 289 行.
NOTIC: [8] Undefined index: task_duanlian D:\PHPstudy\WWW\ssyp\Apps\Runtime\Cache\Admin\1bbd7ffe3d3dbbde704dd2b8084d10cc.php 第 297 行.
NOTIC: [8] Undefined index: task_duanlian D:\PHPstudy\WWW\ssyp\Apps\Runtime\Cache\Admin\1bbd7ffe3d3dbbde704dd2b8084d10cc.php 第 297 行.
NOTIC: [8] Undefined index: task_duanlian D:\PHPstudy\WWW\ssyp\Apps\Runtime\Cache\Admin\1bbd7ffe3d3dbbde704dd2b8084d10cc.php 第 297 行.
NOTIC: [8] Undefined index: task_duanlian D:\PHPstudy\WWW\ssyp\Apps\Runtime\Cache\Admin\1bbd7ffe3d3dbbde704dd2b8084d10cc.php 第 297 行.
NOTIC: [8] Undefined index: task_duanlian D:\PHPstudy\WWW\ssyp\Apps\Runtime\Cache\Admin\1bbd7ffe3d3dbbde704dd2b8084d10cc.php 第 298 行.
NOTIC: [8] Undefined index: task_duanlian D:\PHPstudy\WWW\ssyp\Apps\Runtime\Cache\Admin\1bbd7ffe3d3dbbde704dd2b8084d10cc.php 第 298 行.
NOTIC: [8] Undefined index: task_yinyue D:\PHPstudy\WWW\ssyp\Apps\Runtime\Cache\Admin\1bbd7ffe3d3dbbde704dd2b8084d10cc.php 第 305 行.
NOTIC: [8] Undefined index: task_yinyue D:\PHPstudy\WWW\ssyp\Apps\Runtime\Cache\Admin\1bbd7ffe3d3dbbde704dd2b8084d10cc.php 第 305 行.
NOTIC: [8] Undefined index: task_yinyue D:\PHPstudy\WWW\ssyp\Apps\Runtime\Cache\Admin\1bbd7ffe3d3dbbde704dd2b8084d10cc.php 第 305 行.
NOTIC: [8] Undefined index: task_yinyue D:\PHPstudy\WWW\ssyp\Apps\Runtime\Cache\Admin\1bbd7ffe3d3dbbde704dd2b8084d10cc.php 第 305 行.
NOTIC: [8] Undefined index: task_yinyue D:\PHPstudy\WWW\ssyp\Apps\Runtime\Cache\Admin\1bbd7ffe3d3dbbde704dd2b8084d10cc.php 第 306 行.
NOTIC: [8] Undefined index: task_yinyue D:\PHPstudy\WWW\ssyp\Apps\Runtime\Cache\Admin\1bbd7ffe3d3dbbde704dd2b8084d10cc.php 第 306 行.
NOTIC: [8] Undefined index: task_pingcha D:\PHPstudy\WWW\ssyp\Apps\Runtime\Cache\Admin\1bbd7ffe3d3dbbde704dd2b8084d10cc.php 第 313 行.
NOTIC: [8] Undefined index: task_pingcha D:\PHPstudy\WWW\ssyp\Apps\Runtime\Cache\Admin\1bbd7ffe3d3dbbde704dd2b8084d10cc.php 第 313 行.
NOTIC: [8] Undefined index: task_pingcha D:\PHPstudy\WWW\ssyp\Apps\Runtime\Cache\Admin\1bbd7ffe3d3dbbde704dd2b8084d10cc.php 第 313 行.
NOTIC: [8] Undefined index: task_pingcha D:\PHPstudy\WWW\ssyp\Apps\Runtime\Cache\Admin\1bbd7ffe3d3dbbde704dd2b8084d10cc.php 第 313 行.
NOTIC: [8] Undefined index: task_pingcha D:\PHPstudy\WWW\ssyp\Apps\Runtime\Cache\Admin\1bbd7ffe3d3dbbde704dd2b8084d10cc.php 第 314 行.
NOTIC: [8] Undefined index: task_pingcha D:\PHPstudy\WWW\ssyp\Apps\Runtime\Cache\Admin\1bbd7ffe3d3dbbde704dd2b8084d10cc.php 第 314 行.
NOTIC: [8] Undefined index: task_heshui D:\PHPstudy\WWW\ssyp\Apps\Runtime\Cache\Admin\1bbd7ffe3d3dbbde704dd2b8084d10cc.php 第 321 行.
NOTIC: [8] Undefined index: task_heshui D:\PHPstudy\WWW\ssyp\Apps\Runtime\Cache\Admin\1bbd7ffe3d3dbbde704dd2b8084d10cc.php 第 321 行.
NOTIC: [8] Undefined index: task_heshui D:\PHPstudy\WWW\ssyp\Apps\Runtime\Cache\Admin\1bbd7ffe3d3dbbde704dd2b8084d10cc.php 第 321 行.
NOTIC: [8] Undefined index: task_heshui D:\PHPstudy\WWW\ssyp\Apps\Runtime\Cache\Admin\1bbd7ffe3d3dbbde704dd2b8084d10cc.php 第 321 行.
NOTIC: [8] Undefined index: task_heshui D:\PHPstudy\WWW\ssyp\Apps\Runtime\Cache\Admin\1bbd7ffe3d3dbbde704dd2b8084d10cc.php 第 322 行.
NOTIC: [8] Undefined index: task_heshui D:\PHPstudy\WWW\ssyp\Apps\Runtime\Cache\Admin\1bbd7ffe3d3dbbde704dd2b8084d10cc.php 第 322 行.
NOTIC: [8] Undefined index: task_mingxiang D:\PHPstudy\WWW\ssyp\Apps\Runtime\Cache\Admin\1bbd7ffe3d3dbbde704dd2b8084d10cc.php 第 329 行.
NOTIC: [8] Undefined index: task_mingxiang D:\PHPstudy\WWW\ssyp\Apps\Runtime\Cache\Admin\1bbd7ffe3d3dbbde704dd2b8084d10cc.php 第 329 行.
NOTIC: [8] Undefined index: task_mingxiang D:\PHPstudy\WWW\ssyp\Apps\Runtime\Cache\Admin\1bbd7ffe3d3dbbde704dd2b8084d10cc.php 第 329 行.
NOTIC: [8] Undefined index: task_mingxiang D:\PHPstudy\WWW\ssyp\Apps\Runtime\Cache\Admin\1bbd7ffe3d3dbbde704dd2b8084d10cc.php 第 329 行.
NOTIC: [8] Undefined index: task_mingxiang D:\PHPstudy\WWW\ssyp\Apps\Runtime\Cache\Admin\1bbd7ffe3d3dbbde704dd2b8084d10cc.php 第 330 行.
NOTIC: [8] Undefined index: task_mingxiang D:\PHPstudy\WWW\ssyp\Apps\Runtime\Cache\Admin\1bbd7ffe3d3dbbde704dd2b8084d10cc.php 第 330 行.
NOTIC: [8] Undefined index: pro_images D:\PHPstudy\WWW\ssyp\Apps\Runtime\Cache\Admin\1bbd7ffe3d3dbbde704dd2b8084d10cc.php 第 402 行.
INFO: Run Behavior\ParseTemplateBehavior [ RunTime:0.016169s ]
INFO: [ view_parse ] --END-- [ RunTime:0.016218s ]
INFO: [ view_filter ] --START--
INFO: Run Behavior\WriteHtmlCacheBehavior [ RunTime:0.000951s ]
INFO: [ view_filter ] --END-- [ RunTime:0.000989s ]
INFO: [ app_end ] --START--
INFO: Run Behavior\ShowPageTraceBehavior [ RunTime:0.001462s ]
INFO: [ app_end ] --END-- [ RunTime:0.001515s ]

[ 2018-04-17T09:30:02+08:00 ] ::1 /ssyp/index.php/Admin/Orders/index
INFO: [ app_init ] --START--
INFO: Run Behavior\BuildLiteBehavior [ RunTime:0.000008s ]
INFO: [ app_init ] --END-- [ RunTime:0.000636s ]
INFO: [ app_begin ] --START--
INFO: Run Behavior\ReadHtmlCacheBehavior [ RunTime:0.000968s ]
INFO: [ app_begin ] --END-- [ RunTime:0.001002s ]
SQL: SHOW COLUMNS FROM `ssyp_admin` [ RunTime:0.0110s ]
SQL: SELECT `role_id`,`realname`,`login_number` FROM `ssyp_admin` WHERE ( id="16" ) LIMIT 1   [ RunTime:0.0003s ]
SQL: SHOW COLUMNS FROM `ssyp_role` [ RunTime:0.0082s ]
SQL: SELECT `power`,`role_name` FROM `ssyp_role` WHERE ( id="13" ) LIMIT 1   [ RunTime:0.0003s ]
SQL: SHOW COLUMNS FROM `ssyp_power` [ RunTime:0.0113s ]
SQL: SELECT `id` FROM `ssyp_power` WHERE `module` = 'Admin' AND `controller` = 'Orders' AND `action` = 'index' LIMIT 1   [ RunTime:0.0004s ]
SQL: SELECT * FROM `ssyp_power` WHERE `id` IN ('1','2','3','4','5','6','7','8','11','12','13') AND `fid` > 0  [ RunTime:0.0003s ]
NOTIC: [8] Undefined index: status D:\PHPstudy\WWW\ssyp\Apps\Admin\Controller\BaseController.class.php 第 42 行.
NOTIC: [8] Undefined index: id D:\PHPstudy\WWW\ssyp\Apps\Admin\Controller\OrdersController.class.php 第 97 行.
NOTIC: [8] Undefined index: bh D:\PHPstudy\WWW\ssyp\Apps\Admin\Controller\OrdersController.class.php 第 102 行.
NOTIC: [8] Undefined index: pub_time_start D:\PHPstudy\WWW\ssyp\Apps\Admin\Controller\OrdersController.class.php 第 107 行.
NOTIC: [8] Undefined index: pub_time_end D:\PHPstudy\WWW\ssyp\Apps\Admin\Controller\OrdersController.class.php 第 113 行.
NOTIC: [8] Undefined index: status D:\PHPstudy\WWW\ssyp\Apps\Admin\Controller\OrdersController.class.php 第 118 行.
SQL: SHOW COLUMNS FROM `ssyp_orders` [ RunTime:0.0108s ]
SQL: SELECT COUNT(id) AS tp_count FROM ssyp_orders o LIMIT 1   [ RunTime:0.0003s ]
SQL: SELECT * FROM `ssyp_orders` ORDER BY id desc LIMIT 0,20   [ RunTime:0.0003s ]
SQL: SHOW COLUMNS FROM `ssyp_ordpro` [ RunTime:0.0084s ]
SQL: SELECT op.*,p.name,n.*,`symbol` FROM ssyp_ordpro op INNER JOIN ssyp_norms as n on n.id=norms_id INNER JOIN ssyp_product as p on p.id=n.pro_id  WHERE ( ord_id in (1) )  [ RunTime:0.0005s ]
SQL: SELECT SUM(ord_money) AS tp_sum FROM `ssyp_orders` LIMIT 1   [ RunTime:0.0004s ]
SQL: SELECT SUM(score_money) AS tp_sum FROM `ssyp_orders` LIMIT 1   [ RunTime:0.0003s ]
SQL: SELECT SUM(mail_price) AS tp_sum FROM `ssyp_orders` LIMIT 1   [ RunTime:0.0002s ]
INFO: [ view_parse ] --START--
INFO: [ template_filter ] --START--
INFO: Run Behavior\ContentReplaceBehavior [ RunTime:0.000174s ]
INFO: [ template_filter ] --END-- [ RunTime:0.000218s ]
NOTIC: [8] Undefined index: headimgurl D:\PHPstudy\WWW\ssyp\Apps\Runtime\Cache\Admin\52faf28ae49279dbf722132b13777e34.php 第 74 行.
NOTIC: [8] Undefined variable: id D:\PHPstudy\WWW\ssyp\Apps\Runtime\Cache\Admin\52faf28ae49279dbf722132b13777e34.php 第 137 行.
NOTIC: [8] Undefined variable: bh D:\PHPstudy\WWW\ssyp\Apps\Runtime\Cache\Admin\52faf28ae49279dbf722132b13777e34.php 第 144 行.
NOTIC: [8] Undefined variable: start D:\PHPstudy\WWW\ssyp\Apps\Runtime\Cache\Admin\52faf28ae49279dbf722132b13777e34.php 第 151 行.
NOTIC: [8] Undefined variable: end D:\PHPstudy\WWW\ssyp\Apps\Runtime\Cache\Admin\52faf28ae49279dbf722132b13777e34.php 第 152 行.
NOTIC: [8] Undefined variable: status D:\PHPstudy\WWW\ssyp\Apps\Runtime\Cache\Admin\52faf28ae49279dbf722132b13777e34.php 第 161 行.
NOTIC: [8] Undefined variable: status D:\PHPstudy\WWW\ssyp\Apps\Runtime\Cache\Admin\52faf28ae49279dbf722132b13777e34.php 第 162 行.
NOTIC: [8] Undefined variable: status D:\PHPstudy\WWW\ssyp\Apps\Runtime\Cache\Admin\52faf28ae49279dbf722132b13777e34.php 第 163 行.
NOTIC: [8] Undefined variable: status D:\PHPstudy\WWW\ssyp\Apps\Runtime\Cache\Admin\52faf28ae49279dbf722132b13777e34.php 第 164 行.
NOTIC: [8] Undefined variable: status D:\PHPstudy\WWW\ssyp\Apps\Runtime\Cache\Admin\52faf28ae49279dbf722132b13777e34.php 第 165 行.
INFO: Run Behavior\ParseTemplateBehavior [ RunTime:0.012308s ]
INFO: [ view_parse ] --END-- [ RunTime:0.012349s ]
INFO: [ view_filter ] --START--
INFO: Run Behavior\WriteHtmlCacheBehavior [ RunTime:0.000906s ]
INFO: [ view_filter ] --END-- [ RunTime:0.000934s ]
INFO: [ app_end ] --START--
INFO: Run Behavior\ShowPageTraceBehavior [ RunTime:0.001481s ]
INFO: [ app_end ] --END-- [ RunTime:0.001544s ]

