[ 2018-05-09T09:06:50+08:00 ] ::1 /ssyp/
INFO: [ app_init ] --START--
INFO: Run Behavior\BuildLiteBehavior [ RunTime:0.000023s ]
INFO: [ app_init ] --END-- [ RunTime:0.001118s ]
INFO: [ app_begin ] --START--
INFO: Run Behavior\ReadHtmlCacheBehavior [ RunTime:0.001595s ]
INFO: [ app_begin ] --END-- [ RunTime:0.001734s ]

[ 2018-05-09T09:06:50+08:00 ] ::1 /ssyp/index.php/Admin/Common/login.html
INFO: [ app_init ] --START--
INFO: Run Behavior\BuildLiteBehavior [ RunTime:0.000010s ]
INFO: [ app_init ] --END-- [ RunTime:0.000576s ]
INFO: [ app_begin ] --START--
INFO: Run Behavior\ReadHtmlCacheBehavior [ RunTime:0.000845s ]
INFO: [ app_begin ] --END-- [ RunTime:0.000893s ]
INFO: [ view_parse ] --START--
INFO: [ template_filter ] --START--
INFO: Run Behavior\ContentReplaceBehavior [ RunTime:0.000059s ]
INFO: [ template_filter ] --END-- [ RunTime:0.000111s ]
INFO: Run Behavior\ParseTemplateBehavior [ RunTime:0.011024s ]
INFO: [ view_parse ] --END-- [ RunTime:0.011086s ]
INFO: [ view_filter ] --START--
INFO: Run Behavior\WriteHtmlCacheBehavior [ RunTime:0.001150s ]
INFO: [ view_filter ] --END-- [ RunTime:0.001179s ]
INFO: [ app_end ] --START--
INFO: Run Behavior\ShowPageTraceBehavior [ RunTime:0.001152s ]
INFO: [ app_end ] --END-- [ RunTime:0.001195s ]

[ 2018-05-09T09:07:11+08:00 ] ::1 /ssyp/index.php/Admin/Common/check
INFO: [ app_init ] --START--
INFO: Run Behavior\BuildLiteBehavior [ RunTime:0.000012s ]
INFO: [ app_init ] --END-- [ RunTime:0.000592s ]
INFO: [ app_begin ] --START--
INFO: Run Behavior\ReadHtmlCacheBehavior [ RunTime:0.000844s ]
INFO: [ app_begin ] --END-- [ RunTime:0.000882s ]
SQL: SHOW COLUMNS FROM `ssyp_admin` [ RunTime:0.0186s ]
SQL: SELECT `id`,`cat_shop` FROM `ssyp_admin` WHERE `phone` = '13213062375' AND `password` = 'e10adc3949ba59abbe56e057f20f883e' LIMIT 1   [ RunTime:0.0018s ]
SQL: UPDATE `ssyp_admin` SET `login_ip`='::1',`login_time`='1525828031' WHERE ( id="16" ) [ RunTime:0.0108s ]
SQL: UPDATE `ssyp_admin` SET `login_number`=login_number+1 WHERE ( id="16" ) [ RunTime:0.0042s ]

[ 2018-05-09T09:07:12+08:00 ] ::1 /ssyp/index.php/Admin/Index/index.html
INFO: [ app_init ] --START--
INFO: Run Behavior\BuildLiteBehavior [ RunTime:0.000023s ]
INFO: [ app_init ] --END-- [ RunTime:0.000814s ]
INFO: [ app_begin ] --START--
INFO: Run Behavior\ReadHtmlCacheBehavior [ RunTime:0.001353s ]
INFO: [ app_begin ] --END-- [ RunTime:0.001475s ]
SQL: SHOW COLUMNS FROM `ssyp_admin` [ RunTime:0.0252s ]
SQL: SELECT `role_id`,`realname`,`login_number` FROM `ssyp_admin` WHERE ( id="16" ) LIMIT 1   [ RunTime:0.0004s ]
SQL: SHOW COLUMNS FROM `ssyp_role` [ RunTime:0.0166s ]
SQL: SELECT `power`,`role_name` FROM `ssyp_role` WHERE ( id="-1" ) LIMIT 1   [ RunTime:0.0006s ]
SQL: SHOW COLUMNS FROM `ssyp_power` [ RunTime:0.0241s ]
SQL: SELECT * FROM `ssyp_power` WHERE `fid` > 0  [ RunTime:0.0005s ]
NOTIC: [8] Undefined index: status D:\PHPstudy\WWW\ssyp\Apps\Admin\Controller\BaseController.class.php 第 42 行.
INFO: [ view_parse ] --START--
INFO: [ template_filter ] --START--
INFO: Run Behavior\ContentReplaceBehavior [ RunTime:0.000162s ]
INFO: [ template_filter ] --END-- [ RunTime:0.000274s ]
NOTIC: [8] Undefined index: headimgurl D:\PHPstudy\WWW\ssyp\Apps\Runtime\Cache\Admin\859e94050170c96367cb52465a51a945.php 第 70 行.
INFO: Run Behavior\ParseTemplateBehavior [ RunTime:0.016893s ]
INFO: [ view_parse ] --END-- [ RunTime:0.016935s ]
INFO: [ view_filter ] --START--
INFO: Run Behavior\WriteHtmlCacheBehavior [ RunTime:0.000775s ]
INFO: [ view_filter ] --END-- [ RunTime:0.000806s ]
INFO: [ app_end ] --START--
INFO: Run Behavior\ShowPageTraceBehavior [ RunTime:0.000885s ]
INFO: [ app_end ] --END-- [ RunTime:0.000919s ]

[ 2018-05-09T09:07:38+08:00 ] ::1 /ssyp/index.php/Admin/Orders/index
INFO: [ app_init ] --START--
INFO: Run Behavior\BuildLiteBehavior [ RunTime:0.000012s ]
INFO: [ app_init ] --END-- [ RunTime:0.000625s ]
INFO: [ app_begin ] --START--
INFO: Run Behavior\ReadHtmlCacheBehavior [ RunTime:0.000893s ]
INFO: [ app_begin ] --END-- [ RunTime:0.000949s ]
SQL: SHOW COLUMNS FROM `ssyp_admin` [ RunTime:0.0138s ]
SQL: SELECT `role_id`,`realname`,`login_number` FROM `ssyp_admin` WHERE ( id="16" ) LIMIT 1   [ RunTime:0.0005s ]
SQL: SHOW COLUMNS FROM `ssyp_role` [ RunTime:0.0140s ]
SQL: SELECT `power`,`role_name` FROM `ssyp_role` WHERE ( id="-1" ) LIMIT 1   [ RunTime:0.0004s ]
SQL: SHOW COLUMNS FROM `ssyp_power` [ RunTime:0.0155s ]
SQL: SELECT * FROM `ssyp_power` WHERE `fid` > 0  [ RunTime:0.0004s ]
NOTIC: [8] Undefined index: status D:\PHPstudy\WWW\ssyp\Apps\Admin\Controller\BaseController.class.php 第 42 行.
NOTIC: [8] Undefined index: id D:\PHPstudy\WWW\ssyp\Apps\Admin\Controller\OrdersController.class.php 第 97 行.
NOTIC: [8] Undefined index: bh D:\PHPstudy\WWW\ssyp\Apps\Admin\Controller\OrdersController.class.php 第 102 行.
NOTIC: [8] Undefined index: pub_time_start D:\PHPstudy\WWW\ssyp\Apps\Admin\Controller\OrdersController.class.php 第 107 行.
NOTIC: [8] Undefined index: pub_time_end D:\PHPstudy\WWW\ssyp\Apps\Admin\Controller\OrdersController.class.php 第 108 行.
NOTIC: [8] Undefined index: status D:\PHPstudy\WWW\ssyp\Apps\Admin\Controller\OrdersController.class.php 第 114 行.
SQL: SHOW COLUMNS FROM `ssyp_orders` [ RunTime:0.0144s ]
SQL: SELECT COUNT(id) AS tp_count FROM ssyp_orders o LIMIT 1   [ RunTime:0.0008s ]
SQL: SELECT * FROM `ssyp_orders` ORDER BY id desc LIMIT 0,20   [ RunTime:0.0006s ]
SQL: SHOW COLUMNS FROM `ssyp_ordpro` [ RunTime:0.0146s ]
SQL: SELECT op.*,p.name,`symbol` FROM ssyp_ordpro op INNER JOIN ssyp_product as p on p.id=op.pro_id  WHERE ( ord_id in (1) )  [ RunTime:0.0018s ]
SQL: SELECT SUM(ord_money) AS tp_sum FROM `ssyp_orders` LIMIT 1   [ RunTime:0.0011s ]
SQL: SELECT SUM(score_money) AS tp_sum FROM `ssyp_orders` LIMIT 1   [ RunTime:0.0002s ]
SQL: SELECT SUM(mail_price) AS tp_sum FROM `ssyp_orders` LIMIT 1   [ RunTime:0.0002s ]
INFO: [ view_parse ] --START--
INFO: [ template_filter ] --START--
INFO: Run Behavior\ContentReplaceBehavior [ RunTime:0.000182s ]
INFO: [ template_filter ] --END-- [ RunTime:0.000229s ]
NOTIC: [8] Undefined index: headimgurl D:\PHPstudy\WWW\ssyp\Apps\Runtime\Cache\Admin\52faf28ae49279dbf722132b13777e34.php 第 74 行.
NOTIC: [8] Undefined variable: id D:\PHPstudy\WWW\ssyp\Apps\Runtime\Cache\Admin\52faf28ae49279dbf722132b13777e34.php 第 137 行.
NOTIC: [8] Undefined variable: bh D:\PHPstudy\WWW\ssyp\Apps\Runtime\Cache\Admin\52faf28ae49279dbf722132b13777e34.php 第 144 行.
NOTIC: [8] Undefined variable: start D:\PHPstudy\WWW\ssyp\Apps\Runtime\Cache\Admin\52faf28ae49279dbf722132b13777e34.php 第 151 行.
NOTIC: [8] Undefined variable: end D:\PHPstudy\WWW\ssyp\Apps\Runtime\Cache\Admin\52faf28ae49279dbf722132b13777e34.php 第 152 行.
NOTIC: [8] Undefined variable: status D:\PHPstudy\WWW\ssyp\Apps\Runtime\Cache\Admin\52faf28ae49279dbf722132b13777e34.php 第 161 行.
NOTIC: [8] Undefined variable: status D:\PHPstudy\WWW\ssyp\Apps\Runtime\Cache\Admin\52faf28ae49279dbf722132b13777e34.php 第 162 行.
NOTIC: [8] Undefined variable: status D:\PHPstudy\WWW\ssyp\Apps\Runtime\Cache\Admin\52faf28ae49279dbf722132b13777e34.php 第 163 行.
NOTIC: [8] Undefined variable: status D:\PHPstudy\WWW\ssyp\Apps\Runtime\Cache\Admin\52faf28ae49279dbf722132b13777e34.php 第 164 行.
NOTIC: [8] Undefined variable: status D:\PHPstudy\WWW\ssyp\Apps\Runtime\Cache\Admin\52faf28ae49279dbf722132b13777e34.php 第 165 行.
NOTIC: [8] Undefined index: norms D:\PHPstudy\WWW\ssyp\Apps\Runtime\Cache\Admin\52faf28ae49279dbf722132b13777e34.php 第 204 行.
NOTIC: [8] Undefined index: norms D:\PHPstudy\WWW\ssyp\Apps\Runtime\Cache\Admin\52faf28ae49279dbf722132b13777e34.php 第 204 行.
INFO: Run Behavior\ParseTemplateBehavior [ RunTime:0.013408s ]
INFO: [ view_parse ] --END-- [ RunTime:0.013442s ]
INFO: [ view_filter ] --START--
INFO: Run Behavior\WriteHtmlCacheBehavior [ RunTime:0.000719s ]
INFO: [ view_filter ] --END-- [ RunTime:0.000747s ]
INFO: [ app_end ] --START--
INFO: Run Behavior\ShowPageTraceBehavior [ RunTime:0.000858s ]
INFO: [ app_end ] --END-- [ RunTime:0.000889s ]

[ 2018-05-09T13:08:43+08:00 ] ::1 /ssyp/index.php/Admin/Product/index
INFO: [ app_init ] --START--
INFO: Run Behavior\BuildLiteBehavior [ RunTime:0.000031s ]
INFO: [ app_init ] --END-- [ RunTime:0.000846s ]
INFO: [ app_begin ] --START--
INFO: Run Behavior\ReadHtmlCacheBehavior [ RunTime:0.000789s ]
INFO: [ app_begin ] --END-- [ RunTime:0.000831s ]
SQL: SHOW COLUMNS FROM `ssyp_admin` [ RunTime:0.0210s ]
SQL: SELECT `role_id`,`realname`,`login_number` FROM `ssyp_admin` WHERE ( id="16" ) LIMIT 1   [ RunTime:0.0010s ]
SQL: SHOW COLUMNS FROM `ssyp_role` [ RunTime:0.0110s ]
SQL: SELECT `power`,`role_name` FROM `ssyp_role` WHERE ( id="-1" ) LIMIT 1   [ RunTime:0.0008s ]
SQL: SHOW COLUMNS FROM `ssyp_power` [ RunTime:0.0105s ]
SQL: SELECT * FROM `ssyp_power` WHERE `fid` > 0  [ RunTime:0.0008s ]
NOTIC: [8] Undefined index: status D:\PHPstudy\WWW\ssyp\Apps\Admin\Controller\BaseController.class.php 第 42 行.
NOTIC: [8] Undefined index: pub_time_start D:\PHPstudy\WWW\ssyp\Apps\Admin\Controller\ProductController.class.php 第 7 行.
NOTIC: [8] Undefined index: pub_time_end D:\PHPstudy\WWW\ssyp\Apps\Admin\Controller\ProductController.class.php 第 8 行.
NOTIC: [8] Undefined index: name D:\PHPstudy\WWW\ssyp\Apps\Admin\Controller\ProductController.class.php 第 15 行.
SQL: SHOW COLUMNS FROM `ssyp_product` [ RunTime:0.0112s ]
SQL: SELECT `role_id`,`cat_shop` FROM `ssyp_admin` WHERE ( id=16 ) LIMIT 1   [ RunTime:0.0004s ]
SQL: SELECT COUNT(p.id) AS tp_count FROM ssyp_product p left JOIN ssyp_category as cs on cs.id = status  LIMIT 1   [ RunTime:0.0033s ]
SQL: SELECT p.*,cs.c_name as status_str FROM ssyp_product p left JOIN ssyp_category as cs on cs.id = status  ORDER BY p.id desc LIMIT 0,20   [ RunTime:0.0019s ]
SQL: SHOW COLUMNS FROM `ssyp_norms` [ RunTime:0.0104s ]
SQL: SHOW COLUMNS FROM `ssyp_category` [ RunTime:0.0108s ]
SQL: SELECT * FROM `ssyp_category` WHERE ( id in (9) )  [ RunTime:0.0003s ]
SQL: SELECT op.ord_number,o.status FROM ssyp_product p INNER JOIN ssyp_norms as n on n.pro_id = p.id INNER JOIN ssyp_ordpro as op on n.id=op.norms_id INNER JOIN ssyp_orders as o on op.ord_id=o.id  WHERE o.pub_time BETWEEN '0 ' AND ' 9999999999' AND p.id = '2'  [ RunTime:0.0034s ]
SQL: SELECT * FROM `ssyp_norms` WHERE ( pro_id="2" )  [ RunTime:0.0004s ]
SQL: SELECT * FROM `ssyp_category` WHERE ( id in (9) )  [ RunTime:0.0002s ]
SQL: SELECT op.ord_number,o.status FROM ssyp_product p INNER JOIN ssyp_norms as n on n.pro_id = p.id INNER JOIN ssyp_ordpro as op on n.id=op.norms_id INNER JOIN ssyp_orders as o on op.ord_id=o.id  WHERE o.pub_time BETWEEN '0 ' AND ' 9999999999' AND p.id = '1'  [ RunTime:0.0002s ]
SQL: SELECT * FROM `ssyp_norms` WHERE ( pro_id="1" )  [ RunTime:0.0002s ]
SQL: SELECT op.ord_number,o.status FROM ssyp_product p INNER JOIN ssyp_norms as n on n.pro_id = p.id INNER JOIN ssyp_ordpro as op on n.id=op.norms_id INNER JOIN ssyp_orders as o on op.ord_id=o.id  WHERE o.pub_time BETWEEN '0 ' AND ' 9999999999'  [ RunTime:0.0002s ]
SQL: SELECT SUM(pro_number) AS tp_sum FROM `ssyp_product` LIMIT 1   [ RunTime:0.0011s ]
INFO: [ view_parse ] --START--
INFO: [ template_filter ] --START--
INFO: Run Behavior\ContentReplaceBehavior [ RunTime:0.000243s ]
INFO: [ template_filter ] --END-- [ RunTime:0.000285s ]
NOTIC: [8] Undefined index: headimgurl D:\PHPstudy\WWW\ssyp\Apps\Runtime\Cache\Admin\ff5284c55541268002e4c7802b5ab64b.php 第 77 行.
NOTIC: [8] Undefined variable: start D:\PHPstudy\WWW\ssyp\Apps\Runtime\Cache\Admin\ff5284c55541268002e4c7802b5ab64b.php 第 141 行.
NOTIC: [8] Undefined variable: end D:\PHPstudy\WWW\ssyp\Apps\Runtime\Cache\Admin\ff5284c55541268002e4c7802b5ab64b.php 第 142 行.
NOTIC: [8] Undefined variable: name D:\PHPstudy\WWW\ssyp\Apps\Runtime\Cache\Admin\ff5284c55541268002e4c7802b5ab64b.php 第 150 行.
NOTIC: [8] Undefined index: start D:\PHPstudy\WWW\ssyp\Apps\Runtime\Cache\Admin\ff5284c55541268002e4c7802b5ab64b.php 第 157 行.
NOTIC: [8] Undefined index: end D:\PHPstudy\WWW\ssyp\Apps\Runtime\Cache\Admin\ff5284c55541268002e4c7802b5ab64b.php 第 158 行.
INFO: Run Behavior\ParseTemplateBehavior [ RunTime:0.017049s ]
INFO: [ view_parse ] --END-- [ RunTime:0.017089s ]
INFO: [ view_filter ] --START--
INFO: Run Behavior\WriteHtmlCacheBehavior [ RunTime:0.000641s ]
INFO: [ view_filter ] --END-- [ RunTime:0.000666s ]
INFO: [ app_end ] --START--
INFO: Run Behavior\ShowPageTraceBehavior [ RunTime:0.000851s ]
INFO: [ app_end ] --END-- [ RunTime:0.000887s ]

[ 2018-05-09T13:08:47+08:00 ] ::1 /ssyp/index.php/Admin/Product/add
INFO: [ app_init ] --START--
INFO: Run Behavior\BuildLiteBehavior [ RunTime:0.000012s ]
INFO: [ app_init ] --END-- [ RunTime:0.000392s ]
INFO: [ app_begin ] --START--
INFO: Run Behavior\ReadHtmlCacheBehavior [ RunTime:0.000562s ]
INFO: [ app_begin ] --END-- [ RunTime:0.000619s ]
SQL: SHOW COLUMNS FROM `ssyp_admin` [ RunTime:0.0137s ]
SQL: SELECT `role_id`,`realname`,`login_number` FROM `ssyp_admin` WHERE ( id="16" ) LIMIT 1   [ RunTime:0.0004s ]
SQL: SHOW COLUMNS FROM `ssyp_role` [ RunTime:0.0103s ]
SQL: SELECT `power`,`role_name` FROM `ssyp_role` WHERE ( id="-1" ) LIMIT 1   [ RunTime:0.0003s ]
SQL: SHOW COLUMNS FROM `ssyp_power` [ RunTime:0.0093s ]
SQL: SELECT * FROM `ssyp_power` WHERE `fid` > 0  [ RunTime:0.0005s ]
NOTIC: [8] Undefined index: status D:\PHPstudy\WWW\ssyp\Apps\Admin\Controller\BaseController.class.php 第 42 行.
NOTIC: [8] Undefined index: a D:\PHPstudy\WWW\ssyp\Apps\Admin\Controller\ProductController.class.php 第 111 行.
NOTIC: [8] Undefined index: b D:\PHPstudy\WWW\ssyp\Apps\Admin\Controller\ProductController.class.php 第 112 行.
SQL: SHOW COLUMNS FROM `ssyp_seller` [ RunTime:0.0096s ]
SQL: SELECT `cat_list` FROM `ssyp_seller` WHERE ( id="0" ) LIMIT 1   [ RunTime:0.0006s ]
SQL: SHOW COLUMNS FROM `ssyp_category` [ RunTime:0.0092s ]
SQL: SELECT `id`,`c_name` FROM `ssyp_category` WHERE `fid` = 0 AND `c_status` = 1  [ RunTime:0.0004s ]
SQL: SELECT * FROM `ssyp_category` WHERE `c_status` = 2  [ RunTime:0.0003s ]
INFO: [ view_parse ] --START--
INFO: [ template_filter ] --START--
INFO: Run Behavior\ContentReplaceBehavior [ RunTime:0.000245s ]
INFO: [ template_filter ] --END-- [ RunTime:0.000276s ]
NOTIC: [8] Undefined index: headimgurl D:\PHPstudy\WWW\ssyp\Apps\Runtime\Cache\Admin\1bbd7ffe3d3dbbde704dd2b8084d10cc.php 第 86 行.
NOTIC: [8] Undefined index: id D:\PHPstudy\WWW\ssyp\Apps\Runtime\Cache\Admin\1bbd7ffe3d3dbbde704dd2b8084d10cc.php 第 154 行.
NOTIC: [8] Undefined variable: first D:\PHPstudy\WWW\ssyp\Apps\Runtime\Cache\Admin\1bbd7ffe3d3dbbde704dd2b8084d10cc.php 第 162 行.
NOTIC: [8] Undefined variable: first D:\PHPstudy\WWW\ssyp\Apps\Runtime\Cache\Admin\1bbd7ffe3d3dbbde704dd2b8084d10cc.php 第 162 行.
NOTIC: [8] Undefined variable: first D:\PHPstudy\WWW\ssyp\Apps\Runtime\Cache\Admin\1bbd7ffe3d3dbbde704dd2b8084d10cc.php 第 162 行.
NOTIC: [8] Undefined variable: first D:\PHPstudy\WWW\ssyp\Apps\Runtime\Cache\Admin\1bbd7ffe3d3dbbde704dd2b8084d10cc.php 第 162 行.
NOTIC: [8] Undefined variable: c_list D:\PHPstudy\WWW\ssyp\Apps\Runtime\Cache\Admin\1bbd7ffe3d3dbbde704dd2b8084d10cc.php 第 164 行.
NOTIC: [8] Undefined index: name D:\PHPstudy\WWW\ssyp\Apps\Runtime\Cache\Admin\1bbd7ffe3d3dbbde704dd2b8084d10cc.php 第 171 行.
NOTIC: [8] Undefined index: symbol D:\PHPstudy\WWW\ssyp\Apps\Runtime\Cache\Admin\1bbd7ffe3d3dbbde704dd2b8084d10cc.php 第 175 行.
NOTIC: [8] Undefined index: supply D:\PHPstudy\WWW\ssyp\Apps\Runtime\Cache\Admin\1bbd7ffe3d3dbbde704dd2b8084d10cc.php 第 179 行.
NOTIC: [8] Undefined index: pro_comment D:\PHPstudy\WWW\ssyp\Apps\Runtime\Cache\Admin\1bbd7ffe3d3dbbde704dd2b8084d10cc.php 第 204 行.
NOTIC: [8] Undefined index: wx_image D:\PHPstudy\WWW\ssyp\Apps\Runtime\Cache\Admin\1bbd7ffe3d3dbbde704dd2b8084d10cc.php 第 209 行.
NOTIC: [8] Undefined index: wx_image D:\PHPstudy\WWW\ssyp\Apps\Runtime\Cache\Admin\1bbd7ffe3d3dbbde704dd2b8084d10cc.php 第 210 行.
NOTIC: [8] Undefined index: id D:\PHPstudy\WWW\ssyp\Apps\Runtime\Cache\Admin\1bbd7ffe3d3dbbde704dd2b8084d10cc.php 第 210 行.
NOTIC: [8] Undefined variable: img_list D:\PHPstudy\WWW\ssyp\Apps\Runtime\Cache\Admin\1bbd7ffe3d3dbbde704dd2b8084d10cc.php 第 218 行.
NOTIC: [8] Undefined index: wx_image D:\PHPstudy\WWW\ssyp\Apps\Runtime\Cache\Admin\1bbd7ffe3d3dbbde704dd2b8084d10cc.php 第 225 行.
NOTIC: [8] Undefined index: wx_image D:\PHPstudy\WWW\ssyp\Apps\Runtime\Cache\Admin\1bbd7ffe3d3dbbde704dd2b8084d10cc.php 第 226 行.
NOTIC: [8] Undefined index: status D:\PHPstudy\WWW\ssyp\Apps\Runtime\Cache\Admin\1bbd7ffe3d3dbbde704dd2b8084d10cc.php 第 235 行.
NOTIC: [8] Undefined index: status D:\PHPstudy\WWW\ssyp\Apps\Runtime\Cache\Admin\1bbd7ffe3d3dbbde704dd2b8084d10cc.php 第 235 行.
NOTIC: [8] Undefined index: relation D:\PHPstudy\WWW\ssyp\Apps\Runtime\Cache\Admin\1bbd7ffe3d3dbbde704dd2b8084d10cc.php 第 243 行.
NOTIC: [8] Undefined index: pro_detail D:\PHPstudy\WWW\ssyp\Apps\Runtime\Cache\Admin\1bbd7ffe3d3dbbde704dd2b8084d10cc.php 第 249 行.
NOTIC: [8] Undefined index: size_notice D:\PHPstudy\WWW\ssyp\Apps\Runtime\Cache\Admin\1bbd7ffe3d3dbbde704dd2b8084d10cc.php 第 255 行.
NOTIC: [8] Undefined index: wx_describe D:\PHPstudy\WWW\ssyp\Apps\Runtime\Cache\Admin\1bbd7ffe3d3dbbde704dd2b8084d10cc.php 第 270 行.
NOTIC: [8] Undefined index: task_peicai D:\PHPstudy\WWW\ssyp\Apps\Runtime\Cache\Admin\1bbd7ffe3d3dbbde704dd2b8084d10cc.php 第 288 行.
NOTIC: [8] Undefined index: task_peicai D:\PHPstudy\WWW\ssyp\Apps\Runtime\Cache\Admin\1bbd7ffe3d3dbbde704dd2b8084d10cc.php 第 288 行.
NOTIC: [8] Undefined index: task_peicai D:\PHPstudy\WWW\ssyp\Apps\Runtime\Cache\Admin\1bbd7ffe3d3dbbde704dd2b8084d10cc.php 第 288 行.
NOTIC: [8] Undefined index: task_peicai D:\PHPstudy\WWW\ssyp\Apps\Runtime\Cache\Admin\1bbd7ffe3d3dbbde704dd2b8084d10cc.php 第 288 行.
NOTIC: [8] Undefined index: task_peicai D:\PHPstudy\WWW\ssyp\Apps\Runtime\Cache\Admin\1bbd7ffe3d3dbbde704dd2b8084d10cc.php 第 289 行.
NOTIC: [8] Undefined index: task_peicai D:\PHPstudy\WWW\ssyp\Apps\Runtime\Cache\Admin\1bbd7ffe3d3dbbde704dd2b8084d10cc.php 第 289 行.
NOTIC: [8] Undefined index: task_duanlian D:\PHPstudy\WWW\ssyp\Apps\Runtime\Cache\Admin\1bbd7ffe3d3dbbde704dd2b8084d10cc.php 第 297 行.
NOTIC: [8] Undefined index: task_duanlian D:\PHPstudy\WWW\ssyp\Apps\Runtime\Cache\Admin\1bbd7ffe3d3dbbde704dd2b8084d10cc.php 第 297 行.
NOTIC: [8] Undefined index: task_duanlian D:\PHPstudy\WWW\ssyp\Apps\Runtime\Cache\Admin\1bbd7ffe3d3dbbde704dd2b8084d10cc.php 第 297 行.
NOTIC: [8] Undefined index: task_duanlian D:\PHPstudy\WWW\ssyp\Apps\Runtime\Cache\Admin\1bbd7ffe3d3dbbde704dd2b8084d10cc.php 第 297 行.
NOTIC: [8] Undefined index: task_duanlian D:\PHPstudy\WWW\ssyp\Apps\Runtime\Cache\Admin\1bbd7ffe3d3dbbde704dd2b8084d10cc.php 第 298 行.
NOTIC: [8] Undefined index: task_duanlian D:\PHPstudy\WWW\ssyp\Apps\Runtime\Cache\Admin\1bbd7ffe3d3dbbde704dd2b8084d10cc.php 第 298 行.
NOTIC: [8] Undefined index: task_yinyue D:\PHPstudy\WWW\ssyp\Apps\Runtime\Cache\Admin\1bbd7ffe3d3dbbde704dd2b8084d10cc.php 第 305 行.
NOTIC: [8] Undefined index: task_yinyue D:\PHPstudy\WWW\ssyp\Apps\Runtime\Cache\Admin\1bbd7ffe3d3dbbde704dd2b8084d10cc.php 第 305 行.
NOTIC: [8] Undefined index: task_yinyue D:\PHPstudy\WWW\ssyp\Apps\Runtime\Cache\Admin\1bbd7ffe3d3dbbde704dd2b8084d10cc.php 第 305 行.
NOTIC: [8] Undefined index: task_yinyue D:\PHPstudy\WWW\ssyp\Apps\Runtime\Cache\Admin\1bbd7ffe3d3dbbde704dd2b8084d10cc.php 第 305 行.
NOTIC: [8] Undefined index: task_yinyue D:\PHPstudy\WWW\ssyp\Apps\Runtime\Cache\Admin\1bbd7ffe3d3dbbde704dd2b8084d10cc.php 第 306 行.
NOTIC: [8] Undefined index: task_yinyue D:\PHPstudy\WWW\ssyp\Apps\Runtime\Cache\Admin\1bbd7ffe3d3dbbde704dd2b8084d10cc.php 第 306 行.
NOTIC: [8] Undefined index: task_pingcha D:\PHPstudy\WWW\ssyp\Apps\Runtime\Cache\Admin\1bbd7ffe3d3dbbde704dd2b8084d10cc.php 第 313 行.
NOTIC: [8] Undefined index: task_pingcha D:\PHPstudy\WWW\ssyp\Apps\Runtime\Cache\Admin\1bbd7ffe3d3dbbde704dd2b8084d10cc.php 第 313 行.
NOTIC: [8] Undefined index: task_pingcha D:\PHPstudy\WWW\ssyp\Apps\Runtime\Cache\Admin\1bbd7ffe3d3dbbde704dd2b8084d10cc.php 第 313 行.
NOTIC: [8] Undefined index: task_pingcha D:\PHPstudy\WWW\ssyp\Apps\Runtime\Cache\Admin\1bbd7ffe3d3dbbde704dd2b8084d10cc.php 第 313 行.
NOTIC: [8] Undefined index: task_pingcha D:\PHPstudy\WWW\ssyp\Apps\Runtime\Cache\Admin\1bbd7ffe3d3dbbde704dd2b8084d10cc.php 第 314 行.
NOTIC: [8] Undefined index: task_pingcha D:\PHPstudy\WWW\ssyp\Apps\Runtime\Cache\Admin\1bbd7ffe3d3dbbde704dd2b8084d10cc.php 第 314 行.
NOTIC: [8] Undefined index: task_heshui D:\PHPstudy\WWW\ssyp\Apps\Runtime\Cache\Admin\1bbd7ffe3d3dbbde704dd2b8084d10cc.php 第 321 行.
NOTIC: [8] Undefined index: task_heshui D:\PHPstudy\WWW\ssyp\Apps\Runtime\Cache\Admin\1bbd7ffe3d3dbbde704dd2b8084d10cc.php 第 321 行.
NOTIC: [8] Undefined index: task_heshui D:\PHPstudy\WWW\ssyp\Apps\Runtime\Cache\Admin\1bbd7ffe3d3dbbde704dd2b8084d10cc.php 第 321 行.
NOTIC: [8] Undefined index: task_heshui D:\PHPstudy\WWW\ssyp\Apps\Runtime\Cache\Admin\1bbd7ffe3d3dbbde704dd2b8084d10cc.php 第 321 行.
NOTIC: [8] Undefined index: task_heshui D:\PHPstudy\WWW\ssyp\Apps\Runtime\Cache\Admin\1bbd7ffe3d3dbbde704dd2b8084d10cc.php 第 322 行.
NOTIC: [8] Undefined index: task_heshui D:\PHPstudy\WWW\ssyp\Apps\Runtime\Cache\Admin\1bbd7ffe3d3dbbde704dd2b8084d10cc.php 第 322 行.
NOTIC: [8] Undefined index: task_mingxiang D:\PHPstudy\WWW\ssyp\Apps\Runtime\Cache\Admin\1bbd7ffe3d3dbbde704dd2b8084d10cc.php 第 329 行.
NOTIC: [8] Undefined index: task_mingxiang D:\PHPstudy\WWW\ssyp\Apps\Runtime\Cache\Admin\1bbd7ffe3d3dbbde704dd2b8084d10cc.php 第 329 行.
NOTIC: [8] Undefined index: task_mingxiang D:\PHPstudy\WWW\ssyp\Apps\Runtime\Cache\Admin\1bbd7ffe3d3dbbde704dd2b8084d10cc.php 第 329 行.
NOTIC: [8] Undefined index: task_mingxiang D:\PHPstudy\WWW\ssyp\Apps\Runtime\Cache\Admin\1bbd7ffe3d3dbbde704dd2b8084d10cc.php 第 329 行.
NOTIC: [8] Undefined index: task_mingxiang D:\PHPstudy\WWW\ssyp\Apps\Runtime\Cache\Admin\1bbd7ffe3d3dbbde704dd2b8084d10cc.php 第 330 行.
NOTIC: [8] Undefined index: task_mingxiang D:\PHPstudy\WWW\ssyp\Apps\Runtime\Cache\Admin\1bbd7ffe3d3dbbde704dd2b8084d10cc.php 第 330 行.
NOTIC: [8] Undefined index: pro_images D:\PHPstudy\WWW\ssyp\Apps\Runtime\Cache\Admin\1bbd7ffe3d3dbbde704dd2b8084d10cc.php 第 402 行.
INFO: Run Behavior\ParseTemplateBehavior [ RunTime:0.012730s ]
INFO: [ view_parse ] --END-- [ RunTime:0.012762s ]
INFO: [ view_filter ] --START--
INFO: Run Behavior\WriteHtmlCacheBehavior [ RunTime:0.000452s ]
INFO: [ view_filter ] --END-- [ RunTime:0.000480s ]
INFO: [ app_end ] --START--
INFO: Run Behavior\ShowPageTraceBehavior [ RunTime:0.000599s ]
INFO: [ app_end ] --END-- [ RunTime:0.000636s ]

[ 2018-05-09T13:08:48+08:00 ] ::1 /ssyp/index.php/Admin/Product/index
INFO: [ app_init ] --START--
INFO: Run Behavior\BuildLiteBehavior [ RunTime:0.000011s ]
INFO: [ app_init ] --END-- [ RunTime:0.000529s ]
INFO: [ app_begin ] --START--
INFO: Run Behavior\ReadHtmlCacheBehavior [ RunTime:0.000770s ]
INFO: [ app_begin ] --END-- [ RunTime:0.000843s ]
SQL: SHOW COLUMNS FROM `ssyp_admin` [ RunTime:0.0154s ]
SQL: SELECT `role_id`,`realname`,`login_number` FROM `ssyp_admin` WHERE ( id="16" ) LIMIT 1   [ RunTime:0.0005s ]
SQL: SHOW COLUMNS FROM `ssyp_role` [ RunTime:0.0191s ]
SQL: SELECT `power`,`role_name` FROM `ssyp_role` WHERE ( id="-1" ) LIMIT 1   [ RunTime:0.0004s ]
SQL: SHOW COLUMNS FROM `ssyp_power` [ RunTime:0.0162s ]
SQL: SELECT * FROM `ssyp_power` WHERE `fid` > 0  [ RunTime:0.0005s ]
NOTIC: [8] Undefined index: status D:\PHPstudy\WWW\ssyp\Apps\Admin\Controller\BaseController.class.php 第 42 行.
NOTIC: [8] Undefined index: pub_time_start D:\PHPstudy\WWW\ssyp\Apps\Admin\Controller\ProductController.class.php 第 7 行.
NOTIC: [8] Undefined index: pub_time_end D:\PHPstudy\WWW\ssyp\Apps\Admin\Controller\ProductController.class.php 第 8 行.
NOTIC: [8] Undefined index: name D:\PHPstudy\WWW\ssyp\Apps\Admin\Controller\ProductController.class.php 第 15 行.
SQL: SHOW COLUMNS FROM `ssyp_product` [ RunTime:0.0148s ]
SQL: SELECT `role_id`,`cat_shop` FROM `ssyp_admin` WHERE ( id=16 ) LIMIT 1   [ RunTime:0.0004s ]
SQL: SELECT COUNT(p.id) AS tp_count FROM ssyp_product p left JOIN ssyp_category as cs on cs.id = status  LIMIT 1   [ RunTime:0.0003s ]
SQL: SELECT p.*,cs.c_name as status_str FROM ssyp_product p left JOIN ssyp_category as cs on cs.id = status  ORDER BY p.id desc LIMIT 0,20   [ RunTime:0.0008s ]
SQL: SHOW COLUMNS FROM `ssyp_norms` [ RunTime:0.0126s ]
SQL: SHOW COLUMNS FROM `ssyp_category` [ RunTime:0.0124s ]
SQL: SELECT * FROM `ssyp_category` WHERE ( id in (9) )  [ RunTime:0.0004s ]
SQL: SELECT op.ord_number,o.status FROM ssyp_product p INNER JOIN ssyp_norms as n on n.pro_id = p.id INNER JOIN ssyp_ordpro as op on n.id=op.norms_id INNER JOIN ssyp_orders as o on op.ord_id=o.id  WHERE o.pub_time BETWEEN '0 ' AND ' 9999999999' AND p.id = '2'  [ RunTime:0.0003s ]
SQL: SELECT * FROM `ssyp_norms` WHERE ( pro_id="2" )  [ RunTime:0.0002s ]
SQL: SELECT * FROM `ssyp_category` WHERE ( id in (9) )  [ RunTime:0.0002s ]
SQL: SELECT op.ord_number,o.status FROM ssyp_product p INNER JOIN ssyp_norms as n on n.pro_id = p.id INNER JOIN ssyp_ordpro as op on n.id=op.norms_id INNER JOIN ssyp_orders as o on op.ord_id=o.id  WHERE o.pub_time BETWEEN '0 ' AND ' 9999999999' AND p.id = '1'  [ RunTime:0.0003s ]
SQL: SELECT * FROM `ssyp_norms` WHERE ( pro_id="1" )  [ RunTime:0.0002s ]
SQL: SELECT op.ord_number,o.status FROM ssyp_product p INNER JOIN ssyp_norms as n on n.pro_id = p.id INNER JOIN ssyp_ordpro as op on n.id=op.norms_id INNER JOIN ssyp_orders as o on op.ord_id=o.id  WHERE o.pub_time BETWEEN '0 ' AND ' 9999999999'  [ RunTime:0.0002s ]
SQL: SELECT SUM(pro_number) AS tp_sum FROM `ssyp_product` LIMIT 1   [ RunTime:0.0002s ]
INFO: [ view_parse ] --START--
INFO: [ template_filter ] --START--
INFO: Run Behavior\ContentReplaceBehavior [ RunTime:0.000201s ]
INFO: [ template_filter ] --END-- [ RunTime:0.000255s ]
NOTIC: [8] Undefined index: headimgurl D:\PHPstudy\WWW\ssyp\Apps\Runtime\Cache\Admin\ff5284c55541268002e4c7802b5ab64b.php 第 77 行.
NOTIC: [8] Undefined variable: start D:\PHPstudy\WWW\ssyp\Apps\Runtime\Cache\Admin\ff5284c55541268002e4c7802b5ab64b.php 第 141 行.
NOTIC: [8] Undefined variable: end D:\PHPstudy\WWW\ssyp\Apps\Runtime\Cache\Admin\ff5284c55541268002e4c7802b5ab64b.php 第 142 行.
NOTIC: [8] Undefined variable: name D:\PHPstudy\WWW\ssyp\Apps\Runtime\Cache\Admin\ff5284c55541268002e4c7802b5ab64b.php 第 150 行.
NOTIC: [8] Undefined index: start D:\PHPstudy\WWW\ssyp\Apps\Runtime\Cache\Admin\ff5284c55541268002e4c7802b5ab64b.php 第 157 行.
NOTIC: [8] Undefined index: end D:\PHPstudy\WWW\ssyp\Apps\Runtime\Cache\Admin\ff5284c55541268002e4c7802b5ab64b.php 第 158 行.
INFO: Run Behavior\ParseTemplateBehavior [ RunTime:0.010633s ]
INFO: [ view_parse ] --END-- [ RunTime:0.010673s ]
INFO: [ view_filter ] --START--
INFO: Run Behavior\WriteHtmlCacheBehavior [ RunTime:0.000381s ]
INFO: [ view_filter ] --END-- [ RunTime:0.000406s ]
INFO: [ app_end ] --START--
INFO: Run Behavior\ShowPageTraceBehavior [ RunTime:0.000560s ]
INFO: [ app_end ] --END-- [ RunTime:0.000597s ]

[ 2018-05-09T13:30:46+08:00 ] ::1 /ssyp/index.php/Admin/Product/index
INFO: [ app_init ] --START--
INFO: Run Behavior\BuildLiteBehavior [ RunTime:0.000024s ]
INFO: [ app_init ] --END-- [ RunTime:0.000526s ]
INFO: [ app_begin ] --START--
INFO: Run Behavior\ReadHtmlCacheBehavior [ RunTime:0.000550s ]
INFO: [ app_begin ] --END-- [ RunTime:0.000592s ]
SQL: SHOW COLUMNS FROM `ssyp_admin` [ RunTime:0.0114s ]
SQL: SELECT `role_id`,`realname`,`login_number` FROM `ssyp_admin` WHERE ( id="16" ) LIMIT 1   [ RunTime:0.0003s ]
SQL: SHOW COLUMNS FROM `ssyp_role` [ RunTime:0.0102s ]
SQL: SELECT `power`,`role_name` FROM `ssyp_role` WHERE ( id="-1" ) LIMIT 1   [ RunTime:0.0003s ]
SQL: SHOW COLUMNS FROM `ssyp_power` [ RunTime:0.0302s ]
SQL: SELECT * FROM `ssyp_power` WHERE `fid` > 0  [ RunTime:0.0005s ]
NOTIC: [8] Undefined index: status D:\PHPstudy\WWW\ssyp\Apps\Admin\Controller\BaseController.class.php 第 42 行.
NOTIC: [8] Undefined index: pub_time_start D:\PHPstudy\WWW\ssyp\Apps\Admin\Controller\ProductController.class.php 第 7 行.
NOTIC: [8] Undefined index: pub_time_end D:\PHPstudy\WWW\ssyp\Apps\Admin\Controller\ProductController.class.php 第 8 行.
NOTIC: [8] Undefined index: name D:\PHPstudy\WWW\ssyp\Apps\Admin\Controller\ProductController.class.php 第 15 行.
SQL: SHOW COLUMNS FROM `ssyp_product` [ RunTime:0.0104s ]
SQL: SELECT `role_id`,`cat_shop` FROM `ssyp_admin` WHERE ( id=16 ) LIMIT 1   [ RunTime:0.0003s ]
SQL: SELECT COUNT(p.id) AS tp_count FROM ssyp_product p left JOIN ssyp_category as cs on cs.id = status  LIMIT 1   [ RunTime:0.0006s ]
SQL: SELECT p.*,cs.c_name as status_str FROM ssyp_product p left JOIN ssyp_category as cs on cs.id = status  ORDER BY p.id desc LIMIT 0,20   [ RunTime:0.0004s ]
SQL: SHOW COLUMNS FROM `ssyp_norms` [ RunTime:0.0104s ]
SQL: SHOW COLUMNS FROM `ssyp_category` [ RunTime:0.0091s ]
SQL: SELECT * FROM `ssyp_category` WHERE ( id in (9) )  [ RunTime:0.0003s ]
SQL: SELECT op.ord_number,o.status FROM ssyp_product p INNER JOIN ssyp_norms as n on n.pro_id = p.id INNER JOIN ssyp_ordpro as op on n.id=op.norms_id INNER JOIN ssyp_orders as o on op.ord_id=o.id  WHERE o.pub_time BETWEEN '0 ' AND ' 9999999999' AND p.id = '2'  [ RunTime:0.0009s ]
SQL: SELECT * FROM `ssyp_norms` WHERE ( pro_id="2" )  [ RunTime:0.0003s ]
SQL: SELECT * FROM `ssyp_category` WHERE ( id in (9) )  [ RunTime:0.0002s ]
SQL: SELECT op.ord_number,o.status FROM ssyp_product p INNER JOIN ssyp_norms as n on n.pro_id = p.id INNER JOIN ssyp_ordpro as op on n.id=op.norms_id INNER JOIN ssyp_orders as o on op.ord_id=o.id  WHERE o.pub_time BETWEEN '0 ' AND ' 9999999999' AND p.id = '1'  [ RunTime:0.0003s ]
SQL: SELECT * FROM `ssyp_norms` WHERE ( pro_id="1" )  [ RunTime:0.0002s ]
SQL: SELECT op.ord_number,o.status FROM ssyp_product p INNER JOIN ssyp_norms as n on n.pro_id = p.id INNER JOIN ssyp_ordpro as op on n.id=op.norms_id INNER JOIN ssyp_orders as o on op.ord_id=o.id  WHERE o.pub_time BETWEEN '0 ' AND ' 9999999999'  [ RunTime:0.0003s ]
SQL: SELECT SUM(pro_number) AS tp_sum FROM `ssyp_product` LIMIT 1   [ RunTime:0.0003s ]
INFO: [ view_parse ] --START--
INFO: [ template_filter ] --START--
INFO: Run Behavior\ContentReplaceBehavior [ RunTime:0.000215s ]
INFO: [ template_filter ] --END-- [ RunTime:0.000251s ]
NOTIC: [8] Undefined index: headimgurl D:\PHPstudy\WWW\ssyp\Apps\Runtime\Cache\Admin\ff5284c55541268002e4c7802b5ab64b.php 第 77 行.
NOTIC: [8] Undefined variable: start D:\PHPstudy\WWW\ssyp\Apps\Runtime\Cache\Admin\ff5284c55541268002e4c7802b5ab64b.php 第 141 行.
NOTIC: [8] Undefined variable: end D:\PHPstudy\WWW\ssyp\Apps\Runtime\Cache\Admin\ff5284c55541268002e4c7802b5ab64b.php 第 142 行.
NOTIC: [8] Undefined variable: name D:\PHPstudy\WWW\ssyp\Apps\Runtime\Cache\Admin\ff5284c55541268002e4c7802b5ab64b.php 第 150 行.
NOTIC: [8] Undefined index: start D:\PHPstudy\WWW\ssyp\Apps\Runtime\Cache\Admin\ff5284c55541268002e4c7802b5ab64b.php 第 157 行.
NOTIC: [8] Undefined index: end D:\PHPstudy\WWW\ssyp\Apps\Runtime\Cache\Admin\ff5284c55541268002e4c7802b5ab64b.php 第 158 行.
INFO: Run Behavior\ParseTemplateBehavior [ RunTime:0.013343s ]
INFO: [ view_parse ] --END-- [ RunTime:0.013386s ]
INFO: [ view_filter ] --START--
INFO: Run Behavior\WriteHtmlCacheBehavior [ RunTime:0.000394s ]
INFO: [ view_filter ] --END-- [ RunTime:0.000420s ]
INFO: [ app_end ] --START--
INFO: Run Behavior\ShowPageTraceBehavior [ RunTime:0.000708s ]
INFO: [ app_end ] --END-- [ RunTime:0.000743s ]

[ 2018-05-09T13:30:47+08:00 ] ::1 /ssyp/index.php/Admin/Product/index
INFO: [ app_init ] --START--
INFO: Run Behavior\BuildLiteBehavior [ RunTime:0.000016s ]
INFO: [ app_init ] --END-- [ RunTime:0.000692s ]
INFO: [ app_begin ] --START--
INFO: Run Behavior\ReadHtmlCacheBehavior [ RunTime:0.000660s ]
INFO: [ app_begin ] --END-- [ RunTime:0.000727s ]
SQL: SHOW COLUMNS FROM `ssyp_admin` [ RunTime:0.0134s ]
SQL: SELECT `role_id`,`realname`,`login_number` FROM `ssyp_admin` WHERE ( id="16" ) LIMIT 1   [ RunTime:0.0004s ]
SQL: SHOW COLUMNS FROM `ssyp_role` [ RunTime:0.0108s ]
SQL: SELECT `power`,`role_name` FROM `ssyp_role` WHERE ( id="-1" ) LIMIT 1   [ RunTime:0.0003s ]
SQL: SHOW COLUMNS FROM `ssyp_power` [ RunTime:0.0091s ]
SQL: SELECT * FROM `ssyp_power` WHERE `fid` > 0  [ RunTime:0.0005s ]
NOTIC: [8] Undefined index: status D:\PHPstudy\WWW\ssyp\Apps\Admin\Controller\BaseController.class.php 第 42 行.
NOTIC: [8] Undefined index: pub_time_start D:\PHPstudy\WWW\ssyp\Apps\Admin\Controller\ProductController.class.php 第 7 行.
NOTIC: [8] Undefined index: pub_time_end D:\PHPstudy\WWW\ssyp\Apps\Admin\Controller\ProductController.class.php 第 8 行.
NOTIC: [8] Undefined index: name D:\PHPstudy\WWW\ssyp\Apps\Admin\Controller\ProductController.class.php 第 15 行.
SQL: SHOW COLUMNS FROM `ssyp_product` [ RunTime:0.0105s ]
SQL: SELECT `role_id`,`cat_shop` FROM `ssyp_admin` WHERE ( id=16 ) LIMIT 1   [ RunTime:0.0003s ]
SQL: SELECT COUNT(p.id) AS tp_count FROM ssyp_product p left JOIN ssyp_category as cs on cs.id = status  LIMIT 1   [ RunTime:0.0003s ]
SQL: SELECT p.*,cs.c_name as status_str FROM ssyp_product p left JOIN ssyp_category as cs on cs.id = status  ORDER BY p.id desc LIMIT 0,20   [ RunTime:0.0005s ]
SQL: SHOW COLUMNS FROM `ssyp_norms` [ RunTime:0.0105s ]
SQL: SHOW COLUMNS FROM `ssyp_category` [ RunTime:0.0095s ]
SQL: SELECT * FROM `ssyp_category` WHERE ( id in (9) )  [ RunTime:0.0003s ]
SQL: SELECT op.ord_number,o.status FROM ssyp_product p INNER JOIN ssyp_norms as n on n.pro_id = p.id INNER JOIN ssyp_ordpro as op on n.id=op.norms_id INNER JOIN ssyp_orders as o on op.ord_id=o.id  WHERE o.pub_time BETWEEN '0 ' AND ' 9999999999' AND p.id = '2'  [ RunTime:0.0003s ]
SQL: SELECT * FROM `ssyp_norms` WHERE ( pro_id="2" )  [ RunTime:0.0002s ]
SQL: SELECT * FROM `ssyp_category` WHERE ( id in (9) )  [ RunTime:0.0003s ]
SQL: SELECT op.ord_number,o.status FROM ssyp_product p INNER JOIN ssyp_norms as n on n.pro_id = p.id INNER JOIN ssyp_ordpro as op on n.id=op.norms_id INNER JOIN ssyp_orders as o on op.ord_id=o.id  WHERE o.pub_time BETWEEN '0 ' AND ' 9999999999' AND p.id = '1'  [ RunTime:0.0003s ]
SQL: SELECT * FROM `ssyp_norms` WHERE ( pro_id="1" )  [ RunTime:0.0002s ]
SQL: SELECT op.ord_number,o.status FROM ssyp_product p INNER JOIN ssyp_norms as n on n.pro_id = p.id INNER JOIN ssyp_ordpro as op on n.id=op.norms_id INNER JOIN ssyp_orders as o on op.ord_id=o.id  WHERE o.pub_time BETWEEN '0 ' AND ' 9999999999'  [ RunTime:0.0003s ]
SQL: SELECT SUM(pro_number) AS tp_sum FROM `ssyp_product` LIMIT 1   [ RunTime:0.0002s ]
INFO: [ view_parse ] --START--
INFO: [ template_filter ] --START--
INFO: Run Behavior\ContentReplaceBehavior [ RunTime:0.000193s ]
INFO: [ template_filter ] --END-- [ RunTime:0.000234s ]
NOTIC: [8] Undefined index: headimgurl D:\PHPstudy\WWW\ssyp\Apps\Runtime\Cache\Admin\ff5284c55541268002e4c7802b5ab64b.php 第 77 行.
NOTIC: [8] Undefined variable: start D:\PHPstudy\WWW\ssyp\Apps\Runtime\Cache\Admin\ff5284c55541268002e4c7802b5ab64b.php 第 141 行.
NOTIC: [8] Undefined variable: end D:\PHPstudy\WWW\ssyp\Apps\Runtime\Cache\Admin\ff5284c55541268002e4c7802b5ab64b.php 第 142 行.
NOTIC: [8] Undefined variable: name D:\PHPstudy\WWW\ssyp\Apps\Runtime\Cache\Admin\ff5284c55541268002e4c7802b5ab64b.php 第 150 行.
NOTIC: [8] Undefined index: start D:\PHPstudy\WWW\ssyp\Apps\Runtime\Cache\Admin\ff5284c55541268002e4c7802b5ab64b.php 第 157 行.
NOTIC: [8] Undefined index: end D:\PHPstudy\WWW\ssyp\Apps\Runtime\Cache\Admin\ff5284c55541268002e4c7802b5ab64b.php 第 158 行.
INFO: Run Behavior\ParseTemplateBehavior [ RunTime:0.009036s ]
INFO: [ view_parse ] --END-- [ RunTime:0.009066s ]
INFO: [ view_filter ] --START--
INFO: Run Behavior\WriteHtmlCacheBehavior [ RunTime:0.000349s ]
INFO: [ view_filter ] --END-- [ RunTime:0.000374s ]
INFO: [ app_end ] --START--
INFO: Run Behavior\ShowPageTraceBehavior [ RunTime:0.000516s ]
INFO: [ app_end ] --END-- [ RunTime:0.000545s ]

[ 2018-05-09T13:30:48+08:00 ] ::1 /ssyp/index.php/Admin/Product/index
INFO: [ app_init ] --START--
INFO: Run Behavior\BuildLiteBehavior [ RunTime:0.000041s ]
INFO: [ app_init ] --END-- [ RunTime:0.000715s ]
INFO: [ app_begin ] --START--
INFO: Run Behavior\ReadHtmlCacheBehavior [ RunTime:0.000531s ]
INFO: [ app_begin ] --END-- [ RunTime:0.000568s ]
SQL: SHOW COLUMNS FROM `ssyp_admin` [ RunTime:0.0093s ]
SQL: SELECT `role_id`,`realname`,`login_number` FROM `ssyp_admin` WHERE ( id="16" ) LIMIT 1   [ RunTime:0.0004s ]
SQL: SHOW COLUMNS FROM `ssyp_role` [ RunTime:0.0117s ]
SQL: SELECT `power`,`role_name` FROM `ssyp_role` WHERE ( id="-1" ) LIMIT 1   [ RunTime:0.0003s ]
SQL: SHOW COLUMNS FROM `ssyp_power` [ RunTime:0.0119s ]
SQL: SELECT * FROM `ssyp_power` WHERE `fid` > 0  [ RunTime:0.0005s ]
NOTIC: [8] Undefined index: status D:\PHPstudy\WWW\ssyp\Apps\Admin\Controller\BaseController.class.php 第 42 行.
NOTIC: [8] Undefined index: pub_time_start D:\PHPstudy\WWW\ssyp\Apps\Admin\Controller\ProductController.class.php 第 7 行.
NOTIC: [8] Undefined index: pub_time_end D:\PHPstudy\WWW\ssyp\Apps\Admin\Controller\ProductController.class.php 第 8 行.
NOTIC: [8] Undefined index: name D:\PHPstudy\WWW\ssyp\Apps\Admin\Controller\ProductController.class.php 第 15 行.
SQL: SHOW COLUMNS FROM `ssyp_product` [ RunTime:0.0114s ]
SQL: SELECT `role_id`,`cat_shop` FROM `ssyp_admin` WHERE ( id=16 ) LIMIT 1   [ RunTime:0.0003s ]
SQL: SELECT COUNT(p.id) AS tp_count FROM ssyp_product p left JOIN ssyp_category as cs on cs.id = status  LIMIT 1   [ RunTime:0.0002s ]
SQL: SELECT p.*,cs.c_name as status_str FROM ssyp_product p left JOIN ssyp_category as cs on cs.id = status  ORDER BY p.id desc LIMIT 0,20   [ RunTime:0.0004s ]
SQL: SHOW COLUMNS FROM `ssyp_norms` [ RunTime:0.0094s ]
SQL: SHOW COLUMNS FROM `ssyp_category` [ RunTime:0.0099s ]
SQL: SELECT * FROM `ssyp_category` WHERE ( id in (9) )  [ RunTime:0.0004s ]
SQL: SELECT op.ord_number,o.status FROM ssyp_product p INNER JOIN ssyp_norms as n on n.pro_id = p.id INNER JOIN ssyp_ordpro as op on n.id=op.norms_id INNER JOIN ssyp_orders as o on op.ord_id=o.id  WHERE o.pub_time BETWEEN '0 ' AND ' 9999999999' AND p.id = '2'  [ RunTime:0.0003s ]
SQL: SELECT * FROM `ssyp_norms` WHERE ( pro_id="2" )  [ RunTime:0.0002s ]
SQL: SELECT * FROM `ssyp_category` WHERE ( id in (9) )  [ RunTime:0.0002s ]
SQL: SELECT op.ord_number,o.status FROM ssyp_product p INNER JOIN ssyp_norms as n on n.pro_id = p.id INNER JOIN ssyp_ordpro as op on n.id=op.norms_id INNER JOIN ssyp_orders as o on op.ord_id=o.id  WHERE o.pub_time BETWEEN '0 ' AND ' 9999999999' AND p.id = '1'  [ RunTime:0.0002s ]
SQL: SELECT * FROM `ssyp_norms` WHERE ( pro_id="1" )  [ RunTime:0.0002s ]
SQL: SELECT op.ord_number,o.status FROM ssyp_product p INNER JOIN ssyp_norms as n on n.pro_id = p.id INNER JOIN ssyp_ordpro as op on n.id=op.norms_id INNER JOIN ssyp_orders as o on op.ord_id=o.id  WHERE o.pub_time BETWEEN '0 ' AND ' 9999999999'  [ RunTime:0.0002s ]
SQL: SELECT SUM(pro_number) AS tp_sum FROM `ssyp_product` LIMIT 1   [ RunTime:0.0002s ]
INFO: [ view_parse ] --START--
INFO: [ template_filter ] --START--
INFO: Run Behavior\ContentReplaceBehavior [ RunTime:0.000271s ]
INFO: [ template_filter ] --END-- [ RunTime:0.000367s ]
NOTIC: [8] Undefined index: headimgurl D:\PHPstudy\WWW\ssyp\Apps\Runtime\Cache\Admin\ff5284c55541268002e4c7802b5ab64b.php 第 77 行.
NOTIC: [8] Undefined variable: start D:\PHPstudy\WWW\ssyp\Apps\Runtime\Cache\Admin\ff5284c55541268002e4c7802b5ab64b.php 第 141 行.
NOTIC: [8] Undefined variable: end D:\PHPstudy\WWW\ssyp\Apps\Runtime\Cache\Admin\ff5284c55541268002e4c7802b5ab64b.php 第 142 行.
NOTIC: [8] Undefined variable: name D:\PHPstudy\WWW\ssyp\Apps\Runtime\Cache\Admin\ff5284c55541268002e4c7802b5ab64b.php 第 150 行.
NOTIC: [8] Undefined index: start D:\PHPstudy\WWW\ssyp\Apps\Runtime\Cache\Admin\ff5284c55541268002e4c7802b5ab64b.php 第 157 行.
NOTIC: [8] Undefined index: end D:\PHPstudy\WWW\ssyp\Apps\Runtime\Cache\Admin\ff5284c55541268002e4c7802b5ab64b.php 第 158 行.
INFO: Run Behavior\ParseTemplateBehavior [ RunTime:0.010117s ]
INFO: [ view_parse ] --END-- [ RunTime:0.010155s ]
INFO: [ view_filter ] --START--
INFO: Run Behavior\WriteHtmlCacheBehavior [ RunTime:0.000428s ]
INFO: [ view_filter ] --END-- [ RunTime:0.000463s ]
INFO: [ app_end ] --START--
INFO: Run Behavior\ShowPageTraceBehavior [ RunTime:0.000572s ]
INFO: [ app_end ] --END-- [ RunTime:0.000606s ]

[ 2018-05-09T13:30:48+08:00 ] ::1 /ssyp/index.php/Admin/Product/index
INFO: [ app_init ] --START--
INFO: Run Behavior\BuildLiteBehavior [ RunTime:0.000009s ]
INFO: [ app_init ] --END-- [ RunTime:0.000403s ]
INFO: [ app_begin ] --START--
INFO: Run Behavior\ReadHtmlCacheBehavior [ RunTime:0.000501s ]
INFO: [ app_begin ] --END-- [ RunTime:0.000534s ]
SQL: SHOW COLUMNS FROM `ssyp_admin` [ RunTime:0.0182s ]
SQL: SELECT `role_id`,`realname`,`login_number` FROM `ssyp_admin` WHERE ( id="16" ) LIMIT 1   [ RunTime:0.0012s ]
SQL: SHOW COLUMNS FROM `ssyp_role` [ RunTime:0.0109s ]
SQL: SELECT `power`,`role_name` FROM `ssyp_role` WHERE ( id="-1" ) LIMIT 1   [ RunTime:0.0003s ]
SQL: SHOW COLUMNS FROM `ssyp_power` [ RunTime:0.0124s ]
SQL: SELECT * FROM `ssyp_power` WHERE `fid` > 0  [ RunTime:0.0004s ]
NOTIC: [8] Undefined index: status D:\PHPstudy\WWW\ssyp\Apps\Admin\Controller\BaseController.class.php 第 42 行.
NOTIC: [8] Undefined index: pub_time_start D:\PHPstudy\WWW\ssyp\Apps\Admin\Controller\ProductController.class.php 第 7 行.
NOTIC: [8] Undefined index: pub_time_end D:\PHPstudy\WWW\ssyp\Apps\Admin\Controller\ProductController.class.php 第 8 行.
NOTIC: [8] Undefined index: name D:\PHPstudy\WWW\ssyp\Apps\Admin\Controller\ProductController.class.php 第 15 行.
SQL: SHOW COLUMNS FROM `ssyp_product` [ RunTime:0.0116s ]
SQL: SELECT `role_id`,`cat_shop` FROM `ssyp_admin` WHERE ( id=16 ) LIMIT 1   [ RunTime:0.0003s ]
SQL: SELECT COUNT(p.id) AS tp_count FROM ssyp_product p left JOIN ssyp_category as cs on cs.id = status  LIMIT 1   [ RunTime:0.0002s ]
SQL: SELECT p.*,cs.c_name as status_str FROM ssyp_product p left JOIN ssyp_category as cs on cs.id = status  ORDER BY p.id desc LIMIT 0,20   [ RunTime:0.0004s ]
SQL: SHOW COLUMNS FROM `ssyp_norms` [ RunTime:0.0103s ]
SQL: SHOW COLUMNS FROM `ssyp_category` [ RunTime:0.0104s ]
SQL: SELECT * FROM `ssyp_category` WHERE ( id in (9) )  [ RunTime:0.0003s ]
SQL: SELECT op.ord_number,o.status FROM ssyp_product p INNER JOIN ssyp_norms as n on n.pro_id = p.id INNER JOIN ssyp_ordpro as op on n.id=op.norms_id INNER JOIN ssyp_orders as o on op.ord_id=o.id  WHERE o.pub_time BETWEEN '0 ' AND ' 9999999999' AND p.id = '2'  [ RunTime:0.0003s ]
SQL: SELECT * FROM `ssyp_norms` WHERE ( pro_id="2" )  [ RunTime:0.0002s ]
SQL: SELECT * FROM `ssyp_category` WHERE ( id in (9) )  [ RunTime:0.0002s ]
SQL: SELECT op.ord_number,o.status FROM ssyp_product p INNER JOIN ssyp_norms as n on n.pro_id = p.id INNER JOIN ssyp_ordpro as op on n.id=op.norms_id INNER JOIN ssyp_orders as o on op.ord_id=o.id  WHERE o.pub_time BETWEEN '0 ' AND ' 9999999999' AND p.id = '1'  [ RunTime:0.0002s ]
SQL: SELECT * FROM `ssyp_norms` WHERE ( pro_id="1" )  [ RunTime:0.0002s ]
SQL: SELECT op.ord_number,o.status FROM ssyp_product p INNER JOIN ssyp_norms as n on n.pro_id = p.id INNER JOIN ssyp_ordpro as op on n.id=op.norms_id INNER JOIN ssyp_orders as o on op.ord_id=o.id  WHERE o.pub_time BETWEEN '0 ' AND ' 9999999999'  [ RunTime:0.0002s ]
SQL: SELECT SUM(pro_number) AS tp_sum FROM `ssyp_product` LIMIT 1   [ RunTime:0.0002s ]
INFO: [ view_parse ] --START--
INFO: [ template_filter ] --START--
INFO: Run Behavior\ContentReplaceBehavior [ RunTime:0.000186s ]
INFO: [ template_filter ] --END-- [ RunTime:0.000223s ]
NOTIC: [8] Undefined index: headimgurl D:\PHPstudy\WWW\ssyp\Apps\Runtime\Cache\Admin\ff5284c55541268002e4c7802b5ab64b.php 第 77 行.
NOTIC: [8] Undefined variable: start D:\PHPstudy\WWW\ssyp\Apps\Runtime\Cache\Admin\ff5284c55541268002e4c7802b5ab64b.php 第 141 行.
NOTIC: [8] Undefined variable: end D:\PHPstudy\WWW\ssyp\Apps\Runtime\Cache\Admin\ff5284c55541268002e4c7802b5ab64b.php 第 142 行.
NOTIC: [8] Undefined variable: name D:\PHPstudy\WWW\ssyp\Apps\Runtime\Cache\Admin\ff5284c55541268002e4c7802b5ab64b.php 第 150 行.
NOTIC: [8] Undefined index: start D:\PHPstudy\WWW\ssyp\Apps\Runtime\Cache\Admin\ff5284c55541268002e4c7802b5ab64b.php 第 157 行.
NOTIC: [8] Undefined index: end D:\PHPstudy\WWW\ssyp\Apps\Runtime\Cache\Admin\ff5284c55541268002e4c7802b5ab64b.php 第 158 行.
INFO: Run Behavior\ParseTemplateBehavior [ RunTime:0.010368s ]
INFO: [ view_parse ] --END-- [ RunTime:0.010402s ]
INFO: [ view_filter ] --START--
INFO: Run Behavior\WriteHtmlCacheBehavior [ RunTime:0.000355s ]
INFO: [ view_filter ] --END-- [ RunTime:0.000381s ]
INFO: [ app_end ] --START--
INFO: Run Behavior\ShowPageTraceBehavior [ RunTime:0.000557s ]
INFO: [ app_end ] --END-- [ RunTime:0.000592s ]

[ 2018-05-09T13:48:22+08:00 ] ::1 /ssyp/index.php/Admin/Product/index
INFO: [ app_init ] --START--
INFO: Run Behavior\BuildLiteBehavior [ RunTime:0.000020s ]
INFO: [ app_init ] --END-- [ RunTime:0.000457s ]
INFO: [ app_begin ] --START--
INFO: Run Behavior\ReadHtmlCacheBehavior [ RunTime:0.000500s ]
INFO: [ app_begin ] --END-- [ RunTime:0.000537s ]
SQL: SHOW COLUMNS FROM `ssyp_admin` [ RunTime:0.0108s ]
SQL: SELECT `role_id`,`realname`,`login_number` FROM `ssyp_admin` WHERE ( id="16" ) LIMIT 1   [ RunTime:0.0003s ]
SQL: SHOW COLUMNS FROM `ssyp_role` [ RunTime:0.0096s ]
SQL: SELECT `power`,`role_name` FROM `ssyp_role` WHERE ( id="-1" ) LIMIT 1   [ RunTime:0.0003s ]
SQL: SHOW COLUMNS FROM `ssyp_power` [ RunTime:0.0093s ]
SQL: SELECT * FROM `ssyp_power` WHERE `fid` > 0  [ RunTime:0.0004s ]
NOTIC: [8] Undefined index: status D:\PHPstudy\WWW\ssyp\Apps\Admin\Controller\BaseController.class.php 第 42 行.
NOTIC: [8] Undefined index: pub_time_start D:\PHPstudy\WWW\ssyp\Apps\Admin\Controller\ProductController.class.php 第 7 行.
NOTIC: [8] Undefined index: pub_time_end D:\PHPstudy\WWW\ssyp\Apps\Admin\Controller\ProductController.class.php 第 8 行.
NOTIC: [8] Undefined index: name D:\PHPstudy\WWW\ssyp\Apps\Admin\Controller\ProductController.class.php 第 15 行.
SQL: SHOW COLUMNS FROM `ssyp_product` [ RunTime:0.0104s ]
SQL: SELECT `role_id`,`cat_shop` FROM `ssyp_admin` WHERE ( id=16 ) LIMIT 1   [ RunTime:0.0003s ]
SQL: SELECT COUNT(p.id) AS tp_count FROM ssyp_product p left JOIN ssyp_category as cs on cs.id = status  LIMIT 1   [ RunTime:0.0002s ]
SQL: SELECT p.*,cs.c_name as status_str FROM ssyp_product p left JOIN ssyp_category as cs on cs.id = status  ORDER BY p.id desc LIMIT 0,20   [ RunTime:0.0004s ]
SQL: SHOW COLUMNS FROM `ssyp_norms` [ RunTime:0.0093s ]
SQL: SHOW COLUMNS FROM `ssyp_category` [ RunTime:0.0089s ]
SQL: SELECT * FROM `ssyp_category` WHERE ( id in (9) )  [ RunTime:0.0003s ]
SQL: SELECT op.ord_number,o.status FROM ssyp_product p INNER JOIN ssyp_norms as n on n.pro_id = p.id INNER JOIN ssyp_ordpro as op on n.id=op.norms_id INNER JOIN ssyp_orders as o on op.ord_id=o.id  WHERE o.pub_time BETWEEN '0 ' AND ' 9999999999' AND p.id = '2'  [ RunTime:0.0003s ]
SQL: SELECT * FROM `ssyp_norms` WHERE ( pro_id="2" )  [ RunTime:0.0002s ]
SQL: SELECT * FROM `ssyp_category` WHERE ( id in (9) )  [ RunTime:0.0002s ]
SQL: SELECT op.ord_number,o.status FROM ssyp_product p INNER JOIN ssyp_norms as n on n.pro_id = p.id INNER JOIN ssyp_ordpro as op on n.id=op.norms_id INNER JOIN ssyp_orders as o on op.ord_id=o.id  WHERE o.pub_time BETWEEN '0 ' AND ' 9999999999' AND p.id = '1'  [ RunTime:0.0003s ]
SQL: SELECT * FROM `ssyp_norms` WHERE ( pro_id="1" )  [ RunTime:0.0002s ]
SQL: SELECT op.ord_number,o.status FROM ssyp_product p INNER JOIN ssyp_norms as n on n.pro_id = p.id INNER JOIN ssyp_ordpro as op on n.id=op.norms_id INNER JOIN ssyp_orders as o on op.ord_id=o.id  WHERE o.pub_time BETWEEN '0 ' AND ' 9999999999'  [ RunTime:0.0002s ]
SQL: SELECT SUM(pro_number) AS tp_sum FROM `ssyp_product` LIMIT 1   [ RunTime:0.0002s ]
INFO: [ view_parse ] --START--
INFO: [ template_filter ] --START--
INFO: Run Behavior\ContentReplaceBehavior [ RunTime:0.000221s ]
INFO: [ template_filter ] --END-- [ RunTime:0.000252s ]
NOTIC: [8] Undefined index: headimgurl D:\PHPstudy\WWW\ssyp\Apps\Runtime\Cache\Admin\ff5284c55541268002e4c7802b5ab64b.php 第 77 行.
NOTIC: [8] Undefined variable: start D:\PHPstudy\WWW\ssyp\Apps\Runtime\Cache\Admin\ff5284c55541268002e4c7802b5ab64b.php 第 141 行.
NOTIC: [8] Undefined variable: end D:\PHPstudy\WWW\ssyp\Apps\Runtime\Cache\Admin\ff5284c55541268002e4c7802b5ab64b.php 第 142 行.
NOTIC: [8] Undefined variable: name D:\PHPstudy\WWW\ssyp\Apps\Runtime\Cache\Admin\ff5284c55541268002e4c7802b5ab64b.php 第 150 行.
NOTIC: [8] Undefined index: start D:\PHPstudy\WWW\ssyp\Apps\Runtime\Cache\Admin\ff5284c55541268002e4c7802b5ab64b.php 第 157 行.
NOTIC: [8] Undefined index: end D:\PHPstudy\WWW\ssyp\Apps\Runtime\Cache\Admin\ff5284c55541268002e4c7802b5ab64b.php 第 158 行.
INFO: Run Behavior\ParseTemplateBehavior [ RunTime:0.011247s ]
INFO: [ view_parse ] --END-- [ RunTime:0.011288s ]
INFO: [ view_filter ] --START--
INFO: Run Behavior\WriteHtmlCacheBehavior [ RunTime:0.000460s ]
INFO: [ view_filter ] --END-- [ RunTime:0.000486s ]
INFO: [ app_end ] --START--
INFO: Run Behavior\ShowPageTraceBehavior [ RunTime:0.000656s ]
INFO: [ app_end ] --END-- [ RunTime:0.000695s ]

[ 2018-05-09T14:48:42+08:00 ] ::1 /ssyp/index.php/Admin/Product/index
INFO: [ app_init ] --START--
INFO: Run Behavior\BuildLiteBehavior [ RunTime:0.000023s ]
INFO: [ app_init ] --END-- [ RunTime:0.000661s ]
INFO: [ app_begin ] --START--
INFO: Run Behavior\ReadHtmlCacheBehavior [ RunTime:0.000690s ]
INFO: [ app_begin ] --END-- [ RunTime:0.000730s ]
SQL: SHOW COLUMNS FROM `ssyp_admin` [ RunTime:0.0170s ]
SQL: SELECT `role_id`,`realname`,`login_number` FROM `ssyp_admin` WHERE ( id="16" ) LIMIT 1   [ RunTime:0.0004s ]
SQL: SHOW COLUMNS FROM `ssyp_role` [ RunTime:0.0138s ]
SQL: SELECT `power`,`role_name` FROM `ssyp_role` WHERE ( id="-1" ) LIMIT 1   [ RunTime:0.0003s ]
SQL: SHOW COLUMNS FROM `ssyp_power` [ RunTime:0.0145s ]
SQL: SELECT * FROM `ssyp_power` WHERE `fid` > 0  [ RunTime:0.0004s ]
NOTIC: [8] Undefined index: status D:\PHPstudy\WWW\ssyp\Apps\Admin\Controller\BaseController.class.php 第 42 行.
NOTIC: [8] Undefined index: pub_time_start D:\PHPstudy\WWW\ssyp\Apps\Admin\Controller\ProductController.class.php 第 7 行.
NOTIC: [8] Undefined index: pub_time_end D:\PHPstudy\WWW\ssyp\Apps\Admin\Controller\ProductController.class.php 第 8 行.
NOTIC: [8] Undefined index: name D:\PHPstudy\WWW\ssyp\Apps\Admin\Controller\ProductController.class.php 第 15 行.
SQL: SHOW COLUMNS FROM `ssyp_product` [ RunTime:0.0131s ]
SQL: SELECT `role_id`,`cat_shop` FROM `ssyp_admin` WHERE ( id=16 ) LIMIT 1   [ RunTime:0.0003s ]
SQL: SELECT COUNT(p.id) AS tp_count FROM ssyp_product p left JOIN ssyp_category as cs on cs.id = status  LIMIT 1   [ RunTime:0.0005s ]
SQL: SELECT p.*,cs.c_name as status_str FROM ssyp_product p left JOIN ssyp_category as cs on cs.id = status  ORDER BY p.id desc LIMIT 0,20   [ RunTime:0.0004s ]
SQL: SHOW COLUMNS FROM `ssyp_norms` [ RunTime:0.0130s ]
SQL: SHOW COLUMNS FROM `ssyp_category` [ RunTime:0.0120s ]
SQL: SELECT * FROM `ssyp_category` WHERE ( id in (9) )  [ RunTime:0.0003s ]
SQL: SELECT op.ord_number,o.status FROM ssyp_product p INNER JOIN ssyp_norms as n on n.pro_id = p.id INNER JOIN ssyp_ordpro as op on n.id=op.norms_id INNER JOIN ssyp_orders as o on op.ord_id=o.id  WHERE o.pub_time BETWEEN '0 ' AND ' 9999999999' AND p.id = '2'  [ RunTime:0.0009s ]
SQL: SELECT * FROM `ssyp_norms` WHERE ( pro_id="2" )  [ RunTime:0.0002s ]
SQL: SELECT * FROM `ssyp_category` WHERE ( id in (9) )  [ RunTime:0.0002s ]
SQL: SELECT op.ord_number,o.status FROM ssyp_product p INNER JOIN ssyp_norms as n on n.pro_id = p.id INNER JOIN ssyp_ordpro as op on n.id=op.norms_id INNER JOIN ssyp_orders as o on op.ord_id=o.id  WHERE o.pub_time BETWEEN '0 ' AND ' 9999999999' AND p.id = '1'  [ RunTime:0.0003s ]
SQL: SELECT * FROM `ssyp_norms` WHERE ( pro_id="1" )  [ RunTime:0.0002s ]
SQL: SELECT op.ord_number,o.status FROM ssyp_product p INNER JOIN ssyp_norms as n on n.pro_id = p.id INNER JOIN ssyp_ordpro as op on n.id=op.norms_id INNER JOIN ssyp_orders as o on op.ord_id=o.id  WHERE o.pub_time BETWEEN '0 ' AND ' 9999999999'  [ RunTime:0.0003s ]
SQL: SELECT SUM(pro_number) AS tp_sum FROM `ssyp_product` LIMIT 1   [ RunTime:0.0002s ]
INFO: [ view_parse ] --START--
INFO: [ template_filter ] --START--
INFO: Run Behavior\ContentReplaceBehavior [ RunTime:0.000186s ]
INFO: [ template_filter ] --END-- [ RunTime:0.000216s ]
NOTIC: [8] Undefined index: headimgurl D:\PHPstudy\WWW\ssyp\Apps\Runtime\Cache\Admin\ff5284c55541268002e4c7802b5ab64b.php 第 77 行.
NOTIC: [8] Undefined variable: start D:\PHPstudy\WWW\ssyp\Apps\Runtime\Cache\Admin\ff5284c55541268002e4c7802b5ab64b.php 第 141 行.
NOTIC: [8] Undefined variable: end D:\PHPstudy\WWW\ssyp\Apps\Runtime\Cache\Admin\ff5284c55541268002e4c7802b5ab64b.php 第 142 行.
NOTIC: [8] Undefined variable: name D:\PHPstudy\WWW\ssyp\Apps\Runtime\Cache\Admin\ff5284c55541268002e4c7802b5ab64b.php 第 150 行.
NOTIC: [8] Undefined index: start D:\PHPstudy\WWW\ssyp\Apps\Runtime\Cache\Admin\ff5284c55541268002e4c7802b5ab64b.php 第 157 行.
NOTIC: [8] Undefined index: end D:\PHPstudy\WWW\ssyp\Apps\Runtime\Cache\Admin\ff5284c55541268002e4c7802b5ab64b.php 第 158 行.
INFO: Run Behavior\ParseTemplateBehavior [ RunTime:0.010764s ]
INFO: [ view_parse ] --END-- [ RunTime:0.010817s ]
INFO: [ view_filter ] --START--
INFO: Run Behavior\WriteHtmlCacheBehavior [ RunTime:0.000712s ]
INFO: [ view_filter ] --END-- [ RunTime:0.000782s ]
INFO: [ app_end ] --START--
INFO: Run Behavior\ShowPageTraceBehavior [ RunTime:0.000767s ]
INFO: [ app_end ] --END-- [ RunTime:0.000800s ]

[ 2018-05-09T15:00:45+08:00 ] ::1 /ssyp/index.php/Admin/Product/index
INFO: [ app_init ] --START--
INFO: Run Behavior\BuildLiteBehavior [ RunTime:0.000021s ]
INFO: [ app_init ] --END-- [ RunTime:0.000463s ]
INFO: [ app_begin ] --START--
INFO: Run Behavior\ReadHtmlCacheBehavior [ RunTime:0.000570s ]
INFO: [ app_begin ] --END-- [ RunTime:0.000631s ]
SQL: SHOW COLUMNS FROM `ssyp_admin` [ RunTime:0.0145s ]
SQL: SELECT `role_id`,`realname`,`login_number` FROM `ssyp_admin` WHERE ( id="16" ) LIMIT 1   [ RunTime:0.0003s ]
SQL: SHOW COLUMNS FROM `ssyp_role` [ RunTime:0.0130s ]
SQL: SELECT `power`,`role_name` FROM `ssyp_role` WHERE ( id="-1" ) LIMIT 1   [ RunTime:0.0003s ]
SQL: SHOW COLUMNS FROM `ssyp_power` [ RunTime:0.0123s ]
SQL: SELECT * FROM `ssyp_power` WHERE `fid` > 0  [ RunTime:0.0004s ]
NOTIC: [8] Undefined index: status D:\PHPstudy\WWW\ssyp\Apps\Admin\Controller\BaseController.class.php 第 42 行.
NOTIC: [8] Undefined index: pub_time_start D:\PHPstudy\WWW\ssyp\Apps\Admin\Controller\ProductController.class.php 第 7 行.
NOTIC: [8] Undefined index: pub_time_end D:\PHPstudy\WWW\ssyp\Apps\Admin\Controller\ProductController.class.php 第 8 行.
NOTIC: [8] Undefined index: name D:\PHPstudy\WWW\ssyp\Apps\Admin\Controller\ProductController.class.php 第 15 行.
SQL: SHOW COLUMNS FROM `ssyp_product` [ RunTime:0.0130s ]
SQL: SELECT `role_id`,`cat_shop` FROM `ssyp_admin` WHERE ( id=16 ) LIMIT 1   [ RunTime:0.0003s ]
SQL: SELECT COUNT(p.id) AS tp_count FROM ssyp_product p left JOIN ssyp_category as cs on cs.id = status  LIMIT 1   [ RunTime:0.0007s ]
SQL: SELECT p.*,cs.c_name as status_str FROM ssyp_product p left JOIN ssyp_category as cs on cs.id = status  ORDER BY p.id desc LIMIT 0,20   [ RunTime:0.0004s ]
SQL: SHOW COLUMNS FROM `ssyp_norms` [ RunTime:0.0130s ]
SQL: SHOW COLUMNS FROM `ssyp_category` [ RunTime:0.0123s ]
SQL: SELECT * FROM `ssyp_category` WHERE ( id in (9) )  [ RunTime:0.0003s ]
SQL: SELECT op.ord_number,o.status FROM ssyp_product p INNER JOIN ssyp_norms as n on n.pro_id = p.id INNER JOIN ssyp_ordpro as op on n.id=op.norms_id INNER JOIN ssyp_orders as o on op.ord_id=o.id  WHERE o.pub_time BETWEEN '0 ' AND ' 9999999999' AND p.id = '2'  [ RunTime:0.0008s ]
SQL: SELECT * FROM `ssyp_norms` WHERE ( pro_id="2" )  [ RunTime:0.0002s ]
SQL: SELECT * FROM `ssyp_category` WHERE ( id in (9) )  [ RunTime:0.0002s ]
SQL: SELECT op.ord_number,o.status FROM ssyp_product p INNER JOIN ssyp_norms as n on n.pro_id = p.id INNER JOIN ssyp_ordpro as op on n.id=op.norms_id INNER JOIN ssyp_orders as o on op.ord_id=o.id  WHERE o.pub_time BETWEEN '0 ' AND ' 9999999999' AND p.id = '1'  [ RunTime:0.0003s ]
SQL: SELECT * FROM `ssyp_norms` WHERE ( pro_id="1" )  [ RunTime:0.0003s ]
SQL: SELECT op.ord_number,o.status FROM ssyp_product p INNER JOIN ssyp_norms as n on n.pro_id = p.id INNER JOIN ssyp_ordpro as op on n.id=op.norms_id INNER JOIN ssyp_orders as o on op.ord_id=o.id  WHERE o.pub_time BETWEEN '0 ' AND ' 9999999999'  [ RunTime:0.0002s ]
SQL: SELECT SUM(pro_number) AS tp_sum FROM `ssyp_product` LIMIT 1   [ RunTime:0.0002s ]
INFO: [ view_parse ] --START--
INFO: [ template_filter ] --START--
INFO: Run Behavior\ContentReplaceBehavior [ RunTime:0.000238s ]
INFO: [ template_filter ] --END-- [ RunTime:0.000279s ]
NOTIC: [8] Undefined index: headimgurl D:\PHPstudy\WWW\ssyp\Apps\Runtime\Cache\Admin\ff5284c55541268002e4c7802b5ab64b.php 第 77 行.
NOTIC: [8] Undefined variable: start D:\PHPstudy\WWW\ssyp\Apps\Runtime\Cache\Admin\ff5284c55541268002e4c7802b5ab64b.php 第 141 行.
NOTIC: [8] Undefined variable: end D:\PHPstudy\WWW\ssyp\Apps\Runtime\Cache\Admin\ff5284c55541268002e4c7802b5ab64b.php 第 142 行.
NOTIC: [8] Undefined variable: name D:\PHPstudy\WWW\ssyp\Apps\Runtime\Cache\Admin\ff5284c55541268002e4c7802b5ab64b.php 第 150 行.
NOTIC: [8] Undefined index: start D:\PHPstudy\WWW\ssyp\Apps\Runtime\Cache\Admin\ff5284c55541268002e4c7802b5ab64b.php 第 157 行.
NOTIC: [8] Undefined index: end D:\PHPstudy\WWW\ssyp\Apps\Runtime\Cache\Admin\ff5284c55541268002e4c7802b5ab64b.php 第 158 行.
INFO: Run Behavior\ParseTemplateBehavior [ RunTime:0.012859s ]
INFO: [ view_parse ] --END-- [ RunTime:0.012894s ]
INFO: [ view_filter ] --START--
INFO: Run Behavior\WriteHtmlCacheBehavior [ RunTime:0.000455s ]
INFO: [ view_filter ] --END-- [ RunTime:0.000482s ]
INFO: [ app_end ] --START--
INFO: Run Behavior\ShowPageTraceBehavior [ RunTime:0.000612s ]
INFO: [ app_end ] --END-- [ RunTime:0.000642s ]

