[ 2018-05-29T14:54:15+08:00 ] ::1 /ssyp/
INFO: [ app_init ] --START--
INFO: Run Behavior\BuildLiteBehavior [ RunTime:0.000024s ]
INFO: [ app_init ] --END-- [ RunTime:0.000775s ]
INFO: [ app_begin ] --START--
INFO: Run Behavior\ReadHtmlCacheBehavior [ RunTime:0.000939s ]
INFO: [ app_begin ] --END-- [ RunTime:0.000986s ]
SQL: SHOW COLUMNS FROM `ssyp_admin` [ RunTime:0.0145s ]
SQL: SELECT `role_id`,`realname`,`login_number` FROM `ssyp_admin` WHERE ( id="1" ) LIMIT 1   [ RunTime:0.0004s ]
SQL: SHOW COLUMNS FROM `ssyp_role` [ RunTime:0.0142s ]
SQL: SELECT `power`,`role_name` FROM `ssyp_role` WHERE ( id="-1" ) LIMIT 1   [ RunTime:0.0003s ]
SQL: SHOW COLUMNS FROM `ssyp_power` [ RunTime:0.0137s ]
SQL: SELECT * FROM `ssyp_power` WHERE `fid` > 0  [ RunTime:0.0004s ]
NOTIC: [8] Undefined index: status D:\PHPstudy\WWW\ssyp\Apps\Admin\Controller\BaseController.class.php 第 42 行.
INFO: [ view_parse ] --START--
INFO: [ template_filter ] --START--
INFO: Run Behavior\ContentReplaceBehavior [ RunTime:0.000152s ]
INFO: [ template_filter ] --END-- [ RunTime:0.000191s ]
NOTIC: [8] Undefined index: headimgurl D:\PHPstudy\WWW\ssyp\Apps\Runtime\Cache\Admin\859e94050170c96367cb52465a51a945.php 第 70 行.
INFO: Run Behavior\ParseTemplateBehavior [ RunTime:0.013438s ]
INFO: [ view_parse ] --END-- [ RunTime:0.013485s ]
INFO: [ view_filter ] --START--
INFO: Run Behavior\WriteHtmlCacheBehavior [ RunTime:0.000742s ]
INFO: [ view_filter ] --END-- [ RunTime:0.000770s ]
INFO: [ app_end ] --START--
INFO: Run Behavior\ShowPageTraceBehavior [ RunTime:0.000906s ]
INFO: [ app_end ] --END-- [ RunTime:0.000935s ]

[ 2018-05-29T14:54:20+08:00 ] ::1 /ssyp/index.php/Admin/Product/index
INFO: [ app_init ] --START--
INFO: Run Behavior\BuildLiteBehavior [ RunTime:0.000008s ]
INFO: [ app_init ] --END-- [ RunTime:0.000377s ]
INFO: [ app_begin ] --START--
INFO: Run Behavior\ReadHtmlCacheBehavior [ RunTime:0.000637s ]
INFO: [ app_begin ] --END-- [ RunTime:0.000684s ]
SQL: SHOW COLUMNS FROM `ssyp_admin` [ RunTime:0.0155s ]
SQL: SELECT `role_id`,`realname`,`login_number` FROM `ssyp_admin` WHERE ( id="1" ) LIMIT 1   [ RunTime:0.0008s ]
SQL: SHOW COLUMNS FROM `ssyp_role` [ RunTime:0.0132s ]
SQL: SELECT `power`,`role_name` FROM `ssyp_role` WHERE ( id="-1" ) LIMIT 1   [ RunTime:0.0004s ]
SQL: SHOW COLUMNS FROM `ssyp_power` [ RunTime:0.0141s ]
SQL: SELECT * FROM `ssyp_power` WHERE `fid` > 0  [ RunTime:0.0005s ]
NOTIC: [8] Undefined index: status D:\PHPstudy\WWW\ssyp\Apps\Admin\Controller\BaseController.class.php 第 42 行.
NOTIC: [8] Undefined index: pub_time_start D:\PHPstudy\WWW\ssyp\Apps\Admin\Controller\ProductController.class.php 第 7 行.
NOTIC: [8] Undefined index: pub_time_end D:\PHPstudy\WWW\ssyp\Apps\Admin\Controller\ProductController.class.php 第 8 行.
NOTIC: [8] Undefined index: name D:\PHPstudy\WWW\ssyp\Apps\Admin\Controller\ProductController.class.php 第 15 行.
SQL: SHOW COLUMNS FROM `ssyp_product` [ RunTime:0.0129s ]
SQL: SELECT `role_id`,`cat_shop` FROM `ssyp_admin` WHERE ( id=1 ) LIMIT 1   [ RunTime:0.0004s ]
SQL: SELECT COUNT(p.id) AS tp_count FROM ssyp_product p left JOIN ssyp_category as cs on cs.id = status  LIMIT 1   [ RunTime:0.0006s ]
SQL: SELECT p.*,cs.c_name as status_str FROM ssyp_product p left JOIN ssyp_category as cs on cs.id = status  ORDER BY p.id desc LIMIT 0,20   [ RunTime:0.0005s ]
SQL: SHOW COLUMNS FROM `ssyp_norms` [ RunTime:0.0132s ]
SQL: SELECT op.ord_number,o.status FROM ssyp_product p INNER JOIN ssyp_norms as n on n.pro_id = p.id INNER JOIN ssyp_ordpro as op on n.id=op.norms_id INNER JOIN ssyp_orders as o on op.ord_id=o.id  WHERE o.pub_time BETWEEN '0 ' AND ' 9999999999'  [ RunTime:0.0009s ]
SQL: SELECT SUM(pro_number) AS tp_sum FROM `ssyp_product` LIMIT 1   [ RunTime:0.0002s ]
INFO: [ view_parse ] --START--
INFO: [ template_filter ] --START--
INFO: Run Behavior\ContentReplaceBehavior [ RunTime:0.000187s ]
INFO: [ template_filter ] --END-- [ RunTime:0.000224s ]
NOTIC: [8] Undefined index: headimgurl D:\PHPstudy\WWW\ssyp\Apps\Runtime\Cache\Admin\ff5284c55541268002e4c7802b5ab64b.php 第 77 行.
NOTIC: [8] Undefined variable: start D:\PHPstudy\WWW\ssyp\Apps\Runtime\Cache\Admin\ff5284c55541268002e4c7802b5ab64b.php 第 141 行.
NOTIC: [8] Undefined variable: end D:\PHPstudy\WWW\ssyp\Apps\Runtime\Cache\Admin\ff5284c55541268002e4c7802b5ab64b.php 第 142 行.
NOTIC: [8] Undefined variable: name D:\PHPstudy\WWW\ssyp\Apps\Runtime\Cache\Admin\ff5284c55541268002e4c7802b5ab64b.php 第 150 行.
NOTIC: [8] Undefined index: start D:\PHPstudy\WWW\ssyp\Apps\Runtime\Cache\Admin\ff5284c55541268002e4c7802b5ab64b.php 第 157 行.
NOTIC: [8] Undefined index: end D:\PHPstudy\WWW\ssyp\Apps\Runtime\Cache\Admin\ff5284c55541268002e4c7802b5ab64b.php 第 158 行.
INFO: Run Behavior\ParseTemplateBehavior [ RunTime:0.011082s ]
INFO: [ view_parse ] --END-- [ RunTime:0.011125s ]
INFO: [ view_filter ] --START--
INFO: Run Behavior\WriteHtmlCacheBehavior [ RunTime:0.000366s ]
INFO: [ view_filter ] --END-- [ RunTime:0.000391s ]
INFO: [ app_end ] --START--
INFO: Run Behavior\ShowPageTraceBehavior [ RunTime:0.000557s ]
INFO: [ app_end ] --END-- [ RunTime:0.000587s ]

[ 2018-05-29T17:20:28+08:00 ] ::1 /ssyp/index.php/admin/index/index
INFO: [ app_init ] --START--
INFO: Run Behavior\BuildLiteBehavior [ RunTime:0.000011s ]
INFO: [ app_init ] --END-- [ RunTime:0.000463s ]
INFO: [ app_begin ] --START--
INFO: Run Behavior\ReadHtmlCacheBehavior [ RunTime:0.000576s ]
INFO: [ app_begin ] --END-- [ RunTime:0.000612s ]
SQL: SHOW COLUMNS FROM `ssyp_admin` [ RunTime:0.0110s ]
SQL: SELECT `role_id`,`realname`,`login_number` FROM `ssyp_admin` WHERE ( id="1" ) LIMIT 1   [ RunTime:0.0004s ]
SQL: SHOW COLUMNS FROM `ssyp_role` [ RunTime:0.0100s ]
SQL: SELECT `power`,`role_name` FROM `ssyp_role` WHERE ( id="-1" ) LIMIT 1   [ RunTime:0.0003s ]
SQL: SHOW COLUMNS FROM `ssyp_power` [ RunTime:0.0102s ]
SQL: SELECT * FROM `ssyp_power` WHERE `fid` > 0  [ RunTime:0.0004s ]
NOTIC: [8] Undefined index: status D:\PHPstudy\WWW\ssyp\Apps\Admin\Controller\BaseController.class.php 第 42 行.
INFO: [ view_parse ] --START--
INFO: [ template_filter ] --START--
INFO: Run Behavior\ContentReplaceBehavior [ RunTime:0.000133s ]
INFO: [ template_filter ] --END-- [ RunTime:0.000161s ]
NOTIC: [8] Undefined index: headimgurl D:\PHPstudy\WWW\ssyp\Apps\Runtime\Cache\Admin\859e94050170c96367cb52465a51a945.php 第 70 行.
INFO: Run Behavior\ParseTemplateBehavior [ RunTime:0.008060s ]
INFO: [ view_parse ] --END-- [ RunTime:0.008091s ]
INFO: [ view_filter ] --START--
INFO: Run Behavior\WriteHtmlCacheBehavior [ RunTime:0.000409s ]
INFO: [ view_filter ] --END-- [ RunTime:0.000435s ]
INFO: [ app_end ] --START--
INFO: Run Behavior\ShowPageTraceBehavior [ RunTime:0.000581s ]
INFO: [ app_end ] --END-- [ RunTime:0.000608s ]

[ 2018-05-29T17:20:36+08:00 ] ::1 /ssyp/index.php/Admin/Product/index
INFO: [ app_init ] --START--
INFO: Run Behavior\BuildLiteBehavior [ RunTime:0.000010s ]
INFO: [ app_init ] --END-- [ RunTime:0.000408s ]
INFO: [ app_begin ] --START--
INFO: Run Behavior\ReadHtmlCacheBehavior [ RunTime:0.000489s ]
INFO: [ app_begin ] --END-- [ RunTime:0.000524s ]
SQL: SHOW COLUMNS FROM `ssyp_admin` [ RunTime:0.0123s ]
SQL: SELECT `role_id`,`realname`,`login_number` FROM `ssyp_admin` WHERE ( id="1" ) LIMIT 1   [ RunTime:0.0004s ]
SQL: SHOW COLUMNS FROM `ssyp_role` [ RunTime:0.0156s ]
SQL: SELECT `power`,`role_name` FROM `ssyp_role` WHERE ( id="-1" ) LIMIT 1   [ RunTime:0.0009s ]
SQL: SHOW COLUMNS FROM `ssyp_power` [ RunTime:0.0129s ]
SQL: SELECT * FROM `ssyp_power` WHERE `fid` > 0  [ RunTime:0.0005s ]
NOTIC: [8] Undefined index: status D:\PHPstudy\WWW\ssyp\Apps\Admin\Controller\BaseController.class.php 第 42 行.
NOTIC: [8] Undefined index: pub_time_start D:\PHPstudy\WWW\ssyp\Apps\Admin\Controller\ProductController.class.php 第 7 行.
NOTIC: [8] Undefined index: pub_time_end D:\PHPstudy\WWW\ssyp\Apps\Admin\Controller\ProductController.class.php 第 8 行.
NOTIC: [8] Undefined index: name D:\PHPstudy\WWW\ssyp\Apps\Admin\Controller\ProductController.class.php 第 15 行.
SQL: SHOW COLUMNS FROM `ssyp_product` [ RunTime:0.0129s ]
SQL: SELECT `role_id`,`cat_shop` FROM `ssyp_admin` WHERE ( id=1 ) LIMIT 1   [ RunTime:0.0007s ]
SQL: SELECT COUNT(p.id) AS tp_count FROM ssyp_product p left JOIN ssyp_category as cs on cs.id = status  LIMIT 1   [ RunTime:0.0007s ]
SQL: SELECT p.*,cs.c_name as status_str FROM ssyp_product p left JOIN ssyp_category as cs on cs.id = status  ORDER BY p.id desc LIMIT 0,20   [ RunTime:0.0005s ]
SQL: SHOW COLUMNS FROM `ssyp_norms` [ RunTime:0.0098s ]
SQL: SELECT op.ord_number,o.status FROM ssyp_product p INNER JOIN ssyp_norms as n on n.pro_id = p.id INNER JOIN ssyp_ordpro as op on n.id=op.norms_id INNER JOIN ssyp_orders as o on op.ord_id=o.id  WHERE o.pub_time BETWEEN '0 ' AND ' 9999999999'  [ RunTime:0.0015s ]
SQL: SELECT SUM(pro_number) AS tp_sum FROM `ssyp_product` LIMIT 1   [ RunTime:0.0004s ]
INFO: [ view_parse ] --START--
INFO: [ template_filter ] --START--
INFO: Run Behavior\ContentReplaceBehavior [ RunTime:0.000179s ]
INFO: [ template_filter ] --END-- [ RunTime:0.000213s ]
NOTIC: [8] Undefined index: headimgurl D:\PHPstudy\WWW\ssyp\Apps\Runtime\Cache\Admin\ff5284c55541268002e4c7802b5ab64b.php 第 77 行.
NOTIC: [8] Undefined variable: start D:\PHPstudy\WWW\ssyp\Apps\Runtime\Cache\Admin\ff5284c55541268002e4c7802b5ab64b.php 第 141 行.
NOTIC: [8] Undefined variable: end D:\PHPstudy\WWW\ssyp\Apps\Runtime\Cache\Admin\ff5284c55541268002e4c7802b5ab64b.php 第 142 行.
NOTIC: [8] Undefined variable: name D:\PHPstudy\WWW\ssyp\Apps\Runtime\Cache\Admin\ff5284c55541268002e4c7802b5ab64b.php 第 150 行.
NOTIC: [8] Undefined index: start D:\PHPstudy\WWW\ssyp\Apps\Runtime\Cache\Admin\ff5284c55541268002e4c7802b5ab64b.php 第 157 行.
NOTIC: [8] Undefined index: end D:\PHPstudy\WWW\ssyp\Apps\Runtime\Cache\Admin\ff5284c55541268002e4c7802b5ab64b.php 第 158 行.
INFO: Run Behavior\ParseTemplateBehavior [ RunTime:0.009479s ]
INFO: [ view_parse ] --END-- [ RunTime:0.009511s ]
INFO: [ view_filter ] --START--
INFO: Run Behavior\WriteHtmlCacheBehavior [ RunTime:0.000376s ]
INFO: [ view_filter ] --END-- [ RunTime:0.000405s ]
INFO: [ app_end ] --START--
INFO: Run Behavior\ShowPageTraceBehavior [ RunTime:0.000555s ]
INFO: [ app_end ] --END-- [ RunTime:0.000584s ]

[ 2018-05-29T17:20:38+08:00 ] ::1 /ssyp/index.php/Admin/Product/add
INFO: [ app_init ] --START--
INFO: Run Behavior\BuildLiteBehavior [ RunTime:0.000009s ]
INFO: [ app_init ] --END-- [ RunTime:0.000416s ]
INFO: [ app_begin ] --START--
INFO: Run Behavior\ReadHtmlCacheBehavior [ RunTime:0.000555s ]
INFO: [ app_begin ] --END-- [ RunTime:0.000588s ]
SQL: SHOW COLUMNS FROM `ssyp_admin` [ RunTime:0.0124s ]
SQL: SELECT `role_id`,`realname`,`login_number` FROM `ssyp_admin` WHERE ( id="1" ) LIMIT 1   [ RunTime:0.0004s ]
SQL: SHOW COLUMNS FROM `ssyp_role` [ RunTime:0.0126s ]
SQL: SELECT `power`,`role_name` FROM `ssyp_role` WHERE ( id="-1" ) LIMIT 1   [ RunTime:0.0008s ]
SQL: SHOW COLUMNS FROM `ssyp_power` [ RunTime:0.0115s ]
SQL: SELECT * FROM `ssyp_power` WHERE `fid` > 0  [ RunTime:0.0005s ]
NOTIC: [8] Undefined index: status D:\PHPstudy\WWW\ssyp\Apps\Admin\Controller\BaseController.class.php 第 42 行.
NOTIC: [8] Undefined index: a D:\PHPstudy\WWW\ssyp\Apps\Admin\Controller\ProductController.class.php 第 111 行.
NOTIC: [8] Undefined index: b D:\PHPstudy\WWW\ssyp\Apps\Admin\Controller\ProductController.class.php 第 112 行.
SQL: SHOW COLUMNS FROM `ssyp_seller` [ RunTime:0.0170s ]
SQL: SELECT `cat_list` FROM `ssyp_seller` WHERE ( id="0" ) LIMIT 1   [ RunTime:0.0003s ]
SQL: SHOW COLUMNS FROM `ssyp_category` [ RunTime:0.0150s ]
SQL: SELECT `id`,`c_name` FROM `ssyp_category` WHERE `fid` = 0 AND `c_status` = 1  [ RunTime:0.0005s ]
SQL: SELECT * FROM `ssyp_category` WHERE `c_status` = 2  [ RunTime:0.0002s ]
INFO: [ view_parse ] --START--
INFO: [ template_filter ] --START--
INFO: Run Behavior\ContentReplaceBehavior [ RunTime:0.000255s ]
INFO: [ template_filter ] --END-- [ RunTime:0.000292s ]
NOTIC: [8] Undefined index: headimgurl D:\PHPstudy\WWW\ssyp\Apps\Runtime\Cache\Admin\1bbd7ffe3d3dbbde704dd2b8084d10cc.php 第 86 行.
NOTIC: [8] Undefined index: id D:\PHPstudy\WWW\ssyp\Apps\Runtime\Cache\Admin\1bbd7ffe3d3dbbde704dd2b8084d10cc.php 第 154 行.
NOTIC: [8] Undefined variable: c_list D:\PHPstudy\WWW\ssyp\Apps\Runtime\Cache\Admin\1bbd7ffe3d3dbbde704dd2b8084d10cc.php 第 164 行.
NOTIC: [8] Undefined index: name D:\PHPstudy\WWW\ssyp\Apps\Runtime\Cache\Admin\1bbd7ffe3d3dbbde704dd2b8084d10cc.php 第 171 行.
NOTIC: [8] Undefined index: symbol D:\PHPstudy\WWW\ssyp\Apps\Runtime\Cache\Admin\1bbd7ffe3d3dbbde704dd2b8084d10cc.php 第 175 行.
NOTIC: [8] Undefined index: supply D:\PHPstudy\WWW\ssyp\Apps\Runtime\Cache\Admin\1bbd7ffe3d3dbbde704dd2b8084d10cc.php 第 179 行.
NOTIC: [8] Undefined index: pro_comment D:\PHPstudy\WWW\ssyp\Apps\Runtime\Cache\Admin\1bbd7ffe3d3dbbde704dd2b8084d10cc.php 第 203 行.
NOTIC: [8] Undefined index: wx_image D:\PHPstudy\WWW\ssyp\Apps\Runtime\Cache\Admin\1bbd7ffe3d3dbbde704dd2b8084d10cc.php 第 208 行.
NOTIC: [8] Undefined index: wx_image D:\PHPstudy\WWW\ssyp\Apps\Runtime\Cache\Admin\1bbd7ffe3d3dbbde704dd2b8084d10cc.php 第 209 行.
NOTIC: [8] Undefined index: id D:\PHPstudy\WWW\ssyp\Apps\Runtime\Cache\Admin\1bbd7ffe3d3dbbde704dd2b8084d10cc.php 第 209 行.
NOTIC: [8] Undefined variable: img_list D:\PHPstudy\WWW\ssyp\Apps\Runtime\Cache\Admin\1bbd7ffe3d3dbbde704dd2b8084d10cc.php 第 217 行.
NOTIC: [8] Undefined index: wx_image D:\PHPstudy\WWW\ssyp\Apps\Runtime\Cache\Admin\1bbd7ffe3d3dbbde704dd2b8084d10cc.php 第 224 行.
NOTIC: [8] Undefined index: wx_image D:\PHPstudy\WWW\ssyp\Apps\Runtime\Cache\Admin\1bbd7ffe3d3dbbde704dd2b8084d10cc.php 第 225 行.
NOTIC: [8] Undefined index: relation D:\PHPstudy\WWW\ssyp\Apps\Runtime\Cache\Admin\1bbd7ffe3d3dbbde704dd2b8084d10cc.php 第 242 行.
NOTIC: [8] Undefined index: pro_detail D:\PHPstudy\WWW\ssyp\Apps\Runtime\Cache\Admin\1bbd7ffe3d3dbbde704dd2b8084d10cc.php 第 248 行.
NOTIC: [8] Undefined index: size_notice D:\PHPstudy\WWW\ssyp\Apps\Runtime\Cache\Admin\1bbd7ffe3d3dbbde704dd2b8084d10cc.php 第 254 行.
NOTIC: [8] Undefined index: wx_describe D:\PHPstudy\WWW\ssyp\Apps\Runtime\Cache\Admin\1bbd7ffe3d3dbbde704dd2b8084d10cc.php 第 269 行.
NOTIC: [8] Undefined index: task_peicai D:\PHPstudy\WWW\ssyp\Apps\Runtime\Cache\Admin\1bbd7ffe3d3dbbde704dd2b8084d10cc.php 第 287 行.
NOTIC: [8] Undefined index: task_peicai D:\PHPstudy\WWW\ssyp\Apps\Runtime\Cache\Admin\1bbd7ffe3d3dbbde704dd2b8084d10cc.php 第 287 行.
NOTIC: [8] Undefined index: task_peicai D:\PHPstudy\WWW\ssyp\Apps\Runtime\Cache\Admin\1bbd7ffe3d3dbbde704dd2b8084d10cc.php 第 287 行.
NOTIC: [8] Undefined index: task_peicai D:\PHPstudy\WWW\ssyp\Apps\Runtime\Cache\Admin\1bbd7ffe3d3dbbde704dd2b8084d10cc.php 第 287 行.
NOTIC: [8] Undefined index: task_peicai D:\PHPstudy\WWW\ssyp\Apps\Runtime\Cache\Admin\1bbd7ffe3d3dbbde704dd2b8084d10cc.php 第 288 行.
NOTIC: [8] Undefined index: task_peicai D:\PHPstudy\WWW\ssyp\Apps\Runtime\Cache\Admin\1bbd7ffe3d3dbbde704dd2b8084d10cc.php 第 288 行.
NOTIC: [8] Undefined index: task_duanlian D:\PHPstudy\WWW\ssyp\Apps\Runtime\Cache\Admin\1bbd7ffe3d3dbbde704dd2b8084d10cc.php 第 296 行.
NOTIC: [8] Undefined index: task_duanlian D:\PHPstudy\WWW\ssyp\Apps\Runtime\Cache\Admin\1bbd7ffe3d3dbbde704dd2b8084d10cc.php 第 296 行.
NOTIC: [8] Undefined index: task_duanlian D:\PHPstudy\WWW\ssyp\Apps\Runtime\Cache\Admin\1bbd7ffe3d3dbbde704dd2b8084d10cc.php 第 296 行.
NOTIC: [8] Undefined index: task_duanlian D:\PHPstudy\WWW\ssyp\Apps\Runtime\Cache\Admin\1bbd7ffe3d3dbbde704dd2b8084d10cc.php 第 296 行.
NOTIC: [8] Undefined index: task_duanlian D:\PHPstudy\WWW\ssyp\Apps\Runtime\Cache\Admin\1bbd7ffe3d3dbbde704dd2b8084d10cc.php 第 297 行.
NOTIC: [8] Undefined index: task_duanlian D:\PHPstudy\WWW\ssyp\Apps\Runtime\Cache\Admin\1bbd7ffe3d3dbbde704dd2b8084d10cc.php 第 297 行.
NOTIC: [8] Undefined index: task_yinyue D:\PHPstudy\WWW\ssyp\Apps\Runtime\Cache\Admin\1bbd7ffe3d3dbbde704dd2b8084d10cc.php 第 304 行.
NOTIC: [8] Undefined index: task_yinyue D:\PHPstudy\WWW\ssyp\Apps\Runtime\Cache\Admin\1bbd7ffe3d3dbbde704dd2b8084d10cc.php 第 304 行.
NOTIC: [8] Undefined index: task_yinyue D:\PHPstudy\WWW\ssyp\Apps\Runtime\Cache\Admin\1bbd7ffe3d3dbbde704dd2b8084d10cc.php 第 304 行.
NOTIC: [8] Undefined index: task_yinyue D:\PHPstudy\WWW\ssyp\Apps\Runtime\Cache\Admin\1bbd7ffe3d3dbbde704dd2b8084d10cc.php 第 304 行.
NOTIC: [8] Undefined index: task_yinyue D:\PHPstudy\WWW\ssyp\Apps\Runtime\Cache\Admin\1bbd7ffe3d3dbbde704dd2b8084d10cc.php 第 305 行.
NOTIC: [8] Undefined index: task_yinyue D:\PHPstudy\WWW\ssyp\Apps\Runtime\Cache\Admin\1bbd7ffe3d3dbbde704dd2b8084d10cc.php 第 305 行.
NOTIC: [8] Undefined index: task_pingcha D:\PHPstudy\WWW\ssyp\Apps\Runtime\Cache\Admin\1bbd7ffe3d3dbbde704dd2b8084d10cc.php 第 312 行.
NOTIC: [8] Undefined index: task_pingcha D:\PHPstudy\WWW\ssyp\Apps\Runtime\Cache\Admin\1bbd7ffe3d3dbbde704dd2b8084d10cc.php 第 312 行.
NOTIC: [8] Undefined index: task_pingcha D:\PHPstudy\WWW\ssyp\Apps\Runtime\Cache\Admin\1bbd7ffe3d3dbbde704dd2b8084d10cc.php 第 312 行.
NOTIC: [8] Undefined index: task_pingcha D:\PHPstudy\WWW\ssyp\Apps\Runtime\Cache\Admin\1bbd7ffe3d3dbbde704dd2b8084d10cc.php 第 312 行.
NOTIC: [8] Undefined index: task_pingcha D:\PHPstudy\WWW\ssyp\Apps\Runtime\Cache\Admin\1bbd7ffe3d3dbbde704dd2b8084d10cc.php 第 313 行.
NOTIC: [8] Undefined index: task_pingcha D:\PHPstudy\WWW\ssyp\Apps\Runtime\Cache\Admin\1bbd7ffe3d3dbbde704dd2b8084d10cc.php 第 313 行.
NOTIC: [8] Undefined index: task_heshui D:\PHPstudy\WWW\ssyp\Apps\Runtime\Cache\Admin\1bbd7ffe3d3dbbde704dd2b8084d10cc.php 第 320 行.
NOTIC: [8] Undefined index: task_heshui D:\PHPstudy\WWW\ssyp\Apps\Runtime\Cache\Admin\1bbd7ffe3d3dbbde704dd2b8084d10cc.php 第 320 行.
NOTIC: [8] Undefined index: task_heshui D:\PHPstudy\WWW\ssyp\Apps\Runtime\Cache\Admin\1bbd7ffe3d3dbbde704dd2b8084d10cc.php 第 320 行.
NOTIC: [8] Undefined index: task_heshui D:\PHPstudy\WWW\ssyp\Apps\Runtime\Cache\Admin\1bbd7ffe3d3dbbde704dd2b8084d10cc.php 第 320 行.
NOTIC: [8] Undefined index: task_heshui D:\PHPstudy\WWW\ssyp\Apps\Runtime\Cache\Admin\1bbd7ffe3d3dbbde704dd2b8084d10cc.php 第 321 行.
NOTIC: [8] Undefined index: task_heshui D:\PHPstudy\WWW\ssyp\Apps\Runtime\Cache\Admin\1bbd7ffe3d3dbbde704dd2b8084d10cc.php 第 321 行.
NOTIC: [8] Undefined index: task_mingxiang D:\PHPstudy\WWW\ssyp\Apps\Runtime\Cache\Admin\1bbd7ffe3d3dbbde704dd2b8084d10cc.php 第 328 行.
NOTIC: [8] Undefined index: task_mingxiang D:\PHPstudy\WWW\ssyp\Apps\Runtime\Cache\Admin\1bbd7ffe3d3dbbde704dd2b8084d10cc.php 第 328 行.
NOTIC: [8] Undefined index: task_mingxiang D:\PHPstudy\WWW\ssyp\Apps\Runtime\Cache\Admin\1bbd7ffe3d3dbbde704dd2b8084d10cc.php 第 328 行.
NOTIC: [8] Undefined index: task_mingxiang D:\PHPstudy\WWW\ssyp\Apps\Runtime\Cache\Admin\1bbd7ffe3d3dbbde704dd2b8084d10cc.php 第 328 行.
NOTIC: [8] Undefined index: task_mingxiang D:\PHPstudy\WWW\ssyp\Apps\Runtime\Cache\Admin\1bbd7ffe3d3dbbde704dd2b8084d10cc.php 第 329 行.
NOTIC: [8] Undefined index: task_mingxiang D:\PHPstudy\WWW\ssyp\Apps\Runtime\Cache\Admin\1bbd7ffe3d3dbbde704dd2b8084d10cc.php 第 329 行.
NOTIC: [8] Undefined index: pro_images D:\PHPstudy\WWW\ssyp\Apps\Runtime\Cache\Admin\1bbd7ffe3d3dbbde704dd2b8084d10cc.php 第 401 行.
INFO: Run Behavior\ParseTemplateBehavior [ RunTime:0.012833s ]
INFO: [ view_parse ] --END-- [ RunTime:0.012866s ]
INFO: [ view_filter ] --START--
INFO: Run Behavior\WriteHtmlCacheBehavior [ RunTime:0.000348s ]
INFO: [ view_filter ] --END-- [ RunTime:0.000373s ]
INFO: [ app_end ] --START--
INFO: Run Behavior\ShowPageTraceBehavior [ RunTime:0.000513s ]
INFO: [ app_end ] --END-- [ RunTime:0.000543s ]

[ 2018-05-29T17:20:43+08:00 ] ::1 /ssyp/index.php/Admin/Product/index
INFO: [ app_init ] --START--
INFO: Run Behavior\BuildLiteBehavior [ RunTime:0.000009s ]
INFO: [ app_init ] --END-- [ RunTime:0.000362s ]
INFO: [ app_begin ] --START--
INFO: Run Behavior\ReadHtmlCacheBehavior [ RunTime:0.000440s ]
INFO: [ app_begin ] --END-- [ RunTime:0.000472s ]
SQL: SHOW COLUMNS FROM `ssyp_admin` [ RunTime:0.0109s ]
SQL: SELECT `role_id`,`realname`,`login_number` FROM `ssyp_admin` WHERE ( id="1" ) LIMIT 1   [ RunTime:0.0004s ]
SQL: SHOW COLUMNS FROM `ssyp_role` [ RunTime:0.0085s ]
SQL: SELECT `power`,`role_name` FROM `ssyp_role` WHERE ( id="-1" ) LIMIT 1   [ RunTime:0.0003s ]
SQL: SHOW COLUMNS FROM `ssyp_power` [ RunTime:0.0088s ]
SQL: SELECT * FROM `ssyp_power` WHERE `fid` > 0  [ RunTime:0.0005s ]
NOTIC: [8] Undefined index: status D:\PHPstudy\WWW\ssyp\Apps\Admin\Controller\BaseController.class.php 第 42 行.
NOTIC: [8] Undefined index: pub_time_start D:\PHPstudy\WWW\ssyp\Apps\Admin\Controller\ProductController.class.php 第 7 行.
NOTIC: [8] Undefined index: pub_time_end D:\PHPstudy\WWW\ssyp\Apps\Admin\Controller\ProductController.class.php 第 8 行.
NOTIC: [8] Undefined index: name D:\PHPstudy\WWW\ssyp\Apps\Admin\Controller\ProductController.class.php 第 15 行.
SQL: SHOW COLUMNS FROM `ssyp_product` [ RunTime:0.0092s ]
SQL: SELECT `role_id`,`cat_shop` FROM `ssyp_admin` WHERE ( id=1 ) LIMIT 1   [ RunTime:0.0003s ]
SQL: SELECT COUNT(p.id) AS tp_count FROM ssyp_product p left JOIN ssyp_category as cs on cs.id = status  LIMIT 1   [ RunTime:0.0003s ]
SQL: SELECT p.*,cs.c_name as status_str FROM ssyp_product p left JOIN ssyp_category as cs on cs.id = status  ORDER BY p.id desc LIMIT 0,20   [ RunTime:0.0005s ]
SQL: SHOW COLUMNS FROM `ssyp_norms` [ RunTime:0.0089s ]
SQL: SELECT op.ord_number,o.status FROM ssyp_product p INNER JOIN ssyp_norms as n on n.pro_id = p.id INNER JOIN ssyp_ordpro as op on n.id=op.norms_id INNER JOIN ssyp_orders as o on op.ord_id=o.id  WHERE o.pub_time BETWEEN '0 ' AND ' 9999999999'  [ RunTime:0.0003s ]
SQL: SELECT SUM(pro_number) AS tp_sum FROM `ssyp_product` LIMIT 1   [ RunTime:0.0002s ]
INFO: [ view_parse ] --START--
INFO: [ template_filter ] --START--
INFO: Run Behavior\ContentReplaceBehavior [ RunTime:0.000188s ]
INFO: [ template_filter ] --END-- [ RunTime:0.000225s ]
NOTIC: [8] Undefined index: headimgurl D:\PHPstudy\WWW\ssyp\Apps\Runtime\Cache\Admin\ff5284c55541268002e4c7802b5ab64b.php 第 77 行.
NOTIC: [8] Undefined variable: start D:\PHPstudy\WWW\ssyp\Apps\Runtime\Cache\Admin\ff5284c55541268002e4c7802b5ab64b.php 第 141 行.
NOTIC: [8] Undefined variable: end D:\PHPstudy\WWW\ssyp\Apps\Runtime\Cache\Admin\ff5284c55541268002e4c7802b5ab64b.php 第 142 行.
NOTIC: [8] Undefined variable: name D:\PHPstudy\WWW\ssyp\Apps\Runtime\Cache\Admin\ff5284c55541268002e4c7802b5ab64b.php 第 150 行.
NOTIC: [8] Undefined index: start D:\PHPstudy\WWW\ssyp\Apps\Runtime\Cache\Admin\ff5284c55541268002e4c7802b5ab64b.php 第 157 行.
NOTIC: [8] Undefined index: end D:\PHPstudy\WWW\ssyp\Apps\Runtime\Cache\Admin\ff5284c55541268002e4c7802b5ab64b.php 第 158 行.
INFO: Run Behavior\ParseTemplateBehavior [ RunTime:0.010001s ]
INFO: [ view_parse ] --END-- [ RunTime:0.010031s ]
INFO: [ view_filter ] --START--
INFO: Run Behavior\WriteHtmlCacheBehavior [ RunTime:0.000370s ]
INFO: [ view_filter ] --END-- [ RunTime:0.000402s ]
INFO: [ app_end ] --START--
INFO: Run Behavior\ShowPageTraceBehavior [ RunTime:0.000556s ]
INFO: [ app_end ] --END-- [ RunTime:0.000589s ]

[ 2018-05-29T17:20:49+08:00 ] ::1 /ssyp/index.php/Admin/Product/add
INFO: [ app_init ] --START--
INFO: Run Behavior\BuildLiteBehavior [ RunTime:0.000010s ]
INFO: [ app_init ] --END-- [ RunTime:0.000553s ]
INFO: [ app_begin ] --START--
INFO: Run Behavior\ReadHtmlCacheBehavior [ RunTime:0.000877s ]
INFO: [ app_begin ] --END-- [ RunTime:0.000947s ]
SQL: SHOW COLUMNS FROM `ssyp_admin` [ RunTime:0.0113s ]
SQL: SELECT `role_id`,`realname`,`login_number` FROM `ssyp_admin` WHERE ( id="1" ) LIMIT 1   [ RunTime:0.0004s ]
SQL: SHOW COLUMNS FROM `ssyp_role` [ RunTime:0.0092s ]
SQL: SELECT `power`,`role_name` FROM `ssyp_role` WHERE ( id="-1" ) LIMIT 1   [ RunTime:0.0003s ]
SQL: SHOW COLUMNS FROM `ssyp_power` [ RunTime:0.0093s ]
SQL: SELECT * FROM `ssyp_power` WHERE `fid` > 0  [ RunTime:0.0004s ]
NOTIC: [8] Undefined index: status D:\PHPstudy\WWW\ssyp\Apps\Admin\Controller\BaseController.class.php 第 42 行.
NOTIC: [8] Undefined index: a D:\PHPstudy\WWW\ssyp\Apps\Admin\Controller\ProductController.class.php 第 111 行.
NOTIC: [8] Undefined index: b D:\PHPstudy\WWW\ssyp\Apps\Admin\Controller\ProductController.class.php 第 112 行.
SQL: SHOW COLUMNS FROM `ssyp_seller` [ RunTime:0.0089s ]
SQL: SELECT `cat_list` FROM `ssyp_seller` WHERE ( id="0" ) LIMIT 1   [ RunTime:0.0003s ]
SQL: SHOW COLUMNS FROM `ssyp_category` [ RunTime:0.0108s ]
SQL: SELECT `id`,`c_name` FROM `ssyp_category` WHERE `fid` = 0 AND `c_status` = 1  [ RunTime:0.0003s ]
SQL: SELECT * FROM `ssyp_category` WHERE `c_status` = 2  [ RunTime:0.0002s ]
INFO: [ view_parse ] --START--
INFO: [ template_filter ] --START--
INFO: Run Behavior\ContentReplaceBehavior [ RunTime:0.000253s ]
INFO: [ template_filter ] --END-- [ RunTime:0.000285s ]
NOTIC: [8] Undefined index: headimgurl D:\PHPstudy\WWW\ssyp\Apps\Runtime\Cache\Admin\1bbd7ffe3d3dbbde704dd2b8084d10cc.php 第 86 行.
NOTIC: [8] Undefined index: id D:\PHPstudy\WWW\ssyp\Apps\Runtime\Cache\Admin\1bbd7ffe3d3dbbde704dd2b8084d10cc.php 第 154 行.
NOTIC: [8] Undefined variable: c_list D:\PHPstudy\WWW\ssyp\Apps\Runtime\Cache\Admin\1bbd7ffe3d3dbbde704dd2b8084d10cc.php 第 164 行.
NOTIC: [8] Undefined index: name D:\PHPstudy\WWW\ssyp\Apps\Runtime\Cache\Admin\1bbd7ffe3d3dbbde704dd2b8084d10cc.php 第 171 行.
NOTIC: [8] Undefined index: symbol D:\PHPstudy\WWW\ssyp\Apps\Runtime\Cache\Admin\1bbd7ffe3d3dbbde704dd2b8084d10cc.php 第 175 行.
NOTIC: [8] Undefined index: supply D:\PHPstudy\WWW\ssyp\Apps\Runtime\Cache\Admin\1bbd7ffe3d3dbbde704dd2b8084d10cc.php 第 179 行.
NOTIC: [8] Undefined index: pro_comment D:\PHPstudy\WWW\ssyp\Apps\Runtime\Cache\Admin\1bbd7ffe3d3dbbde704dd2b8084d10cc.php 第 203 行.
NOTIC: [8] Undefined index: wx_image D:\PHPstudy\WWW\ssyp\Apps\Runtime\Cache\Admin\1bbd7ffe3d3dbbde704dd2b8084d10cc.php 第 208 行.
NOTIC: [8] Undefined index: wx_image D:\PHPstudy\WWW\ssyp\Apps\Runtime\Cache\Admin\1bbd7ffe3d3dbbde704dd2b8084d10cc.php 第 209 行.
NOTIC: [8] Undefined index: id D:\PHPstudy\WWW\ssyp\Apps\Runtime\Cache\Admin\1bbd7ffe3d3dbbde704dd2b8084d10cc.php 第 209 行.
NOTIC: [8] Undefined variable: img_list D:\PHPstudy\WWW\ssyp\Apps\Runtime\Cache\Admin\1bbd7ffe3d3dbbde704dd2b8084d10cc.php 第 217 行.
NOTIC: [8] Undefined index: wx_image D:\PHPstudy\WWW\ssyp\Apps\Runtime\Cache\Admin\1bbd7ffe3d3dbbde704dd2b8084d10cc.php 第 224 行.
NOTIC: [8] Undefined index: wx_image D:\PHPstudy\WWW\ssyp\Apps\Runtime\Cache\Admin\1bbd7ffe3d3dbbde704dd2b8084d10cc.php 第 225 行.
NOTIC: [8] Undefined index: relation D:\PHPstudy\WWW\ssyp\Apps\Runtime\Cache\Admin\1bbd7ffe3d3dbbde704dd2b8084d10cc.php 第 242 行.
NOTIC: [8] Undefined index: pro_detail D:\PHPstudy\WWW\ssyp\Apps\Runtime\Cache\Admin\1bbd7ffe3d3dbbde704dd2b8084d10cc.php 第 248 行.
NOTIC: [8] Undefined index: size_notice D:\PHPstudy\WWW\ssyp\Apps\Runtime\Cache\Admin\1bbd7ffe3d3dbbde704dd2b8084d10cc.php 第 254 行.
NOTIC: [8] Undefined index: wx_describe D:\PHPstudy\WWW\ssyp\Apps\Runtime\Cache\Admin\1bbd7ffe3d3dbbde704dd2b8084d10cc.php 第 269 行.
NOTIC: [8] Undefined index: task_peicai D:\PHPstudy\WWW\ssyp\Apps\Runtime\Cache\Admin\1bbd7ffe3d3dbbde704dd2b8084d10cc.php 第 287 行.
NOTIC: [8] Undefined index: task_peicai D:\PHPstudy\WWW\ssyp\Apps\Runtime\Cache\Admin\1bbd7ffe3d3dbbde704dd2b8084d10cc.php 第 287 行.
NOTIC: [8] Undefined index: task_peicai D:\PHPstudy\WWW\ssyp\Apps\Runtime\Cache\Admin\1bbd7ffe3d3dbbde704dd2b8084d10cc.php 第 287 行.
NOTIC: [8] Undefined index: task_peicai D:\PHPstudy\WWW\ssyp\Apps\Runtime\Cache\Admin\1bbd7ffe3d3dbbde704dd2b8084d10cc.php 第 287 行.
NOTIC: [8] Undefined index: task_peicai D:\PHPstudy\WWW\ssyp\Apps\Runtime\Cache\Admin\1bbd7ffe3d3dbbde704dd2b8084d10cc.php 第 288 行.
NOTIC: [8] Undefined index: task_peicai D:\PHPstudy\WWW\ssyp\Apps\Runtime\Cache\Admin\1bbd7ffe3d3dbbde704dd2b8084d10cc.php 第 288 行.
NOTIC: [8] Undefined index: task_duanlian D:\PHPstudy\WWW\ssyp\Apps\Runtime\Cache\Admin\1bbd7ffe3d3dbbde704dd2b8084d10cc.php 第 296 行.
NOTIC: [8] Undefined index: task_duanlian D:\PHPstudy\WWW\ssyp\Apps\Runtime\Cache\Admin\1bbd7ffe3d3dbbde704dd2b8084d10cc.php 第 296 行.
NOTIC: [8] Undefined index: task_duanlian D:\PHPstudy\WWW\ssyp\Apps\Runtime\Cache\Admin\1bbd7ffe3d3dbbde704dd2b8084d10cc.php 第 296 行.
NOTIC: [8] Undefined index: task_duanlian D:\PHPstudy\WWW\ssyp\Apps\Runtime\Cache\Admin\1bbd7ffe3d3dbbde704dd2b8084d10cc.php 第 296 行.
NOTIC: [8] Undefined index: task_duanlian D:\PHPstudy\WWW\ssyp\Apps\Runtime\Cache\Admin\1bbd7ffe3d3dbbde704dd2b8084d10cc.php 第 297 行.
NOTIC: [8] Undefined index: task_duanlian D:\PHPstudy\WWW\ssyp\Apps\Runtime\Cache\Admin\1bbd7ffe3d3dbbde704dd2b8084d10cc.php 第 297 行.
NOTIC: [8] Undefined index: task_yinyue D:\PHPstudy\WWW\ssyp\Apps\Runtime\Cache\Admin\1bbd7ffe3d3dbbde704dd2b8084d10cc.php 第 304 行.
NOTIC: [8] Undefined index: task_yinyue D:\PHPstudy\WWW\ssyp\Apps\Runtime\Cache\Admin\1bbd7ffe3d3dbbde704dd2b8084d10cc.php 第 304 行.
NOTIC: [8] Undefined index: task_yinyue D:\PHPstudy\WWW\ssyp\Apps\Runtime\Cache\Admin\1bbd7ffe3d3dbbde704dd2b8084d10cc.php 第 304 行.
NOTIC: [8] Undefined index: task_yinyue D:\PHPstudy\WWW\ssyp\Apps\Runtime\Cache\Admin\1bbd7ffe3d3dbbde704dd2b8084d10cc.php 第 304 行.
NOTIC: [8] Undefined index: task_yinyue D:\PHPstudy\WWW\ssyp\Apps\Runtime\Cache\Admin\1bbd7ffe3d3dbbde704dd2b8084d10cc.php 第 305 行.
NOTIC: [8] Undefined index: task_yinyue D:\PHPstudy\WWW\ssyp\Apps\Runtime\Cache\Admin\1bbd7ffe3d3dbbde704dd2b8084d10cc.php 第 305 行.
NOTIC: [8] Undefined index: task_pingcha D:\PHPstudy\WWW\ssyp\Apps\Runtime\Cache\Admin\1bbd7ffe3d3dbbde704dd2b8084d10cc.php 第 312 行.
NOTIC: [8] Undefined index: task_pingcha D:\PHPstudy\WWW\ssyp\Apps\Runtime\Cache\Admin\1bbd7ffe3d3dbbde704dd2b8084d10cc.php 第 312 行.
NOTIC: [8] Undefined index: task_pingcha D:\PHPstudy\WWW\ssyp\Apps\Runtime\Cache\Admin\1bbd7ffe3d3dbbde704dd2b8084d10cc.php 第 312 行.
NOTIC: [8] Undefined index: task_pingcha D:\PHPstudy\WWW\ssyp\Apps\Runtime\Cache\Admin\1bbd7ffe3d3dbbde704dd2b8084d10cc.php 第 312 行.
NOTIC: [8] Undefined index: task_pingcha D:\PHPstudy\WWW\ssyp\Apps\Runtime\Cache\Admin\1bbd7ffe3d3dbbde704dd2b8084d10cc.php 第 313 行.
NOTIC: [8] Undefined index: task_pingcha D:\PHPstudy\WWW\ssyp\Apps\Runtime\Cache\Admin\1bbd7ffe3d3dbbde704dd2b8084d10cc.php 第 313 行.
NOTIC: [8] Undefined index: task_heshui D:\PHPstudy\WWW\ssyp\Apps\Runtime\Cache\Admin\1bbd7ffe3d3dbbde704dd2b8084d10cc.php 第 320 行.
NOTIC: [8] Undefined index: task_heshui D:\PHPstudy\WWW\ssyp\Apps\Runtime\Cache\Admin\1bbd7ffe3d3dbbde704dd2b8084d10cc.php 第 320 行.
NOTIC: [8] Undefined index: task_heshui D:\PHPstudy\WWW\ssyp\Apps\Runtime\Cache\Admin\1bbd7ffe3d3dbbde704dd2b8084d10cc.php 第 320 行.
NOTIC: [8] Undefined index: task_heshui D:\PHPstudy\WWW\ssyp\Apps\Runtime\Cache\Admin\1bbd7ffe3d3dbbde704dd2b8084d10cc.php 第 320 行.
NOTIC: [8] Undefined index: task_heshui D:\PHPstudy\WWW\ssyp\Apps\Runtime\Cache\Admin\1bbd7ffe3d3dbbde704dd2b8084d10cc.php 第 321 行.
NOTIC: [8] Undefined index: task_heshui D:\PHPstudy\WWW\ssyp\Apps\Runtime\Cache\Admin\1bbd7ffe3d3dbbde704dd2b8084d10cc.php 第 321 行.
NOTIC: [8] Undefined index: task_mingxiang D:\PHPstudy\WWW\ssyp\Apps\Runtime\Cache\Admin\1bbd7ffe3d3dbbde704dd2b8084d10cc.php 第 328 行.
NOTIC: [8] Undefined index: task_mingxiang D:\PHPstudy\WWW\ssyp\Apps\Runtime\Cache\Admin\1bbd7ffe3d3dbbde704dd2b8084d10cc.php 第 328 行.
NOTIC: [8] Undefined index: task_mingxiang D:\PHPstudy\WWW\ssyp\Apps\Runtime\Cache\Admin\1bbd7ffe3d3dbbde704dd2b8084d10cc.php 第 328 行.
NOTIC: [8] Undefined index: task_mingxiang D:\PHPstudy\WWW\ssyp\Apps\Runtime\Cache\Admin\1bbd7ffe3d3dbbde704dd2b8084d10cc.php 第 328 行.
NOTIC: [8] Undefined index: task_mingxiang D:\PHPstudy\WWW\ssyp\Apps\Runtime\Cache\Admin\1bbd7ffe3d3dbbde704dd2b8084d10cc.php 第 329 行.
NOTIC: [8] Undefined index: task_mingxiang D:\PHPstudy\WWW\ssyp\Apps\Runtime\Cache\Admin\1bbd7ffe3d3dbbde704dd2b8084d10cc.php 第 329 行.
NOTIC: [8] Undefined index: pro_images D:\PHPstudy\WWW\ssyp\Apps\Runtime\Cache\Admin\1bbd7ffe3d3dbbde704dd2b8084d10cc.php 第 401 行.
INFO: Run Behavior\ParseTemplateBehavior [ RunTime:0.011257s ]
INFO: [ view_parse ] --END-- [ RunTime:0.011287s ]
INFO: [ view_filter ] --START--
INFO: Run Behavior\WriteHtmlCacheBehavior [ RunTime:0.000357s ]
INFO: [ view_filter ] --END-- [ RunTime:0.000384s ]
INFO: [ app_end ] --START--
INFO: Run Behavior\ShowPageTraceBehavior [ RunTime:0.000682s ]
INFO: [ app_end ] --END-- [ RunTime:0.000724s ]

[ 2018-05-29T17:20:54+08:00 ] ::1 /ssyp/index.php/Admin/Product/save
INFO: [ app_init ] --START--
INFO: Run Behavior\BuildLiteBehavior [ RunTime:0.000008s ]
INFO: [ app_init ] --END-- [ RunTime:0.000444s ]
INFO: [ app_begin ] --START--
INFO: Run Behavior\ReadHtmlCacheBehavior [ RunTime:0.000502s ]
INFO: [ app_begin ] --END-- [ RunTime:0.000539s ]
SQL: SHOW COLUMNS FROM `ssyp_admin` [ RunTime:0.0099s ]
SQL: SELECT `role_id`,`realname`,`login_number` FROM `ssyp_admin` WHERE ( id="1" ) LIMIT 1   [ RunTime:0.0004s ]
SQL: SHOW COLUMNS FROM `ssyp_role` [ RunTime:0.0091s ]
SQL: SELECT `power`,`role_name` FROM `ssyp_role` WHERE ( id="-1" ) LIMIT 1   [ RunTime:0.0003s ]
SQL: SHOW COLUMNS FROM `ssyp_power` [ RunTime:0.0087s ]
SQL: SELECT * FROM `ssyp_power` WHERE `fid` > 0  [ RunTime:0.0004s ]
NOTIC: [8] Undefined index: status D:\PHPstudy\WWW\ssyp\Apps\Admin\Controller\BaseController.class.php 第 42 行.
NOTIC: [8] Undefined index: pro_detail D:\PHPstudy\WWW\ssyp\Apps\Admin\Controller\ProductController.class.php 第 129 行.
NOTIC: [8] Undefined index: size_notice D:\PHPstudy\WWW\ssyp\Apps\Admin\Controller\ProductController.class.php 第 130 行.
SQL: SHOW COLUMNS FROM `ssyp_product` [ RunTime:0.0094s ]
NOTIC: [8] Undefined index: validate D:\PHPstudy\WWW\ssyp\ThinkPHP\Library\Think\Model.class.php 第 1185 行.

[ 2018-05-29T17:20:58+08:00 ] ::1 /ssyp/index.php/Admin/Category/index
INFO: [ app_init ] --START--
INFO: Run Behavior\BuildLiteBehavior [ RunTime:0.000011s ]
INFO: [ app_init ] --END-- [ RunTime:0.000431s ]
INFO: [ app_begin ] --START--
INFO: Run Behavior\ReadHtmlCacheBehavior [ RunTime:0.000556s ]
INFO: [ app_begin ] --END-- [ RunTime:0.000596s ]
SQL: SHOW COLUMNS FROM `ssyp_admin` [ RunTime:0.0094s ]
SQL: SELECT `role_id`,`realname`,`login_number` FROM `ssyp_admin` WHERE ( id="1" ) LIMIT 1   [ RunTime:0.0004s ]
SQL: SHOW COLUMNS FROM `ssyp_role` [ RunTime:0.0108s ]
SQL: SELECT `power`,`role_name` FROM `ssyp_role` WHERE ( id="-1" ) LIMIT 1   [ RunTime:0.0003s ]
SQL: SHOW COLUMNS FROM `ssyp_power` [ RunTime:0.0116s ]
SQL: SELECT * FROM `ssyp_power` WHERE `fid` > 0  [ RunTime:0.0005s ]
NOTIC: [8] Undefined index: status D:\PHPstudy\WWW\ssyp\Apps\Admin\Controller\BaseController.class.php 第 42 行.
SQL: SHOW COLUMNS FROM `ssyp_category` [ RunTime:0.0089s ]
SQL: SELECT * FROM `ssyp_category` WHERE ( c_status="1" ) ORDER BY c_ordernum desc,id desc  [ RunTime:0.0004s ]
INFO: [ view_parse ] --START--
INFO: [ template_filter ] --START--
INFO: Run Behavior\ContentReplaceBehavior [ RunTime:0.000131s ]
INFO: [ template_filter ] --END-- [ RunTime:0.000166s ]
NOTIC: [8] Undefined index: headimgurl D:\PHPstudy\WWW\ssyp\Apps\Runtime\Cache\Admin\c22e0b5df2599bf083ab4d13ceda2e23.php 第 79 行.
INFO: Run Behavior\ParseTemplateBehavior [ RunTime:0.007957s ]
INFO: [ view_parse ] --END-- [ RunTime:0.007986s ]
INFO: [ view_filter ] --START--
INFO: Run Behavior\WriteHtmlCacheBehavior [ RunTime:0.000426s ]
INFO: [ view_filter ] --END-- [ RunTime:0.000453s ]
INFO: [ app_end ] --START--
INFO: Run Behavior\ShowPageTraceBehavior [ RunTime:0.000587s ]
INFO: [ app_end ] --END-- [ RunTime:0.000621s ]

[ 2018-05-29T17:20:59+08:00 ] ::1 /ssyp/index.php/Admin/Category/add
INFO: [ app_init ] --START--
INFO: Run Behavior\BuildLiteBehavior [ RunTime:0.000021s ]
INFO: [ app_init ] --END-- [ RunTime:0.000633s ]
INFO: [ app_begin ] --START--
INFO: Run Behavior\ReadHtmlCacheBehavior [ RunTime:0.000600s ]
INFO: [ app_begin ] --END-- [ RunTime:0.000643s ]
SQL: SHOW COLUMNS FROM `ssyp_admin` [ RunTime:0.0111s ]
SQL: SELECT `role_id`,`realname`,`login_number` FROM `ssyp_admin` WHERE ( id="1" ) LIMIT 1   [ RunTime:0.0003s ]
SQL: SHOW COLUMNS FROM `ssyp_role` [ RunTime:0.0093s ]
SQL: SELECT `power`,`role_name` FROM `ssyp_role` WHERE ( id="-1" ) LIMIT 1   [ RunTime:0.0003s ]
SQL: SHOW COLUMNS FROM `ssyp_power` [ RunTime:0.0109s ]
SQL: SELECT * FROM `ssyp_power` WHERE `fid` > 0  [ RunTime:0.0005s ]
NOTIC: [8] Undefined index: status D:\PHPstudy\WWW\ssyp\Apps\Admin\Controller\BaseController.class.php 第 42 行.
SQL: SHOW COLUMNS FROM `ssyp_category` [ RunTime:0.0109s ]
SQL: SELECT `id`,`c_name` FROM `ssyp_category` WHERE `fid` = 0 AND `c_status` = 1  [ RunTime:0.0003s ]
INFO: [ view_parse ] --START--
INFO: [ template_filter ] --START--
INFO: Run Behavior\ContentReplaceBehavior [ RunTime:0.000147s ]
INFO: [ template_filter ] --END-- [ RunTime:0.000174s ]
NOTIC: [8] Undefined index: headimgurl D:\PHPstudy\WWW\ssyp\Apps\Runtime\Cache\Admin\d6344eb07a59a6cdef927052d7ddf82a.php 第 78 行.
NOTIC: [8] Undefined index: id D:\PHPstudy\WWW\ssyp\Apps\Runtime\Cache\Admin\d6344eb07a59a6cdef927052d7ddf82a.php 第 153 行.
NOTIC: [8] Undefined index: c_name D:\PHPstudy\WWW\ssyp\Apps\Runtime\Cache\Admin\d6344eb07a59a6cdef927052d7ddf82a.php 第 161 行.
NOTIC: [8] Undefined index: c_icons D:\PHPstudy\WWW\ssyp\Apps\Runtime\Cache\Admin\d6344eb07a59a6cdef927052d7ddf82a.php 第 167 行.
NOTIC: [8] Undefined index: c_icons D:\PHPstudy\WWW\ssyp\Apps\Runtime\Cache\Admin\d6344eb07a59a6cdef927052d7ddf82a.php 第 168 行.
NOTIC: [8] Undefined index: c_icons D:\PHPstudy\WWW\ssyp\Apps\Runtime\Cache\Admin\d6344eb07a59a6cdef927052d7ddf82a.php 第 168 行.
NOTIC: [8] Undefined index: log_images D:\PHPstudy\WWW\ssyp\Apps\Runtime\Cache\Admin\d6344eb07a59a6cdef927052d7ddf82a.php 第 230 行.
INFO: Run Behavior\ParseTemplateBehavior [ RunTime:0.008257s ]
INFO: [ view_parse ] --END-- [ RunTime:0.008286s ]
INFO: [ view_filter ] --START--
INFO: Run Behavior\WriteHtmlCacheBehavior [ RunTime:0.000345s ]
INFO: [ view_filter ] --END-- [ RunTime:0.000369s ]
INFO: [ app_end ] --START--
INFO: Run Behavior\ShowPageTraceBehavior [ RunTime:0.000568s ]
INFO: [ app_end ] --END-- [ RunTime:0.000594s ]

[ 2018-05-29T17:21:03+08:00 ] ::1 /ssyp/index.php/Admin/Category/save
INFO: [ app_init ] --START--
INFO: Run Behavior\BuildLiteBehavior [ RunTime:0.000007s ]
INFO: [ app_init ] --END-- [ RunTime:0.000391s ]
INFO: [ app_begin ] --START--
INFO: Run Behavior\ReadHtmlCacheBehavior [ RunTime:0.000523s ]
INFO: [ app_begin ] --END-- [ RunTime:0.000551s ]
SQL: SHOW COLUMNS FROM `ssyp_admin` [ RunTime:0.0105s ]
SQL: SELECT `role_id`,`realname`,`login_number` FROM `ssyp_admin` WHERE ( id="1" ) LIMIT 1   [ RunTime:0.0004s ]
SQL: SHOW COLUMNS FROM `ssyp_role` [ RunTime:0.0093s ]
SQL: SELECT `power`,`role_name` FROM `ssyp_role` WHERE ( id="-1" ) LIMIT 1   [ RunTime:0.0003s ]
SQL: SHOW COLUMNS FROM `ssyp_power` [ RunTime:0.0087s ]
SQL: SELECT * FROM `ssyp_power` WHERE `fid` > 0  [ RunTime:0.0004s ]
NOTIC: [8] Undefined index: status D:\PHPstudy\WWW\ssyp\Apps\Admin\Controller\BaseController.class.php 第 42 行.
SQL: SHOW COLUMNS FROM `ssyp_category` [ RunTime:0.0090s ]
NOTIC: [8] Undefined index: validate D:\PHPstudy\WWW\ssyp\ThinkPHP\Library\Think\Model.class.php 第 1185 行.
NOTIC: [8] Undefined index: auto D:\PHPstudy\WWW\ssyp\ThinkPHP\Library\Think\Model.class.php 第 1128 行.
SQL: INSERT INTO `ssyp_category` (`c_status`,`id`,`c_name`,`c_icons`,`c_ordernum`,`fid`,`fid_str`) VALUES ('1','0','美食','','50','0','') [ RunTime:0.0036s ]

[ 2018-05-29T17:21:04+08:00 ] ::1 /ssyp/index.php/Admin/Category/index
INFO: [ app_init ] --START--
INFO: Run Behavior\BuildLiteBehavior [ RunTime:0.000014s ]
INFO: [ app_init ] --END-- [ RunTime:0.000705s ]
INFO: [ app_begin ] --START--
INFO: Run Behavior\ReadHtmlCacheBehavior [ RunTime:0.000906s ]
INFO: [ app_begin ] --END-- [ RunTime:0.000966s ]
SQL: SHOW COLUMNS FROM `ssyp_admin` [ RunTime:0.0173s ]
SQL: SELECT `role_id`,`realname`,`login_number` FROM `ssyp_admin` WHERE ( id="1" ) LIMIT 1   [ RunTime:0.0009s ]
SQL: SHOW COLUMNS FROM `ssyp_role` [ RunTime:0.0155s ]
SQL: SELECT `power`,`role_name` FROM `ssyp_role` WHERE ( id="-1" ) LIMIT 1   [ RunTime:0.0010s ]
SQL: SHOW COLUMNS FROM `ssyp_power` [ RunTime:0.0143s ]
SQL: SELECT * FROM `ssyp_power` WHERE `fid` > 0  [ RunTime:0.0005s ]
NOTIC: [8] Undefined index: status D:\PHPstudy\WWW\ssyp\Apps\Admin\Controller\BaseController.class.php 第 42 行.
SQL: SHOW COLUMNS FROM `ssyp_category` [ RunTime:0.0096s ]
SQL: SELECT * FROM `ssyp_category` WHERE ( c_status="1" ) ORDER BY c_ordernum desc,id desc  [ RunTime:0.0003s ]
INFO: [ view_parse ] --START--
INFO: [ template_filter ] --START--
INFO: Run Behavior\ContentReplaceBehavior [ RunTime:0.000126s ]
INFO: [ template_filter ] --END-- [ RunTime:0.000160s ]
NOTIC: [8] Undefined index: headimgurl D:\PHPstudy\WWW\ssyp\Apps\Runtime\Cache\Admin\c22e0b5df2599bf083ab4d13ceda2e23.php 第 79 行.
INFO: Run Behavior\ParseTemplateBehavior [ RunTime:0.008375s ]
INFO: [ view_parse ] --END-- [ RunTime:0.008410s ]
INFO: [ view_filter ] --START--
INFO: Run Behavior\WriteHtmlCacheBehavior [ RunTime:0.000380s ]
INFO: [ view_filter ] --END-- [ RunTime:0.000404s ]
INFO: [ app_end ] --START--
INFO: Run Behavior\ShowPageTraceBehavior [ RunTime:0.000681s ]
INFO: [ app_end ] --END-- [ RunTime:0.000713s ]

[ 2018-05-29T17:21:06+08:00 ] ::1 /ssyp/index.php/Admin/Product/index
INFO: [ app_init ] --START--
INFO: Run Behavior\BuildLiteBehavior [ RunTime:0.000021s ]
INFO: [ app_init ] --END-- [ RunTime:0.000568s ]
INFO: [ app_begin ] --START--
INFO: Run Behavior\ReadHtmlCacheBehavior [ RunTime:0.000467s ]
INFO: [ app_begin ] --END-- [ RunTime:0.000497s ]
SQL: SHOW COLUMNS FROM `ssyp_admin` [ RunTime:0.0106s ]
SQL: SELECT `role_id`,`realname`,`login_number` FROM `ssyp_admin` WHERE ( id="1" ) LIMIT 1   [ RunTime:0.0004s ]
SQL: SHOW COLUMNS FROM `ssyp_role` [ RunTime:0.0105s ]
SQL: SELECT `power`,`role_name` FROM `ssyp_role` WHERE ( id="-1" ) LIMIT 1   [ RunTime:0.0003s ]
SQL: SHOW COLUMNS FROM `ssyp_power` [ RunTime:0.0089s ]
SQL: SELECT * FROM `ssyp_power` WHERE `fid` > 0  [ RunTime:0.0004s ]
NOTIC: [8] Undefined index: status D:\PHPstudy\WWW\ssyp\Apps\Admin\Controller\BaseController.class.php 第 42 行.
NOTIC: [8] Undefined index: pub_time_start D:\PHPstudy\WWW\ssyp\Apps\Admin\Controller\ProductController.class.php 第 7 行.
NOTIC: [8] Undefined index: pub_time_end D:\PHPstudy\WWW\ssyp\Apps\Admin\Controller\ProductController.class.php 第 8 行.
NOTIC: [8] Undefined index: name D:\PHPstudy\WWW\ssyp\Apps\Admin\Controller\ProductController.class.php 第 15 行.
SQL: SHOW COLUMNS FROM `ssyp_product` [ RunTime:0.0098s ]
SQL: SELECT `role_id`,`cat_shop` FROM `ssyp_admin` WHERE ( id=1 ) LIMIT 1   [ RunTime:0.0003s ]
SQL: SELECT COUNT(p.id) AS tp_count FROM ssyp_product p left JOIN ssyp_category as cs on cs.id = status  LIMIT 1   [ RunTime:0.0003s ]
SQL: SELECT p.*,cs.c_name as status_str FROM ssyp_product p left JOIN ssyp_category as cs on cs.id = status  ORDER BY p.id desc LIMIT 0,20   [ RunTime:0.0004s ]
SQL: SHOW COLUMNS FROM `ssyp_norms` [ RunTime:0.0105s ]
SQL: SELECT op.ord_number,o.status FROM ssyp_product p INNER JOIN ssyp_norms as n on n.pro_id = p.id INNER JOIN ssyp_ordpro as op on n.id=op.norms_id INNER JOIN ssyp_orders as o on op.ord_id=o.id  WHERE o.pub_time BETWEEN '0 ' AND ' 9999999999'  [ RunTime:0.0004s ]
SQL: SELECT SUM(pro_number) AS tp_sum FROM `ssyp_product` LIMIT 1   [ RunTime:0.0002s ]
INFO: [ view_parse ] --START--
INFO: [ template_filter ] --START--
INFO: Run Behavior\ContentReplaceBehavior [ RunTime:0.000188s ]
INFO: [ template_filter ] --END-- [ RunTime:0.000215s ]
NOTIC: [8] Undefined index: headimgurl D:\PHPstudy\WWW\ssyp\Apps\Runtime\Cache\Admin\ff5284c55541268002e4c7802b5ab64b.php 第 77 行.
NOTIC: [8] Undefined variable: start D:\PHPstudy\WWW\ssyp\Apps\Runtime\Cache\Admin\ff5284c55541268002e4c7802b5ab64b.php 第 141 行.
NOTIC: [8] Undefined variable: end D:\PHPstudy\WWW\ssyp\Apps\Runtime\Cache\Admin\ff5284c55541268002e4c7802b5ab64b.php 第 142 行.
NOTIC: [8] Undefined variable: name D:\PHPstudy\WWW\ssyp\Apps\Runtime\Cache\Admin\ff5284c55541268002e4c7802b5ab64b.php 第 150 行.
NOTIC: [8] Undefined index: start D:\PHPstudy\WWW\ssyp\Apps\Runtime\Cache\Admin\ff5284c55541268002e4c7802b5ab64b.php 第 157 行.
NOTIC: [8] Undefined index: end D:\PHPstudy\WWW\ssyp\Apps\Runtime\Cache\Admin\ff5284c55541268002e4c7802b5ab64b.php 第 158 行.
INFO: Run Behavior\ParseTemplateBehavior [ RunTime:0.008732s ]
INFO: [ view_parse ] --END-- [ RunTime:0.008762s ]
INFO: [ view_filter ] --START--
INFO: Run Behavior\WriteHtmlCacheBehavior [ RunTime:0.000385s ]
INFO: [ view_filter ] --END-- [ RunTime:0.000408s ]
INFO: [ app_end ] --START--
INFO: Run Behavior\ShowPageTraceBehavior [ RunTime:0.000530s ]
INFO: [ app_end ] --END-- [ RunTime:0.000559s ]

[ 2018-05-29T17:21:07+08:00 ] ::1 /ssyp/index.php/Admin/Product/add
INFO: [ app_init ] --START--
INFO: Run Behavior\BuildLiteBehavior [ RunTime:0.000008s ]
INFO: [ app_init ] --END-- [ RunTime:0.000406s ]
INFO: [ app_begin ] --START--
INFO: Run Behavior\ReadHtmlCacheBehavior [ RunTime:0.000558s ]
INFO: [ app_begin ] --END-- [ RunTime:0.000594s ]
SQL: SHOW COLUMNS FROM `ssyp_admin` [ RunTime:0.0124s ]
SQL: SELECT `role_id`,`realname`,`login_number` FROM `ssyp_admin` WHERE ( id="1" ) LIMIT 1   [ RunTime:0.0004s ]
SQL: SHOW COLUMNS FROM `ssyp_role` [ RunTime:0.0092s ]
SQL: SELECT `power`,`role_name` FROM `ssyp_role` WHERE ( id="-1" ) LIMIT 1   [ RunTime:0.0003s ]
SQL: SHOW COLUMNS FROM `ssyp_power` [ RunTime:0.0096s ]
SQL: SELECT * FROM `ssyp_power` WHERE `fid` > 0  [ RunTime:0.0004s ]
NOTIC: [8] Undefined index: status D:\PHPstudy\WWW\ssyp\Apps\Admin\Controller\BaseController.class.php 第 42 行.
NOTIC: [8] Undefined index: a D:\PHPstudy\WWW\ssyp\Apps\Admin\Controller\ProductController.class.php 第 111 行.
NOTIC: [8] Undefined index: b D:\PHPstudy\WWW\ssyp\Apps\Admin\Controller\ProductController.class.php 第 112 行.
SQL: SHOW COLUMNS FROM `ssyp_seller` [ RunTime:0.0093s ]
SQL: SELECT `cat_list` FROM `ssyp_seller` WHERE ( id="0" ) LIMIT 1   [ RunTime:0.0003s ]
SQL: SHOW COLUMNS FROM `ssyp_category` [ RunTime:0.0092s ]
SQL: SELECT `id`,`c_name` FROM `ssyp_category` WHERE `fid` = 0 AND `c_status` = 1  [ RunTime:0.0003s ]
SQL: SELECT * FROM `ssyp_category` WHERE `c_status` = 2  [ RunTime:0.0003s ]
INFO: [ view_parse ] --START--
INFO: [ template_filter ] --START--
INFO: Run Behavior\ContentReplaceBehavior [ RunTime:0.000255s ]
INFO: [ template_filter ] --END-- [ RunTime:0.000291s ]
NOTIC: [8] Undefined index: headimgurl D:\PHPstudy\WWW\ssyp\Apps\Runtime\Cache\Admin\1bbd7ffe3d3dbbde704dd2b8084d10cc.php 第 86 行.
NOTIC: [8] Undefined index: id D:\PHPstudy\WWW\ssyp\Apps\Runtime\Cache\Admin\1bbd7ffe3d3dbbde704dd2b8084d10cc.php 第 154 行.
NOTIC: [8] Undefined variable: first D:\PHPstudy\WWW\ssyp\Apps\Runtime\Cache\Admin\1bbd7ffe3d3dbbde704dd2b8084d10cc.php 第 162 行.
NOTIC: [8] Undefined variable: c_list D:\PHPstudy\WWW\ssyp\Apps\Runtime\Cache\Admin\1bbd7ffe3d3dbbde704dd2b8084d10cc.php 第 164 行.
NOTIC: [8] Undefined index: name D:\PHPstudy\WWW\ssyp\Apps\Runtime\Cache\Admin\1bbd7ffe3d3dbbde704dd2b8084d10cc.php 第 171 行.
NOTIC: [8] Undefined index: symbol D:\PHPstudy\WWW\ssyp\Apps\Runtime\Cache\Admin\1bbd7ffe3d3dbbde704dd2b8084d10cc.php 第 175 行.
NOTIC: [8] Undefined index: supply D:\PHPstudy\WWW\ssyp\Apps\Runtime\Cache\Admin\1bbd7ffe3d3dbbde704dd2b8084d10cc.php 第 179 行.
NOTIC: [8] Undefined index: pro_comment D:\PHPstudy\WWW\ssyp\Apps\Runtime\Cache\Admin\1bbd7ffe3d3dbbde704dd2b8084d10cc.php 第 203 行.
NOTIC: [8] Undefined index: wx_image D:\PHPstudy\WWW\ssyp\Apps\Runtime\Cache\Admin\1bbd7ffe3d3dbbde704dd2b8084d10cc.php 第 208 行.
NOTIC: [8] Undefined index: wx_image D:\PHPstudy\WWW\ssyp\Apps\Runtime\Cache\Admin\1bbd7ffe3d3dbbde704dd2b8084d10cc.php 第 209 行.
NOTIC: [8] Undefined index: id D:\PHPstudy\WWW\ssyp\Apps\Runtime\Cache\Admin\1bbd7ffe3d3dbbde704dd2b8084d10cc.php 第 209 行.
NOTIC: [8] Undefined variable: img_list D:\PHPstudy\WWW\ssyp\Apps\Runtime\Cache\Admin\1bbd7ffe3d3dbbde704dd2b8084d10cc.php 第 217 行.
NOTIC: [8] Undefined index: wx_image D:\PHPstudy\WWW\ssyp\Apps\Runtime\Cache\Admin\1bbd7ffe3d3dbbde704dd2b8084d10cc.php 第 224 行.
NOTIC: [8] Undefined index: wx_image D:\PHPstudy\WWW\ssyp\Apps\Runtime\Cache\Admin\1bbd7ffe3d3dbbde704dd2b8084d10cc.php 第 225 行.
NOTIC: [8] Undefined index: relation D:\PHPstudy\WWW\ssyp\Apps\Runtime\Cache\Admin\1bbd7ffe3d3dbbde704dd2b8084d10cc.php 第 242 行.
NOTIC: [8] Undefined index: pro_detail D:\PHPstudy\WWW\ssyp\Apps\Runtime\Cache\Admin\1bbd7ffe3d3dbbde704dd2b8084d10cc.php 第 248 行.
NOTIC: [8] Undefined index: size_notice D:\PHPstudy\WWW\ssyp\Apps\Runtime\Cache\Admin\1bbd7ffe3d3dbbde704dd2b8084d10cc.php 第 254 行.
NOTIC: [8] Undefined index: wx_describe D:\PHPstudy\WWW\ssyp\Apps\Runtime\Cache\Admin\1bbd7ffe3d3dbbde704dd2b8084d10cc.php 第 269 行.
NOTIC: [8] Undefined index: task_peicai D:\PHPstudy\WWW\ssyp\Apps\Runtime\Cache\Admin\1bbd7ffe3d3dbbde704dd2b8084d10cc.php 第 287 行.
NOTIC: [8] Undefined index: task_peicai D:\PHPstudy\WWW\ssyp\Apps\Runtime\Cache\Admin\1bbd7ffe3d3dbbde704dd2b8084d10cc.php 第 287 行.
NOTIC: [8] Undefined index: task_peicai D:\PHPstudy\WWW\ssyp\Apps\Runtime\Cache\Admin\1bbd7ffe3d3dbbde704dd2b8084d10cc.php 第 287 行.
NOTIC: [8] Undefined index: task_peicai D:\PHPstudy\WWW\ssyp\Apps\Runtime\Cache\Admin\1bbd7ffe3d3dbbde704dd2b8084d10cc.php 第 287 行.
NOTIC: [8] Undefined index: task_peicai D:\PHPstudy\WWW\ssyp\Apps\Runtime\Cache\Admin\1bbd7ffe3d3dbbde704dd2b8084d10cc.php 第 288 行.
NOTIC: [8] Undefined index: task_peicai D:\PHPstudy\WWW\ssyp\Apps\Runtime\Cache\Admin\1bbd7ffe3d3dbbde704dd2b8084d10cc.php 第 288 行.
NOTIC: [8] Undefined index: task_duanlian D:\PHPstudy\WWW\ssyp\Apps\Runtime\Cache\Admin\1bbd7ffe3d3dbbde704dd2b8084d10cc.php 第 296 行.
NOTIC: [8] Undefined index: task_duanlian D:\PHPstudy\WWW\ssyp\Apps\Runtime\Cache\Admin\1bbd7ffe3d3dbbde704dd2b8084d10cc.php 第 296 行.
NOTIC: [8] Undefined index: task_duanlian D:\PHPstudy\WWW\ssyp\Apps\Runtime\Cache\Admin\1bbd7ffe3d3dbbde704dd2b8084d10cc.php 第 296 行.
NOTIC: [8] Undefined index: task_duanlian D:\PHPstudy\WWW\ssyp\Apps\Runtime\Cache\Admin\1bbd7ffe3d3dbbde704dd2b8084d10cc.php 第 296 行.
NOTIC: [8] Undefined index: task_duanlian D:\PHPstudy\WWW\ssyp\Apps\Runtime\Cache\Admin\1bbd7ffe3d3dbbde704dd2b8084d10cc.php 第 297 行.
NOTIC: [8] Undefined index: task_duanlian D:\PHPstudy\WWW\ssyp\Apps\Runtime\Cache\Admin\1bbd7ffe3d3dbbde704dd2b8084d10cc.php 第 297 行.
NOTIC: [8] Undefined index: task_yinyue D:\PHPstudy\WWW\ssyp\Apps\Runtime\Cache\Admin\1bbd7ffe3d3dbbde704dd2b8084d10cc.php 第 304 行.
NOTIC: [8] Undefined index: task_yinyue D:\PHPstudy\WWW\ssyp\Apps\Runtime\Cache\Admin\1bbd7ffe3d3dbbde704dd2b8084d10cc.php 第 304 行.
NOTIC: [8] Undefined index: task_yinyue D:\PHPstudy\WWW\ssyp\Apps\Runtime\Cache\Admin\1bbd7ffe3d3dbbde704dd2b8084d10cc.php 第 304 行.
NOTIC: [8] Undefined index: task_yinyue D:\PHPstudy\WWW\ssyp\Apps\Runtime\Cache\Admin\1bbd7ffe3d3dbbde704dd2b8084d10cc.php 第 304 行.
NOTIC: [8] Undefined index: task_yinyue D:\PHPstudy\WWW\ssyp\Apps\Runtime\Cache\Admin\1bbd7ffe3d3dbbde704dd2b8084d10cc.php 第 305 行.
NOTIC: [8] Undefined index: task_yinyue D:\PHPstudy\WWW\ssyp\Apps\Runtime\Cache\Admin\1bbd7ffe3d3dbbde704dd2b8084d10cc.php 第 305 行.
NOTIC: [8] Undefined index: task_pingcha D:\PHPstudy\WWW\ssyp\Apps\Runtime\Cache\Admin\1bbd7ffe3d3dbbde704dd2b8084d10cc.php 第 312 行.
NOTIC: [8] Undefined index: task_pingcha D:\PHPstudy\WWW\ssyp\Apps\Runtime\Cache\Admin\1bbd7ffe3d3dbbde704dd2b8084d10cc.php 第 312 行.
NOTIC: [8] Undefined index: task_pingcha D:\PHPstudy\WWW\ssyp\Apps\Runtime\Cache\Admin\1bbd7ffe3d3dbbde704dd2b8084d10cc.php 第 312 行.
NOTIC: [8] Undefined index: task_pingcha D:\PHPstudy\WWW\ssyp\Apps\Runtime\Cache\Admin\1bbd7ffe3d3dbbde704dd2b8084d10cc.php 第 312 行.
NOTIC: [8] Undefined index: task_pingcha D:\PHPstudy\WWW\ssyp\Apps\Runtime\Cache\Admin\1bbd7ffe3d3dbbde704dd2b8084d10cc.php 第 313 行.
NOTIC: [8] Undefined index: task_pingcha D:\PHPstudy\WWW\ssyp\Apps\Runtime\Cache\Admin\1bbd7ffe3d3dbbde704dd2b8084d10cc.php 第 313 行.
NOTIC: [8] Undefined index: task_heshui D:\PHPstudy\WWW\ssyp\Apps\Runtime\Cache\Admin\1bbd7ffe3d3dbbde704dd2b8084d10cc.php 第 320 行.
NOTIC: [8] Undefined index: task_heshui D:\PHPstudy\WWW\ssyp\Apps\Runtime\Cache\Admin\1bbd7ffe3d3dbbde704dd2b8084d10cc.php 第 320 行.
NOTIC: [8] Undefined index: task_heshui D:\PHPstudy\WWW\ssyp\Apps\Runtime\Cache\Admin\1bbd7ffe3d3dbbde704dd2b8084d10cc.php 第 320 行.
NOTIC: [8] Undefined index: task_heshui D:\PHPstudy\WWW\ssyp\Apps\Runtime\Cache\Admin\1bbd7ffe3d3dbbde704dd2b8084d10cc.php 第 320 行.
NOTIC: [8] Undefined index: task_heshui D:\PHPstudy\WWW\ssyp\Apps\Runtime\Cache\Admin\1bbd7ffe3d3dbbde704dd2b8084d10cc.php 第 321 行.
NOTIC: [8] Undefined index: task_heshui D:\PHPstudy\WWW\ssyp\Apps\Runtime\Cache\Admin\1bbd7ffe3d3dbbde704dd2b8084d10cc.php 第 321 行.
NOTIC: [8] Undefined index: task_mingxiang D:\PHPstudy\WWW\ssyp\Apps\Runtime\Cache\Admin\1bbd7ffe3d3dbbde704dd2b8084d10cc.php 第 328 行.
NOTIC: [8] Undefined index: task_mingxiang D:\PHPstudy\WWW\ssyp\Apps\Runtime\Cache\Admin\1bbd7ffe3d3dbbde704dd2b8084d10cc.php 第 328 行.
NOTIC: [8] Undefined index: task_mingxiang D:\PHPstudy\WWW\ssyp\Apps\Runtime\Cache\Admin\1bbd7ffe3d3dbbde704dd2b8084d10cc.php 第 328 行.
NOTIC: [8] Undefined index: task_mingxiang D:\PHPstudy\WWW\ssyp\Apps\Runtime\Cache\Admin\1bbd7ffe3d3dbbde704dd2b8084d10cc.php 第 328 行.
NOTIC: [8] Undefined index: task_mingxiang D:\PHPstudy\WWW\ssyp\Apps\Runtime\Cache\Admin\1bbd7ffe3d3dbbde704dd2b8084d10cc.php 第 329 行.
NOTIC: [8] Undefined index: task_mingxiang D:\PHPstudy\WWW\ssyp\Apps\Runtime\Cache\Admin\1bbd7ffe3d3dbbde704dd2b8084d10cc.php 第 329 行.
NOTIC: [8] Undefined index: pro_images D:\PHPstudy\WWW\ssyp\Apps\Runtime\Cache\Admin\1bbd7ffe3d3dbbde704dd2b8084d10cc.php 第 401 行.
INFO: Run Behavior\ParseTemplateBehavior [ RunTime:0.012210s ]
INFO: [ view_parse ] --END-- [ RunTime:0.012240s ]
INFO: [ view_filter ] --START--
INFO: Run Behavior\WriteHtmlCacheBehavior [ RunTime:0.000379s ]
INFO: [ view_filter ] --END-- [ RunTime:0.000403s ]
INFO: [ app_end ] --START--
INFO: Run Behavior\ShowPageTraceBehavior [ RunTime:0.000672s ]
INFO: [ app_end ] --END-- [ RunTime:0.000703s ]

[ 2018-05-29T17:21:09+08:00 ] ::1 /ssyp/index.php/Admin/Category/getType?fid=1
INFO: [ app_init ] --START--
INFO: Run Behavior\BuildLiteBehavior [ RunTime:0.000010s ]
INFO: [ app_init ] --END-- [ RunTime:0.000390s ]
INFO: [ app_begin ] --START--
INFO: Run Behavior\ReadHtmlCacheBehavior [ RunTime:0.000469s ]
INFO: [ app_begin ] --END-- [ RunTime:0.000502s ]
SQL: SHOW COLUMNS FROM `ssyp_admin` [ RunTime:0.0098s ]
SQL: SELECT `role_id`,`realname`,`login_number` FROM `ssyp_admin` WHERE ( id="1" ) LIMIT 1   [ RunTime:0.0008s ]
SQL: SHOW COLUMNS FROM `ssyp_role` [ RunTime:0.0090s ]
SQL: SELECT `power`,`role_name` FROM `ssyp_role` WHERE ( id="-1" ) LIMIT 1   [ RunTime:0.0003s ]
SQL: SHOW COLUMNS FROM `ssyp_power` [ RunTime:0.0089s ]
SQL: SELECT * FROM `ssyp_power` WHERE `fid` > 0  [ RunTime:0.0004s ]
NOTIC: [8] Undefined index: status D:\PHPstudy\WWW\ssyp\Apps\Admin\Controller\BaseController.class.php 第 42 行.
SQL: SHOW COLUMNS FROM `ssyp_category` [ RunTime:0.0088s ]
SQL: SELECT `id`,`c_name` FROM `ssyp_category` WHERE `fid` = 1 AND `c_status` = 1  [ RunTime:0.0003s ]

[ 2018-05-29T17:21:12+08:00 ] ::1 /ssyp/index.php/Admin/Product/save
INFO: [ app_init ] --START--
INFO: Run Behavior\BuildLiteBehavior [ RunTime:0.000007s ]
INFO: [ app_init ] --END-- [ RunTime:0.000385s ]
INFO: [ app_begin ] --START--
INFO: Run Behavior\ReadHtmlCacheBehavior [ RunTime:0.000529s ]
INFO: [ app_begin ] --END-- [ RunTime:0.000560s ]
SQL: SHOW COLUMNS FROM `ssyp_admin` [ RunTime:0.0099s ]
SQL: SELECT `role_id`,`realname`,`login_number` FROM `ssyp_admin` WHERE ( id="1" ) LIMIT 1   [ RunTime:0.0003s ]
SQL: SHOW COLUMNS FROM `ssyp_role` [ RunTime:0.0089s ]
SQL: SELECT `power`,`role_name` FROM `ssyp_role` WHERE ( id="-1" ) LIMIT 1   [ RunTime:0.0003s ]
SQL: SHOW COLUMNS FROM `ssyp_power` [ RunTime:0.0090s ]
SQL: SELECT * FROM `ssyp_power` WHERE `fid` > 0  [ RunTime:0.0004s ]
NOTIC: [8] Undefined index: status D:\PHPstudy\WWW\ssyp\Apps\Admin\Controller\BaseController.class.php 第 42 行.
NOTIC: [8] Undefined index: pro_detail D:\PHPstudy\WWW\ssyp\Apps\Admin\Controller\ProductController.class.php 第 129 行.
NOTIC: [8] Undefined index: size_notice D:\PHPstudy\WWW\ssyp\Apps\Admin\Controller\ProductController.class.php 第 130 行.
SQL: SHOW COLUMNS FROM `ssyp_product` [ RunTime:0.0096s ]
NOTIC: [8] Undefined index: validate D:\PHPstudy\WWW\ssyp\ThinkPHP\Library\Think\Model.class.php 第 1185 行.

[ 2018-05-29T17:21:16+08:00 ] ::1 /ssyp/index.php/Admin/Product/save
INFO: [ app_init ] --START--
INFO: Run Behavior\BuildLiteBehavior [ RunTime:0.000008s ]
INFO: [ app_init ] --END-- [ RunTime:0.000366s ]
INFO: [ app_begin ] --START--
INFO: Run Behavior\ReadHtmlCacheBehavior [ RunTime:0.000457s ]
INFO: [ app_begin ] --END-- [ RunTime:0.000483s ]
SQL: SHOW COLUMNS FROM `ssyp_admin` [ RunTime:0.0095s ]
SQL: SELECT `role_id`,`realname`,`login_number` FROM `ssyp_admin` WHERE ( id="1" ) LIMIT 1   [ RunTime:0.0004s ]
SQL: SHOW COLUMNS FROM `ssyp_role` [ RunTime:0.0089s ]
SQL: SELECT `power`,`role_name` FROM `ssyp_role` WHERE ( id="-1" ) LIMIT 1   [ RunTime:0.0003s ]
SQL: SHOW COLUMNS FROM `ssyp_power` [ RunTime:0.0085s ]
SQL: SELECT * FROM `ssyp_power` WHERE `fid` > 0  [ RunTime:0.0004s ]
NOTIC: [8] Undefined index: status D:\PHPstudy\WWW\ssyp\Apps\Admin\Controller\BaseController.class.php 第 42 行.
NOTIC: [8] Undefined index: pro_detail D:\PHPstudy\WWW\ssyp\Apps\Admin\Controller\ProductController.class.php 第 129 行.
NOTIC: [8] Undefined index: size_notice D:\PHPstudy\WWW\ssyp\Apps\Admin\Controller\ProductController.class.php 第 130 行.
SQL: SHOW COLUMNS FROM `ssyp_product` [ RunTime:0.0101s ]
NOTIC: [8] Undefined index: validate D:\PHPstudy\WWW\ssyp\ThinkPHP\Library\Think\Model.class.php 第 1185 行.
NOTIC: [8] Undefined index: auto D:\PHPstudy\WWW\ssyp\ThinkPHP\Library\Think\Model.class.php 第 1128 行.
SQL: INSERT INTO `ssyp_product` (`name`,`symbol`,`pro_price`,`discount_price`,`pro_number`,`ordernum`,`wx_image`,`task_peicai`,`task_duanlian`,`task_yinyue`,`task_pingcha`,`task_heshui`,`task_mingxiang`,`pro_detail`,`size_notice`,`p_cat_shop`,`category`,`pub_time`,`pub_user`) VALUES ('xzvcz','zxvczx','0','0','0','50','','{\"s\":\"1\",\"start\":\"\",\"end\":\"\",\"msg\":\"\"}','{\"s\":\"1\",\"start\":\"\",\"end\":\"\",\"msg\":\"\"}','{\"s\":\"1\",\"start\":\"\",\"end\":\"\",\"msg\":\"\"}','{\"s\":\"1\",\"start\":\"\",\"end\":\"\",\"msg\":\"\"}','{\"s\":\"1\",\"start\":\"\",\"end\":\"\",\"msg\":\"\"}','{\"s\":\"1\",\"start\":\"\",\"end\":\"\",\"msg\":\"\"}',NULL,NULL,'0','>1>','1527585676','1') [ RunTime:0.0035s ]
NOTIC: [8] Undefined index: img_name D:\PHPstudy\WWW\ssyp\Apps\Admin\Controller\ProductController.class.php 第 151 行.
NOTIC: [8] Undefined index: img_ordernum D:\PHPstudy\WWW\ssyp\Apps\Admin\Controller\ProductController.class.php 第 151 行.
SQL: SHOW COLUMNS FROM `ssyp_images` [ RunTime:0.0095s ]
NOTIC: [2] Invalid argument supplied for foreach() D:\PHPstudy\WWW\ssyp\Apps\Admin\Controller\ProductController.class.php 第 240 行.

[ 2018-05-29T17:21:17+08:00 ] ::1 /ssyp/index.php/Admin/Product/index.html
INFO: [ app_init ] --START--
INFO: Run Behavior\BuildLiteBehavior [ RunTime:0.000031s ]
INFO: [ app_init ] --END-- [ RunTime:0.000979s ]
INFO: [ app_begin ] --START--
INFO: Run Behavior\ReadHtmlCacheBehavior [ RunTime:0.001080s ]
INFO: [ app_begin ] --END-- [ RunTime:0.001148s ]
SQL: SHOW COLUMNS FROM `ssyp_admin` [ RunTime:0.0156s ]
SQL: SELECT `role_id`,`realname`,`login_number` FROM `ssyp_admin` WHERE ( id="1" ) LIMIT 1   [ RunTime:0.0006s ]
SQL: SHOW COLUMNS FROM `ssyp_role` [ RunTime:0.0116s ]
SQL: SELECT `power`,`role_name` FROM `ssyp_role` WHERE ( id="-1" ) LIMIT 1   [ RunTime:0.0003s ]
SQL: SHOW COLUMNS FROM `ssyp_power` [ RunTime:0.0095s ]
SQL: SELECT * FROM `ssyp_power` WHERE `fid` > 0  [ RunTime:0.0005s ]
NOTIC: [8] Undefined index: status D:\PHPstudy\WWW\ssyp\Apps\Admin\Controller\BaseController.class.php 第 42 行.
NOTIC: [8] Undefined index: pub_time_start D:\PHPstudy\WWW\ssyp\Apps\Admin\Controller\ProductController.class.php 第 7 行.
NOTIC: [8] Undefined index: pub_time_end D:\PHPstudy\WWW\ssyp\Apps\Admin\Controller\ProductController.class.php 第 8 行.
NOTIC: [8] Undefined index: name D:\PHPstudy\WWW\ssyp\Apps\Admin\Controller\ProductController.class.php 第 15 行.
SQL: SHOW COLUMNS FROM `ssyp_product` [ RunTime:0.0106s ]
SQL: SELECT `role_id`,`cat_shop` FROM `ssyp_admin` WHERE ( id=1 ) LIMIT 1   [ RunTime:0.0003s ]
SQL: SELECT COUNT(p.id) AS tp_count FROM ssyp_product p left JOIN ssyp_category as cs on cs.id = status  LIMIT 1   [ RunTime:0.0003s ]
SQL: SELECT p.*,cs.c_name as status_str FROM ssyp_product p left JOIN ssyp_category as cs on cs.id = status  ORDER BY p.id desc LIMIT 0,20   [ RunTime:0.0004s ]
SQL: SHOW COLUMNS FROM `ssyp_norms` [ RunTime:0.0096s ]
SQL: SHOW COLUMNS FROM `ssyp_category` [ RunTime:0.0091s ]
SQL: SELECT * FROM `ssyp_category` WHERE ( id in (1) )  [ RunTime:0.0003s ]
SQL: SELECT op.ord_number,o.status FROM ssyp_product p INNER JOIN ssyp_norms as n on n.pro_id = p.id INNER JOIN ssyp_ordpro as op on n.id=op.norms_id INNER JOIN ssyp_orders as o on op.ord_id=o.id  WHERE o.pub_time BETWEEN '0 ' AND ' 9999999999' AND p.id = '1'  [ RunTime:0.0003s ]
SQL: SELECT * FROM `ssyp_norms` WHERE ( pro_id="1" )  [ RunTime:0.0002s ]
SQL: SELECT op.ord_number,o.status FROM ssyp_product p INNER JOIN ssyp_norms as n on n.pro_id = p.id INNER JOIN ssyp_ordpro as op on n.id=op.norms_id INNER JOIN ssyp_orders as o on op.ord_id=o.id  WHERE o.pub_time BETWEEN '0 ' AND ' 9999999999'  [ RunTime:0.0003s ]
SQL: SELECT SUM(pro_number) AS tp_sum FROM `ssyp_product` LIMIT 1   [ RunTime:0.0003s ]
INFO: [ view_parse ] --START--
INFO: [ template_filter ] --START--
INFO: Run Behavior\ContentReplaceBehavior [ RunTime:0.000185s ]
INFO: [ template_filter ] --END-- [ RunTime:0.000218s ]
NOTIC: [8] Undefined index: headimgurl D:\PHPstudy\WWW\ssyp\Apps\Runtime\Cache\Admin\ff5284c55541268002e4c7802b5ab64b.php 第 77 行.
NOTIC: [8] Undefined variable: start D:\PHPstudy\WWW\ssyp\Apps\Runtime\Cache\Admin\ff5284c55541268002e4c7802b5ab64b.php 第 141 行.
NOTIC: [8] Undefined variable: end D:\PHPstudy\WWW\ssyp\Apps\Runtime\Cache\Admin\ff5284c55541268002e4c7802b5ab64b.php 第 142 行.
NOTIC: [8] Undefined variable: name D:\PHPstudy\WWW\ssyp\Apps\Runtime\Cache\Admin\ff5284c55541268002e4c7802b5ab64b.php 第 150 行.
NOTIC: [8] Undefined index: start D:\PHPstudy\WWW\ssyp\Apps\Runtime\Cache\Admin\ff5284c55541268002e4c7802b5ab64b.php 第 157 行.
NOTIC: [8] Undefined index: end D:\PHPstudy\WWW\ssyp\Apps\Runtime\Cache\Admin\ff5284c55541268002e4c7802b5ab64b.php 第 158 行.
INFO: Run Behavior\ParseTemplateBehavior [ RunTime:0.009051s ]
INFO: [ view_parse ] --END-- [ RunTime:0.009083s ]
INFO: [ view_filter ] --START--
INFO: Run Behavior\WriteHtmlCacheBehavior [ RunTime:0.000384s ]
INFO: [ view_filter ] --END-- [ RunTime:0.000417s ]
INFO: [ app_end ] --START--
INFO: Run Behavior\ShowPageTraceBehavior [ RunTime:0.000568s ]
INFO: [ app_end ] --END-- [ RunTime:0.000597s ]

[ 2018-05-29T17:21:40+08:00 ] ::1 /ssyp/index.php/Admin/Product/update/id/1
INFO: [ app_init ] --START--
INFO: Run Behavior\BuildLiteBehavior [ RunTime:0.000011s ]
INFO: [ app_init ] --END-- [ RunTime:0.000399s ]
INFO: [ app_begin ] --START--
INFO: Run Behavior\ReadHtmlCacheBehavior [ RunTime:0.000535s ]
INFO: [ app_begin ] --END-- [ RunTime:0.000575s ]
SQL: SHOW COLUMNS FROM `ssyp_admin` [ RunTime:0.0249s ]
SQL: SELECT `role_id`,`realname`,`login_number` FROM `ssyp_admin` WHERE ( id="1" ) LIMIT 1   [ RunTime:0.0005s ]
SQL: SHOW COLUMNS FROM `ssyp_role` [ RunTime:0.0123s ]
SQL: SELECT `power`,`role_name` FROM `ssyp_role` WHERE ( id="-1" ) LIMIT 1   [ RunTime:0.0003s ]
SQL: SHOW COLUMNS FROM `ssyp_power` [ RunTime:0.0093s ]
SQL: SELECT * FROM `ssyp_power` WHERE `fid` > 0  [ RunTime:0.0004s ]
NOTIC: [8] Undefined index: status D:\PHPstudy\WWW\ssyp\Apps\Admin\Controller\BaseController.class.php 第 42 行.
SQL: SHOW COLUMNS FROM `ssyp_product` [ RunTime:0.0094s ]
SQL: SELECT * FROM `ssyp_product` WHERE ( id="1" ) LIMIT 1   [ RunTime:0.0005s ]
SQL: SHOW COLUMNS FROM `ssyp_seller` [ RunTime:0.0103s ]
SQL: SELECT `cat_list` FROM `ssyp_seller` WHERE ( id="0" ) LIMIT 1   [ RunTime:0.0003s ]
SQL: SHOW COLUMNS FROM `ssyp_category` [ RunTime:0.0094s ]
SQL: SELECT `id`,`c_name` FROM `ssyp_category` WHERE `fid` = 0 AND `c_status` = 1  [ RunTime:0.0004s ]
SQL: SELECT * FROM `ssyp_category` WHERE `c_status` = 2  [ RunTime:0.0002s ]
NOTIC: [2] Invalid argument supplied for foreach() D:\PHPstudy\WWW\ssyp\Apps\Admin\Controller\ProductController.class.php 第 195 行.
NOTIC: [2] Invalid argument supplied for foreach() D:\PHPstudy\WWW\ssyp\Apps\Admin\Controller\ProductController.class.php 第 195 行.
SQL: SHOW COLUMNS FROM `ssyp_images` [ RunTime:0.0094s ]
SQL: SELECT * FROM `ssyp_images` WHERE ( pro_id="1" )  [ RunTime:0.0003s ]
INFO: [ view_parse ] --START--
INFO: [ template_filter ] --START--
INFO: Run Behavior\ContentReplaceBehavior [ RunTime:0.000255s ]
INFO: [ template_filter ] --END-- [ RunTime:0.000291s ]
NOTIC: [8] Undefined index: headimgurl D:\PHPstudy\WWW\ssyp\Apps\Runtime\Cache\Admin\1bbd7ffe3d3dbbde704dd2b8084d10cc.php 第 86 行.
NOTIC: [8] Undefined index: pro_images D:\PHPstudy\WWW\ssyp\Apps\Runtime\Cache\Admin\1bbd7ffe3d3dbbde704dd2b8084d10cc.php 第 401 行.
INFO: Run Behavior\ParseTemplateBehavior [ RunTime:0.011454s ]
INFO: [ view_parse ] --END-- [ RunTime:0.011484s ]
INFO: [ view_filter ] --START--
INFO: Run Behavior\WriteHtmlCacheBehavior [ RunTime:0.000349s ]
INFO: [ view_filter ] --END-- [ RunTime:0.000374s ]
INFO: [ app_end ] --START--
INFO: Run Behavior\ShowPageTraceBehavior [ RunTime:0.000514s ]
INFO: [ app_end ] --END-- [ RunTime:0.000543s ]

[ 2018-05-29T17:25:32+08:00 ] ::1 /ssyp/index.php/Admin/Product/index
INFO: [ app_init ] --START--
INFO: Run Behavior\BuildLiteBehavior [ RunTime:0.000019s ]
INFO: [ app_init ] --END-- [ RunTime:0.000488s ]
INFO: [ app_begin ] --START--
INFO: Run Behavior\ReadHtmlCacheBehavior [ RunTime:0.000682s ]
INFO: [ app_begin ] --END-- [ RunTime:0.000722s ]
SQL: SHOW COLUMNS FROM `ssyp_admin` [ RunTime:0.0115s ]
SQL: SELECT `role_id`,`realname`,`login_number` FROM `ssyp_admin` WHERE ( id="1" ) LIMIT 1   [ RunTime:0.0004s ]
SQL: SHOW COLUMNS FROM `ssyp_role` [ RunTime:0.0089s ]
SQL: SELECT `power`,`role_name` FROM `ssyp_role` WHERE ( id="-1" ) LIMIT 1   [ RunTime:0.0003s ]
SQL: SHOW COLUMNS FROM `ssyp_power` [ RunTime:0.0087s ]
SQL: SELECT * FROM `ssyp_power` WHERE `fid` > 0  [ RunTime:0.0004s ]
NOTIC: [8] Undefined index: status D:\PHPstudy\WWW\ssyp\Apps\Admin\Controller\BaseController.class.php 第 42 行.
NOTIC: [8] Undefined index: pub_time_start D:\PHPstudy\WWW\ssyp\Apps\Admin\Controller\ProductController.class.php 第 7 行.
NOTIC: [8] Undefined index: pub_time_end D:\PHPstudy\WWW\ssyp\Apps\Admin\Controller\ProductController.class.php 第 8 行.
NOTIC: [8] Undefined index: name D:\PHPstudy\WWW\ssyp\Apps\Admin\Controller\ProductController.class.php 第 15 行.
SQL: SHOW COLUMNS FROM `ssyp_product` [ RunTime:0.0101s ]
SQL: SELECT `role_id`,`cat_shop` FROM `ssyp_admin` WHERE ( id=1 ) LIMIT 1   [ RunTime:0.0003s ]
SQL: SELECT COUNT(p.id) AS tp_count FROM ssyp_product p left JOIN ssyp_category as cs on cs.id = status  LIMIT 1   [ RunTime:0.0003s ]
SQL: SELECT p.*,cs.c_name as status_str FROM ssyp_product p left JOIN ssyp_category as cs on cs.id = status  ORDER BY p.id desc LIMIT 0,20   [ RunTime:0.0004s ]
SQL: SHOW COLUMNS FROM `ssyp_norms` [ RunTime:0.0091s ]
SQL: SHOW COLUMNS FROM `ssyp_category` [ RunTime:0.0096s ]
SQL: SELECT * FROM `ssyp_category` WHERE ( id in (1) )  [ RunTime:0.0003s ]
SQL: SELECT op.ord_number,o.status FROM ssyp_product p INNER JOIN ssyp_norms as n on n.pro_id = p.id INNER JOIN ssyp_ordpro as op on n.id=op.norms_id INNER JOIN ssyp_orders as o on op.ord_id=o.id  WHERE o.pub_time BETWEEN '0 ' AND ' 9999999999' AND p.id = '1'  [ RunTime:0.0003s ]
SQL: SELECT * FROM `ssyp_norms` WHERE ( pro_id="1" )  [ RunTime:0.0002s ]
SQL: SELECT op.ord_number,o.status FROM ssyp_product p INNER JOIN ssyp_norms as n on n.pro_id = p.id INNER JOIN ssyp_ordpro as op on n.id=op.norms_id INNER JOIN ssyp_orders as o on op.ord_id=o.id  WHERE o.pub_time BETWEEN '0 ' AND ' 9999999999'  [ RunTime:0.0003s ]
SQL: SELECT SUM(pro_number) AS tp_sum FROM `ssyp_product` LIMIT 1   [ RunTime:0.0002s ]
INFO: [ view_parse ] --START--
INFO: [ template_filter ] --START--
INFO: Run Behavior\ContentReplaceBehavior [ RunTime:0.000238s ]
INFO: [ template_filter ] --END-- [ RunTime:0.000289s ]
NOTIC: [8] Undefined index: headimgurl D:\PHPstudy\WWW\ssyp\Apps\Runtime\Cache\Admin\ff5284c55541268002e4c7802b5ab64b.php 第 77 行.
NOTIC: [8] Undefined variable: start D:\PHPstudy\WWW\ssyp\Apps\Runtime\Cache\Admin\ff5284c55541268002e4c7802b5ab64b.php 第 141 行.
NOTIC: [8] Undefined variable: end D:\PHPstudy\WWW\ssyp\Apps\Runtime\Cache\Admin\ff5284c55541268002e4c7802b5ab64b.php 第 142 行.
NOTIC: [8] Undefined variable: name D:\PHPstudy\WWW\ssyp\Apps\Runtime\Cache\Admin\ff5284c55541268002e4c7802b5ab64b.php 第 150 行.
NOTIC: [8] Undefined index: start D:\PHPstudy\WWW\ssyp\Apps\Runtime\Cache\Admin\ff5284c55541268002e4c7802b5ab64b.php 第 157 行.
NOTIC: [8] Undefined index: end D:\PHPstudy\WWW\ssyp\Apps\Runtime\Cache\Admin\ff5284c55541268002e4c7802b5ab64b.php 第 158 行.
INFO: Run Behavior\ParseTemplateBehavior [ RunTime:0.011505s ]
INFO: [ view_parse ] --END-- [ RunTime:0.011542s ]
INFO: [ view_filter ] --START--
INFO: Run Behavior\WriteHtmlCacheBehavior [ RunTime:0.000410s ]
INFO: [ view_filter ] --END-- [ RunTime:0.000435s ]
INFO: [ app_end ] --START--
INFO: Run Behavior\ShowPageTraceBehavior [ RunTime:0.000569s ]
INFO: [ app_end ] --END-- [ RunTime:0.000598s ]

[ 2018-05-29T17:25:33+08:00 ] ::1 /ssyp/index.php/Admin/Product/add
INFO: [ app_init ] --START--
INFO: Run Behavior\BuildLiteBehavior [ RunTime:0.000028s ]
INFO: [ app_init ] --END-- [ RunTime:0.000662s ]
INFO: [ app_begin ] --START--
INFO: Run Behavior\ReadHtmlCacheBehavior [ RunTime:0.000776s ]
INFO: [ app_begin ] --END-- [ RunTime:0.000842s ]
SQL: SHOW COLUMNS FROM `ssyp_admin` [ RunTime:0.0143s ]
SQL: SELECT `role_id`,`realname`,`login_number` FROM `ssyp_admin` WHERE ( id="1" ) LIMIT 1   [ RunTime:0.0013s ]
SQL: SHOW COLUMNS FROM `ssyp_role` [ RunTime:0.0135s ]
SQL: SELECT `power`,`role_name` FROM `ssyp_role` WHERE ( id="-1" ) LIMIT 1   [ RunTime:0.0004s ]
SQL: SHOW COLUMNS FROM `ssyp_power` [ RunTime:0.0097s ]
SQL: SELECT * FROM `ssyp_power` WHERE `fid` > 0  [ RunTime:0.0009s ]
NOTIC: [8] Undefined index: status D:\PHPstudy\WWW\ssyp\Apps\Admin\Controller\BaseController.class.php 第 42 行.
NOTIC: [8] Undefined index: a D:\PHPstudy\WWW\ssyp\Apps\Admin\Controller\ProductController.class.php 第 111 行.
NOTIC: [8] Undefined index: b D:\PHPstudy\WWW\ssyp\Apps\Admin\Controller\ProductController.class.php 第 112 行.
SQL: SHOW COLUMNS FROM `ssyp_seller` [ RunTime:0.0111s ]
SQL: SELECT `cat_list` FROM `ssyp_seller` WHERE ( id="0" ) LIMIT 1   [ RunTime:0.0003s ]
SQL: SHOW COLUMNS FROM `ssyp_category` [ RunTime:0.0113s ]
SQL: SELECT `id`,`c_name` FROM `ssyp_category` WHERE `fid` = 0 AND `c_status` = 1  [ RunTime:0.0003s ]
SQL: SELECT * FROM `ssyp_category` WHERE `c_status` = 2  [ RunTime:0.0002s ]
INFO: [ view_parse ] --START--
INFO: [ template_filter ] --START--
INFO: Run Behavior\ContentReplaceBehavior [ RunTime:0.000323s ]
INFO: [ template_filter ] --END-- [ RunTime:0.000423s ]
NOTIC: [8] Undefined index: headimgurl D:\PHPstudy\WWW\ssyp\Apps\Runtime\Cache\Admin\1bbd7ffe3d3dbbde704dd2b8084d10cc.php 第 86 行.
NOTIC: [8] Undefined index: id D:\PHPstudy\WWW\ssyp\Apps\Runtime\Cache\Admin\1bbd7ffe3d3dbbde704dd2b8084d10cc.php 第 154 行.
NOTIC: [8] Undefined variable: first D:\PHPstudy\WWW\ssyp\Apps\Runtime\Cache\Admin\1bbd7ffe3d3dbbde704dd2b8084d10cc.php 第 162 行.
NOTIC: [8] Undefined variable: c_list D:\PHPstudy\WWW\ssyp\Apps\Runtime\Cache\Admin\1bbd7ffe3d3dbbde704dd2b8084d10cc.php 第 164 行.
NOTIC: [8] Undefined index: name D:\PHPstudy\WWW\ssyp\Apps\Runtime\Cache\Admin\1bbd7ffe3d3dbbde704dd2b8084d10cc.php 第 171 行.
NOTIC: [8] Undefined index: symbol D:\PHPstudy\WWW\ssyp\Apps\Runtime\Cache\Admin\1bbd7ffe3d3dbbde704dd2b8084d10cc.php 第 175 行.
NOTIC: [8] Undefined index: supply D:\PHPstudy\WWW\ssyp\Apps\Runtime\Cache\Admin\1bbd7ffe3d3dbbde704dd2b8084d10cc.php 第 179 行.
NOTIC: [8] Undefined index: pro_comment D:\PHPstudy\WWW\ssyp\Apps\Runtime\Cache\Admin\1bbd7ffe3d3dbbde704dd2b8084d10cc.php 第 203 行.
NOTIC: [8] Undefined index: wx_image D:\PHPstudy\WWW\ssyp\Apps\Runtime\Cache\Admin\1bbd7ffe3d3dbbde704dd2b8084d10cc.php 第 208 行.
NOTIC: [8] Undefined index: wx_image D:\PHPstudy\WWW\ssyp\Apps\Runtime\Cache\Admin\1bbd7ffe3d3dbbde704dd2b8084d10cc.php 第 209 行.
NOTIC: [8] Undefined index: id D:\PHPstudy\WWW\ssyp\Apps\Runtime\Cache\Admin\1bbd7ffe3d3dbbde704dd2b8084d10cc.php 第 209 行.
NOTIC: [8] Undefined variable: img_list D:\PHPstudy\WWW\ssyp\Apps\Runtime\Cache\Admin\1bbd7ffe3d3dbbde704dd2b8084d10cc.php 第 217 行.
NOTIC: [8] Undefined index: wx_image D:\PHPstudy\WWW\ssyp\Apps\Runtime\Cache\Admin\1bbd7ffe3d3dbbde704dd2b8084d10cc.php 第 224 行.
NOTIC: [8] Undefined index: wx_image D:\PHPstudy\WWW\ssyp\Apps\Runtime\Cache\Admin\1bbd7ffe3d3dbbde704dd2b8084d10cc.php 第 225 行.
NOTIC: [8] Undefined index: relation D:\PHPstudy\WWW\ssyp\Apps\Runtime\Cache\Admin\1bbd7ffe3d3dbbde704dd2b8084d10cc.php 第 242 行.
NOTIC: [8] Undefined index: pro_detail D:\PHPstudy\WWW\ssyp\Apps\Runtime\Cache\Admin\1bbd7ffe3d3dbbde704dd2b8084d10cc.php 第 248 行.
NOTIC: [8] Undefined index: size_notice D:\PHPstudy\WWW\ssyp\Apps\Runtime\Cache\Admin\1bbd7ffe3d3dbbde704dd2b8084d10cc.php 第 254 行.
NOTIC: [8] Undefined index: wx_describe D:\PHPstudy\WWW\ssyp\Apps\Runtime\Cache\Admin\1bbd7ffe3d3dbbde704dd2b8084d10cc.php 第 269 行.
NOTIC: [8] Undefined index: task_peicai D:\PHPstudy\WWW\ssyp\Apps\Runtime\Cache\Admin\1bbd7ffe3d3dbbde704dd2b8084d10cc.php 第 287 行.
NOTIC: [8] Undefined index: task_peicai D:\PHPstudy\WWW\ssyp\Apps\Runtime\Cache\Admin\1bbd7ffe3d3dbbde704dd2b8084d10cc.php 第 287 行.
NOTIC: [8] Undefined index: task_peicai D:\PHPstudy\WWW\ssyp\Apps\Runtime\Cache\Admin\1bbd7ffe3d3dbbde704dd2b8084d10cc.php 第 287 行.
NOTIC: [8] Undefined index: task_peicai D:\PHPstudy\WWW\ssyp\Apps\Runtime\Cache\Admin\1bbd7ffe3d3dbbde704dd2b8084d10cc.php 第 287 行.
NOTIC: [8] Undefined index: task_peicai D:\PHPstudy\WWW\ssyp\Apps\Runtime\Cache\Admin\1bbd7ffe3d3dbbde704dd2b8084d10cc.php 第 288 行.
NOTIC: [8] Undefined index: task_peicai D:\PHPstudy\WWW\ssyp\Apps\Runtime\Cache\Admin\1bbd7ffe3d3dbbde704dd2b8084d10cc.php 第 288 行.
NOTIC: [8] Undefined index: task_duanlian D:\PHPstudy\WWW\ssyp\Apps\Runtime\Cache\Admin\1bbd7ffe3d3dbbde704dd2b8084d10cc.php 第 296 行.
NOTIC: [8] Undefined index: task_duanlian D:\PHPstudy\WWW\ssyp\Apps\Runtime\Cache\Admin\1bbd7ffe3d3dbbde704dd2b8084d10cc.php 第 296 行.
NOTIC: [8] Undefined index: task_duanlian D:\PHPstudy\WWW\ssyp\Apps\Runtime\Cache\Admin\1bbd7ffe3d3dbbde704dd2b8084d10cc.php 第 296 行.
NOTIC: [8] Undefined index: task_duanlian D:\PHPstudy\WWW\ssyp\Apps\Runtime\Cache\Admin\1bbd7ffe3d3dbbde704dd2b8084d10cc.php 第 296 行.
NOTIC: [8] Undefined index: task_duanlian D:\PHPstudy\WWW\ssyp\Apps\Runtime\Cache\Admin\1bbd7ffe3d3dbbde704dd2b8084d10cc.php 第 297 行.
NOTIC: [8] Undefined index: task_duanlian D:\PHPstudy\WWW\ssyp\Apps\Runtime\Cache\Admin\1bbd7ffe3d3dbbde704dd2b8084d10cc.php 第 297 行.
NOTIC: [8] Undefined index: task_yinyue D:\PHPstudy\WWW\ssyp\Apps\Runtime\Cache\Admin\1bbd7ffe3d3dbbde704dd2b8084d10cc.php 第 304 行.
NOTIC: [8] Undefined index: task_yinyue D:\PHPstudy\WWW\ssyp\Apps\Runtime\Cache\Admin\1bbd7ffe3d3dbbde704dd2b8084d10cc.php 第 304 行.
NOTIC: [8] Undefined index: task_yinyue D:\PHPstudy\WWW\ssyp\Apps\Runtime\Cache\Admin\1bbd7ffe3d3dbbde704dd2b8084d10cc.php 第 304 行.
NOTIC: [8] Undefined index: task_yinyue D:\PHPstudy\WWW\ssyp\Apps\Runtime\Cache\Admin\1bbd7ffe3d3dbbde704dd2b8084d10cc.php 第 304 行.
NOTIC: [8] Undefined index: task_yinyue D:\PHPstudy\WWW\ssyp\Apps\Runtime\Cache\Admin\1bbd7ffe3d3dbbde704dd2b8084d10cc.php 第 305 行.
NOTIC: [8] Undefined index: task_yinyue D:\PHPstudy\WWW\ssyp\Apps\Runtime\Cache\Admin\1bbd7ffe3d3dbbde704dd2b8084d10cc.php 第 305 行.
NOTIC: [8] Undefined index: task_pingcha D:\PHPstudy\WWW\ssyp\Apps\Runtime\Cache\Admin\1bbd7ffe3d3dbbde704dd2b8084d10cc.php 第 312 行.
NOTIC: [8] Undefined index: task_pingcha D:\PHPstudy\WWW\ssyp\Apps\Runtime\Cache\Admin\1bbd7ffe3d3dbbde704dd2b8084d10cc.php 第 312 行.
NOTIC: [8] Undefined index: task_pingcha D:\PHPstudy\WWW\ssyp\Apps\Runtime\Cache\Admin\1bbd7ffe3d3dbbde704dd2b8084d10cc.php 第 312 行.
NOTIC: [8] Undefined index: task_pingcha D:\PHPstudy\WWW\ssyp\Apps\Runtime\Cache\Admin\1bbd7ffe3d3dbbde704dd2b8084d10cc.php 第 312 行.
NOTIC: [8] Undefined index: task_pingcha D:\PHPstudy\WWW\ssyp\Apps\Runtime\Cache\Admin\1bbd7ffe3d3dbbde704dd2b8084d10cc.php 第 313 行.
NOTIC: [8] Undefined index: task_pingcha D:\PHPstudy\WWW\ssyp\Apps\Runtime\Cache\Admin\1bbd7ffe3d3dbbde704dd2b8084d10cc.php 第 313 行.
NOTIC: [8] Undefined index: task_heshui D:\PHPstudy\WWW\ssyp\Apps\Runtime\Cache\Admin\1bbd7ffe3d3dbbde704dd2b8084d10cc.php 第 320 行.
NOTIC: [8] Undefined index: task_heshui D:\PHPstudy\WWW\ssyp\Apps\Runtime\Cache\Admin\1bbd7ffe3d3dbbde704dd2b8084d10cc.php 第 320 行.
NOTIC: [8] Undefined index: task_heshui D:\PHPstudy\WWW\ssyp\Apps\Runtime\Cache\Admin\1bbd7ffe3d3dbbde704dd2b8084d10cc.php 第 320 行.
NOTIC: [8] Undefined index: task_heshui D:\PHPstudy\WWW\ssyp\Apps\Runtime\Cache\Admin\1bbd7ffe3d3dbbde704dd2b8084d10cc.php 第 320 行.
NOTIC: [8] Undefined index: task_heshui D:\PHPstudy\WWW\ssyp\Apps\Runtime\Cache\Admin\1bbd7ffe3d3dbbde704dd2b8084d10cc.php 第 321 行.
NOTIC: [8] Undefined index: task_heshui D:\PHPstudy\WWW\ssyp\Apps\Runtime\Cache\Admin\1bbd7ffe3d3dbbde704dd2b8084d10cc.php 第 321 行.
NOTIC: [8] Undefined index: task_mingxiang D:\PHPstudy\WWW\ssyp\Apps\Runtime\Cache\Admin\1bbd7ffe3d3dbbde704dd2b8084d10cc.php 第 328 行.
NOTIC: [8] Undefined index: task_mingxiang D:\PHPstudy\WWW\ssyp\Apps\Runtime\Cache\Admin\1bbd7ffe3d3dbbde704dd2b8084d10cc.php 第 328 行.
NOTIC: [8] Undefined index: task_mingxiang D:\PHPstudy\WWW\ssyp\Apps\Runtime\Cache\Admin\1bbd7ffe3d3dbbde704dd2b8084d10cc.php 第 328 行.
NOTIC: [8] Undefined index: task_mingxiang D:\PHPstudy\WWW\ssyp\Apps\Runtime\Cache\Admin\1bbd7ffe3d3dbbde704dd2b8084d10cc.php 第 328 行.
NOTIC: [8] Undefined index: task_mingxiang D:\PHPstudy\WWW\ssyp\Apps\Runtime\Cache\Admin\1bbd7ffe3d3dbbde704dd2b8084d10cc.php 第 329 行.
NOTIC: [8] Undefined index: task_mingxiang D:\PHPstudy\WWW\ssyp\Apps\Runtime\Cache\Admin\1bbd7ffe3d3dbbde704dd2b8084d10cc.php 第 329 行.
NOTIC: [8] Undefined index: pro_images D:\PHPstudy\WWW\ssyp\Apps\Runtime\Cache\Admin\1bbd7ffe3d3dbbde704dd2b8084d10cc.php 第 401 行.
INFO: Run Behavior\ParseTemplateBehavior [ RunTime:0.013128s ]
INFO: [ view_parse ] --END-- [ RunTime:0.013159s ]
INFO: [ view_filter ] --START--
INFO: Run Behavior\WriteHtmlCacheBehavior [ RunTime:0.000391s ]
INFO: [ view_filter ] --END-- [ RunTime:0.000417s ]
INFO: [ app_end ] --START--
INFO: Run Behavior\ShowPageTraceBehavior [ RunTime:0.000552s ]
INFO: [ app_end ] --END-- [ RunTime:0.000586s ]

