[ 2018-01-30T11:34:14+08:00 ] 127.0.0.1 /ssyp/index.php/Admin/coupon
INFO: [ app_init ] --START--
INFO: Run Behavior\BuildLiteBehavior [ RunTime:0.000000s ]
INFO: [ app_init ] --END-- [ RunTime:0.001000s ]
INFO: [ app_begin ] --START--
INFO: Run Behavior\ReadHtmlCacheBehavior [ RunTime:0.001000s ]
INFO: [ app_begin ] --END-- [ RunTime:0.001000s ]

[ 2018-01-30T11:34:14+08:00 ] 127.0.0.1 /ssyp/index.php/Admin/Common/login.html
INFO: [ app_init ] --START--
INFO: Run Behavior\BuildLiteBehavior [ RunTime:0.000000s ]
INFO: [ app_init ] --END-- [ RunTime:0.000000s ]
INFO: [ app_begin ] --START--
INFO: Run Behavior\ReadHtmlCacheBehavior [ RunTime:0.000000s ]
INFO: [ app_begin ] --END-- [ RunTime:0.001000s ]
INFO: [ view_parse ] --START--
INFO: [ template_filter ] --START--
INFO: Run Behavior\ContentReplaceBehavior [ RunTime:0.000000s ]
INFO: [ template_filter ] --END-- [ RunTime:0.001000s ]
INFO: Run Behavior\ParseTemplateBehavior [ RunTime:0.021001s ]
INFO: [ view_parse ] --END-- [ RunTime:0.021001s ]
INFO: [ view_filter ] --START--
INFO: Run Behavior\WriteHtmlCacheBehavior [ RunTime:0.001000s ]
INFO: [ view_filter ] --END-- [ RunTime:0.001000s ]
INFO: [ app_end ] --START--
INFO: Run Behavior\ShowPageTraceBehavior [ RunTime:0.002000s ]
INFO: [ app_end ] --END-- [ RunTime:0.002000s ]

[ 2018-01-30T11:34:20+08:00 ] 127.0.0.1 /ssyp/index.php/Admin/Common/check
INFO: [ app_init ] --START--
INFO: Run Behavior\BuildLiteBehavior [ RunTime:0.000000s ]
INFO: [ app_init ] --END-- [ RunTime:0.000000s ]
INFO: [ app_begin ] --START--
INFO: Run Behavior\ReadHtmlCacheBehavior [ RunTime:0.001000s ]
INFO: [ app_begin ] --END-- [ RunTime:0.001000s ]
SQL: SHOW COLUMNS FROM `xgs_admin` [ RunTime:0.0370s ]
SQL: SELECT `id`,`cat_shop` FROM `xgs_admin` WHERE `phone` = 'admin' AND `password` = '0192023a7bbd73250516f069df18b500' LIMIT 1   [ RunTime:0.0020s ]
SQL: SELECT COUNT(id) AS tp_count FROM `xgs_admin` WHERE ( phone="admin" ) LIMIT 1   [ RunTime:0.0010s ]

[ 2018-01-30T11:34:32+08:00 ] 127.0.0.1 /ssyp/index.php/Admin/Common/check
INFO: [ app_init ] --START--
INFO: Run Behavior\BuildLiteBehavior [ RunTime:0.000000s ]
INFO: [ app_init ] --END-- [ RunTime:0.001000s ]
INFO: [ app_begin ] --START--
INFO: Run Behavior\ReadHtmlCacheBehavior [ RunTime:0.000000s ]
INFO: [ app_begin ] --END-- [ RunTime:0.000000s ]
SQL: SHOW COLUMNS FROM `xgs_admin` [ RunTime:0.0060s ]
SQL: SELECT `id`,`cat_shop` FROM `xgs_admin` WHERE `phone` = '18647971785' AND `password` = 'e10adc3949ba59abbe56e057f20f883e' LIMIT 1   [ RunTime:0.0010s ]
SQL: UPDATE `xgs_admin` SET `login_ip`='127.0.0.1',`login_time`='1517283272' WHERE ( id="1" ) [ RunTime:0.0020s ]
SQL: UPDATE `xgs_admin` SET `login_number`=login_number+1 WHERE ( id="1" ) [ RunTime:0.0200s ]

[ 2018-01-30T11:34:34+08:00 ] 127.0.0.1 /ssyp/index.php/Admin/Index/index.html
INFO: [ app_init ] --START--
INFO: Run Behavior\BuildLiteBehavior [ RunTime:0.000000s ]
INFO: [ app_init ] --END-- [ RunTime:0.000000s ]
INFO: [ app_begin ] --START--
INFO: Run Behavior\ReadHtmlCacheBehavior [ RunTime:0.001000s ]
INFO: [ app_begin ] --END-- [ RunTime:0.001000s ]
SQL: SHOW COLUMNS FROM `xgs_admin` [ RunTime:0.0040s ]
SQL: SELECT `role_id`,`realname`,`login_number` FROM `xgs_admin` WHERE ( id="1" ) LIMIT 1   [ RunTime:0.0010s ]
SQL: SHOW COLUMNS FROM `xgs_role` [ RunTime:0.0160s ]
SQL: SELECT `power`,`role_name` FROM `xgs_role` WHERE ( id="-1" ) LIMIT 1   [ RunTime:0.0000s ]
SQL: SHOW COLUMNS FROM `xgs_power` [ RunTime:0.0090s ]
SQL: SELECT * FROM `xgs_power` WHERE `fid` > 0  [ RunTime:0.0010s ]
NOTIC: [8] Undefined index: status E:\www\ssyp\Apps\Admin\Controller\BaseController.class.php 第 42 行.
INFO: [ view_parse ] --START--
INFO: [ template_filter ] --START--
INFO: Run Behavior\ContentReplaceBehavior [ RunTime:0.000000s ]
INFO: [ template_filter ] --END-- [ RunTime:0.000000s ]
NOTIC: [8] Undefined index: headimgurl E:\www\ssyp\Apps\Runtime\Cache\Admin\859e94050170c96367cb52465a51a945.php 第 70 行.
INFO: Run Behavior\ParseTemplateBehavior [ RunTime:0.042002s ]
INFO: [ view_parse ] --END-- [ RunTime:0.042002s ]
INFO: [ view_filter ] --START--
INFO: Run Behavior\WriteHtmlCacheBehavior [ RunTime:0.001000s ]
INFO: [ view_filter ] --END-- [ RunTime:0.001000s ]
INFO: [ app_end ] --START--
INFO: Run Behavior\ShowPageTraceBehavior [ RunTime:0.001000s ]
INFO: [ app_end ] --END-- [ RunTime:0.001000s ]

[ 2018-01-30T11:34:38+08:00 ] 127.0.0.1 /ssyp/index.php/Admin/Message/index
INFO: [ app_init ] --START--
INFO: Run Behavior\BuildLiteBehavior [ RunTime:0.000000s ]
INFO: [ app_init ] --END-- [ RunTime:0.000000s ]
INFO: [ app_begin ] --START--
INFO: Run Behavior\ReadHtmlCacheBehavior [ RunTime:0.001000s ]
INFO: [ app_begin ] --END-- [ RunTime:0.001000s ]
SQL: SHOW COLUMNS FROM `xgs_admin` [ RunTime:0.0050s ]
SQL: SELECT `role_id`,`realname`,`login_number` FROM `xgs_admin` WHERE ( id="1" ) LIMIT 1   [ RunTime:0.0000s ]
SQL: SHOW COLUMNS FROM `xgs_role` [ RunTime:0.0040s ]
SQL: SELECT `power`,`role_name` FROM `xgs_role` WHERE ( id="-1" ) LIMIT 1   [ RunTime:0.0010s ]
SQL: SHOW COLUMNS FROM `xgs_power` [ RunTime:0.0040s ]
SQL: SELECT * FROM `xgs_power` WHERE `fid` > 0  [ RunTime:0.0000s ]
NOTIC: [8] Undefined index: status E:\www\ssyp\Apps\Admin\Controller\BaseController.class.php 第 42 行.
SQL: SELECT * FROM `xgs_admin` WHERE ( id="1" ) LIMIT 1   [ RunTime:0.0000s ]
SQL: SHOW COLUMNS FROM `xgs_user` [ RunTime:0.0170s ]
SQL: SELECT u.id,`headimgurl`,`nickname`,max(m.id) as max_id FROM xgs_user u INNER JOIN xgs_message as m on substring(m_from,3)=u.id  WHERE ( m_to="a_1" ) GROUP BY u.id ORDER BY max_id desc  [ RunTime:0.0060s ]
INFO: [ view_parse ] --START--
INFO: [ template_filter ] --START--
INFO: Run Behavior\ContentReplaceBehavior [ RunTime:0.000000s ]
INFO: [ template_filter ] --END-- [ RunTime:0.000000s ]
NOTIC: [8] Undefined index: lawyerLogin E:\www\ssyp\Apps\Runtime\Cache\Admin\70f238bbbf283859345ba44ad510998e.php 第 73 行.
NOTIC: [8] Undefined index: lawyerLogin E:\www\ssyp\Apps\Runtime\Cache\Admin\70f238bbbf283859345ba44ad510998e.php 第 74 行.
NOTIC: [8] Undefined index: headimgurl E:\www\ssyp\Apps\Runtime\Cache\Admin\70f238bbbf283859345ba44ad510998e.php 第 140 行.
NOTIC: [8] Undefined variable: type E:\www\ssyp\Apps\Runtime\Cache\Admin\70f238bbbf283859345ba44ad510998e.php 第 273 行.
NOTIC: [8] Undefined variable: type E:\www\ssyp\Apps\Runtime\Cache\Admin\70f238bbbf283859345ba44ad510998e.php 第 311 行.
INFO: Run Behavior\ParseTemplateBehavior [ RunTime:0.031002s ]
INFO: [ view_parse ] --END-- [ RunTime:0.031002s ]
INFO: [ view_filter ] --START--
INFO: Run Behavior\WriteHtmlCacheBehavior [ RunTime:0.001000s ]
INFO: [ view_filter ] --END-- [ RunTime:0.001000s ]
INFO: [ app_end ] --START--
INFO: Run Behavior\ShowPageTraceBehavior [ RunTime:0.001000s ]
INFO: [ app_end ] --END-- [ RunTime:0.001000s ]

[ 2018-01-30T11:34:38+08:00 ] 127.0.0.1 /ssyp/index.php/Admin/Message/getRead
INFO: [ app_init ] --START--
INFO: Run Behavior\BuildLiteBehavior [ RunTime:0.000000s ]
INFO: [ app_init ] --END-- [ RunTime:0.001000s ]
INFO: [ app_begin ] --START--
INFO: Run Behavior\ReadHtmlCacheBehavior [ RunTime:0.001000s ]
INFO: [ app_begin ] --END-- [ RunTime:0.001000s ]
SQL: SHOW COLUMNS FROM `xgs_admin` [ RunTime:0.0050s ]
SQL: SELECT `role_id`,`realname`,`login_number` FROM `xgs_admin` WHERE ( id="1" ) LIMIT 1   [ RunTime:0.0010s ]
SQL: SHOW COLUMNS FROM `xgs_role` [ RunTime:0.0040s ]
SQL: SELECT `power`,`role_name` FROM `xgs_role` WHERE ( id="-1" ) LIMIT 1   [ RunTime:0.0000s ]
SQL: SHOW COLUMNS FROM `xgs_power` [ RunTime:0.0040s ]
SQL: SELECT * FROM `xgs_power` WHERE `fid` > 0  [ RunTime:0.0010s ]
NOTIC: [8] Undefined index: status E:\www\ssyp\Apps\Admin\Controller\BaseController.class.php 第 42 行.
SQL: SHOW COLUMNS FROM `xgs_message` [ RunTime:0.0040s ]
SQL: SELECT count(m.id) as num,u.id,`nickname`,`headimgurl`,CONCAT("u_",u.id) as m_from FROM xgs_message m INNER JOIN xgs_user as u on u.id = substring(m_from,3)  WHERE `isread` = 0 AND `m_to` = 'a_1' GROUP BY u.id  [ RunTime:0.0110s ]

[ 2018-01-30T11:34:40+08:00 ] 127.0.0.1 /ssyp/index.php/Admin/Money/index
INFO: [ app_init ] --START--
INFO: Run Behavior\BuildLiteBehavior [ RunTime:0.000000s ]
INFO: [ app_init ] --END-- [ RunTime:0.001000s ]
INFO: [ app_begin ] --START--
INFO: Run Behavior\ReadHtmlCacheBehavior [ RunTime:0.000000s ]
INFO: [ app_begin ] --END-- [ RunTime:0.000000s ]
SQL: SHOW COLUMNS FROM `xgs_admin` [ RunTime:0.0040s ]
SQL: SELECT `role_id`,`realname`,`login_number` FROM `xgs_admin` WHERE ( id="1" ) LIMIT 1   [ RunTime:0.0000s ]
SQL: SHOW COLUMNS FROM `xgs_role` [ RunTime:0.0040s ]
SQL: SELECT `power`,`role_name` FROM `xgs_role` WHERE ( id="-1" ) LIMIT 1   [ RunTime:0.0000s ]
SQL: SHOW COLUMNS FROM `xgs_power` [ RunTime:0.0050s ]
SQL: SELECT * FROM `xgs_power` WHERE `fid` > 0  [ RunTime:0.0000s ]
NOTIC: [8] Undefined index: status E:\www\ssyp\Apps\Admin\Controller\BaseController.class.php 第 42 行.
SQL: SHOW COLUMNS FROM `xgs_pay` [ RunTime:0.0060s ]
SQL: SELECT COUNT(id) AS tp_count FROM `xgs_pay` WHERE `status` = 1 LIMIT 1   [ RunTime:0.0010s ]
SQL: SELECT * FROM `xgs_pay` WHERE `status` = 1 ORDER BY id desc LIMIT 0,20   [ RunTime:0.0000s ]
INFO: [ view_parse ] --START--
INFO: [ template_filter ] --START--
INFO: Run Behavior\ContentReplaceBehavior [ RunTime:0.000000s ]
INFO: [ template_filter ] --END-- [ RunTime:0.000000s ]
NOTIC: [8] Undefined index: headimgurl E:\www\ssyp\Apps\Runtime\Cache\Admin\92a58a7463ea6cfbaf4b1428f6e89f30.php 第 77 行.
INFO: Run Behavior\ParseTemplateBehavior [ RunTime:0.019001s ]
INFO: [ view_parse ] --END-- [ RunTime:0.020001s ]
INFO: [ view_filter ] --START--
INFO: Run Behavior\WriteHtmlCacheBehavior [ RunTime:0.000000s ]
INFO: [ view_filter ] --END-- [ RunTime:0.000000s ]
INFO: [ app_end ] --START--
INFO: Run Behavior\ShowPageTraceBehavior [ RunTime:0.001000s ]
INFO: [ app_end ] --END-- [ RunTime:0.001000s ]

[ 2018-01-30T11:34:40+08:00 ] 127.0.0.1 /ssyp/index.php/Admin/Money/applyCash
INFO: [ app_init ] --START--
INFO: Run Behavior\BuildLiteBehavior [ RunTime:0.000000s ]
INFO: [ app_init ] --END-- [ RunTime:0.001000s ]
INFO: [ app_begin ] --START--
INFO: Run Behavior\ReadHtmlCacheBehavior [ RunTime:0.001000s ]
INFO: [ app_begin ] --END-- [ RunTime:0.001000s ]
SQL: SHOW COLUMNS FROM `xgs_admin` [ RunTime:0.0040s ]
SQL: SELECT `role_id`,`realname`,`login_number` FROM `xgs_admin` WHERE ( id="1" ) LIMIT 1   [ RunTime:0.0010s ]
SQL: SHOW COLUMNS FROM `xgs_role` [ RunTime:0.0040s ]
SQL: SELECT `power`,`role_name` FROM `xgs_role` WHERE ( id="-1" ) LIMIT 1   [ RunTime:0.0000s ]
SQL: SHOW COLUMNS FROM `xgs_power` [ RunTime:0.0050s ]
SQL: SELECT * FROM `xgs_power` WHERE `fid` > 0  [ RunTime:0.0010s ]
NOTIC: [8] Undefined index: status E:\www\ssyp\Apps\Admin\Controller\BaseController.class.php 第 42 行.
SQL: SHOW COLUMNS FROM `xgs_money` [ RunTime:0.0050s ]
SQL: SELECT m.*,`realname`,`phone`,`headimgurl`,`nickname` FROM xgs_money m INNER JOIN xgs_user as u on u.id=user_id   [ RunTime:0.0000s ]
INFO: [ view_parse ] --START--
INFO: [ template_filter ] --START--
INFO: Run Behavior\ContentReplaceBehavior [ RunTime:0.000000s ]
INFO: [ template_filter ] --END-- [ RunTime:0.000000s ]
NOTIC: [8] Undefined index: headimgurl E:\www\ssyp\Apps\Runtime\Cache\Admin\569c7819ababc5a1ae83c1de886af698.php 第 74 行.
INFO: Run Behavior\ParseTemplateBehavior [ RunTime:0.024002s ]
INFO: [ view_parse ] --END-- [ RunTime:0.024002s ]
INFO: [ view_filter ] --START--
INFO: Run Behavior\WriteHtmlCacheBehavior [ RunTime:0.000000s ]
INFO: [ view_filter ] --END-- [ RunTime:0.000000s ]
INFO: [ app_end ] --START--
INFO: Run Behavior\ShowPageTraceBehavior [ RunTime:0.001000s ]
INFO: [ app_end ] --END-- [ RunTime:0.001000s ]

[ 2018-01-30T11:34:42+08:00 ] 127.0.0.1 /ssyp/index.php/Admin/Admin/index
INFO: [ app_init ] --START--
INFO: Run Behavior\BuildLiteBehavior [ RunTime:0.000000s ]
INFO: [ app_init ] --END-- [ RunTime:0.000000s ]
INFO: [ app_begin ] --START--
INFO: Run Behavior\ReadHtmlCacheBehavior [ RunTime:0.001001s ]
INFO: [ app_begin ] --END-- [ RunTime:0.001001s ]
SQL: SHOW COLUMNS FROM `xgs_admin` [ RunTime:0.0060s ]
SQL: SELECT `role_id`,`realname`,`login_number` FROM `xgs_admin` WHERE ( id="1" ) LIMIT 1   [ RunTime:0.0010s ]
SQL: SHOW COLUMNS FROM `xgs_role` [ RunTime:0.0050s ]
SQL: SELECT `power`,`role_name` FROM `xgs_role` WHERE ( id="-1" ) LIMIT 1   [ RunTime:0.0000s ]
SQL: SHOW COLUMNS FROM `xgs_power` [ RunTime:0.0040s ]
SQL: SELECT * FROM `xgs_power` WHERE `fid` > 0  [ RunTime:0.0000s ]
NOTIC: [8] Undefined index: status E:\www\ssyp\Apps\Admin\Controller\BaseController.class.php 第 42 行.
SQL: SHOW COLUMNS FROM `xgs_admin` [ RunTime:0.0050s ]
SQL: SELECT a.id,`phone`,`seller_name`,`realname`,`role_name`,`role_id`,`cat_shop` FROM xgs_admin a left JOIN xgs_role as r on r.id = role_id left JOIN xgs_seller as s on s.id = cat_shop   [ RunTime:0.0130s ]
INFO: [ view_parse ] --START--
INFO: [ template_filter ] --START--
INFO: Run Behavior\ContentReplaceBehavior [ RunTime:0.000000s ]
INFO: [ template_filter ] --END-- [ RunTime:0.000000s ]
NOTIC: [8] Undefined index: headimgurl E:\www\ssyp\Apps\Runtime\Cache\Admin\3d4d6bb10505c55ffdfbeb84cdc09928.php 第 74 行.
NOTIC: [8] Undefined index: openid E:\www\ssyp\Apps\Runtime\Cache\Admin\3d4d6bb10505c55ffdfbeb84cdc09928.php 第 165 行.
NOTIC: [8] Undefined index: openid E:\www\ssyp\Apps\Runtime\Cache\Admin\3d4d6bb10505c55ffdfbeb84cdc09928.php 第 165 行.
NOTIC: [8] Undefined index: openid E:\www\ssyp\Apps\Runtime\Cache\Admin\3d4d6bb10505c55ffdfbeb84cdc09928.php 第 165 行.
INFO: Run Behavior\ParseTemplateBehavior [ RunTime:0.024001s ]
INFO: [ view_parse ] --END-- [ RunTime:0.024001s ]
INFO: [ view_filter ] --START--
INFO: Run Behavior\WriteHtmlCacheBehavior [ RunTime:0.001000s ]
INFO: [ view_filter ] --END-- [ RunTime:0.001000s ]
INFO: [ app_end ] --START--
INFO: Run Behavior\ShowPageTraceBehavior [ RunTime:0.001000s ]
INFO: [ app_end ] --END-- [ RunTime:0.001000s ]

[ 2018-01-30T11:34:45+08:00 ] 127.0.0.1 /ssyp/index.php/Admin/Config/index
INFO: [ app_init ] --START--
INFO: Run Behavior\BuildLiteBehavior [ RunTime:0.000000s ]
INFO: [ app_init ] --END-- [ RunTime:0.001000s ]
INFO: [ app_begin ] --START--
INFO: Run Behavior\ReadHtmlCacheBehavior [ RunTime:0.001000s ]
INFO: [ app_begin ] --END-- [ RunTime:0.001000s ]
SQL: SHOW COLUMNS FROM `xgs_admin` [ RunTime:0.0040s ]
SQL: SELECT `role_id`,`realname`,`login_number` FROM `xgs_admin` WHERE ( id="1" ) LIMIT 1   [ RunTime:0.0010s ]
SQL: SHOW COLUMNS FROM `xgs_role` [ RunTime:0.0040s ]
SQL: SELECT `power`,`role_name` FROM `xgs_role` WHERE ( id="-1" ) LIMIT 1   [ RunTime:0.0000s ]
SQL: SHOW COLUMNS FROM `xgs_power` [ RunTime:0.0040s ]
SQL: SELECT * FROM `xgs_power` WHERE `fid` > 0  [ RunTime:0.0010s ]
NOTIC: [8] Undefined index: status E:\www\ssyp\Apps\Admin\Controller\BaseController.class.php 第 42 行.
SQL: SHOW COLUMNS FROM `xgs_config` [ RunTime:0.0240s ]
SQL: SELECT * FROM `xgs_config` LIMIT 1   [ RunTime:0.0000s ]
INFO: [ view_parse ] --START--
INFO: [ template_filter ] --START--
INFO: Run Behavior\ContentReplaceBehavior [ RunTime:0.000000s ]
INFO: [ template_filter ] --END-- [ RunTime:0.000000s ]
NOTIC: [8] Undefined index: headimgurl E:\www\ssyp\Apps\Runtime\Cache\Admin\b66c28ef922dbdea2d225c01726399f4.php 第 76 行.
NOTIC: [8] Undefined index: status E:\www\ssyp\Apps\Runtime\Cache\Admin\b66c28ef922dbdea2d225c01726399f4.php 第 140 行.
NOTIC: [8] Undefined index: log_images E:\www\ssyp\Apps\Runtime\Cache\Admin\b66c28ef922dbdea2d225c01726399f4.php 第 227 行.
INFO: Run Behavior\ParseTemplateBehavior [ RunTime:0.025001s ]
INFO: [ view_parse ] --END-- [ RunTime:0.025001s ]
INFO: [ view_filter ] --START--
INFO: Run Behavior\WriteHtmlCacheBehavior [ RunTime:0.000000s ]
INFO: [ view_filter ] --END-- [ RunTime:0.000000s ]
INFO: [ app_end ] --START--
INFO: Run Behavior\ShowPageTraceBehavior [ RunTime:0.001000s ]
INFO: [ app_end ] --END-- [ RunTime:0.001000s ]

[ 2018-01-30T11:34:46+08:00 ] 127.0.0.1 /ssyp/index.php/Admin/Config/turn
INFO: [ app_init ] --START--
INFO: Run Behavior\BuildLiteBehavior [ RunTime:0.000000s ]
INFO: [ app_init ] --END-- [ RunTime:0.000000s ]
INFO: [ app_begin ] --START--
INFO: Run Behavior\ReadHtmlCacheBehavior [ RunTime:0.001000s ]
INFO: [ app_begin ] --END-- [ RunTime:0.001000s ]
SQL: SHOW COLUMNS FROM `xgs_admin` [ RunTime:0.0040s ]
SQL: SELECT `role_id`,`realname`,`login_number` FROM `xgs_admin` WHERE ( id="1" ) LIMIT 1   [ RunTime:0.0000s ]
SQL: SHOW COLUMNS FROM `xgs_role` [ RunTime:0.0050s ]
SQL: SELECT `power`,`role_name` FROM `xgs_role` WHERE ( id="-1" ) LIMIT 1   [ RunTime:0.0000s ]
SQL: SHOW COLUMNS FROM `xgs_power` [ RunTime:0.0050s ]
SQL: SELECT * FROM `xgs_power` WHERE `fid` > 0  [ RunTime:0.0000s ]
NOTIC: [8] Undefined index: status E:\www\ssyp\Apps\Admin\Controller\BaseController.class.php 第 42 行.
SQL: SHOW COLUMNS FROM `xgs_config` [ RunTime:0.0050s ]
SQL: SELECT * FROM `xgs_config` LIMIT 1   [ RunTime:0.0000s ]
INFO: [ view_parse ] --START--
INFO: [ template_filter ] --START--
INFO: Run Behavior\ContentReplaceBehavior [ RunTime:0.000000s ]
INFO: [ template_filter ] --END-- [ RunTime:0.000000s ]
NOTIC: [8] Undefined index: headimgurl E:\www\ssyp\Apps\Runtime\Cache\Admin\89aa6ed9883ae0a99f1fea84d0a155fa.php 第 85 行.
NOTIC: [8] Undefined index: id E:\www\ssyp\Apps\Runtime\Cache\Admin\89aa6ed9883ae0a99f1fea84d0a155fa.php 第 161 行.
NOTIC: [8] Undefined index: id E:\www\ssyp\Apps\Runtime\Cache\Admin\89aa6ed9883ae0a99f1fea84d0a155fa.php 第 162 行.
NOTIC: [8] Undefined index: id E:\www\ssyp\Apps\Runtime\Cache\Admin\89aa6ed9883ae0a99f1fea84d0a155fa.php 第 161 行.
NOTIC: [8] Undefined index: id E:\www\ssyp\Apps\Runtime\Cache\Admin\89aa6ed9883ae0a99f1fea84d0a155fa.php 第 162 行.
NOTIC: [8] Undefined variable: data E:\www\ssyp\Apps\Runtime\Cache\Admin\89aa6ed9883ae0a99f1fea84d0a155fa.php 第 221 行.
INFO: Run Behavior\ParseTemplateBehavior [ RunTime:0.029002s ]
INFO: [ view_parse ] --END-- [ RunTime:0.029002s ]
INFO: [ view_filter ] --START--
INFO: Run Behavior\WriteHtmlCacheBehavior [ RunTime:0.001000s ]
INFO: [ view_filter ] --END-- [ RunTime:0.001000s ]
INFO: [ app_end ] --START--
INFO: Run Behavior\ShowPageTraceBehavior [ RunTime:0.001000s ]
INFO: [ app_end ] --END-- [ RunTime:0.001000s ]

[ 2018-01-30T11:36:05+08:00 ] 127.0.0.1 /ssyp/index.php/Admin/Config/turn
INFO: [ app_init ] --START--
INFO: Run Behavior\BuildLiteBehavior [ RunTime:0.000000s ]
INFO: [ app_init ] --END-- [ RunTime:0.000000s ]
INFO: [ app_begin ] --START--
INFO: Run Behavior\ReadHtmlCacheBehavior [ RunTime:0.001000s ]
INFO: [ app_begin ] --END-- [ RunTime:0.001000s ]
SQL: SHOW COLUMNS FROM `xgs_admin` [ RunTime:0.0050s ]
SQL: SELECT `role_id`,`realname`,`login_number` FROM `xgs_admin` WHERE ( id="1" ) LIMIT 1   [ RunTime:0.0000s ]
SQL: SHOW COLUMNS FROM `xgs_role` [ RunTime:0.0030s ]
SQL: SELECT `power`,`role_name` FROM `xgs_role` WHERE ( id="-1" ) LIMIT 1   [ RunTime:0.0000s ]
SQL: SHOW COLUMNS FROM `xgs_power` [ RunTime:0.0040s ]
SQL: SELECT * FROM `xgs_power` WHERE `fid` > 0  [ RunTime:0.0000s ]
NOTIC: [8] Undefined index: status E:\www\ssyp\Apps\Admin\Controller\BaseController.class.php 第 42 行.
SQL: SHOW COLUMNS FROM `xgs_config` [ RunTime:0.0040s ]
SQL: SELECT * FROM `xgs_config` LIMIT 1   [ RunTime:0.0010s ]
INFO: [ view_parse ] --START--
INFO: [ template_filter ] --START--
INFO: Run Behavior\ContentReplaceBehavior [ RunTime:0.000000s ]
INFO: [ template_filter ] --END-- [ RunTime:0.000000s ]
NOTIC: [8] Undefined index: headimgurl E:\www\ssyp\Apps\Runtime\Cache\Admin\89aa6ed9883ae0a99f1fea84d0a155fa.php 第 85 行.
NOTIC: [8] Undefined index: id E:\www\ssyp\Apps\Runtime\Cache\Admin\89aa6ed9883ae0a99f1fea84d0a155fa.php 第 161 行.
NOTIC: [8] Undefined index: id E:\www\ssyp\Apps\Runtime\Cache\Admin\89aa6ed9883ae0a99f1fea84d0a155fa.php 第 162 行.
NOTIC: [8] Undefined index: id E:\www\ssyp\Apps\Runtime\Cache\Admin\89aa6ed9883ae0a99f1fea84d0a155fa.php 第 161 行.
NOTIC: [8] Undefined index: id E:\www\ssyp\Apps\Runtime\Cache\Admin\89aa6ed9883ae0a99f1fea84d0a155fa.php 第 162 行.
NOTIC: [8] Undefined variable: data E:\www\ssyp\Apps\Runtime\Cache\Admin\89aa6ed9883ae0a99f1fea84d0a155fa.php 第 221 行.
INFO: Run Behavior\ParseTemplateBehavior [ RunTime:0.012000s ]
INFO: [ view_parse ] --END-- [ RunTime:0.012000s ]
INFO: [ view_filter ] --START--
INFO: Run Behavior\WriteHtmlCacheBehavior [ RunTime:0.001000s ]
INFO: [ view_filter ] --END-- [ RunTime:0.001000s ]
INFO: [ app_end ] --START--
INFO: Run Behavior\ShowPageTraceBehavior [ RunTime:0.001000s ]
INFO: [ app_end ] --END-- [ RunTime:0.001000s ]

[ 2018-01-30T11:36:06+08:00 ] 127.0.0.1 /ssyp/index.php/Admin/Config/index
INFO: [ app_init ] --START--
INFO: Run Behavior\BuildLiteBehavior [ RunTime:0.000000s ]
INFO: [ app_init ] --END-- [ RunTime:0.000000s ]
INFO: [ app_begin ] --START--
INFO: Run Behavior\ReadHtmlCacheBehavior [ RunTime:0.000000s ]
INFO: [ app_begin ] --END-- [ RunTime:0.000000s ]
SQL: SHOW COLUMNS FROM `xgs_admin` [ RunTime:0.0040s ]
SQL: SELECT `role_id`,`realname`,`login_number` FROM `xgs_admin` WHERE ( id="1" ) LIMIT 1   [ RunTime:0.0000s ]
SQL: SHOW COLUMNS FROM `xgs_role` [ RunTime:0.0040s ]
SQL: SELECT `power`,`role_name` FROM `xgs_role` WHERE ( id="-1" ) LIMIT 1   [ RunTime:0.0000s ]
SQL: SHOW COLUMNS FROM `xgs_power` [ RunTime:0.0040s ]
SQL: SELECT * FROM `xgs_power` WHERE `fid` > 0  [ RunTime:0.0000s ]
NOTIC: [8] Undefined index: status E:\www\ssyp\Apps\Admin\Controller\BaseController.class.php 第 42 行.
SQL: SHOW COLUMNS FROM `xgs_config` [ RunTime:0.0050s ]
SQL: SELECT * FROM `xgs_config` LIMIT 1   [ RunTime:0.0000s ]
INFO: [ view_parse ] --START--
INFO: [ template_filter ] --START--
INFO: Run Behavior\ContentReplaceBehavior [ RunTime:0.000000s ]
INFO: [ template_filter ] --END-- [ RunTime:0.000000s ]
NOTIC: [8] Undefined index: headimgurl E:\www\ssyp\Apps\Runtime\Cache\Admin\b66c28ef922dbdea2d225c01726399f4.php 第 76 行.
NOTIC: [8] Undefined index: status E:\www\ssyp\Apps\Runtime\Cache\Admin\b66c28ef922dbdea2d225c01726399f4.php 第 140 行.
NOTIC: [8] Undefined index: log_images E:\www\ssyp\Apps\Runtime\Cache\Admin\b66c28ef922dbdea2d225c01726399f4.php 第 227 行.
INFO: Run Behavior\ParseTemplateBehavior [ RunTime:0.012001s ]
INFO: [ view_parse ] --END-- [ RunTime:0.012001s ]
INFO: [ view_filter ] --START--
INFO: Run Behavior\WriteHtmlCacheBehavior [ RunTime:0.000000s ]
INFO: [ view_filter ] --END-- [ RunTime:0.000000s ]
INFO: [ app_end ] --START--
INFO: Run Behavior\ShowPageTraceBehavior [ RunTime:0.001000s ]
INFO: [ app_end ] --END-- [ RunTime:0.001000s ]

[ 2018-01-30T11:36:07+08:00 ] 127.0.0.1 /ssyp/index.php/Admin/Config/news
INFO: [ app_init ] --START--
INFO: Run Behavior\BuildLiteBehavior [ RunTime:0.000000s ]
INFO: [ app_init ] --END-- [ RunTime:0.001000s ]
INFO: [ app_begin ] --START--
INFO: Run Behavior\ReadHtmlCacheBehavior [ RunTime:0.001000s ]
INFO: [ app_begin ] --END-- [ RunTime:0.001000s ]
SQL: SHOW COLUMNS FROM `xgs_admin` [ RunTime:0.0040s ]
SQL: SELECT `role_id`,`realname`,`login_number` FROM `xgs_admin` WHERE ( id="1" ) LIMIT 1   [ RunTime:0.0000s ]
SQL: SHOW COLUMNS FROM `xgs_role` [ RunTime:0.0040s ]
SQL: SELECT `power`,`role_name` FROM `xgs_role` WHERE ( id="-1" ) LIMIT 1   [ RunTime:0.0010s ]
SQL: SHOW COLUMNS FROM `xgs_power` [ RunTime:0.0040s ]
SQL: SELECT * FROM `xgs_power` WHERE `fid` > 0  [ RunTime:0.0010s ]
NOTIC: [8] Undefined index: status E:\www\ssyp\Apps\Admin\Controller\BaseController.class.php 第 42 行.
SQL: SHOW COLUMNS FROM `xgs_news` [ RunTime:0.0070s ]
SQL: SELECT * FROM `xgs_news` LIMIT 1   [ RunTime:0.0000s ]
INFO: [ view_parse ] --START--
INFO: [ template_filter ] --START--
INFO: Run Behavior\ContentReplaceBehavior [ RunTime:0.000000s ]
INFO: [ template_filter ] --END-- [ RunTime:0.000000s ]
NOTIC: [8] Undefined index: headimgurl E:\www\ssyp\Apps\Runtime\Cache\Admin\3a379a09a9df6073e22fb6af197689ef.php 第 80 行.
INFO: Run Behavior\ParseTemplateBehavior [ RunTime:0.021001s ]
INFO: [ view_parse ] --END-- [ RunTime:0.022001s ]
INFO: [ view_filter ] --START--
INFO: Run Behavior\WriteHtmlCacheBehavior [ RunTime:0.000000s ]
INFO: [ view_filter ] --END-- [ RunTime:0.000000s ]
INFO: [ app_end ] --START--
INFO: Run Behavior\ShowPageTraceBehavior [ RunTime:0.001000s ]
INFO: [ app_end ] --END-- [ RunTime:0.001000s ]

[ 2018-01-30T11:36:09+08:00 ] 127.0.0.1 /ssyp/index.php/Admin/Config/phrase
INFO: [ app_init ] --START--
INFO: Run Behavior\BuildLiteBehavior [ RunTime:0.000000s ]
INFO: [ app_init ] --END-- [ RunTime:0.001000s ]
INFO: [ app_begin ] --START--
INFO: Run Behavior\ReadHtmlCacheBehavior [ RunTime:0.000000s ]
INFO: [ app_begin ] --END-- [ RunTime:0.000000s ]
SQL: SHOW COLUMNS FROM `xgs_admin` [ RunTime:0.0040s ]
SQL: SELECT `role_id`,`realname`,`login_number` FROM `xgs_admin` WHERE ( id="1" ) LIMIT 1   [ RunTime:0.0000s ]
SQL: SHOW COLUMNS FROM `xgs_role` [ RunTime:0.0050s ]
SQL: SELECT `power`,`role_name` FROM `xgs_role` WHERE ( id="-1" ) LIMIT 1   [ RunTime:0.0000s ]
SQL: SHOW COLUMNS FROM `xgs_power` [ RunTime:0.0040s ]
SQL: SELECT * FROM `xgs_power` WHERE `fid` > 0  [ RunTime:0.0000s ]
NOTIC: [8] Undefined index: status E:\www\ssyp\Apps\Admin\Controller\BaseController.class.php 第 42 行.
SQL: SELECT `role_id`,`realname`,`login_number` FROM `xgs_admin` WHERE ( id="1" ) LIMIT 1   [ RunTime:0.0000s ]
SQL: SELECT `power`,`role_name` FROM `xgs_role` WHERE ( id="-1" ) LIMIT 1   [ RunTime:0.0000s ]
SQL: SELECT * FROM `xgs_power` WHERE `fid` > 0  [ RunTime:0.0000s ]
NOTIC: [8] Undefined index: status E:\www\ssyp\Apps\Admin\Controller\BaseController.class.php 第 42 行.
SQL: SHOW COLUMNS FROM `xgs_phrase` [ RunTime:0.0060s ]
SQL: SELECT * FROM `xgs_phrase` ORDER BY order_num desc  [ RunTime:0.0000s ]
INFO: [ view_parse ] --START--
INFO: [ template_filter ] --START--
INFO: Run Behavior\ContentReplaceBehavior [ RunTime:0.000000s ]
INFO: [ template_filter ] --END-- [ RunTime:0.000000s ]
NOTIC: [8] Undefined index: headimgurl E:\www\ssyp\Apps\Runtime\Cache\Admin\a2bb7e44912bab4982f4309d6a11106f.php 第 77 行.
NOTIC: [8] Undefined variable: page E:\www\ssyp\Apps\Runtime\Cache\Admin\a2bb7e44912bab4982f4309d6a11106f.php 第 155 行.
INFO: Run Behavior\ParseTemplateBehavior [ RunTime:0.020002s ]
INFO: [ view_parse ] --END-- [ RunTime:0.020002s ]
INFO: [ view_filter ] --START--
INFO: Run Behavior\WriteHtmlCacheBehavior [ RunTime:0.000000s ]
INFO: [ view_filter ] --END-- [ RunTime:0.000000s ]
INFO: [ app_end ] --START--
INFO: Run Behavior\ShowPageTraceBehavior [ RunTime:0.000000s ]
INFO: [ app_end ] --END-- [ RunTime:0.000000s ]

[ 2018-01-30T11:36:10+08:00 ] 127.0.0.1 /ssyp/index.php/Admin/Config/news
INFO: [ app_init ] --START--
INFO: Run Behavior\BuildLiteBehavior [ RunTime:0.000000s ]
INFO: [ app_init ] --END-- [ RunTime:0.000000s ]
INFO: [ app_begin ] --START--
INFO: Run Behavior\ReadHtmlCacheBehavior [ RunTime:0.001000s ]
INFO: [ app_begin ] --END-- [ RunTime:0.001000s ]
SQL: SHOW COLUMNS FROM `xgs_admin` [ RunTime:0.0050s ]
SQL: SELECT `role_id`,`realname`,`login_number` FROM `xgs_admin` WHERE ( id="1" ) LIMIT 1   [ RunTime:0.0010s ]
SQL: SHOW COLUMNS FROM `xgs_role` [ RunTime:0.0040s ]
SQL: SELECT `power`,`role_name` FROM `xgs_role` WHERE ( id="-1" ) LIMIT 1   [ RunTime:0.0000s ]
SQL: SHOW COLUMNS FROM `xgs_power` [ RunTime:0.0040s ]
SQL: SELECT * FROM `xgs_power` WHERE `fid` > 0  [ RunTime:0.0010s ]
NOTIC: [8] Undefined index: status E:\www\ssyp\Apps\Admin\Controller\BaseController.class.php 第 42 行.
SQL: SHOW COLUMNS FROM `xgs_news` [ RunTime:0.0040s ]
SQL: SELECT * FROM `xgs_news` LIMIT 1   [ RunTime:0.0010s ]
INFO: [ view_parse ] --START--
INFO: [ template_filter ] --START--
INFO: Run Behavior\ContentReplaceBehavior [ RunTime:0.000000s ]
INFO: [ template_filter ] --END-- [ RunTime:0.000000s ]
NOTIC: [8] Undefined index: headimgurl E:\www\ssyp\Apps\Runtime\Cache\Admin\3a379a09a9df6073e22fb6af197689ef.php 第 80 行.
INFO: Run Behavior\ParseTemplateBehavior [ RunTime:0.012001s ]
INFO: [ view_parse ] --END-- [ RunTime:0.012001s ]
INFO: [ view_filter ] --START--
INFO: Run Behavior\WriteHtmlCacheBehavior [ RunTime:0.000000s ]
INFO: [ view_filter ] --END-- [ RunTime:0.000000s ]
INFO: [ app_end ] --START--
INFO: Run Behavior\ShowPageTraceBehavior [ RunTime:0.001000s ]
INFO: [ app_end ] --END-- [ RunTime:0.001000s ]

[ 2018-01-30T14:37:37+08:00 ] 127.0.0.1 /ssyp/index.php/Admin/Product/index
INFO: [ app_init ] --START--
INFO: Run Behavior\BuildLiteBehavior [ RunTime:0.000000s ]
INFO: [ app_init ] --END-- [ RunTime:0.000000s ]
INFO: [ app_begin ] --START--
INFO: Run Behavior\ReadHtmlCacheBehavior [ RunTime:0.001000s ]
INFO: [ app_begin ] --END-- [ RunTime:0.001000s ]
SQL: SHOW COLUMNS FROM `xgs_admin` [ RunTime:0.0080s ]
SQL: SELECT `role_id`,`realname`,`login_number` FROM `xgs_admin` WHERE ( id="1" ) LIMIT 1   [ RunTime:0.0010s ]
SQL: SHOW COLUMNS FROM `xgs_role` [ RunTime:0.0070s ]
SQL: SELECT `power`,`role_name` FROM `xgs_role` WHERE ( id="-1" ) LIMIT 1   [ RunTime:0.0000s ]
SQL: SHOW COLUMNS FROM `xgs_power` [ RunTime:0.0060s ]
SQL: SELECT * FROM `xgs_power` WHERE `fid` > 0  [ RunTime:0.0000s ]
NOTIC: [8] Undefined index: status E:\www\ssyp\Apps\Admin\Controller\BaseController.class.php 第 42 行.
SQL: SHOW COLUMNS FROM `xgs_product` [ RunTime:0.0440s ]
SQL: SELECT COUNT(p.id) AS tp_count FROM xgs_product p left JOIN xgs_category as cs on cs.id = status  LIMIT 1   [ RunTime:0.0110s ]
SQL: SELECT p.*,cs.c_name as status_str FROM xgs_product p left JOIN xgs_category as cs on cs.id = status  ORDER BY p.id desc LIMIT 0,20   [ RunTime:0.0000s ]
SQL: SHOW COLUMNS FROM `xgs_norms` [ RunTime:0.0180s ]
SQL: SHOW COLUMNS FROM `xgs_category` [ RunTime:0.0040s ]
SQL: SELECT * FROM `xgs_category` WHERE ( id in (9) )  [ RunTime:0.0000s ]
SQL: SELECT op.ord_number,o.status FROM xgs_product p INNER JOIN xgs_norms as n on n.pro_id = p.id INNER JOIN xgs_ordpro as op on n.id=op.norms_id INNER JOIN xgs_orders as o on op.ord_id=o.id  WHERE o.pub_time BETWEEN '0 ' AND ' 9999999999' AND p.id = '2'  [ RunTime:0.0210s ]
SQL: SELECT * FROM `xgs_norms` WHERE ( pro_id="2" )  [ RunTime:0.0010s ]
SQL: SELECT * FROM `xgs_category` WHERE ( id in (9) )  [ RunTime:0.0000s ]
SQL: SELECT op.ord_number,o.status FROM xgs_product p INNER JOIN xgs_norms as n on n.pro_id = p.id INNER JOIN xgs_ordpro as op on n.id=op.norms_id INNER JOIN xgs_orders as o on op.ord_id=o.id  WHERE o.pub_time BETWEEN '0 ' AND ' 9999999999' AND p.id = '1'  [ RunTime:0.0000s ]
SQL: SELECT * FROM `xgs_norms` WHERE ( pro_id="1" )  [ RunTime:0.0000s ]
SQL: SELECT op.ord_number,o.status FROM xgs_product p INNER JOIN xgs_norms as n on n.pro_id = p.id INNER JOIN xgs_ordpro as op on n.id=op.norms_id INNER JOIN xgs_orders as o on op.ord_id=o.id  WHERE o.pub_time BETWEEN '0 ' AND ' 9999999999'  [ RunTime:0.0000s ]
SQL: SELECT SUM(number_norms) AS tp_sum FROM xgs_product p INNER JOIN xgs_norms as c on p.id = pro_id  LIMIT 1   [ RunTime:0.0000s ]
INFO: [ view_parse ] --START--
INFO: [ template_filter ] --START--
INFO: Run Behavior\ContentReplaceBehavior [ RunTime:0.000000s ]
INFO: [ template_filter ] --END-- [ RunTime:0.000000s ]
NOTIC: [8] Undefined index: headimgurl E:\www\ssyp\Apps\Runtime\Cache\Admin\ff5284c55541268002e4c7802b5ab64b.php 第 77 行.
NOTIC: [8] Undefined index: p_pub_time_where_1 E:\www\ssyp\Apps\Runtime\Cache\Admin\ff5284c55541268002e4c7802b5ab64b.php 第 142 行.
NOTIC: [8] Undefined index: p_pub_time_where_2 E:\www\ssyp\Apps\Runtime\Cache\Admin\ff5284c55541268002e4c7802b5ab64b.php 第 143 行.
NOTIC: [8] Undefined index: supply_where E:\www\ssyp\Apps\Runtime\Cache\Admin\ff5284c55541268002e4c7802b5ab64b.php 第 151 行.
NOTIC: [8] Undefined index: start E:\www\ssyp\Apps\Runtime\Cache\Admin\ff5284c55541268002e4c7802b5ab64b.php 第 158 行.
NOTIC: [8] Undefined index: end E:\www\ssyp\Apps\Runtime\Cache\Admin\ff5284c55541268002e4c7802b5ab64b.php 第 159 行.
INFO: Run Behavior\ParseTemplateBehavior [ RunTime:0.024001s ]
INFO: [ view_parse ] --END-- [ RunTime:0.024001s ]
INFO: [ view_filter ] --START--
INFO: Run Behavior\WriteHtmlCacheBehavior [ RunTime:0.000000s ]
INFO: [ view_filter ] --END-- [ RunTime:0.000000s ]
INFO: [ app_end ] --START--
INFO: Run Behavior\ShowPageTraceBehavior [ RunTime:0.000000s ]
INFO: [ app_end ] --END-- [ RunTime:0.000000s ]

[ 2018-01-30T14:37:39+08:00 ] 127.0.0.1 /ssyp/index.php/Admin/Product/update/id/2
INFO: [ app_init ] --START--
INFO: Run Behavior\BuildLiteBehavior [ RunTime:0.000000s ]
INFO: [ app_init ] --END-- [ RunTime:0.001000s ]
INFO: [ app_begin ] --START--
INFO: Run Behavior\ReadHtmlCacheBehavior [ RunTime:0.001000s ]
INFO: [ app_begin ] --END-- [ RunTime:0.002000s ]
SQL: SHOW COLUMNS FROM `xgs_admin` [ RunTime:0.0040s ]
SQL: SELECT `role_id`,`realname`,`login_number` FROM `xgs_admin` WHERE ( id="1" ) LIMIT 1   [ RunTime:0.0010s ]
SQL: SHOW COLUMNS FROM `xgs_role` [ RunTime:0.0040s ]
SQL: SELECT `power`,`role_name` FROM `xgs_role` WHERE ( id="-1" ) LIMIT 1   [ RunTime:0.0000s ]
SQL: SHOW COLUMNS FROM `xgs_power` [ RunTime:0.0040s ]
SQL: SELECT * FROM `xgs_power` WHERE `fid` > 0  [ RunTime:0.0000s ]
NOTIC: [8] Undefined index: status E:\www\ssyp\Apps\Admin\Controller\BaseController.class.php 第 42 行.
SQL: SHOW COLUMNS FROM `xgs_product` [ RunTime:0.0040s ]
SQL: SELECT * FROM `xgs_product` WHERE ( id="2" ) LIMIT 1   [ RunTime:0.0000s ]
SQL: SHOW COLUMNS FROM `xgs_seller` [ RunTime:0.0040s ]
SQL: SELECT `cat_list` FROM `xgs_seller` WHERE ( id="0" ) LIMIT 1   [ RunTime:0.0000s ]
SQL: SHOW COLUMNS FROM `xgs_category` [ RunTime:0.0050s ]
SQL: SELECT `id`,`c_name` FROM `xgs_category` WHERE `fid` = 0 AND `c_status` = 1  [ RunTime:0.0000s ]
SQL: SELECT * FROM `xgs_category` WHERE `c_status` = 2  [ RunTime:0.0010s ]
NOTIC: [2] Invalid argument supplied for foreach() E:\www\ssyp\Apps\Admin\Controller\ProductController.class.php 第 165 行.
NOTIC: [2] Invalid argument supplied for foreach() E:\www\ssyp\Apps\Admin\Controller\ProductController.class.php 第 165 行.
SQL: SHOW COLUMNS FROM `xgs_images` [ RunTime:0.0180s ]
SQL: SELECT * FROM `xgs_images` WHERE ( pro_id="2" )  [ RunTime:0.0000s ]
INFO: [ view_parse ] --START--
INFO: [ template_filter ] --START--
INFO: Run Behavior\ContentReplaceBehavior [ RunTime:0.000000s ]
INFO: [ template_filter ] --END-- [ RunTime:0.000000s ]
NOTIC: [8] Undefined index: headimgurl E:\www\ssyp\Apps\Runtime\Cache\Admin\1bbd7ffe3d3dbbde704dd2b8084d10cc.php 第 86 行.
NOTIC: [8] Undefined index: supply E:\www\ssyp\Apps\Runtime\Cache\Admin\1bbd7ffe3d3dbbde704dd2b8084d10cc.php 第 179 行.
NOTIC: [8] Undefined index: pro_images E:\www\ssyp\Apps\Runtime\Cache\Admin\1bbd7ffe3d3dbbde704dd2b8084d10cc.php 第 401 行.
INFO: Run Behavior\ParseTemplateBehavior [ RunTime:0.043002s ]
INFO: [ view_parse ] --END-- [ RunTime:0.043002s ]
INFO: [ view_filter ] --START--
INFO: Run Behavior\WriteHtmlCacheBehavior [ RunTime:0.001000s ]
INFO: [ view_filter ] --END-- [ RunTime:0.001000s ]
INFO: [ app_end ] --START--
INFO: Run Behavior\ShowPageTraceBehavior [ RunTime:0.001000s ]
INFO: [ app_end ] --END-- [ RunTime:0.001000s ]

[ 2018-01-30T17:41:41+08:00 ] 127.0.0.1 /ssyp/index.php/Admin/coupon
INFO: [ app_init ] --START--
INFO: Run Behavior\BuildLiteBehavior [ RunTime:0.000000s ]
INFO: [ app_init ] --END-- [ RunTime:0.001000s ]
INFO: [ app_begin ] --START--
INFO: Run Behavior\ReadHtmlCacheBehavior [ RunTime:0.000000s ]
INFO: [ app_begin ] --END-- [ RunTime:0.000000s ]
SQL: SHOW COLUMNS FROM `ssyp_admin` [ RunTime:0.0610s ]
SQL: SELECT `role_id`,`realname`,`login_number` FROM `ssyp_admin` WHERE ( id="1" ) LIMIT 1   [ RunTime:0.0610s ]
SQL: SHOW COLUMNS FROM `ssyp_role` [ RunTime:0.0600s ]
SQL: SELECT `power`,`role_name` FROM `ssyp_role` WHERE ( id="-1" ) LIMIT 1   [ RunTime:0.0600s ]
SQL: SHOW COLUMNS FROM `ssyp_power` [ RunTime:0.0610s ]
SQL: SELECT * FROM `ssyp_power` WHERE `fid` > 0  [ RunTime:0.0600s ]
NOTIC: [8] Undefined index: status E:\www\ssyp\Apps\Admin\Controller\BaseController.class.php 第 42 行.
SQL: SHOW COLUMNS FROM `ssyp_coupon` [ RunTime:0.0610s ]
SQL: SELECT COUNT(id) AS tp_count FROM `ssyp_coupon` LIMIT 1   [ RunTime:0.0600s ]
SQL: SELECT * FROM `ssyp_coupon` ORDER BY id desc LIMIT 0,20   [ RunTime:0.0600s ]
INFO: [ view_parse ] --START--
INFO: [ template_filter ] --START--
INFO: Run Behavior\ContentReplaceBehavior [ RunTime:0.000000s ]
INFO: [ template_filter ] --END-- [ RunTime:0.000000s ]
NOTIC: [8] Undefined index: headimgurl E:\www\ssyp\Apps\Runtime\Cache\Admin\8686936d28a6b3e64b15b96c436d7ec4.php 第 70 行.
NOTIC: [8] Undefined variable: navigate_admin E:\www\ssyp\Apps\Runtime\Cache\Admin\8686936d28a6b3e64b15b96c436d7ec4.php 第 136 行.
NOTIC: [8] Use of undefined constant type - assumed 'type' E:\www\ssyp\Apps\Runtime\Cache\Admin\8686936d28a6b3e64b15b96c436d7ec4.php 第 186 行.
NOTIC: [8] Undefined variable: coupons E:\www\ssyp\Apps\Runtime\Cache\Admin\8686936d28a6b3e64b15b96c436d7ec4.php 第 186 行.
NOTIC: [8] Use of undefined constant type - assumed 'type' E:\www\ssyp\Apps\Runtime\Cache\Admin\8686936d28a6b3e64b15b96c436d7ec4.php 第 194 行.
NOTIC: [8] Use of undefined constant type - assumed 'type' E:\www\ssyp\Apps\Runtime\Cache\Admin\8686936d28a6b3e64b15b96c436d7ec4.php 第 195 行.
NOTIC: [8] Use of undefined constant id - assumed 'id' E:\www\ssyp\Apps\Runtime\Cache\Admin\8686936d28a6b3e64b15b96c436d7ec4.php 第 196 行.
NOTIC: [8] Use of undefined constant type - assumed 'type' E:\www\ssyp\Apps\Runtime\Cache\Admin\8686936d28a6b3e64b15b96c436d7ec4.php 第 186 行.
NOTIC: [8] Undefined variable: coupons E:\www\ssyp\Apps\Runtime\Cache\Admin\8686936d28a6b3e64b15b96c436d7ec4.php 第 186 行.
NOTIC: [8] Use of undefined constant type - assumed 'type' E:\www\ssyp\Apps\Runtime\Cache\Admin\8686936d28a6b3e64b15b96c436d7ec4.php 第 194 行.
NOTIC: [8] Use of undefined constant type - assumed 'type' E:\www\ssyp\Apps\Runtime\Cache\Admin\8686936d28a6b3e64b15b96c436d7ec4.php 第 195 行.
NOTIC: [8] Use of undefined constant id - assumed 'id' E:\www\ssyp\Apps\Runtime\Cache\Admin\8686936d28a6b3e64b15b96c436d7ec4.php 第 196 行.
INFO: Run Behavior\ParseTemplateBehavior [ RunTime:0.030002s ]
INFO: [ view_parse ] --END-- [ RunTime:0.030002s ]
INFO: [ view_filter ] --START--
INFO: Run Behavior\WriteHtmlCacheBehavior [ RunTime:0.001000s ]
INFO: [ view_filter ] --END-- [ RunTime:0.001000s ]
INFO: [ app_end ] --START--
INFO: Run Behavior\ShowPageTraceBehavior [ RunTime:0.001000s ]
INFO: [ app_end ] --END-- [ RunTime:0.001000s ]

