[ 2018-03-30T13:31:35+08:00 ] ::1 /ssyp/
INFO: [ app_init ] --START--
INFO: Run Behavior\BuildLiteBehavior [ RunTime:0.000022s ]
INFO: [ app_init ] --END-- [ RunTime:0.001310s ]
INFO: [ app_begin ] --START--
INFO: Run Behavior\ReadHtmlCacheBehavior [ RunTime:0.001473s ]
INFO: [ app_begin ] --END-- [ RunTime:0.001520s ]

[ 2018-03-30T13:31:35+08:00 ] ::1 /ssyp/index.php/Admin/Common/login.html
INFO: [ app_init ] --START--
INFO: Run Behavior\BuildLiteBehavior [ RunTime:0.000008s ]
INFO: [ app_init ] --END-- [ RunTime:0.000756s ]
INFO: [ app_begin ] --START--
INFO: Run Behavior\ReadHtmlCacheBehavior [ RunTime:0.000849s ]
INFO: [ app_begin ] --END-- [ RunTime:0.000886s ]
INFO: [ view_parse ] --START--
INFO: [ template_filter ] --START--
INFO: Run Behavior\ContentReplaceBehavior [ RunTime:0.000086s ]
INFO: [ template_filter ] --END-- [ RunTime:0.000129s ]
INFO: Run Behavior\ParseTemplateBehavior [ RunTime:0.013379s ]
INFO: [ view_parse ] --END-- [ RunTime:0.013467s ]
INFO: [ view_filter ] --START--
INFO: Run Behavior\WriteHtmlCacheBehavior [ RunTime:0.001486s ]
INFO: [ view_filter ] --END-- [ RunTime:0.001515s ]
INFO: [ app_end ] --START--
INFO: Run Behavior\ShowPageTraceBehavior [ RunTime:0.001352s ]
INFO: [ app_end ] --END-- [ RunTime:0.001380s ]

[ 2018-03-30T13:31:51+08:00 ] ::1 /ssyp/index.php/Admin/Common/check
INFO: [ app_init ] --START--
INFO: Run Behavior\BuildLiteBehavior [ RunTime:0.000030s ]
INFO: [ app_init ] --END-- [ RunTime:0.001297s ]
INFO: [ app_begin ] --START--
INFO: Run Behavior\ReadHtmlCacheBehavior [ RunTime:0.002081s ]
INFO: [ app_begin ] --END-- [ RunTime:0.002244s ]
SQL: SHOW COLUMNS FROM `ssyp_admin` [ RunTime:0.0177s ]
SQL: SELECT `id`,`cat_shop` FROM `ssyp_admin` WHERE `phone` = '1321306234' AND `password` = 'e10adc3949ba59abbe56e057f20f883e' LIMIT 1   [ RunTime:0.0004s ]
SQL: SELECT COUNT(id) AS tp_count FROM `ssyp_admin` WHERE ( phone="1321306234" ) LIMIT 1   [ RunTime:0.0002s ]

[ 2018-03-30T13:32:26+08:00 ] ::1 /ssyp/index.php/Admin/Common/check
INFO: [ app_init ] --START--
INFO: Run Behavior\BuildLiteBehavior [ RunTime:0.000011s ]
INFO: [ app_init ] --END-- [ RunTime:0.001450s ]
INFO: [ app_begin ] --START--
INFO: Run Behavior\ReadHtmlCacheBehavior [ RunTime:0.002701s ]
INFO: [ app_begin ] --END-- [ RunTime:0.002760s ]
SQL: SHOW COLUMNS FROM `ssyp_admin` [ RunTime:0.0153s ]
SQL: SELECT `id`,`cat_shop` FROM `ssyp_admin` WHERE `phone` = '18647971785' AND `password` = 'e10adc3949ba59abbe56e057f20f883e' LIMIT 1   [ RunTime:0.0005s ]
SQL: UPDATE `ssyp_admin` SET `login_ip`='::1',`login_time`='1522387946' WHERE ( id="1" ) [ RunTime:0.0033s ]
SQL: UPDATE `ssyp_admin` SET `login_number`=login_number+1 WHERE ( id="1" ) [ RunTime:0.0031s ]

[ 2018-03-30T13:32:27+08:00 ] ::1 /ssyp/index.php/Admin/Index/index.html
INFO: [ app_init ] --START--
INFO: Run Behavior\BuildLiteBehavior [ RunTime:0.000010s ]
INFO: [ app_init ] --END-- [ RunTime:0.001966s ]
INFO: [ app_begin ] --START--
INFO: Run Behavior\ReadHtmlCacheBehavior [ RunTime:0.002583s ]
INFO: [ app_begin ] --END-- [ RunTime:0.002695s ]
SQL: SHOW COLUMNS FROM `ssyp_admin` [ RunTime:0.0236s ]
SQL: SELECT `role_id`,`realname`,`login_number` FROM `ssyp_admin` WHERE ( id="1" ) LIMIT 1   [ RunTime:0.0004s ]
SQL: SHOW COLUMNS FROM `ssyp_role` [ RunTime:0.0266s ]
SQL: SELECT `power`,`role_name` FROM `ssyp_role` WHERE ( id="-1" ) LIMIT 1   [ RunTime:0.0008s ]
SQL: SHOW COLUMNS FROM `ssyp_power` [ RunTime:0.0149s ]
SQL: SELECT * FROM `ssyp_power` WHERE `fid` > 0  [ RunTime:0.0005s ]
NOTIC: [8] Undefined index: status D:\PHPstudy\WWW\ssyp\Apps\Admin\Controller\BaseController.class.php 第 42 行.
INFO: [ view_parse ] --START--
INFO: [ template_filter ] --START--
INFO: Run Behavior\ContentReplaceBehavior [ RunTime:0.000111s ]
INFO: [ template_filter ] --END-- [ RunTime:0.000149s ]
NOTIC: [8] Undefined index: headimgurl D:\PHPstudy\WWW\ssyp\Apps\Runtime\Cache\Admin\859e94050170c96367cb52465a51a945.php 第 70 行.
INFO: Run Behavior\ParseTemplateBehavior [ RunTime:0.025100s ]
INFO: [ view_parse ] --END-- [ RunTime:0.025137s ]
INFO: [ view_filter ] --START--
INFO: Run Behavior\WriteHtmlCacheBehavior [ RunTime:0.002194s ]
INFO: [ view_filter ] --END-- [ RunTime:0.002234s ]
INFO: [ app_end ] --START--
INFO: Run Behavior\ShowPageTraceBehavior [ RunTime:0.002334s ]
INFO: [ app_end ] --END-- [ RunTime:0.002373s ]

[ 2018-03-30T13:33:04+08:00 ] ::1 /ssyp/index.php/Admin/Orders/index
INFO: [ app_init ] --START--
INFO: Run Behavior\BuildLiteBehavior [ RunTime:0.000009s ]
INFO: [ app_init ] --END-- [ RunTime:0.001695s ]
INFO: [ app_begin ] --START--
INFO: Run Behavior\ReadHtmlCacheBehavior [ RunTime:0.002928s ]
INFO: [ app_begin ] --END-- [ RunTime:0.002980s ]
SQL: SHOW COLUMNS FROM `ssyp_admin` [ RunTime:0.0098s ]
SQL: SELECT `role_id`,`realname`,`login_number` FROM `ssyp_admin` WHERE ( id="1" ) LIMIT 1   [ RunTime:0.0004s ]
SQL: SHOW COLUMNS FROM `ssyp_role` [ RunTime:0.0098s ]
SQL: SELECT `power`,`role_name` FROM `ssyp_role` WHERE ( id="-1" ) LIMIT 1   [ RunTime:0.0003s ]
SQL: SHOW COLUMNS FROM `ssyp_power` [ RunTime:0.0098s ]
SQL: SELECT * FROM `ssyp_power` WHERE `fid` > 0  [ RunTime:0.0005s ]
NOTIC: [8] Undefined index: status D:\PHPstudy\WWW\ssyp\Apps\Admin\Controller\BaseController.class.php 第 42 行.
NOTIC: [8] Undefined index: id D:\PHPstudy\WWW\ssyp\Apps\Admin\Controller\OrdersController.class.php 第 97 行.
NOTIC: [8] Undefined index: bh D:\PHPstudy\WWW\ssyp\Apps\Admin\Controller\OrdersController.class.php 第 102 行.
NOTIC: [8] Undefined index: pub_time_start D:\PHPstudy\WWW\ssyp\Apps\Admin\Controller\OrdersController.class.php 第 107 行.
NOTIC: [8] Undefined index: pub_time_end D:\PHPstudy\WWW\ssyp\Apps\Admin\Controller\OrdersController.class.php 第 113 行.
NOTIC: [8] Undefined index: status D:\PHPstudy\WWW\ssyp\Apps\Admin\Controller\OrdersController.class.php 第 118 行.
SQL: SHOW COLUMNS FROM `ssyp_orders` [ RunTime:0.0108s ]
SQL: SELECT COUNT(id) AS tp_count FROM ssyp_orders o LIMIT 1   [ RunTime:0.0003s ]
SQL: SELECT * FROM `ssyp_orders` ORDER BY id desc LIMIT 0,20   [ RunTime:0.0004s ]
SQL: SHOW COLUMNS FROM `ssyp_ordpro` [ RunTime:0.0097s ]
SQL: SELECT op.*,p.name,n.*,`symbol` FROM ssyp_ordpro op INNER JOIN ssyp_norms as n on n.id=norms_id INNER JOIN ssyp_product as p on p.id=n.pro_id  WHERE ( ord_id in (1) )  [ RunTime:0.0004s ]
SQL: SELECT SUM(ord_money) AS tp_sum FROM `ssyp_orders` LIMIT 1   [ RunTime:0.0010s ]
SQL: SELECT SUM(score_money) AS tp_sum FROM `ssyp_orders` LIMIT 1   [ RunTime:0.0002s ]
SQL: SELECT SUM(mail_price) AS tp_sum FROM `ssyp_orders` LIMIT 1   [ RunTime:0.0002s ]
INFO: [ view_parse ] --START--
INFO: [ template_filter ] --START--
INFO: Run Behavior\ContentReplaceBehavior [ RunTime:0.000170s ]
INFO: [ template_filter ] --END-- [ RunTime:0.000213s ]
NOTIC: [8] Undefined index: headimgurl D:\PHPstudy\WWW\ssyp\Apps\Runtime\Cache\Admin\52faf28ae49279dbf722132b13777e34.php 第 74 行.
NOTIC: [8] Undefined variable: id D:\PHPstudy\WWW\ssyp\Apps\Runtime\Cache\Admin\52faf28ae49279dbf722132b13777e34.php 第 137 行.
NOTIC: [8] Undefined variable: bh D:\PHPstudy\WWW\ssyp\Apps\Runtime\Cache\Admin\52faf28ae49279dbf722132b13777e34.php 第 144 行.
NOTIC: [8] Undefined variable: start D:\PHPstudy\WWW\ssyp\Apps\Runtime\Cache\Admin\52faf28ae49279dbf722132b13777e34.php 第 151 行.
NOTIC: [8] Undefined variable: end D:\PHPstudy\WWW\ssyp\Apps\Runtime\Cache\Admin\52faf28ae49279dbf722132b13777e34.php 第 152 行.
NOTIC: [8] Undefined variable: status D:\PHPstudy\WWW\ssyp\Apps\Runtime\Cache\Admin\52faf28ae49279dbf722132b13777e34.php 第 161 行.
NOTIC: [8] Undefined variable: status D:\PHPstudy\WWW\ssyp\Apps\Runtime\Cache\Admin\52faf28ae49279dbf722132b13777e34.php 第 162 行.
NOTIC: [8] Undefined variable: status D:\PHPstudy\WWW\ssyp\Apps\Runtime\Cache\Admin\52faf28ae49279dbf722132b13777e34.php 第 163 行.
NOTIC: [8] Undefined variable: status D:\PHPstudy\WWW\ssyp\Apps\Runtime\Cache\Admin\52faf28ae49279dbf722132b13777e34.php 第 164 行.
NOTIC: [8] Undefined variable: status D:\PHPstudy\WWW\ssyp\Apps\Runtime\Cache\Admin\52faf28ae49279dbf722132b13777e34.php 第 165 行.
INFO: Run Behavior\ParseTemplateBehavior [ RunTime:0.022072s ]
INFO: [ view_parse ] --END-- [ RunTime:0.022106s ]
INFO: [ view_filter ] --START--
INFO: Run Behavior\WriteHtmlCacheBehavior [ RunTime:0.003012s ]
INFO: [ view_filter ] --END-- [ RunTime:0.003050s ]
INFO: [ app_end ] --START--
INFO: Run Behavior\ShowPageTraceBehavior [ RunTime:0.003256s ]
INFO: [ app_end ] --END-- [ RunTime:0.003323s ]

[ 2018-03-30T13:33:23+08:00 ] ::1 /ssyp/index.php/Admin/Orders/detail/id/1
INFO: [ app_init ] --START--
INFO: Run Behavior\BuildLiteBehavior [ RunTime:0.000010s ]
INFO: [ app_init ] --END-- [ RunTime:0.001694s ]
INFO: [ app_begin ] --START--
INFO: Run Behavior\ReadHtmlCacheBehavior [ RunTime:0.002694s ]
INFO: [ app_begin ] --END-- [ RunTime:0.002743s ]
SQL: SHOW COLUMNS FROM `ssyp_admin` [ RunTime:0.0245s ]
SQL: SELECT `role_id`,`realname`,`login_number` FROM `ssyp_admin` WHERE ( id="1" ) LIMIT 1   [ RunTime:0.0003s ]
SQL: SHOW COLUMNS FROM `ssyp_role` [ RunTime:0.0163s ]
SQL: SELECT `power`,`role_name` FROM `ssyp_role` WHERE ( id="-1" ) LIMIT 1   [ RunTime:0.0003s ]
SQL: SHOW COLUMNS FROM `ssyp_power` [ RunTime:0.0109s ]
SQL: SELECT * FROM `ssyp_power` WHERE `fid` > 0  [ RunTime:0.0004s ]
NOTIC: [8] Undefined index: status D:\PHPstudy\WWW\ssyp\Apps\Admin\Controller\BaseController.class.php 第 42 行.
SQL: SHOW COLUMNS FROM `ssyp_ordpro` [ RunTime:0.0099s ]
SQL: SHOW COLUMNS FROM `ssyp_orders` [ RunTime:0.0100s ]
SQL: SELECT * FROM `ssyp_orders` WHERE ( id="1" ) LIMIT 1   [ RunTime:0.0004s ]
SQL: SHOW COLUMNS FROM `ssyp_pay` [ RunTime:0.0095s ]
SQL: SELECT * FROM `ssyp_pay` WHERE ( attach="1" ) LIMIT 1   [ RunTime:0.0003s ]
SQL: SELECT op.*,p.name,p.wx_image,n.* FROM ssyp_ordpro op INNER JOIN ssyp_norms as n on n.id=norms_id INNER JOIN ssyp_product as p on p.id=n.pro_id  WHERE ( ord_id="1" )  [ RunTime:0.0003s ]
INFO: [ view_parse ] --START--
INFO: [ template_filter ] --START--
INFO: Run Behavior\ContentReplaceBehavior [ RunTime:0.000176s ]
INFO: [ template_filter ] --END-- [ RunTime:0.000227s ]
NOTIC: [8] Undefined index: headimgurl D:\PHPstudy\WWW\ssyp\Apps\Runtime\Cache\Admin\bd8089038e2c4a8d4fa8848d960cdbe5.php 第 78 行.
INFO: Run Behavior\ParseTemplateBehavior [ RunTime:0.021592s ]
INFO: [ view_parse ] --END-- [ RunTime:0.021624s ]
INFO: [ view_filter ] --START--
INFO: Run Behavior\WriteHtmlCacheBehavior [ RunTime:0.002614s ]
INFO: [ view_filter ] --END-- [ RunTime:0.002650s ]
INFO: [ app_end ] --START--
INFO: Run Behavior\ShowPageTraceBehavior [ RunTime:0.002843s ]
INFO: [ app_end ] --END-- [ RunTime:0.002885s ]

[ 2018-03-30T13:37:33+08:00 ] ::1 /ssyp/index.php/Admin/Orders/index
INFO: [ app_init ] --START--
INFO: Run Behavior\BuildLiteBehavior [ RunTime:0.000009s ]
INFO: [ app_init ] --END-- [ RunTime:0.000978s ]
INFO: [ app_begin ] --START--
INFO: Run Behavior\ReadHtmlCacheBehavior [ RunTime:0.001243s ]
INFO: [ app_begin ] --END-- [ RunTime:0.001292s ]
SQL: SHOW COLUMNS FROM `ssyp_admin` [ RunTime:0.0098s ]
SQL: SELECT `role_id`,`realname`,`login_number` FROM `ssyp_admin` WHERE ( id="1" ) LIMIT 1   [ RunTime:0.0004s ]
SQL: SHOW COLUMNS FROM `ssyp_role` [ RunTime:0.0105s ]
SQL: SELECT `power`,`role_name` FROM `ssyp_role` WHERE ( id="-1" ) LIMIT 1   [ RunTime:0.0003s ]
SQL: SHOW COLUMNS FROM `ssyp_power` [ RunTime:0.0114s ]
SQL: SELECT * FROM `ssyp_power` WHERE `fid` > 0  [ RunTime:0.0005s ]
NOTIC: [8] Undefined index: status D:\PHPstudy\WWW\ssyp\Apps\Admin\Controller\BaseController.class.php 第 42 行.
NOTIC: [8] Undefined index: id D:\PHPstudy\WWW\ssyp\Apps\Admin\Controller\OrdersController.class.php 第 97 行.
NOTIC: [8] Undefined index: bh D:\PHPstudy\WWW\ssyp\Apps\Admin\Controller\OrdersController.class.php 第 102 行.
NOTIC: [8] Undefined index: pub_time_start D:\PHPstudy\WWW\ssyp\Apps\Admin\Controller\OrdersController.class.php 第 107 行.
NOTIC: [8] Undefined index: pub_time_end D:\PHPstudy\WWW\ssyp\Apps\Admin\Controller\OrdersController.class.php 第 113 行.
NOTIC: [8] Undefined index: status D:\PHPstudy\WWW\ssyp\Apps\Admin\Controller\OrdersController.class.php 第 118 行.
SQL: SHOW COLUMNS FROM `ssyp_orders` [ RunTime:0.0157s ]
SQL: SELECT COUNT(id) AS tp_count FROM ssyp_orders o LIMIT 1   [ RunTime:0.0004s ]
SQL: SELECT * FROM `ssyp_orders` ORDER BY id desc LIMIT 0,20   [ RunTime:0.0003s ]
SQL: SHOW COLUMNS FROM `ssyp_ordpro` [ RunTime:0.0100s ]
SQL: SELECT op.*,p.name,n.*,`symbol` FROM ssyp_ordpro op INNER JOIN ssyp_norms as n on n.id=norms_id INNER JOIN ssyp_product as p on p.id=n.pro_id  WHERE ( ord_id in (1) )  [ RunTime:0.0004s ]
SQL: SELECT SUM(ord_money) AS tp_sum FROM `ssyp_orders` LIMIT 1   [ RunTime:0.0002s ]
SQL: SELECT SUM(score_money) AS tp_sum FROM `ssyp_orders` LIMIT 1   [ RunTime:0.0002s ]
SQL: SELECT SUM(mail_price) AS tp_sum FROM `ssyp_orders` LIMIT 1   [ RunTime:0.0002s ]
INFO: [ view_parse ] --START--
INFO: [ template_filter ] --START--
INFO: Run Behavior\ContentReplaceBehavior [ RunTime:0.000181s ]
INFO: [ template_filter ] --END-- [ RunTime:0.000258s ]
NOTIC: [8] Undefined index: headimgurl D:\PHPstudy\WWW\ssyp\Apps\Runtime\Cache\Admin\52faf28ae49279dbf722132b13777e34.php 第 74 行.
NOTIC: [8] Undefined variable: id D:\PHPstudy\WWW\ssyp\Apps\Runtime\Cache\Admin\52faf28ae49279dbf722132b13777e34.php 第 137 行.
NOTIC: [8] Undefined variable: bh D:\PHPstudy\WWW\ssyp\Apps\Runtime\Cache\Admin\52faf28ae49279dbf722132b13777e34.php 第 144 行.
NOTIC: [8] Undefined variable: start D:\PHPstudy\WWW\ssyp\Apps\Runtime\Cache\Admin\52faf28ae49279dbf722132b13777e34.php 第 151 行.
NOTIC: [8] Undefined variable: end D:\PHPstudy\WWW\ssyp\Apps\Runtime\Cache\Admin\52faf28ae49279dbf722132b13777e34.php 第 152 行.
NOTIC: [8] Undefined variable: status D:\PHPstudy\WWW\ssyp\Apps\Runtime\Cache\Admin\52faf28ae49279dbf722132b13777e34.php 第 161 行.
NOTIC: [8] Undefined variable: status D:\PHPstudy\WWW\ssyp\Apps\Runtime\Cache\Admin\52faf28ae49279dbf722132b13777e34.php 第 162 行.
NOTIC: [8] Undefined variable: status D:\PHPstudy\WWW\ssyp\Apps\Runtime\Cache\Admin\52faf28ae49279dbf722132b13777e34.php 第 163 行.
NOTIC: [8] Undefined variable: status D:\PHPstudy\WWW\ssyp\Apps\Runtime\Cache\Admin\52faf28ae49279dbf722132b13777e34.php 第 164 行.
NOTIC: [8] Undefined variable: status D:\PHPstudy\WWW\ssyp\Apps\Runtime\Cache\Admin\52faf28ae49279dbf722132b13777e34.php 第 165 行.
INFO: Run Behavior\ParseTemplateBehavior [ RunTime:0.015251s ]
INFO: [ view_parse ] --END-- [ RunTime:0.015283s ]
INFO: [ view_filter ] --START--
INFO: Run Behavior\WriteHtmlCacheBehavior [ RunTime:0.001058s ]
INFO: [ view_filter ] --END-- [ RunTime:0.001088s ]
INFO: [ app_end ] --START--
INFO: Run Behavior\ShowPageTraceBehavior [ RunTime:0.001366s ]
INFO: [ app_end ] --END-- [ RunTime:0.001409s ]

[ 2018-03-30T14:19:02+08:00 ] ::1 /ssyp/index.php/Admin/Orders/detail/id/1
INFO: [ app_init ] --START--
INFO: Run Behavior\BuildLiteBehavior [ RunTime:0.000010s ]
INFO: [ app_init ] --END-- [ RunTime:0.001460s ]
INFO: [ app_begin ] --START--
INFO: Run Behavior\ReadHtmlCacheBehavior [ RunTime:0.001656s ]
INFO: [ app_begin ] --END-- [ RunTime:0.001697s ]

[ 2018-03-30T14:19:02+08:00 ] ::1 /ssyp/index.php/Admin/Common/login.html
INFO: [ app_init ] --START--
INFO: Run Behavior\BuildLiteBehavior [ RunTime:0.000009s ]
INFO: [ app_init ] --END-- [ RunTime:0.001065s ]
INFO: [ app_begin ] --START--
INFO: Run Behavior\ReadHtmlCacheBehavior [ RunTime:0.001541s ]
INFO: [ app_begin ] --END-- [ RunTime:0.001598s ]
INFO: [ view_parse ] --START--
INFO: [ template_filter ] --START--
INFO: Run Behavior\ContentReplaceBehavior [ RunTime:0.000042s ]
INFO: [ template_filter ] --END-- [ RunTime:0.000083s ]
INFO: Run Behavior\ParseTemplateBehavior [ RunTime:0.012977s ]
INFO: [ view_parse ] --END-- [ RunTime:0.013039s ]
INFO: [ view_filter ] --START--
INFO: Run Behavior\WriteHtmlCacheBehavior [ RunTime:0.001303s ]
INFO: [ view_filter ] --END-- [ RunTime:0.001336s ]
INFO: [ app_end ] --START--
INFO: Run Behavior\ShowPageTraceBehavior [ RunTime:0.001178s ]
INFO: [ app_end ] --END-- [ RunTime:0.001204s ]

[ 2018-03-30T14:20:02+08:00 ] ::1 /ssyp/index.php/Admin/Common/check
INFO: [ app_init ] --START--
INFO: Run Behavior\BuildLiteBehavior [ RunTime:0.000011s ]
INFO: [ app_init ] --END-- [ RunTime:0.001141s ]
INFO: [ app_begin ] --START--
INFO: Run Behavior\ReadHtmlCacheBehavior [ RunTime:0.001229s ]
INFO: [ app_begin ] --END-- [ RunTime:0.001268s ]
SQL: SHOW COLUMNS FROM `ssyp_admin` [ RunTime:0.0210s ]
SQL: SELECT `id`,`cat_shop` FROM `ssyp_admin` WHERE `phone` = '18647971785' AND `password` = 'e10adc3949ba59abbe56e057f20f883e' LIMIT 1   [ RunTime:0.0004s ]
SQL: UPDATE `ssyp_admin` SET `login_ip`='::1',`login_time`='1522390802' WHERE ( id="1" ) [ RunTime:0.0035s ]
SQL: UPDATE `ssyp_admin` SET `login_number`=login_number+1 WHERE ( id="1" ) [ RunTime:0.0029s ]

[ 2018-03-30T14:20:03+08:00 ] ::1 /ssyp/index.php/Admin/Index/index.html
INFO: [ app_init ] --START--
INFO: Run Behavior\BuildLiteBehavior [ RunTime:0.000012s ]
INFO: [ app_init ] --END-- [ RunTime:0.001099s ]
INFO: [ app_begin ] --START--
INFO: Run Behavior\ReadHtmlCacheBehavior [ RunTime:0.001351s ]
INFO: [ app_begin ] --END-- [ RunTime:0.001429s ]
SQL: SHOW COLUMNS FROM `ssyp_admin` [ RunTime:0.0153s ]
SQL: SELECT `role_id`,`realname`,`login_number` FROM `ssyp_admin` WHERE ( id="1" ) LIMIT 1   [ RunTime:0.0004s ]
SQL: SHOW COLUMNS FROM `ssyp_role` [ RunTime:0.0180s ]
SQL: SELECT `power`,`role_name` FROM `ssyp_role` WHERE ( id="-1" ) LIMIT 1   [ RunTime:0.0004s ]
SQL: SHOW COLUMNS FROM `ssyp_power` [ RunTime:0.0241s ]
SQL: SELECT * FROM `ssyp_power` WHERE `fid` > 0  [ RunTime:0.0021s ]
NOTIC: [8] Undefined index: status D:\PHPstudy\WWW\ssyp\Apps\Admin\Controller\BaseController.class.php 第 42 行.
INFO: [ view_parse ] --START--
INFO: [ template_filter ] --START--
INFO: Run Behavior\ContentReplaceBehavior [ RunTime:0.000143s ]
INFO: [ template_filter ] --END-- [ RunTime:0.000214s ]
NOTIC: [8] Undefined index: headimgurl D:\PHPstudy\WWW\ssyp\Apps\Runtime\Cache\Admin\859e94050170c96367cb52465a51a945.php 第 70 行.
INFO: Run Behavior\ParseTemplateBehavior [ RunTime:0.018155s ]
INFO: [ view_parse ] --END-- [ RunTime:0.018198s ]
INFO: [ view_filter ] --START--
INFO: Run Behavior\WriteHtmlCacheBehavior [ RunTime:0.001710s ]
INFO: [ view_filter ] --END-- [ RunTime:0.001802s ]
INFO: [ app_end ] --START--
INFO: Run Behavior\ShowPageTraceBehavior [ RunTime:0.001754s ]
INFO: [ app_end ] --END-- [ RunTime:0.001813s ]

[ 2018-03-30T14:20:06+08:00 ] ::1 /ssyp/index.php/Admin/Orders/index
INFO: [ app_init ] --START--
INFO: Run Behavior\BuildLiteBehavior [ RunTime:0.000016s ]
INFO: [ app_init ] --END-- [ RunTime:0.001232s ]
INFO: [ app_begin ] --START--
INFO: Run Behavior\ReadHtmlCacheBehavior [ RunTime:0.001206s ]
INFO: [ app_begin ] --END-- [ RunTime:0.001245s ]
SQL: SHOW COLUMNS FROM `ssyp_admin` [ RunTime:0.0118s ]
SQL: SELECT `role_id`,`realname`,`login_number` FROM `ssyp_admin` WHERE ( id="1" ) LIMIT 1   [ RunTime:0.0004s ]
SQL: SHOW COLUMNS FROM `ssyp_role` [ RunTime:0.0103s ]
SQL: SELECT `power`,`role_name` FROM `ssyp_role` WHERE ( id="-1" ) LIMIT 1   [ RunTime:0.0003s ]
SQL: SHOW COLUMNS FROM `ssyp_power` [ RunTime:0.0124s ]
SQL: SELECT * FROM `ssyp_power` WHERE `fid` > 0  [ RunTime:0.0005s ]
NOTIC: [8] Undefined index: status D:\PHPstudy\WWW\ssyp\Apps\Admin\Controller\BaseController.class.php 第 42 行.
NOTIC: [8] Undefined index: id D:\PHPstudy\WWW\ssyp\Apps\Admin\Controller\OrdersController.class.php 第 97 行.
NOTIC: [8] Undefined index: bh D:\PHPstudy\WWW\ssyp\Apps\Admin\Controller\OrdersController.class.php 第 102 行.
NOTIC: [8] Undefined index: pub_time_start D:\PHPstudy\WWW\ssyp\Apps\Admin\Controller\OrdersController.class.php 第 107 行.
NOTIC: [8] Undefined index: pub_time_end D:\PHPstudy\WWW\ssyp\Apps\Admin\Controller\OrdersController.class.php 第 113 行.
NOTIC: [8] Undefined index: status D:\PHPstudy\WWW\ssyp\Apps\Admin\Controller\OrdersController.class.php 第 118 行.
SQL: SHOW COLUMNS FROM `ssyp_orders` [ RunTime:0.0116s ]
SQL: SELECT COUNT(id) AS tp_count FROM ssyp_orders o LIMIT 1   [ RunTime:0.0002s ]
SQL: SELECT * FROM `ssyp_orders` ORDER BY id desc LIMIT 0,20   [ RunTime:0.0003s ]
SQL: SHOW COLUMNS FROM `ssyp_ordpro` [ RunTime:0.0105s ]
SQL: SELECT op.*,p.name,n.*,`symbol` FROM ssyp_ordpro op INNER JOIN ssyp_norms as n on n.id=norms_id INNER JOIN ssyp_product as p on p.id=n.pro_id  WHERE ( ord_id in (1) )  [ RunTime:0.0010s ]
SQL: SELECT SUM(ord_money) AS tp_sum FROM `ssyp_orders` LIMIT 1   [ RunTime:0.0003s ]
SQL: SELECT SUM(score_money) AS tp_sum FROM `ssyp_orders` LIMIT 1   [ RunTime:0.0002s ]
SQL: SELECT SUM(mail_price) AS tp_sum FROM `ssyp_orders` LIMIT 1   [ RunTime:0.0002s ]
INFO: [ view_parse ] --START--
INFO: [ template_filter ] --START--
INFO: Run Behavior\ContentReplaceBehavior [ RunTime:0.000167s ]
INFO: [ template_filter ] --END-- [ RunTime:0.000207s ]
NOTIC: [8] Undefined index: headimgurl D:\PHPstudy\WWW\ssyp\Apps\Runtime\Cache\Admin\52faf28ae49279dbf722132b13777e34.php 第 74 行.
NOTIC: [8] Undefined variable: id D:\PHPstudy\WWW\ssyp\Apps\Runtime\Cache\Admin\52faf28ae49279dbf722132b13777e34.php 第 137 行.
NOTIC: [8] Undefined variable: bh D:\PHPstudy\WWW\ssyp\Apps\Runtime\Cache\Admin\52faf28ae49279dbf722132b13777e34.php 第 144 行.
NOTIC: [8] Undefined variable: start D:\PHPstudy\WWW\ssyp\Apps\Runtime\Cache\Admin\52faf28ae49279dbf722132b13777e34.php 第 151 行.
NOTIC: [8] Undefined variable: end D:\PHPstudy\WWW\ssyp\Apps\Runtime\Cache\Admin\52faf28ae49279dbf722132b13777e34.php 第 152 行.
NOTIC: [8] Undefined variable: status D:\PHPstudy\WWW\ssyp\Apps\Runtime\Cache\Admin\52faf28ae49279dbf722132b13777e34.php 第 161 行.
NOTIC: [8] Undefined variable: status D:\PHPstudy\WWW\ssyp\Apps\Runtime\Cache\Admin\52faf28ae49279dbf722132b13777e34.php 第 162 行.
NOTIC: [8] Undefined variable: status D:\PHPstudy\WWW\ssyp\Apps\Runtime\Cache\Admin\52faf28ae49279dbf722132b13777e34.php 第 163 行.
NOTIC: [8] Undefined variable: status D:\PHPstudy\WWW\ssyp\Apps\Runtime\Cache\Admin\52faf28ae49279dbf722132b13777e34.php 第 164 行.
NOTIC: [8] Undefined variable: status D:\PHPstudy\WWW\ssyp\Apps\Runtime\Cache\Admin\52faf28ae49279dbf722132b13777e34.php 第 165 行.
INFO: Run Behavior\ParseTemplateBehavior [ RunTime:0.015027s ]
INFO: [ view_parse ] --END-- [ RunTime:0.015058s ]
INFO: [ view_filter ] --START--
INFO: Run Behavior\WriteHtmlCacheBehavior [ RunTime:0.001040s ]
INFO: [ view_filter ] --END-- [ RunTime:0.001067s ]
INFO: [ app_end ] --START--
INFO: Run Behavior\ShowPageTraceBehavior [ RunTime:0.001239s ]
INFO: [ app_end ] --END-- [ RunTime:0.001272s ]

[ 2018-03-30T14:20:08+08:00 ] ::1 /ssyp/index.php/Admin/Orders/detail/id/1
INFO: [ app_init ] --START--
INFO: Run Behavior\BuildLiteBehavior [ RunTime:0.000010s ]
INFO: [ app_init ] --END-- [ RunTime:0.000991s ]
INFO: [ app_begin ] --START--
INFO: Run Behavior\ReadHtmlCacheBehavior [ RunTime:0.001159s ]
INFO: [ app_begin ] --END-- [ RunTime:0.001197s ]
SQL: SHOW COLUMNS FROM `ssyp_admin` [ RunTime:0.0118s ]
SQL: SELECT `role_id`,`realname`,`login_number` FROM `ssyp_admin` WHERE ( id="1" ) LIMIT 1   [ RunTime:0.0003s ]
SQL: SHOW COLUMNS FROM `ssyp_role` [ RunTime:0.0112s ]
SQL: SELECT `power`,`role_name` FROM `ssyp_role` WHERE ( id="-1" ) LIMIT 1   [ RunTime:0.0007s ]
SQL: SHOW COLUMNS FROM `ssyp_power` [ RunTime:0.0108s ]
SQL: SELECT * FROM `ssyp_power` WHERE `fid` > 0  [ RunTime:0.0005s ]
NOTIC: [8] Undefined index: status D:\PHPstudy\WWW\ssyp\Apps\Admin\Controller\BaseController.class.php 第 42 行.
SQL: SHOW COLUMNS FROM `ssyp_ordpro` [ RunTime:0.0109s ]
SQL: SHOW COLUMNS FROM `ssyp_orders` [ RunTime:0.0108s ]
SQL: SELECT * FROM `ssyp_orders` WHERE ( id="1" ) LIMIT 1   [ RunTime:0.0004s ]
SQL: SHOW COLUMNS FROM `ssyp_pay` [ RunTime:0.0120s ]
SQL: SELECT * FROM `ssyp_pay` WHERE ( attach="1" ) LIMIT 1   [ RunTime:0.0004s ]
SQL: SELECT op.*,p.name,p.wx_image,n.* FROM ssyp_ordpro op INNER JOIN ssyp_norms as n on n.id=norms_id INNER JOIN ssyp_product as p on p.id=n.pro_id  WHERE ( ord_id="1" )  [ RunTime:0.0004s ]
INFO: [ view_parse ] --START--
INFO: [ template_filter ] --START--
INFO: Run Behavior\ContentReplaceBehavior [ RunTime:0.000176s ]
INFO: [ template_filter ] --END-- [ RunTime:0.000217s ]
NOTIC: [8] Undefined index: headimgurl D:\PHPstudy\WWW\ssyp\Apps\Runtime\Cache\Admin\bd8089038e2c4a8d4fa8848d960cdbe5.php 第 78 行.
INFO: Run Behavior\ParseTemplateBehavior [ RunTime:0.013654s ]
INFO: [ view_parse ] --END-- [ RunTime:0.013686s ]
INFO: [ view_filter ] --START--
INFO: Run Behavior\WriteHtmlCacheBehavior [ RunTime:0.000973s ]
INFO: [ view_filter ] --END-- [ RunTime:0.000999s ]
INFO: [ app_end ] --START--
INFO: Run Behavior\ShowPageTraceBehavior [ RunTime:0.001335s ]
INFO: [ app_end ] --END-- [ RunTime:0.001364s ]

